



###################
Parameters


field             GN7
mag_lim           25
mag_max           0
files_bool        True
retrieve_bool     False
prep_bool         False
model_bool        True
new_model         False
beams_bool        False
fit_bool          True
use_psf           False
fit_min_id        0
n_jobs            1
id_choose            None
phot_scale_order  2
fit_without_phot  False
PATH_TO_SCRIPTS   /home/rsimons/git/clear_local
PATH_TO_CATS      /user/rsimons/grizli_extractions/Catalogs
PATH_TO_HOME      /user/rsimons/grizli_extractions
HOME_PATH         /user/rsimons/grizli_extractions/GN7




####################




Changing to /user/rsimons/grizli_extractions/GN7
Changing to /user/rsimons/grizli_extractions/GN7/j123632p6213/Prep
GDN3-cat-03-008.0-F105W 2
GDN3-cat-03-008.0-G102 4
GDN7-cat-07-335.0-F105W 2
GDN7-cat-07-335.0-G102 4
GN-Z10-1-cka-01-001.0-F140W 4
GN-Z10-1-cka-02-001.0-F140W 4
GN-Z10-1-cka-03-001.0-F140W 4
GN-Z10-1-cka-04-033.0-F140W 4
GN-Z10-1-cka-05-033.0-F140W 4
GN-Z10-1-cka-06-033.0-F140W 4
GN-Z10-1-cka-01-001.0-G141 4
GN-Z10-1-cka-02-001.0-G141 4
GN-Z10-1-cka-03-001.0-G141 4
GN-Z10-1-cka-04-033.0-G141 4
GN-Z10-1-cka-05-033.0-G141 4
GN-Z10-1-cka-06-033.0-G141 4
GN7-cxt-39-010.0-F105W 2
GN7-cxt-40-010.0-F105W 2
GN7-cxt-37-315.0-F105W 2
GN7-cxt-38-315.0-F105W 2
GN7-cxt-36-335.0-F105W 2
GN7-cxt-39-010.0-G102 4
GN7-cxt-40-010.0-G102 4
GN7-cxt-37-315.0-G102 4
GN7-cxt-38-315.0-G102 4
GN7-cxt-36-335.0-G102 4
goodsn-23-b37-07-339.0-F140W 4
goodsn-23-b37-47-345.0-F140W 2
goodsn-23-b37-07-339.0-G141 4
goodsn-23-b37-47-345.0-G141 4
/home/rsimons/miniconda2/envs/grizli/lib/python3.5/site-packages/eazy/data/templates -> ./templates
/home/rsimons/miniconda2/envs/grizli/lib/python3.5/site-packages/eazy/data/filters/FILTER.RES.latest -> ./FILTER.RES.latest
Read default param file: /home/rsimons/miniconda2/envs/grizli/lib/python3.5/site-packages/eazy/data/zphot.param.default
Read CATALOG_FILE: /user/rsimons/grizli_extractions/Catalogs/goodsn_3dhst.v4.4.cats/Catalog/goodsn_3dhst.v4.4.cat
f_F160W e_F160W (205): hst/wfc3/IR/f160w.dat
f_U e_U (227): NOAO/k1001bp_jul04.txt
f_F435W e_F435W (233): hst/ACS_update_sep07/wfc_f435w_t81.dat
f_G e_G (229): LRIS/g_blue_transmission.dat
f_F606W e_F606W (236): hst/ACS_update_sep07/wfc_f606w_t81.dat
f_Rs e_Rs (231): LRIS/Rs_LRISred_transmission.dat
f_F775W e_F775W (238): hst/ACS_update_sep07/wfc_f775w_t81.dat
f_F850LP e_F850LP (240): hst/ACS_update_sep07/wfc_f850lp_t81.dat
f_F125W e_F125W (203): hst/wfc3/IR/f125w.dat
f_J e_J (224): MOIRCS/J277.txt
f_F140W e_F140W (204): hst/wfc3/IR/f140w.dat
f_H e_H (225): MOIRCS/H117.txt
f_Ks e_Ks (226): MOIRCS/Ks_rot1707wedged120K.txt
f_IRAC1 e_IRAC1 ( 18): IRAC/irac_tr1_2004-08-09.dat
f_IRAC2 e_IRAC2 ( 19): IRAC/irac_tr2_2004-08-09.dat
f_IRAC3 e_IRAC3 ( 20): IRAC/irac_tr3_2004-08-09.dat
f_IRAC4 e_IRAC4 ( 21): IRAC/irac_tr4_2004-08-09.dat
f_B e_B ( 46): musyc/B_cdfs_tot.dat
f_V e_V (115): CAPAK_v2/V_subaru.res
f_R e_R (116): CAPAK_v2/r_subaru.res
f_I e_I (117): CAPAK_v2/i_subaru.res
f_Z e_Z (118): CAPAK_v2/z_subaru.res
f_F105W e_F105W (202): hst/wfc3/IR/f105w.dat
Read PRIOR_FILE:  templates/prior_F160W_TAO.dat
Process template tweak_fsps_QSF_12_v3_001.dat.
Process template tweak_fsps_QSF_12_v3_002.dat.
Process template tweak_fsps_QSF_12_v3_003.dat.
Process template tweak_fsps_QSF_12_v3_004.dat.
Process template tweak_fsps_QSF_12_v3_005.dat.
Process template tweak_fsps_QSF_12_v3_006.dat.
Process template tweak_fsps_QSF_12_v3_007.dat.
Process template tweak_fsps_QSF_12_v3_008.dat.
Process template tweak_fsps_QSF_12_v3_009.dat.
Process template tweak_fsps_QSF_12_v3_010.dat.
Process template tweak_fsps_QSF_12_v3_011.dat.
Process template tweak_fsps_QSF_12_v3_012.dat.
Process templates: 13.345 s
Process template fsps/fsps_QSF_12_v3_nolines_001.dat.
Process template fsps/fsps_QSF_12_v3_nolines_002.dat.
Process template fsps/fsps_QSF_12_v3_nolines_003.dat.
Process template fsps/fsps_QSF_12_v3_nolines_004.dat.
Process template fsps/fsps_QSF_12_v3_nolines_005.dat.
Process template fsps/fsps_QSF_12_v3_nolines_006.dat.
Process template fsps/fsps_QSF_12_v3_nolines_007.dat.
Process template fsps/fsps_QSF_12_v3_nolines_008.dat.
Process template fsps/fsps_QSF_12_v3_nolines_009.dat.
Process template fsps/fsps_QSF_12_v3_nolines_010.dat.
Process template fsps/fsps_QSF_12_v3_nolines_011.dat.
Process template fsps/fsps_QSF_12_v3_nolines_012.dat.
Process template line Ha+NII+SII+SIII+He+PaB.
Process template line OIII+Hb+Hg+Hd.
Process template line OII+Ne.
Process template line Gal-UV-lines.
Reading in beams.fits file for 14573
1 icat03e4q_flt.fits G102
1 icat03e4q_flt.fits G102
User templates! N=16 

[1A[1M  0.0000    2869.2 (0.0000) 1/642
[1A[1M  0.0040    2872.4 (0.0000) 2/642
[1A[1M  0.0080    2873.6 (0.0000) 3/642
[1A[1M  0.0121     823.2 (0.0121) 4/642
[1A[1M  0.0161     824.8 (0.0121) 5/642
[1A[1M  0.0202     825.8 (0.0121) 6/642
[1A[1M  0.0243     826.3 (0.0121) 7/642
[1A[1M  0.0284     826.5 (0.0121) 8/642
[1A[1M  0.0325     827.3 (0.0121) 9/642
[1A[1M  0.0367     828.0 (0.0121) 10/642
[1A[1M  0.0408     828.5 (0.0121) 11/642
[1A[1M  0.0450     828.3 (0.0121) 12/642
[1A[1M  0.0492     826.8 (0.0121) 13/642
[1A[1M  0.0534     823.3 (0.0121) 14/642
[1A[1M  0.0576     819.3 (0.0576) 15/642
[1A[1M  0.0618     816.4 (0.0618) 16/642
[1A[1M  0.0661     814.4 (0.0661) 17/642
[1A[1M  0.0704     812.8 (0.0704) 18/642
[1A[1M  0.0747     811.5 (0.0747) 19/642
[1A[1M  0.0790     808.6 (0.0790) 20/642
[1A[1M  0.0833     812.8 (0.0790) 21/642
[1A[1M  0.0876     815.5 (0.0790) 22/642
[1A[1M  0.0920     816.4 (0.0790) 23/642
[1A[1M  0.0964     817.2 (0.0790) 24/642
[1A[1M  0.1008     817.4 (0.0790) 25/642
[1A[1M  0.1052     817.2 (0.0790) 26/642
[1A[1M  0.1096     817.2 (0.0790) 27/642
[1A[1M  0.1140     817.1 (0.0790) 28/642
[1A[1M  0.1185     817.5 (0.0790) 29/642
[1A[1M  0.1230     817.6 (0.0790) 30/642
[1A[1M  0.1275     817.8 (0.0790) 31/642
[1A[1M  0.1320     820.3 (0.0790) 32/642
[1A[1M  0.1366     824.7 (0.0790) 33/642
[1A[1M  0.1411     827.2 (0.0790) 34/642
[1A[1M  0.1457     828.6 (0.0790) 35/642
[1A[1M  0.1503     829.3 (0.0790) 36/642
[1A[1M  0.1549     827.9 (0.0790) 37/642
[1A[1M  0.1595     825.6 (0.0790) 38/642
[1A[1M  0.1642     826.4 (0.0790) 39/642
[1A[1M  0.1688     829.9 (0.0790) 40/642
[1A[1M  0.1735     832.2 (0.0790) 41/642
[1A[1M  0.1782     833.8 (0.0790) 42/642
[1A[1M  0.1829     834.8 (0.0790) 43/642
[1A[1M  0.1877     834.8 (0.0790) 44/642
[1A[1M  0.1924     835.1 (0.0790) 45/642
[1A[1M  0.1972     834.9 (0.0790) 46/642
[1A[1M  0.2020     834.7 (0.0790) 47/642
[1A[1M  0.2068     834.0 (0.0790) 48/642
[1A[1M  0.2117     833.6 (0.0790) 49/642
[1A[1M  0.2165     833.5 (0.0790) 50/642
[1A[1M  0.2214     833.0 (0.0790) 51/642
[1A[1M  0.2263     832.1 (0.0790) 52/642
[1A[1M  0.2312     830.4 (0.0790) 53/642
[1A[1M  0.2361     827.5 (0.0790) 54/642
[1A[1M  0.2411     823.8 (0.0790) 55/642
[1A[1M  0.2461     817.9 (0.0790) 56/642
[1A[1M  0.2511     810.4 (0.0790) 57/642
[1A[1M  0.2561     801.9 (0.2561) 58/642
[1A[1M  0.2611     793.6 (0.2611) 59/642
[1A[1M  0.2662     787.6 (0.2662) 60/642
[1A[1M  0.2712     784.1 (0.2712) 61/642
[1A[1M  0.2763     781.1 (0.2763) 62/642
[1A[1M  0.2815     777.9 (0.2815) 63/642
[1A[1M  0.2866     777.0 (0.2866) 64/642
[1A[1M  0.2918     839.6 (0.2866) 65/642
[1A[1M  0.2969     837.5 (0.2866) 66/642
[1A[1M  0.3021     797.9 (0.2866) 67/642
[1A[1M  0.3073     802.9 (0.2866) 68/642
[1A[1M  0.3126     803.4 (0.2866) 69/642
[1A[1M  0.3178     802.0 (0.2866) 70/642
[1A[1M  0.3231     799.8 (0.2866) 71/642
[1A[1M  0.3284     796.7 (0.2866) 72/642
[1A[1M  0.3338     792.8 (0.2866) 73/642
[1A[1M  0.3391     789.0 (0.2866) 74/642
[1A[1M  0.3445     785.7 (0.2866) 75/642
[1A[1M  0.3499     782.6 (0.2866) 76/642
[1A[1M  0.3553     778.7 (0.2866) 77/642
[1A[1M  0.3607     771.3 (0.3607) 78/642
[1A[1M  0.3662     762.1 (0.3662) 79/642
[1A[1M  0.3716     751.8 (0.3716) 80/642
[1A[1M  0.3771     740.8 (0.3771) 81/642
[1A[1M  0.3826     735.7 (0.3826) 82/642
[1A[1M  0.3882     737.1 (0.3826) 83/642
[1A[1M  0.3938     743.9 (0.3826) 84/642
[1A[1M  0.3993     752.7 (0.3826) 85/642
[1A[1M  0.4049     757.5 (0.3826) 86/642
[1A[1M  0.4106     756.2 (0.3826) 87/642
[1A[1M  0.4162     754.9 (0.3826) 88/642
[1A[1M  0.4219     753.0 (0.3826) 89/642
[1A[1M  0.4276     751.2 (0.3826) 90/642
[1A[1M  0.4333     749.8 (0.3826) 91/642
[1A[1M  0.4391     749.1 (0.3826) 92/642
[1A[1M  0.4448     746.4 (0.3826) 93/642
[1A[1M  0.4506     744.4 (0.3826) 94/642
[1A[1M  0.4564     743.8 (0.3826) 95/642
[1A[1M  0.4623     741.2 (0.3826) 96/642
[1A[1M  0.4681     737.6 (0.3826) 97/642
[1A[1M  0.4740     736.7 (0.3826) 98/642
[1A[1M  0.4799     734.6 (0.4799) 99/642
[1A[1M  0.4859     731.2 (0.4859) 100/642
[1A[1M  0.4918     727.2 (0.4918) 101/642
[1A[1M  0.4978     724.8 (0.4978) 102/642
[1A[1M  0.5038     722.7 (0.5038) 103/642
[1A[1M  0.5098     720.0 (0.5098) 104/642
[1A[1M  0.5159     716.7 (0.5159) 105/642
[1A[1M  0.5220     713.7 (0.5220) 106/642
[1A[1M  0.5281     710.8 (0.5281) 107/642
[1A[1M  0.5342     707.2 (0.5342) 108/642
[1A[1M  0.5403     704.5 (0.5403) 109/642
[1A[1M  0.5465     702.8 (0.5465) 110/642
[1A[1M  0.5527     701.0 (0.5527) 111/642
[1A[1M  0.5589     699.0 (0.5589) 112/642
[1A[1M  0.5652     697.3 (0.5652) 113/642
[1A[1M  0.5715     695.9 (0.5715) 114/642
[1A[1M  0.5778     694.6 (0.5778) 115/642
[1A[1M  0.5841     693.5 (0.5841) 116/642
[1A[1M  0.5904     692.7 (0.5904) 117/642
[1A[1M  0.5968     692.3 (0.5968) 118/642
[1A[1M  0.6032     692.0 (0.6032) 119/642
[1A[1M  0.6096     692.0 (0.6096) 120/642
[1A[1M  0.6161     692.1 (0.6096) 121/642
[1A[1M  0.6226     692.3 (0.6096) 122/642
[1A[1M  0.6291     692.7 (0.6096) 123/642
[1A[1M  0.6356     693.0 (0.6096) 124/642
[1A[1M  0.6421     693.4 (0.6096) 125/642
[1A[1M  0.6487     693.9 (0.6096) 126/642
[1A[1M  0.6553     694.8 (0.6096) 127/642
[1A[1M  0.6620     695.8 (0.6096) 128/642
[1A[1M  0.6686     697.0 (0.6096) 129/642
[1A[1M  0.6753     698.4 (0.6096) 130/642
[1A[1M  0.6820     699.8 (0.6096) 131/642
[1A[1M  0.6888     701.5 (0.6096) 132/642
[1A[1M  0.6955     703.4 (0.6096) 133/642
[1A[1M  0.7023     705.5 (0.6096) 134/642
[1A[1M  0.7092     707.7 (0.6096) 135/642
[1A[1M  0.7160     709.9 (0.6096) 136/642
[1A[1M  0.7229     712.2 (0.6096) 137/642
[1A[1M  0.7298     714.4 (0.6096) 138/642
[1A[1M  0.7367     717.0 (0.6096) 139/642
[1A[1M  0.7437     719.8 (0.6096) 140/642
[1A[1M  0.7507     722.3 (0.6096) 141/642
[1A[1M  0.7577     724.7 (0.6096) 142/642
[1A[1M  0.7647     727.7 (0.6096) 143/642
[1A[1M  0.7718     730.8 (0.6096) 144/642
[1A[1M  0.7789     734.1 (0.6096) 145/642
[1A[1M  0.7860     736.8 (0.6096) 146/642
[1A[1M  0.7932     738.1 (0.6096) 147/642
[1A[1M  0.8004     739.0 (0.6096) 148/642
[1A[1M  0.8076     739.3 (0.6096) 149/642
[1A[1M  0.8148     741.3 (0.6096) 150/642
[1A[1M  0.8221     744.6 (0.6096) 151/642
[1A[1M  0.8294     749.3 (0.6096) 152/642
[1A[1M  0.8368     755.1 (0.6096) 153/642
[1A[1M  0.8441     759.6 (0.6096) 154/642
[1A[1M  0.8515     763.3 (0.6096) 155/642
[1A[1M  0.8589     766.8 (0.6096) 156/642
[1A[1M  0.8664     768.9 (0.6096) 157/642
[1A[1M  0.8739     770.3 (0.6096) 158/642
[1A[1M  0.8814     771.6 (0.6096) 159/642
[1A[1M  0.8889     772.7 (0.6096) 160/642
[1A[1M  0.8965     774.0 (0.6096) 161/642
[1A[1M  0.9041     775.6 (0.6096) 162/642
[1A[1M  0.9117     777.0 (0.6096) 163/642
[1A[1M  0.9194     778.7 (0.6096) 164/642
[1A[1M  0.9271     780.4 (0.6096) 165/642
[1A[1M  0.9348     781.9 (0.6096) 166/642
[1A[1M  0.9425     783.6 (0.6096) 167/642
[1A[1M  0.9503     785.7 (0.6096) 168/642
[1A[1M  0.9581     787.7 (0.6096) 169/642
[1A[1M  0.9660     789.1 (0.6096) 170/642
[1A[1M  0.9739     790.7 (0.6096) 171/642
[1A[1M  0.9818     793.1 (0.6096) 172/642
[1A[1M  0.9897     795.5 (0.6096) 173/642
[1A[1M  0.9977     798.4 (0.6096) 174/642
[1A[1M  1.0057     801.6 (0.6096) 175/642
[1A[1M  1.0138     805.1 (0.6096) 176/642
[1A[1M  1.0218     808.5 (0.6096) 177/642
[1A[1M  1.0299     812.1 (0.6096) 178/642
[1A[1M  1.0381     815.9 (0.6096) 179/642
[1A[1M  1.0462     819.8 (0.6096) 180/642
[1A[1M  1.0544     824.2 (0.6096) 181/642
[1A[1M  1.0627     829.1 (0.6096) 182/642
[1A[1M  1.0709     834.0 (0.6096) 183/642
[1A[1M  1.0792     838.2 (0.6096) 184/642
[1A[1M  1.0876     841.9 (0.6096) 185/642
[1A[1M  1.0959     845.5 (0.6096) 186/642
[1A[1M  1.1043     849.1 (0.6096) 187/642
[1A[1M  1.1128     852.9 (0.6096) 188/642
[1A[1M  1.1212     856.9 (0.6096) 189/642
[1A[1M  1.1297     860.8 (0.6096) 190/642
[1A[1M  1.1383     864.6 (0.6096) 191/642
[1A[1M  1.1468     868.3 (0.6096) 192/642
[1A[1M  1.1555     871.8 (0.6096) 193/642
[1A[1M  1.1641     875.6 (0.6096) 194/642
[1A[1M  1.1728     879.9 (0.6096) 195/642
[1A[1M  1.1815     885.0 (0.6096) 196/642
[1A[1M  1.1902     890.1 (0.6096) 197/642
[1A[1M  1.1990     894.3 (0.6096) 198/642
[1A[1M  1.2078     898.4 (0.6096) 199/642
[1A[1M  1.2167     902.0 (0.6096) 200/642
[1A[1M  1.2255     904.6 (0.6096) 201/642
[1A[1M  1.2345     907.1 (0.6096) 202/642
[1A[1M  1.2434     910.1 (0.6096) 203/642
[1A[1M  1.2524     914.5 (0.6096) 204/642
[1A[1M  1.2614     887.4 (0.6096) 205/642
[1A[1M  1.2705     899.8 (0.6096) 206/642
[1A[1M  1.2796     910.5 (0.6096) 207/642
[1A[1M  1.2887     917.3 (0.6096) 208/642
[1A[1M  1.2979     924.9 (0.6096) 209/642
[1A[1M  1.3071     929.7 (0.6096) 210/642
[1A[1M  1.3164     931.7 (0.6096) 211/642
[1A[1M  1.3257     932.7 (0.6096) 212/642
[1A[1M  1.3350     933.8 (0.6096) 213/642
[1A[1M  1.3443     935.3 (0.6096) 214/642
[1A[1M  1.3537     937.5 (0.6096) 215/642
[1A[1M  1.3632     940.8 (0.6096) 216/642
[1A[1M  1.3726     945.2 (0.6096) 217/642
[1A[1M  1.3821     949.3 (0.6096) 218/642
[1A[1M  1.3917     946.9 (0.6096) 219/642
[1A[1M  1.4013     938.6 (0.6096) 220/642
[1A[1M  1.4109     928.4 (0.6096) 221/642
[1A[1M  1.4206     916.7 (0.6096) 222/642
[1A[1M  1.4303     910.1 (0.6096) 223/642
[1A[1M  1.4400     914.4 (0.6096) 224/642
[1A[1M  1.4498     927.9 (0.6096) 225/642
[1A[1M  1.4596     947.6 (0.6096) 226/642
[1A[1M  1.4695     972.0 (0.6096) 227/642
[1A[1M  1.4794     980.8 (0.6096) 228/642
[1A[1M  1.4893     986.6 (0.6096) 229/642
[1A[1M  1.4993     993.1 (0.6096) 230/642
[1A[1M  1.5093    1000.1 (0.6096) 231/642
[1A[1M  1.5193    1008.4 (0.6096) 232/642
[1A[1M  1.5294    1016.7 (0.6096) 233/642
[1A[1M  1.5396    1023.8 (0.6096) 234/642
[1A[1M  1.5498    1029.9 (0.6096) 235/642
[1A[1M  1.5600    1046.0 (0.6096) 236/642
[1A[1M  1.5702    1058.6 (0.6096) 237/642
[1A[1M  1.5805    1056.5 (0.6096) 238/642
[1A[1M  1.5909    1062.5 (0.6096) 239/642
[1A[1M  1.6013    1078.9 (0.6096) 240/642
[1A[1M  1.6117    1087.8 (0.6096) 241/642
[1A[1M  1.6222    1086.1 (0.6096) 242/642
[1A[1M  1.6327    1100.0 (0.6096) 243/642
[1A[1M  1.6432    1117.8 (0.6096) 244/642
[1A[1M  1.6538    1132.6 (0.6096) 245/642
[1A[1M  1.6645    1141.9 (0.6096) 246/642
[1A[1M  1.6751    1143.6 (0.6096) 247/642
[1A[1M  1.6859    1143.0 (0.6096) 248/642
[1A[1M  1.6966    1140.7 (0.6096) 249/642
[1A[1M  1.7074    1140.2 (0.6096) 250/642
[1A[1M  1.7183    1140.7 (0.6096) 251/642
[1A[1M  1.7292    1143.1 (0.6096) 252/642
[1A[1M  1.7401    1144.1 (0.6096) 253/642
[1A[1M  1.7511    1143.9 (0.6096) 254/642
[1A[1M  1.7621    1143.1 (0.6096) 255/642
[1A[1M  1.7732    1142.5 (0.6096) 256/642
[1A[1M  1.7843    1143.0 (0.6096) 257/642
[1A[1M  1.7955    1143.2 (0.6096) 258/642
[1A[1M  1.8067    1141.8 (0.6096) 259/642
[1A[1M  1.8179    1141.6 (0.6096) 260/642
[1A[1M  1.8292    1141.0 (0.6096) 261/642
[1A[1M  1.8406    1140.4 (0.6096) 262/642
[1A[1M  1.8519    1139.8 (0.6096) 263/642
[1A[1M  1.8634    1139.2 (0.6096) 264/642
[1A[1M  1.8748    1139.2 (0.6096) 265/642
[1A[1M  1.8864    1139.0 (0.6096) 266/642
[1A[1M  1.8979    1139.1 (0.6096) 267/642
[1A[1M  1.9096    1139.3 (0.6096) 268/642
[1A[1M  1.9212    1139.3 (0.6096) 269/642
[1A[1M  1.9329    1139.2 (0.6096) 270/642
[1A[1M  1.9447    1139.6 (0.6096) 271/642
[1A[1M  1.9565    1140.2 (0.6096) 272/642
[1A[1M  1.9683    1140.8 (0.6096) 273/642
[1A[1M  1.9802    1141.6 (0.6096) 274/642
[1A[1M  1.9922    1142.3 (0.6096) 275/642
[1A[1M  2.0042    1143.0 (0.6096) 276/642
[1A[1M  2.0162    1143.5 (0.6096) 277/642
[1A[1M  2.0283    1144.4 (0.6096) 278/642
[1A[1M  2.0404    1145.6 (0.6096) 279/642
[1A[1M  2.0526    1147.0 (0.6096) 280/642
[1A[1M  2.0649    1147.9 (0.6096) 281/642
[1A[1M  2.0771    1146.5 (0.6096) 282/642
[1A[1M  2.0895    1143.7 (0.6096) 283/642
[1A[1M  2.1019    1143.6 (0.6096) 284/642
[1A[1M  2.1143    1144.7 (0.6096) 285/642
[1A[1M  2.1268    1147.6 (0.6096) 286/642
[1A[1M  2.1393    1161.2 (0.6096) 287/642
[1A[1M  2.1519    1164.3 (0.6096) 288/642
[1A[1M  2.1645    1166.2 (0.6096) 289/642
[1A[1M  2.1772    1166.2 (0.6096) 290/642
[1A[1M  2.1899    1165.5 (0.6096) 291/642
[1A[1M  2.2027    1165.3 (0.6096) 292/642
[1A[1M  2.2156    1165.4 (0.6096) 293/642
[1A[1M  2.2284    1165.6 (0.6096) 294/642
[1A[1M  2.2414    1166.1 (0.6096) 295/642
[1A[1M  2.2544    1166.6 (0.6096) 296/642
[1A[1M  2.2674    1167.7 (0.6096) 297/642
[1A[1M  2.2805    1169.6 (0.6096) 298/642
[1A[1M  2.2937    1171.9 (0.6096) 299/642
[1A[1M  2.3069    1174.2 (0.6096) 300/642
[1A[1M  2.3201    1176.4 (0.6096) 301/642
[1A[1M  2.3334    1178.5 (0.6096) 302/642
[1A[1M  2.3468    1180.6 (0.6096) 303/642
[1A[1M  2.3602    1182.6 (0.6096) 304/642
[1A[1M  2.3737    1184.7 (0.6096) 305/642
[1A[1M  2.3872    1186.9 (0.6096) 306/642
[1A[1M  2.4008    1189.0 (0.6096) 307/642
[1A[1M  2.4144    1190.3 (0.6096) 308/642
[1A[1M  2.4281    1191.7 (0.6096) 309/642
[1A[1M  2.4418    1194.0 (0.6096) 310/642
[1A[1M  2.4556    1196.8 (0.6096) 311/642
[1A[1M  2.4695    1199.8 (0.6096) 312/642
[1A[1M  2.4834    1202.3 (0.6096) 313/642
[1A[1M  2.4973    1204.4 (0.6096) 314/642
[1A[1M  2.5113    1205.6 (0.6096) 315/642
[1A[1M  2.5254    1205.8 (0.6096) 316/642
[1A[1M  2.5396    1205.9 (0.6096) 317/642
[1A[1M  2.5537    1206.8 (0.6096) 318/642
[1A[1M  2.5680    1208.0 (0.6096) 319/642
[1A[1M  2.5823    1209.0 (0.6096) 320/642
[1A[1M  2.5966    1209.0 (0.6096) 321/642
[1A[1M  2.6111    1208.8 (0.6096) 322/642
[1A[1M  2.6255    1209.5 (0.6096) 323/642
[1A[1M  2.6401    1210.3 (0.6096) 324/642
[1A[1M  2.6546    1210.5 (0.6096) 325/642
[1A[1M  2.6693    1210.6 (0.6096) 326/642
[1A[1M  2.6840    1210.6 (0.6096) 327/642
[1A[1M  2.6988    1210.6 (0.6096) 328/642
[1A[1M  2.7136    1210.8 (0.6096) 329/642
[1A[1M  2.7285    1210.8 (0.6096) 330/642
[1A[1M  2.7434    1210.9 (0.6096) 331/642
[1A[1M  2.7584    1211.1 (0.6096) 332/642
[1A[1M  2.7735    1211.2 (0.6096) 333/642
[1A[1M  2.7886    1211.7 (0.6096) 334/642
[1A[1M  2.8038    1212.3 (0.6096) 335/642
[1A[1M  2.8190    1213.3 (0.6096) 336/642
[1A[1M  2.8344    1214.9 (0.6096) 337/642
[1A[1M  2.8497    1216.8 (0.6096) 338/642
[1A[1M  2.8651    1218.6 (0.6096) 339/642
[1A[1M  2.8806    1220.0 (0.6096) 340/642
[1A[1M  2.8962    1220.9 (0.6096) 341/642
[1A[1M  2.9118    1222.0 (0.6096) 342/642
[1A[1M  2.9275    1223.0 (0.6096) 343/642
[1A[1M  2.9432    1223.4 (0.6096) 344/642
[1A[1M  2.9590    1223.4 (0.6096) 345/642
[1A[1M  2.9749    1223.2 (0.6096) 346/642
[1A[1M  2.9908    1223.1 (0.6096) 347/642
[1A[1M  3.0068    1222.7 (0.6096) 348/642
[1A[1M  3.0229    1221.8 (0.6096) 349/642
[1A[1M  3.0390    1221.2 (0.6096) 350/642
[1A[1M  3.0552    1220.4 (0.6096) 351/642
[1A[1M  3.0715    1219.4 (0.6096) 352/642
[1A[1M  3.0878    1217.6 (0.6096) 353/642
[1A[1M  3.1042    1215.2 (0.6096) 354/642
[1A[1M  3.1206    1213.0 (0.6096) 355/642
[1A[1M  3.1371    1211.5 (0.6096) 356/642
[1A[1M  3.1537    1209.8 (0.6096) 357/642
[1A[1M  3.1704    1207.9 (0.6096) 358/642
[1A[1M  3.1871    1206.0 (0.6096) 359/642
[1A[1M  3.2038    1204.4 (0.6096) 360/642
[1A[1M  3.2207    1203.0 (0.6096) 361/642
[1A[1M  3.2376    1201.7 (0.6096) 362/642
[1A[1M  3.2546    1199.6 (0.6096) 363/642
[1A[1M  3.2716    1197.3 (0.6096) 364/642
[1A[1M  3.2888    1195.5 (0.6096) 365/642
[1A[1M  3.3060    1193.9 (0.6096) 366/642
[1A[1M  3.3232    1192.2 (0.6096) 367/642
[1A[1M  3.3405    1189.9 (0.6096) 368/642
[1A[1M  3.3579    1188.6 (0.6096) 369/642
[1A[1M  3.3754    1187.9 (0.6096) 370/642
[1A[1M  3.3929    1186.5 (0.6096) 371/642
[1A[1M  3.4106    1184.3 (0.6096) 372/642
[1A[1M  3.4282    1182.5 (0.6096) 373/642
[1A[1M  3.4460    1180.7 (0.6096) 374/642
[1A[1M  3.4638    1178.9 (0.6096) 375/642
[1A[1M  3.4817    1177.1 (0.6096) 376/642
[1A[1M  3.4997    1174.9 (0.6096) 377/642
[1A[1M  3.5177    1172.3 (0.6096) 378/642
[1A[1M  3.5358    1169.8 (0.6096) 379/642
[1A[1M  3.5540    1167.0 (0.6096) 380/642
[1A[1M  3.5722    1164.4 (0.6096) 381/642
[1A[1M  3.5906    1162.1 (0.6096) 382/642
[1A[1M  3.6089    1159.8 (0.6096) 383/642
[1A[1M  3.6274    1156.5 (0.6096) 384/642
[1A[1M  3.6460    1152.1 (0.6096) 385/642
[1A[1M  3.6646    1146.8 (0.6096) 386/642
[1A[1M  3.6833    1141.0 (0.6096) 387/642
[1A[1M  3.7021    1135.2 (0.6096) 388/642
[1A[1M  3.7209    1129.8 (0.6096) 389/642
[1A[1M  3.7398    1124.6 (0.6096) 390/642
[1A[1M  3.7588    1119.2 (0.6096) 391/642
[1A[1M  3.7779    1113.7 (0.6096) 392/642
[1A[1M  3.7970    1108.5 (0.6096) 393/642
[1A[1M  3.8163    1104.1 (0.6096) 394/642
[1A[1M  3.8356    1100.4 (0.6096) 395/642
[1A[1M  3.8550    1097.4 (0.6096) 396/642
[1A[1M  3.8744    1094.9 (0.6096) 397/642
[1A[1M  3.8940    1092.6 (0.6096) 398/642
[1A[1M  3.9136    1090.6 (0.6096) 399/642
[1A[1M  3.9333    1088.6 (0.6096) 400/642
[1A[1M  3.9530    1086.4 (0.6096) 401/642
[1A[1M  3.9729    1084.5 (0.6096) 402/642
[1A[1M  3.9928    2875.5 (0.6096) 403/642
[1A[1M  4.0128    2876.0 (0.6096) 404/642
[1A[1M  4.0329    2875.9 (0.6096) 405/642
[1A[1M  4.0531    2875.7 (0.6096) 406/642
[1A[1M  4.0733    2875.8 (0.6096) 407/642
[1A[1M  4.0937    2875.8 (0.6096) 408/642
[1A[1M  4.1141    2875.8 (0.6096) 409/642
[1A[1M  4.1346    2875.8 (0.6096) 410/642
[1A[1M  4.1552    2875.8 (0.6096) 411/642
[1A[1M  4.1758    2875.8 (0.6096) 412/642
[1A[1M  4.1966    2875.9 (0.6096) 413/642
[1A[1M  4.2174    2876.0 (0.6096) 414/642
[1A[1M  4.2383    2876.1 (0.6096) 415/642
[1A[1M  4.2593    2876.3 (0.6096) 416/642
[1A[1M  4.2804    2876.2 (0.6096) 417/642
[1A[1M  4.3016    2875.9 (0.6096) 418/642
[1A[1M  4.3228    2876.0 (0.6096) 419/642
[1A[1M  4.3441    2876.1 (0.6096) 420/642
[1A[1M  4.3656    2876.0 (0.6096) 421/642
[1A[1M  4.3871    2875.9 (0.6096) 422/642
[1A[1M  4.4087    2875.4 (0.6096) 423/642
[1A[1M  4.4303    2875.3 (0.6096) 424/642
[1A[1M  4.4521    2874.0 (0.6096) 425/642
[1A[1M  4.4739    2870.7 (0.6096) 426/642
[1A[1M  4.4959    2866.8 (0.6096) 427/642
[1A[1M  4.5179    2863.0 (0.6096) 428/642
[1A[1M  4.5400    2864.5 (0.6096) 429/642
[1A[1M  4.5622    2866.6 (0.6096) 430/642
[1A[1M  4.5845    2872.2 (0.6096) 431/642
[1A[1M  4.6069    2875.5 (0.6096) 432/642
[1A[1M  4.6294    2876.1 (0.6096) 433/642
[1A[1M  4.6519    2876.1 (0.6096) 434/642
[1A[1M  4.6746    2876.2 (0.6096) 435/642
[1A[1M  4.6973    2876.3 (0.6096) 436/642
[1A[1M  4.7202    2876.4 (0.6096) 437/642
[1A[1M  4.7431    2876.4 (0.6096) 438/642
[1A[1M  4.7661    2876.3 (0.6096) 439/642
[1A[1M  4.7892    2869.3 (0.6096) 440/642
[1A[1M  4.8124    2856.9 (0.6096) 441/642
[1A[1M  4.8357    2844.5 (0.6096) 442/642
[1A[1M  4.8591    2837.9 (0.6096) 443/642
[1A[1M  4.8826    2847.2 (0.6096) 444/642
[1A[1M  4.9062    2864.3 (0.6096) 445/642
[1A[1M  4.9299    2873.5 (0.6096) 446/642
[1A[1M  4.9536    2876.6 (0.6096) 447/642
[1A[1M  4.9775    2876.1 (0.6096) 448/642
[1A[1M  5.0014    2876.4 (0.6096) 449/642
[1A[1M  5.0255    2876.0 (0.6096) 450/642
[1A[1M  5.0496    2876.2 (0.6096) 451/642
[1A[1M  5.0739    2876.2 (0.6096) 452/642
[1A[1M  5.0982    2876.1 (0.6096) 453/642
[1A[1M  5.1227    2875.5 (0.6096) 454/642
[1A[1M  5.1472    2875.2 (0.6096) 455/642
[1A[1M  5.1719    2875.9 (0.6096) 456/642
[1A[1M  5.1966    2875.9 (0.6096) 457/642
[1A[1M  5.2214    2875.9 (0.6096) 458/642
[1A[1M  5.2464    2876.1 (0.6096) 459/642
[1A[1M  5.2714    2876.0 (0.6096) 460/642
[1A[1M  5.2965    2875.9 (0.6096) 461/642
[1A[1M  5.3218    2875.9 (0.6096) 462/642
[1A[1M  5.3471    2875.9 (0.6096) 463/642
[1A[1M  5.3726    2875.8 (0.6096) 464/642
[1A[1M  5.3981    2875.7 (0.6096) 465/642
[1A[1M  5.4237    2875.6 (0.6096) 466/642
[1A[1M  5.4495    2875.4 (0.6096) 467/642
[1A[1M  5.4753    2872.6 (0.6096) 468/642
[1A[1M  5.5013    2869.6 (0.6096) 469/642
[1A[1M  5.5273    2869.5 (0.6096) 470/642
[1A[1M  5.5535    2872.9 (0.6096) 471/642
[1A[1M  5.5798    2876.2 (0.6096) 472/642
[1A[1M  5.6061    2876.1 (0.6096) 473/642
[1A[1M  5.6326    2875.9 (0.6096) 474/642
[1A[1M  5.6592    2875.9 (0.6096) 475/642
[1A[1M  5.6859    2875.8 (0.6096) 476/642
[1A[1M  5.7127    2875.5 (0.6096) 477/642
[1A[1M  5.7396    2875.2 (0.6096) 478/642
[1A[1M  5.7666    2874.9 (0.6096) 479/642
[1A[1M  5.7937    2874.6 (0.6096) 480/642
[1A[1M  5.8210    2874.4 (0.6096) 481/642
[1A[1M  5.8483    2874.2 (0.6096) 482/642
[1A[1M  5.8757    2874.2 (0.6096) 483/642
[1A[1M  5.9033    2874.2 (0.6096) 484/642
[1A[1M  5.9310    2874.2 (0.6096) 485/642
[1A[1M  5.9588    2874.2 (0.6096) 486/642
[1A[1M  5.9866    2874.1 (0.6096) 487/642
[1A[1M  6.0146    2874.0 (0.6096) 488/642
[1A[1M  6.0428    2873.8 (0.6096) 489/642
[1A[1M  6.0710    2873.6 (0.6096) 490/642
[1A[1M  6.0993    2873.5 (0.6096) 491/642
[1A[1M  6.1278    2873.5 (0.6096) 492/642
[1A[1M  6.1563    2873.9 (0.6096) 493/642
[1A[1M  6.1850    2874.4 (0.6096) 494/642
[1A[1M  6.2138    2871.9 (0.6096) 495/642
[1A[1M  6.2427    2866.4 (0.6096) 496/642
[1A[1M  6.2718    2862.2 (0.6096) 497/642
[1A[1M  6.3009    2852.5 (0.6096) 498/642
[1A[1M  6.3302    2845.3 (0.6096) 499/642
[1A[1M  6.3596    2835.9 (0.6096) 500/642
[1A[1M  6.3891    2832.0 (0.6096) 501/642
[1A[1M  6.4187    2825.5 (0.6096) 502/642
[1A[1M  6.4484    2820.5 (0.6096) 503/642
[1A[1M  6.4783    2826.2 (0.6096) 504/642
[1A[1M  6.5082    2845.7 (0.6096) 505/642
[1A[1M  6.5383    2858.6 (0.6096) 506/642
[1A[1M  6.5685    2872.5 (0.6096) 507/642
[1A[1M  6.5989    2873.2 (0.6096) 508/642
[1A[1M  6.6293    2875.0 (0.6096) 509/642
[1A[1M  6.6599    2874.8 (0.6096) 510/642
[1A[1M  6.6906    2875.6 (0.6096) 511/642
[1A[1M  6.7214    2876.7 (0.6096) 512/642
[1A[1M  6.7524    2876.9 (0.6096) 513/642
[1A[1M  6.7835    2876.9 (0.6096) 514/642
[1A[1M  6.8146    2877.1 (0.6096) 515/642
[1A[1M  6.8460    2877.1 (0.6096) 516/642
[1A[1M  6.8774    2877.1 (0.6096) 517/642
[1A[1M  6.9090    2877.1 (0.6096) 518/642
[1A[1M  6.9407    2877.1 (0.6096) 519/642
[1A[1M  6.9725    2877.1 (0.6096) 520/642
[1A[1M  7.0045    2877.1 (0.6096) 521/642
[1A[1M  7.0366    2877.1 (0.6096) 522/642
[1A[1M  7.0688    2877.1 (0.6096) 523/642
[1A[1M  7.1011    2877.1 (0.6096) 524/642
[1A[1M  7.1336    2877.1 (0.6096) 525/642
[1A[1M  7.1662    2877.1 (0.6096) 526/642
[1A[1M  7.1989    2877.1 (0.6096) 527/642
[1A[1M  7.2318    2877.1 (0.6096) 528/642
[1A[1M  7.2648    2877.1 (0.6096) 529/642
[1A[1M  7.2979    2876.9 (0.6096) 530/642
[1A[1M  7.3311    2876.3 (0.6096) 531/642
[1A[1M  7.3645    2877.1 (0.6096) 532/642
[1A[1M  7.3981    2877.1 (0.6096) 533/642
[1A[1M  7.4317    2877.1 (0.6096) 534/642
[1A[1M  7.4655    2877.1 (0.6096) 535/642
[1A[1M  7.4994    2877.1 (0.6096) 536/642
[1A[1M  7.5335    2877.1 (0.6096) 537/642
[1A[1M  7.5677    2877.1 (0.6096) 538/642
[1A[1M  7.6020    2877.1 (0.6096) 539/642
[1A[1M  7.6365    2877.1 (0.6096) 540/642
[1A[1M  7.6711    2877.1 (0.6096) 541/642
[1A[1M  7.7059    2877.1 (0.6096) 542/642
[1A[1M  7.7408    2877.1 (0.6096) 543/642
[1A[1M  7.7758    2877.1 (0.6096) 544/642
[1A[1M  7.8110    2877.1 (0.6096) 545/642
[1A[1M  7.8463    2877.1 (0.6096) 546/642
[1A[1M  7.8818    2877.1 (0.6096) 547/642
[1A[1M  7.9174    2877.1 (0.6096) 548/642
[1A[1M  7.9531    2877.1 (0.6096) 549/642
[1A[1M  7.9890    2877.1 (0.6096) 550/642
[1A[1M  8.0250    2877.1 (0.6096) 551/642
[1A[1M  8.0612    2877.1 (0.6096) 552/642
[1A[1M  8.0975    2877.1 (0.6096) 553/642
[1A[1M  8.1340    2877.1 (0.6096) 554/642
[1A[1M  8.1706    2877.1 (0.6096) 555/642
[1A[1M  8.2073    2877.1 (0.6096) 556/642
[1A[1M  8.2442    2877.1 (0.6096) 557/642
[1A[1M  8.2813    2877.1 (0.6096) 558/642
[1A[1M  8.3185    2877.1 (0.6096) 559/642
[1A[1M  8.3558    2877.1 (0.6096) 560/642
[1A[1M  8.3933    2877.1 (0.6096) 561/642
[1A[1M  8.4310    2877.1 (0.6096) 562/642
[1A[1M  8.4688    2877.1 (0.6096) 563/642
[1A[1M  8.5067    2877.1 (0.6096) 564/642
[1A[1M  8.5448    2877.1 (0.6096) 565/642
[1A[1M  8.5831    2877.1 (0.6096) 566/642
[1A[1M  8.6215    2877.1 (0.6096) 567/642
[1A[1M  8.6601    2877.1 (0.6096) 568/642
[1A[1M  8.6988    2877.1 (0.6096) 569/642
[1A[1M  8.7377    2877.1 (0.6096) 570/642
[1A[1M  8.7767    2877.1 (0.6096) 571/642
[1A[1M  8.8159    2877.1 (0.6096) 572/642
[1A[1M  8.8552    2877.1 (0.6096) 573/642
[1A[1M  8.8947    2877.1 (0.6096) 574/642
[1A[1M  8.9344    2877.1 (0.6096) 575/642
[1A[1M  8.9742    2877.1 (0.6096) 576/642
[1A[1M  9.0142    2877.1 (0.6096) 577/642
[1A[1M  9.0543    2877.1 (0.6096) 578/642
[1A[1M  9.0946    2877.1 (0.6096) 579/642
[1A[1M  9.1351    2877.1 (0.6096) 580/642
[1A[1M  9.1757    2877.1 (0.6096) 581/642
[1A[1M  9.2165    2877.1 (0.6096) 582/642
[1A[1M  9.2574    2877.1 (0.6096) 583/642
[1A[1M  9.2985    2877.1 (0.6096) 584/642
[1A[1M  9.3398    2877.1 (0.6096) 585/642
[1A[1M  9.3812    2877.1 (0.6096) 586/642
[1A[1M  9.4228    2877.1 (0.6096) 587/642
[1A[1M  9.4646    2877.1 (0.6096) 588/642
[1A[1M  9.5066    2877.1 (0.6096) 589/642
[1A[1M  9.5487    2877.1 (0.6096) 590/642
[1A[1M  9.5910    2877.1 (0.6096) 591/642
[1A[1M  9.6334    2877.1 (0.6096) 592/642
[1A[1M  9.6760    2877.1 (0.6096) 593/642
[1A[1M  9.7188    2877.1 (0.6096) 594/642
[1A[1M  9.7618    2877.1 (0.6096) 595/642
[1A[1M  9.8049    2877.1 (0.6096) 596/642
[1A[1M  9.8482    2877.1 (0.6096) 597/642
[1A[1M  9.8917    2877.1 (0.6096) 598/642
[1A[1M  9.9353    2877.1 (0.6096) 599/642
[1A[1M  9.9792    2877.1 (0.6096) 600/642
[1A[1M  10.0232    2877.1 (0.6096) 601/642
[1A[1M  10.0674    2877.1 (0.6096) 602/642
[1A[1M  10.1117    2877.1 (0.6096) 603/642
[1A[1M  10.1563    2877.1 (0.6096) 604/642
[1A[1M  10.2010    2877.1 (0.6096) 605/642
[1A[1M  10.2459    2877.1 (0.6096) 606/642
[1A[1M  10.2909    2877.1 (0.6096) 607/642
[1A[1M  10.3362    2877.1 (0.6096) 608/642
[1A[1M  10.3816    2877.1 (0.6096) 609/642
[1A[1M  10.4272    2877.1 (0.6096) 610/642
[1A[1M  10.4730    2877.1 (0.6096) 611/642
[1A[1M  10.5190    2877.1 (0.6096) 612/642
[1A[1M  10.5652    2877.1 (0.6096) 613/642
[1A[1M  10.6115    2877.1 (0.6096) 614/642
[1A[1M  10.6581    2877.1 (0.6096) 615/642
[1A[1M  10.7048    2877.1 (0.6096) 616/642
[1A[1M  10.7517    2877.1 (0.6096) 617/642
[1A[1M  10.7988    2877.1 (0.6096) 618/642
[1A[1M  10.8461    2877.1 (0.6096) 619/642
[1A[1M  10.8936    2877.1 (0.6096) 620/642
[1A[1M  10.9413    2877.1 (0.6096) 621/642
[1A[1M  10.9891    2877.1 (0.6096) 622/642
[1A[1M  11.0372    2877.1 (0.6096) 623/642
[1A[1M  11.0854    2877.1 (0.6096) 624/642
[1A[1M  11.1339    2877.1 (0.6096) 625/642
[1A[1M  11.1825    2877.1 (0.6096) 626/642
[1A[1M  11.2313    2877.1 (0.6096) 627/642
[1A[1M  11.2803    2877.1 (0.6096) 628/642
[1A[1M  11.3296    2877.1 (0.6096) 629/642
[1A[1M  11.3790    2877.1 (0.6096) 630/642
[1A[1M  11.4286    2877.1 (0.6096) 631/642
[1A[1M  11.4784    2877.1 (0.6096) 632/642
[1A[1M  11.5284    2877.1 (0.6096) 633/642
[1A[1M  11.5786    2877.1 (0.6096) 634/642
[1A[1M  11.6291    2877.1 (0.6096) 635/642
[1A[1M  11.6797    2877.1 (0.6096) 636/642
[1A[1M  11.7305    2877.1 (0.6096) 637/642
[1A[1M  11.7815    2877.1 (0.6096) 638/642
[1A[1M  11.8327    2877.1 (0.6096) 639/642
[1A[1M  11.8842    2877.1 (0.6096) 640/642
[1A[1M  11.9358    2877.1 (0.6096) 641/642
[1A[1M  11.9877    2877.1 (0.6096) 642/642
First iteration: z_best=0.6096

[1A[1M- 0.6011     692.1 (0.6011) 1/33
[1A[1M- 0.6016     692.1 (0.6016) 2/33
[1A[1M- 0.6021     692.1 (0.6021) 3/33
[1A[1M- 0.6026     692.1 (0.6026) 4/33
[1A[1M- 0.6031     692.0 (0.6031) 5/33
[1A[1M- 0.6036     692.0 (0.6036) 6/33
[1A[1M- 0.6041     692.0 (0.6041) 7/33
[1A[1M- 0.6046     692.0 (0.6046) 8/33
[1A[1M- 0.6051     692.0 (0.6051) 9/33
[1A[1M- 0.6056     692.0 (0.6056) 10/33
[1A[1M- 0.6061     692.0 (0.6061) 11/33
[1A[1M- 0.6066     692.0 (0.6066) 12/33
[1A[1M- 0.6071     692.0 (0.6071) 13/33
[1A[1M- 0.6076     692.0 (0.6076) 14/33
[1A[1M- 0.6081     692.0 (0.6081) 15/33
[1A[1M- 0.6086     692.0 (0.6086) 16/33
[1A[1M- 0.6091     692.0 (0.6091) 17/33
[1A[1M- 0.6096     692.0 (0.6096) 18/33
[1A[1M- 0.6101     692.0 (0.6101) 19/33
[1A[1M- 0.6106     692.0 (0.6101) 20/33
[1A[1M- 0.6111     692.0 (0.6101) 21/33
[1A[1M- 0.6116     692.0 (0.6101) 22/33
[1A[1M- 0.6121     692.0 (0.6101) 23/33
[1A[1M- 0.6126     692.0 (0.6101) 24/33
[1A[1M- 0.6131     692.0 (0.6101) 25/33
[1A[1M- 0.6136     692.0 (0.6101) 26/33
[1A[1M- 0.6141     692.0 (0.6101) 27/33
[1A[1M- 0.6146     692.0 (0.6101) 28/33
[1A[1M- 0.6151     692.0 (0.6101) 29/33
[1A[1M- 0.6156     692.1 (0.6101) 30/33
[1A[1M- 0.6161     692.1 (0.6101) 31/33
[1A[1M- 0.6166     692.1 (0.6101) 32/33
[1A[1M- 0.6171     692.1 (0.6101) 33/33
Drizzle line -> ArIII-7138 (2.63 2.97)
Drizzle line -> OI-6302 (1.64 3.37)
Drizzle line -> HeI-5877 (3.71 2.17)
Get linemap PSF: F105W
Finished 14573 24.1095
Reading in beams.fits file for 18229
1 icat03dzq_flt.fits G102
2 icat03e4q_flt.fits G102
3 icat03ebq_flt.fits G102
4 icat03egq_flt.fits G102
1 icat03dzq_flt.fits G102
2 icat03e4q_flt.fits G102
3 icat03ebq_flt.fits G102
4 icat03egq_flt.fits G102
User templates! N=16 

[1A[1M  0.0000    4454.9 (0.0000) 1/642
[1A[1M  0.0040    4454.9 (0.0000) 2/642
[1A[1M  0.0080    4454.9 (0.0000) 3/642
[1A[1M  0.0121    3895.7 (0.0121) 4/642
[1A[1M  0.0161    3897.7 (0.0121) 5/642
[1A[1M  0.0202    3899.1 (0.0121) 6/642
[1A[1M  0.0243    3911.7 (0.0121) 7/642
[1A[1M  0.0284    3913.1 (0.0121) 8/642
[1A[1M  0.0325    3918.3 (0.0121) 9/642
[1A[1M  0.0367    3922.4 (0.0121) 10/642
[1A[1M  0.0408    3927.9 (0.0121) 11/642
[1A[1M  0.0450    3927.6 (0.0121) 12/642
[1A[1M  0.0492    3929.0 (0.0121) 13/642
[1A[1M  0.0534    3931.5 (0.0121) 14/642
[1A[1M  0.0576    3933.4 (0.0121) 15/642
[1A[1M  0.0618    3929.1 (0.0121) 16/642
[1A[1M  0.0661    3928.8 (0.0121) 17/642
[1A[1M  0.0704    3919.7 (0.0121) 18/642
[1A[1M  0.0747    3923.0 (0.0121) 19/642
[1A[1M  0.0790    3873.3 (0.0790) 20/642
[1A[1M  0.0833    3918.8 (0.0790) 21/642
[1A[1M  0.0876    3928.0 (0.0790) 22/642
[1A[1M  0.0920    3929.4 (0.0790) 23/642
[1A[1M  0.0964    3923.4 (0.0790) 24/642
[1A[1M  0.1008    3910.9 (0.0790) 25/642
[1A[1M  0.1052    3906.0 (0.0790) 26/642
[1A[1M  0.1096    3900.6 (0.0790) 27/642
[1A[1M  0.1140    3895.0 (0.0790) 28/642
[1A[1M  0.1185    3893.6 (0.0790) 29/642
[1A[1M  0.1230    3885.8 (0.0790) 30/642
[1A[1M  0.1275    3890.5 (0.0790) 31/642
[1A[1M  0.1320    3887.2 (0.0790) 32/642
[1A[1M  0.1366    3926.4 (0.0790) 33/642
[1A[1M  0.1411    3927.5 (0.0790) 34/642
[1A[1M  0.1457    3912.2 (0.0790) 35/642
[1A[1M  0.1503    3918.9 (0.0790) 36/642
[1A[1M  0.1549    3913.1 (0.0790) 37/642
[1A[1M  0.1595    3914.4 (0.0790) 38/642
[1A[1M  0.1642    3921.2 (0.0790) 39/642
[1A[1M  0.1688    3914.3 (0.0790) 40/642
[1A[1M  0.1735    3908.8 (0.0790) 41/642
[1A[1M  0.1782    3909.3 (0.0790) 42/642
[1A[1M  0.1829    3911.7 (0.0790) 43/642
[1A[1M  0.1877    3882.7 (0.0790) 44/642
[1A[1M  0.1924    3822.7 (0.1924) 45/642
[1A[1M  0.1972    3892.1 (0.1924) 46/642
[1A[1M  0.2020    3919.4 (0.1924) 47/642
[1A[1M  0.2068    3913.1 (0.1924) 48/642
[1A[1M  0.2117    3909.3 (0.1924) 49/642
[1A[1M  0.2165    3905.2 (0.1924) 50/642
[1A[1M  0.2214    3900.2 (0.1924) 51/642
[1A[1M  0.2263    3898.7 (0.1924) 52/642
[1A[1M  0.2312    3901.1 (0.1924) 53/642
[1A[1M  0.2361    3896.6 (0.1924) 54/642
[1A[1M  0.2411    3894.2 (0.1924) 55/642
[1A[1M  0.2461    3894.3 (0.1924) 56/642
[1A[1M  0.2511    3884.9 (0.1924) 57/642
[1A[1M  0.2561    3870.8 (0.1924) 58/642
[1A[1M  0.2611    3879.7 (0.1924) 59/642
[1A[1M  0.2662    3878.5 (0.1924) 60/642
[1A[1M  0.2712    3875.3 (0.1924) 61/642
[1A[1M  0.2763    3863.2 (0.1924) 62/642
[1A[1M  0.2815    3853.5 (0.1924) 63/642
[1A[1M  0.2866    3845.9 (0.1924) 64/642
[1A[1M  0.2918    3846.2 (0.1924) 65/642
[1A[1M  0.2969    3843.0 (0.1924) 66/642
[1A[1M  0.3021    3832.3 (0.1924) 67/642
[1A[1M  0.3073    3820.7 (0.3073) 68/642
[1A[1M  0.3126    3806.8 (0.3126) 69/642
[1A[1M  0.3178    3789.4 (0.3178) 70/642
[1A[1M  0.3231    3780.2 (0.3231) 71/642
[1A[1M  0.3284    3789.7 (0.3231) 72/642
[1A[1M  0.3338    3780.9 (0.3231) 73/642
[1A[1M  0.3391    3771.5 (0.3391) 74/642
[1A[1M  0.3445    3761.6 (0.3445) 75/642
[1A[1M  0.3499    3759.6 (0.3499) 76/642
[1A[1M  0.3553    3751.7 (0.3553) 77/642
[1A[1M  0.3607    3743.8 (0.3607) 78/642
[1A[1M  0.3662    3733.4 (0.3662) 79/642
[1A[1M  0.3716    3723.3 (0.3716) 80/642
[1A[1M  0.3771    3712.9 (0.3771) 81/642
[1A[1M  0.3826    3698.4 (0.3826) 82/642
[1A[1M  0.3882    3691.2 (0.3882) 83/642
[1A[1M  0.3938    3678.1 (0.3938) 84/642
[1A[1M  0.3993    3667.4 (0.3993) 85/642
[1A[1M  0.4049    3657.1 (0.4049) 86/642
[1A[1M  0.4106    3645.0 (0.4106) 87/642
[1A[1M  0.4162    3634.7 (0.4162) 88/642
[1A[1M  0.4219    3627.5 (0.4219) 89/642
[1A[1M  0.4276    3622.9 (0.4276) 90/642
[1A[1M  0.4333    3613.0 (0.4333) 91/642
[1A[1M  0.4391    3608.3 (0.4391) 92/642
[1A[1M  0.4448    3599.4 (0.4448) 93/642
[1A[1M  0.4506    3594.7 (0.4506) 94/642
[1A[1M  0.4564    3590.4 (0.4564) 95/642
[1A[1M  0.4623    3584.7 (0.4623) 96/642
[1A[1M  0.4681    3581.4 (0.4681) 97/642
[1A[1M  0.4740    3581.8 (0.4681) 98/642
[1A[1M  0.4799    3579.7 (0.4799) 99/642
[1A[1M  0.4859    3571.8 (0.4859) 100/642
[1A[1M  0.4918    3568.9 (0.4918) 101/642
[1A[1M  0.4978    3564.8 (0.4978) 102/642
[1A[1M  0.5038    3558.3 (0.5038) 103/642
[1A[1M  0.5098    3550.2 (0.5098) 104/642
[1A[1M  0.5159    3546.6 (0.5159) 105/642
[1A[1M  0.5220    3540.9 (0.5220) 106/642
[1A[1M  0.5281    3539.3 (0.5281) 107/642
[1A[1M  0.5342    3539.7 (0.5281) 108/642
[1A[1M  0.5403    3538.1 (0.5403) 109/642
[1A[1M  0.5465    3537.3 (0.5465) 110/642
[1A[1M  0.5527    3537.2 (0.5527) 111/642
[1A[1M  0.5589    3535.1 (0.5589) 112/642
[1A[1M  0.5652    3159.7 (0.5652) 113/642
[1A[1M  0.5715    3450.7 (0.5652) 114/642
[1A[1M  0.5778    3533.1 (0.5652) 115/642
[1A[1M  0.5841    3537.5 (0.5652) 116/642
[1A[1M  0.5904    3547.5 (0.5652) 117/642
[1A[1M  0.5968    3548.7 (0.5652) 118/642
[1A[1M  0.6032    3550.9 (0.5652) 119/642
[1A[1M  0.6096    3548.9 (0.5652) 120/642
[1A[1M  0.6161    3553.2 (0.5652) 121/642
[1A[1M  0.6226    3549.9 (0.5652) 122/642
[1A[1M  0.6291    3552.1 (0.5652) 123/642
[1A[1M  0.6356    3551.1 (0.5652) 124/642
[1A[1M  0.6421    3544.8 (0.5652) 125/642
[1A[1M  0.6487    3538.4 (0.5652) 126/642
[1A[1M  0.6553    3542.0 (0.5652) 127/642
[1A[1M  0.6620    3546.2 (0.5652) 128/642
[1A[1M  0.6686    3549.0 (0.5652) 129/642
[1A[1M  0.6753    3543.5 (0.5652) 130/642
[1A[1M  0.6820    3548.9 (0.5652) 131/642
[1A[1M  0.6888    3548.2 (0.5652) 132/642
[1A[1M  0.6955    3557.3 (0.5652) 133/642
[1A[1M  0.7023    3555.2 (0.5652) 134/642
[1A[1M  0.7092    3556.8 (0.5652) 135/642
[1A[1M  0.7160    3557.0 (0.5652) 136/642
[1A[1M  0.7229    3553.4 (0.5652) 137/642
[1A[1M  0.7298    3548.2 (0.5652) 138/642
[1A[1M  0.7367    3258.3 (0.5652) 139/642
[1A[1M  0.7437    3261.2 (0.5652) 140/642
[1A[1M  0.7507    3251.7 (0.5652) 141/642
[1A[1M  0.7577    3249.3 (0.5652) 142/642
[1A[1M  0.7647    3254.8 (0.5652) 143/642
[1A[1M  0.7718    3269.1 (0.5652) 144/642
[1A[1M  0.7789    3247.8 (0.5652) 145/642
[1A[1M  0.7860    3238.6 (0.5652) 146/642
[1A[1M  0.7932    3571.7 (0.5652) 147/642
[1A[1M  0.8004    3572.9 (0.5652) 148/642
[1A[1M  0.8076    3572.8 (0.5652) 149/642
[1A[1M  0.8148    3575.0 (0.5652) 150/642
[1A[1M  0.8221    3581.3 (0.5652) 151/642
[1A[1M  0.8294    3575.0 (0.5652) 152/642
[1A[1M  0.8368    3574.6 (0.5652) 153/642
[1A[1M  0.8441    3576.6 (0.5652) 154/642
[1A[1M  0.8515    3581.0 (0.5652) 155/642
[1A[1M  0.8589    3581.1 (0.5652) 156/642
[1A[1M  0.8664    3580.6 (0.5652) 157/642
[1A[1M  0.8739    3585.0 (0.5652) 158/642
[1A[1M  0.8814    3584.3 (0.5652) 159/642
[1A[1M  0.8889    3587.4 (0.5652) 160/642
[1A[1M  0.8965    3590.6 (0.5652) 161/642
[1A[1M  0.9041    3591.8 (0.5652) 162/642
[1A[1M  0.9117    3591.5 (0.5652) 163/642
[1A[1M  0.9194    3591.3 (0.5652) 164/642
[1A[1M  0.9271    3598.6 (0.5652) 165/642
[1A[1M  0.9348    3599.2 (0.5652) 166/642
[1A[1M  0.9425    3597.0 (0.5652) 167/642
[1A[1M  0.9503    3599.8 (0.5652) 168/642
[1A[1M  0.9581    3600.1 (0.5652) 169/642
[1A[1M  0.9660    3603.8 (0.5652) 170/642
[1A[1M  0.9739    3605.5 (0.5652) 171/642
[1A[1M  0.9818    3608.3 (0.5652) 172/642
[1A[1M  0.9897    3614.9 (0.5652) 173/642
[1A[1M  0.9977    3621.1 (0.5652) 174/642
[1A[1M  1.0057    3616.7 (0.5652) 175/642
[1A[1M  1.0138    3624.1 (0.5652) 176/642
[1A[1M  1.0218    3271.4 (0.5652) 177/642
[1A[1M  1.0299    3274.5 (0.5652) 178/642
[1A[1M  1.0381    3449.1 (0.5652) 179/642
[1A[1M  1.0462    3494.0 (0.5652) 180/642
[1A[1M  1.0544    3512.9 (0.5652) 181/642
[1A[1M  1.0627    3520.3 (0.5652) 182/642
[1A[1M  1.0709    3548.4 (0.5652) 183/642
[1A[1M  1.0792    3543.4 (0.5652) 184/642
[1A[1M  1.0876    3558.2 (0.5652) 185/642
[1A[1M  1.0959    3567.8 (0.5652) 186/642
[1A[1M  1.1043    3580.5 (0.5652) 187/642
[1A[1M  1.1128    3680.7 (0.5652) 188/642
[1A[1M  1.1212    3680.4 (0.5652) 189/642
[1A[1M  1.1297    3679.1 (0.5652) 190/642
[1A[1M  1.1383    3685.3 (0.5652) 191/642
[1A[1M  1.1468    3694.1 (0.5652) 192/642
[1A[1M  1.1555    3702.9 (0.5652) 193/642
[1A[1M  1.1641    3709.6 (0.5652) 194/642
[1A[1M  1.1728    3712.4 (0.5652) 195/642
[1A[1M  1.1815    3720.4 (0.5652) 196/642
[1A[1M  1.1902    3733.8 (0.5652) 197/642
[1A[1M  1.1990    3742.4 (0.5652) 198/642
[1A[1M  1.2078    3739.1 (0.5652) 199/642
[1A[1M  1.2167    3746.6 (0.5652) 200/642
[1A[1M  1.2255    3757.4 (0.5652) 201/642
[1A[1M  1.2345    3766.0 (0.5652) 202/642
[1A[1M  1.2434    3771.0 (0.5652) 203/642
[1A[1M  1.2524    3768.7 (0.5652) 204/642
[1A[1M  1.2614    3782.7 (0.5652) 205/642
[1A[1M  1.2705    3796.4 (0.5652) 206/642
[1A[1M  1.2796    3804.5 (0.5652) 207/642
[1A[1M  1.2887    3812.0 (0.5652) 208/642
[1A[1M  1.2979    3817.3 (0.5652) 209/642
[1A[1M  1.3071    3818.4 (0.5652) 210/642
[1A[1M  1.3164    3829.0 (0.5652) 211/642
[1A[1M  1.3257    3826.2 (0.5652) 212/642
[1A[1M  1.3350    3851.8 (0.5652) 213/642
[1A[1M  1.3443    3865.0 (0.5652) 214/642
[1A[1M  1.3537    3871.1 (0.5652) 215/642
[1A[1M  1.3632    3863.9 (0.5652) 216/642
[1A[1M  1.3726    3873.8 (0.5652) 217/642
[1A[1M  1.3821    3853.0 (0.5652) 218/642
[1A[1M  1.3917    3837.0 (0.5652) 219/642
[1A[1M  1.4013    3850.6 (0.5652) 220/642
[1A[1M  1.4109    3847.9 (0.5652) 221/642
[1A[1M  1.4206    3832.6 (0.5652) 222/642
[1A[1M  1.4303    3823.2 (0.5652) 223/642
[1A[1M  1.4400    3817.4 (0.5652) 224/642
[1A[1M  1.4498    3802.8 (0.5652) 225/642
[1A[1M  1.4596    3788.8 (0.5652) 226/642
[1A[1M  1.4695    3773.7 (0.5652) 227/642
[1A[1M  1.4794    3754.9 (0.5652) 228/642
[1A[1M  1.4893    3748.8 (0.5652) 229/642
[1A[1M  1.4993    3731.6 (0.5652) 230/642
[1A[1M  1.5093    3705.3 (0.5652) 231/642
[1A[1M  1.5193    3679.2 (0.5652) 232/642
[1A[1M  1.5294    3667.4 (0.5652) 233/642
[1A[1M  1.5396    3647.1 (0.5652) 234/642
[1A[1M  1.5498    3629.3 (0.5652) 235/642
[1A[1M  1.5600    3614.2 (0.5652) 236/642
[1A[1M  1.5702    3600.6 (0.5652) 237/642
[1A[1M  1.5805    3598.1 (0.5652) 238/642
[1A[1M  1.5909    3591.7 (0.5652) 239/642
[1A[1M  1.6013    3560.5 (0.5652) 240/642
[1A[1M  1.6117    3422.1 (0.5652) 241/642
[1A[1M  1.6222    3319.4 (0.5652) 242/642
[1A[1M  1.6327    3307.0 (0.5652) 243/642
[1A[1M  1.6432    3325.4 (0.5652) 244/642
[1A[1M  1.6538    3285.7 (0.5652) 245/642
[1A[1M  1.6645    3251.4 (0.5652) 246/642
[1A[1M  1.6751    3288.5 (0.5652) 247/642
[1A[1M  1.6859    3288.3 (0.5652) 248/642
[1A[1M  1.6966    3293.2 (0.5652) 249/642
[1A[1M  1.7074    3300.2 (0.5652) 250/642
[1A[1M  1.7183    3279.1 (0.5652) 251/642
[1A[1M  1.7292    3260.5 (0.5652) 252/642
[1A[1M  1.7401    3263.2 (0.5652) 253/642
[1A[1M  1.7511    3238.1 (0.5652) 254/642
[1A[1M  1.7621    3100.7 (1.7621) 255/642
[1A[1M  1.7732    2863.9 (1.7732) 256/642
[1A[1M  1.7843    2812.4 (1.7843) 257/642
[1A[1M  1.7955    2696.8 (1.7955) 258/642
[1A[1M  1.8067    2692.1 (1.8067) 259/642
[1A[1M  1.8179    2728.3 (1.8067) 260/642
[1A[1M  1.8292    2751.9 (1.8067) 261/642
[1A[1M  1.8406    2781.5 (1.8067) 262/642
[1A[1M  1.8519    2777.4 (1.8067) 263/642
[1A[1M  1.8634    3243.1 (1.8067) 264/642
[1A[1M  1.8748    3249.7 (1.8067) 265/642
[1A[1M  1.8864    3244.5 (1.8067) 266/642
[1A[1M  1.8979    3237.9 (1.8067) 267/642
[1A[1M  1.9096    3239.4 (1.8067) 268/642
[1A[1M  1.9212    3240.8 (1.8067) 269/642
[1A[1M  1.9329    3232.9 (1.8067) 270/642
[1A[1M  1.9447    3217.0 (1.8067) 271/642
[1A[1M  1.9565    3228.0 (1.8067) 272/642
[1A[1M  1.9683    3224.3 (1.8067) 273/642
[1A[1M  1.9802    3215.0 (1.8067) 274/642
[1A[1M  1.9922    3205.2 (1.8067) 275/642
[1A[1M  2.0042    3182.1 (1.8067) 276/642
[1A[1M  2.0162    3172.1 (1.8067) 277/642
[1A[1M  2.0283    3174.0 (1.8067) 278/642
[1A[1M  2.0404    3175.3 (1.8067) 279/642
[1A[1M  2.0526    2986.6 (1.8067) 280/642
[1A[1M  2.0649    2976.9 (1.8067) 281/642
[1A[1M  2.0771    2964.9 (1.8067) 282/642
[1A[1M  2.0895    2951.6 (1.8067) 283/642
[1A[1M  2.1019    2922.3 (1.8067) 284/642
[1A[1M  2.1143    2925.5 (1.8067) 285/642
[1A[1M  2.1268    2900.5 (1.8067) 286/642
[1A[1M  2.1393    3162.8 (1.8067) 287/642
[1A[1M  2.1519    3153.6 (1.8067) 288/642
[1A[1M  2.1645    3176.2 (1.8067) 289/642
[1A[1M  2.1772    3175.5 (1.8067) 290/642
[1A[1M  2.1899    3187.7 (1.8067) 291/642
[1A[1M  2.2027    3190.1 (1.8067) 292/642
[1A[1M  2.2156    3188.3 (1.8067) 293/642
[1A[1M  2.2284    3194.3 (1.8067) 294/642
[1A[1M  2.2414    3198.6 (1.8067) 295/642
[1A[1M  2.2544    3198.9 (1.8067) 296/642
[1A[1M  2.2674    3200.8 (1.8067) 297/642
[1A[1M  2.2805    3203.7 (1.8067) 298/642
[1A[1M  2.2937    3205.6 (1.8067) 299/642
[1A[1M  2.3069    3208.5 (1.8067) 300/642
[1A[1M  2.3201    3208.8 (1.8067) 301/642
[1A[1M  2.3334    3210.7 (1.8067) 302/642
[1A[1M  2.3468    3214.3 (1.8067) 303/642
[1A[1M  2.3602    3214.9 (1.8067) 304/642
[1A[1M  2.3737    3216.0 (1.8067) 305/642
[1A[1M  2.3872    3216.2 (1.8067) 306/642
[1A[1M  2.4008    3217.9 (1.8067) 307/642
[1A[1M  2.4144    3220.8 (1.8067) 308/642
[1A[1M  2.4281    3219.9 (1.8067) 309/642
[1A[1M  2.4418    3220.1 (1.8067) 310/642
[1A[1M  2.4556    3222.0 (1.8067) 311/642
[1A[1M  2.4695    3224.0 (1.8067) 312/642
[1A[1M  2.4834    3223.5 (1.8067) 313/642
[1A[1M  2.4973    3223.6 (1.8067) 314/642
[1A[1M  2.5113    3228.3 (1.8067) 315/642
[1A[1M  2.5254    3231.8 (1.8067) 316/642
[1A[1M  2.5396    3237.3 (1.8067) 317/642
[1A[1M  2.5537    3242.4 (1.8067) 318/642
[1A[1M  2.5680    3247.3 (1.8067) 319/642
[1A[1M  2.5823    3252.7 (1.8067) 320/642
[1A[1M  2.5966    3260.4 (1.8067) 321/642
[1A[1M  2.6111    3268.3 (1.8067) 322/642
[1A[1M  2.6255    3274.7 (1.8067) 323/642
[1A[1M  2.6401    3280.8 (1.8067) 324/642
[1A[1M  2.6546    3288.8 (1.8067) 325/642
[1A[1M  2.6693    3300.7 (1.8067) 326/642
[1A[1M  2.6840    3309.2 (1.8067) 327/642
[1A[1M  2.6988    3313.4 (1.8067) 328/642
[1A[1M  2.7136    3320.5 (1.8067) 329/642
[1A[1M  2.7285    3331.7 (1.8067) 330/642
[1A[1M  2.7434    3340.4 (1.8067) 331/642
[1A[1M  2.7584    3345.1 (1.8067) 332/642
[1A[1M  2.7735    3350.8 (1.8067) 333/642
[1A[1M  2.7886    3359.8 (1.8067) 334/642
[1A[1M  2.8038    3358.0 (1.8067) 335/642
[1A[1M  2.8190    3365.6 (1.8067) 336/642
[1A[1M  2.8344    3372.4 (1.8067) 337/642
[1A[1M  2.8497    3374.4 (1.8067) 338/642
[1A[1M  2.8651    3398.2 (1.8067) 339/642
[1A[1M  2.8806    3405.5 (1.8067) 340/642
[1A[1M  2.8962    3399.5 (1.8067) 341/642
[1A[1M  2.9118    3415.0 (1.8067) 342/642
[1A[1M  2.9275    3425.5 (1.8067) 343/642
[1A[1M  2.9432    3425.6 (1.8067) 344/642
[1A[1M  2.9590    3443.7 (1.8067) 345/642
[1A[1M  2.9749    3453.3 (1.8067) 346/642
[1A[1M  2.9908    3464.3 (1.8067) 347/642
[1A[1M  3.0068    3472.4 (1.8067) 348/642
[1A[1M  3.0229    3486.5 (1.8067) 349/642
[1A[1M  3.0390    3504.6 (1.8067) 350/642
[1A[1M  3.0552    3432.2 (1.8067) 351/642
[1A[1M  3.0715    3381.7 (1.8067) 352/642
[1A[1M  3.0878    3392.4 (1.8067) 353/642
[1A[1M  3.1042    3412.3 (1.8067) 354/642
[1A[1M  3.1206    3432.9 (1.8067) 355/642
[1A[1M  3.1371    3468.3 (1.8067) 356/642
[1A[1M  3.1537    3485.5 (1.8067) 357/642
[1A[1M  3.1704    3536.2 (1.8067) 358/642
[1A[1M  3.1871    3548.3 (1.8067) 359/642
[1A[1M  3.2038    3571.3 (1.8067) 360/642
[1A[1M  3.2207    3575.7 (1.8067) 361/642
[1A[1M  3.2376    3593.1 (1.8067) 362/642
[1A[1M  3.2546    3588.1 (1.8067) 363/642
[1A[1M  3.2716    3589.1 (1.8067) 364/642
[1A[1M  3.2888    3591.0 (1.8067) 365/642
[1A[1M  3.3060    3593.4 (1.8067) 366/642
[1A[1M  3.3232    3612.7 (1.8067) 367/642
[1A[1M  3.3405    3651.8 (1.8067) 368/642
[1A[1M  3.3579    3673.0 (1.8067) 369/642
[1A[1M  3.3754    3691.4 (1.8067) 370/642
[1A[1M  3.3929    3677.8 (1.8067) 371/642
[1A[1M  3.4106    3679.8 (1.8067) 372/642
[1A[1M  3.4282    3690.1 (1.8067) 373/642
[1A[1M  3.4460    3720.3 (1.8067) 374/642
[1A[1M  3.4638    3722.2 (1.8067) 375/642
[1A[1M  3.4817    3729.9 (1.8067) 376/642
[1A[1M  3.4997    3700.7 (1.8067) 377/642
[1A[1M  3.5177    3692.4 (1.8067) 378/642
[1A[1M  3.5358    3678.1 (1.8067) 379/642
[1A[1M  3.5540    3688.3 (1.8067) 380/642
[1A[1M  3.5722    3732.0 (1.8067) 381/642
[1A[1M  3.5906    3738.2 (1.8067) 382/642
[1A[1M  3.6089    3745.3 (1.8067) 383/642
[1A[1M  3.6274    3743.7 (1.8067) 384/642
[1A[1M  3.6460    3784.5 (1.8067) 385/642
[1A[1M  3.6646    3798.1 (1.8067) 386/642
[1A[1M  3.6833    3822.7 (1.8067) 387/642
[1A[1M  3.7021    3837.2 (1.8067) 388/642
[1A[1M  3.7209    3839.3 (1.8067) 389/642
[1A[1M  3.7398    3866.2 (1.8067) 390/642
[1A[1M  3.7588    3897.1 (1.8067) 391/642
[1A[1M  3.7779    3828.5 (1.8067) 392/642
[1A[1M  3.7970    3922.9 (1.8067) 393/642
[1A[1M  3.8163    3985.8 (1.8067) 394/642
[1A[1M  3.8356    4007.2 (1.8067) 395/642
[1A[1M  3.8550    4060.0 (1.8067) 396/642
[1A[1M  3.8744    4111.4 (1.8067) 397/642
[1A[1M  3.8940    4160.9 (1.8067) 398/642
[1A[1M  3.9136    4175.5 (1.8067) 399/642
[1A[1M  3.9333    4220.3 (1.8067) 400/642
[1A[1M  3.9530    4237.9 (1.8067) 401/642
[1A[1M  3.9729    4266.5 (1.8067) 402/642
[1A[1M  3.9928    4454.5 (1.8067) 403/642
[1A[1M  4.0128    4454.6 (1.8067) 404/642
[1A[1M  4.0329    4454.5 (1.8067) 405/642
[1A[1M  4.0531    4454.4 (1.8067) 406/642
[1A[1M  4.0733    4454.5 (1.8067) 407/642
[1A[1M  4.0937    4454.7 (1.8067) 408/642
[1A[1M  4.1141    4454.7 (1.8067) 409/642
[1A[1M  4.1346    4454.6 (1.8067) 410/642
[1A[1M  4.1552    4454.2 (1.8067) 411/642
[1A[1M  4.1758    4454.5 (1.8067) 412/642
[1A[1M  4.1966    4454.6 (1.8067) 413/642
[1A[1M  4.2174    4454.7 (1.8067) 414/642
[1A[1M  4.2383    4454.7 (1.8067) 415/642
[1A[1M  4.2593    4454.7 (1.8067) 416/642
[1A[1M  4.2804    4454.8 (1.8067) 417/642
[1A[1M  4.3016    4454.8 (1.8067) 418/642
[1A[1M  4.3228    4454.8 (1.8067) 419/642
[1A[1M  4.3441    4454.8 (1.8067) 420/642
[1A[1M  4.3656    4454.8 (1.8067) 421/642
[1A[1M  4.3871    4454.9 (1.8067) 422/642
[1A[1M  4.4087    4454.6 (1.8067) 423/642
[1A[1M  4.4303    4454.7 (1.8067) 424/642
[1A[1M  4.4521    4454.8 (1.8067) 425/642
[1A[1M  4.4739    4454.8 (1.8067) 426/642
[1A[1M  4.4959    4454.9 (1.8067) 427/642
[1A[1M  4.5179    4454.9 (1.8067) 428/642
[1A[1M  4.5400    4454.8 (1.8067) 429/642
[1A[1M  4.5622    4454.3 (1.8067) 430/642
[1A[1M  4.5845    4453.0 (1.8067) 431/642
[1A[1M  4.6069    4452.0 (1.8067) 432/642
[1A[1M  4.6294    4453.7 (1.8067) 433/642
[1A[1M  4.6519    4454.3 (1.8067) 434/642
[1A[1M  4.6746    4454.9 (1.8067) 435/642
[1A[1M  4.6973    4454.9 (1.8067) 436/642
[1A[1M  4.7202    4454.2 (1.8067) 437/642
[1A[1M  4.7431    4454.9 (1.8067) 438/642
[1A[1M  4.7661    4454.9 (1.8067) 439/642
[1A[1M  4.7892    4454.9 (1.8067) 440/642
[1A[1M  4.8124    4454.9 (1.8067) 441/642
[1A[1M  4.8357    4454.9 (1.8067) 442/642
[1A[1M  4.8591    4454.8 (1.8067) 443/642
[1A[1M  4.8826    4454.8 (1.8067) 444/642
[1A[1M  4.9062    4454.7 (1.8067) 445/642
[1A[1M  4.9299    4454.4 (1.8067) 446/642
[1A[1M  4.9536    4454.9 (1.8067) 447/642
[1A[1M  4.9775    4454.9 (1.8067) 448/642
[1A[1M  5.0014    4454.7 (1.8067) 449/642
[1A[1M  5.0255    4454.7 (1.8067) 450/642
[1A[1M  5.0496    4454.0 (1.8067) 451/642
[1A[1M  5.0739    4454.8 (1.8067) 452/642
[1A[1M  5.0982    4454.8 (1.8067) 453/642
[1A[1M  5.1227    4454.8 (1.8067) 454/642
[1A[1M  5.1472    4454.8 (1.8067) 455/642
[1A[1M  5.1719    4454.9 (1.8067) 456/642
[1A[1M  5.1966    4454.8 (1.8067) 457/642
[1A[1M  5.2214    4454.9 (1.8067) 458/642
[1A[1M  5.2464    4454.9 (1.8067) 459/642
[1A[1M  5.2714    4453.3 (1.8067) 460/642
[1A[1M  5.2965    4454.8 (1.8067) 461/642
[1A[1M  5.3218    4454.9 (1.8067) 462/642
[1A[1M  5.3471    4454.5 (1.8067) 463/642
[1A[1M  5.3726    4454.5 (1.8067) 464/642
[1A[1M  5.3981    4454.7 (1.8067) 465/642
[1A[1M  5.4237    4454.8 (1.8067) 466/642
[1A[1M  5.4495    4454.9 (1.8067) 467/642
[1A[1M  5.4753    4454.9 (1.8067) 468/642
[1A[1M  5.5013    4454.8 (1.8067) 469/642
[1A[1M  5.5273    4454.7 (1.8067) 470/642
[1A[1M  5.5535    4454.6 (1.8067) 471/642
[1A[1M  5.5798    4454.8 (1.8067) 472/642
[1A[1M  5.6061    4454.8 (1.8067) 473/642
[1A[1M  5.6326    4454.7 (1.8067) 474/642
[1A[1M  5.6592    4453.6 (1.8067) 475/642
[1A[1M  5.6859    4454.8 (1.8067) 476/642
[1A[1M  5.7127    4454.7 (1.8067) 477/642
[1A[1M  5.7396    4454.8 (1.8067) 478/642
[1A[1M  5.7666    4453.2 (1.8067) 479/642
[1A[1M  5.7937    4454.5 (1.8067) 480/642
[1A[1M  5.8210    4454.8 (1.8067) 481/642
[1A[1M  5.8483    4454.8 (1.8067) 482/642
[1A[1M  5.8757    4454.8 (1.8067) 483/642
[1A[1M  5.9033    4454.7 (1.8067) 484/642
[1A[1M  5.9310    4454.1 (1.8067) 485/642
[1A[1M  5.9588    4453.5 (1.8067) 486/642
[1A[1M  5.9866    4454.7 (1.8067) 487/642
[1A[1M  6.0146    4454.6 (1.8067) 488/642
[1A[1M  6.0428    4454.4 (1.8067) 489/642
[1A[1M  6.0710    4454.2 (1.8067) 490/642
[1A[1M  6.0993    4454.2 (1.8067) 491/642
[1A[1M  6.1278    4450.0 (1.8067) 492/642
[1A[1M  6.1563    4454.6 (1.8067) 493/642
[1A[1M  6.1850    4454.5 (1.8067) 494/642
[1A[1M  6.2138    4454.5 (1.8067) 495/642
[1A[1M  6.2427    4454.4 (1.8067) 496/642
[1A[1M  6.2718    4454.3 (1.8067) 497/642
[1A[1M  6.3009    4454.3 (1.8067) 498/642
[1A[1M  6.3302    4454.2 (1.8067) 499/642
[1A[1M  6.3596    4454.2 (1.8067) 500/642
[1A[1M  6.3891    4453.9 (1.8067) 501/642
[1A[1M  6.4187    4454.3 (1.8067) 502/642
[1A[1M  6.4484    4454.3 (1.8067) 503/642
[1A[1M  6.4783    4454.2 (1.8067) 504/642
[1A[1M  6.5082    4454.1 (1.8067) 505/642
[1A[1M  6.5383    4452.7 (1.8067) 506/642
[1A[1M  6.5685    4453.8 (1.8067) 507/642
[1A[1M  6.5989    4453.7 (1.8067) 508/642
[1A[1M  6.6293    4453.7 (1.8067) 509/642
[1A[1M  6.6599    4453.6 (1.8067) 510/642
[1A[1M  6.6906    4453.5 (1.8067) 511/642
[1A[1M  6.7214    4453.7 (1.8067) 512/642
[1A[1M  6.7524    4453.5 (1.8067) 513/642
[1A[1M  6.7835    4453.4 (1.8067) 514/642
[1A[1M  6.8146    4452.9 (1.8067) 515/642
[1A[1M  6.8460    4452.8 (1.8067) 516/642
[1A[1M  6.8774    4452.8 (1.8067) 517/642
[1A[1M  6.9090    4452.4 (1.8067) 518/642
[1A[1M  6.9407    4452.1 (1.8067) 519/642
[1A[1M  6.9725    4450.2 (1.8067) 520/642
[1A[1M  7.0045    4452.3 (1.8067) 521/642
[1A[1M  7.0366    4452.5 (1.8067) 522/642
[1A[1M  7.0688    4452.6 (1.8067) 523/642
[1A[1M  7.1011    4452.4 (1.8067) 524/642
[1A[1M  7.1336    4452.5 (1.8067) 525/642
[1A[1M  7.1662    4451.9 (1.8067) 526/642
[1A[1M  7.1989    4451.3 (1.8067) 527/642
[1A[1M  7.2318    4451.1 (1.8067) 528/642
[1A[1M  7.2648    4451.0 (1.8067) 529/642
[1A[1M  7.2979    4450.9 (1.8067) 530/642
[1A[1M  7.3311    4451.0 (1.8067) 531/642
[1A[1M  7.3645    4450.7 (1.8067) 532/642
[1A[1M  7.3981    4449.7 (1.8067) 533/642
[1A[1M  7.4317    4449.0 (1.8067) 534/642
[1A[1M  7.4655    4448.7 (1.8067) 535/642
[1A[1M  7.4994    4449.9 (1.8067) 536/642
[1A[1M  7.5335    4449.4 (1.8067) 537/642
[1A[1M  7.5677    4449.1 (1.8067) 538/642
[1A[1M  7.6020    4447.4 (1.8067) 539/642
[1A[1M  7.6365    4448.6 (1.8067) 540/642
[1A[1M  7.6711    4446.8 (1.8067) 541/642
[1A[1M  7.7059    4452.4 (1.8067) 542/642
[1A[1M  7.7408    4453.1 (1.8067) 543/642
[1A[1M  7.7758    4452.0 (1.8067) 544/642
[1A[1M  7.8110    4452.9 (1.8067) 545/642
[1A[1M  7.8463    4451.9 (1.8067) 546/642
[1A[1M  7.8818    4454.5 (1.8067) 547/642
[1A[1M  7.9174    4454.6 (1.8067) 548/642
[1A[1M  7.9531    4452.7 (1.8067) 549/642
[1A[1M  7.9890    4454.3 (1.8067) 550/642
[1A[1M  8.0250    4454.9 (1.8067) 551/642
[1A[1M  8.0612    4453.5 (1.8067) 552/642
[1A[1M  8.0975    4454.9 (1.8067) 553/642
[1A[1M  8.1340    4454.1 (1.8067) 554/642
[1A[1M  8.1706    4454.9 (1.8067) 555/642
[1A[1M  8.2073    4454.9 (1.8067) 556/642
[1A[1M  8.2442    4454.7 (1.8067) 557/642
[1A[1M  8.2813    4454.2 (1.8067) 558/642
[1A[1M  8.3185    4454.9 (1.8067) 559/642
[1A[1M  8.3558    4452.7 (1.8067) 560/642
[1A[1M  8.3933    4454.2 (1.8067) 561/642
[1A[1M  8.4310    4454.5 (1.8067) 562/642
[1A[1M  8.4688    4454.7 (1.8067) 563/642
[1A[1M  8.5067    4454.8 (1.8067) 564/642
[1A[1M  8.5448    4454.9 (1.8067) 565/642
[1A[1M  8.5831    4454.9 (1.8067) 566/642
[1A[1M  8.6215    4454.9 (1.8067) 567/642
[1A[1M  8.6601    4454.9 (1.8067) 568/642
[1A[1M  8.6988    4454.9 (1.8067) 569/642
[1A[1M  8.7377    4454.9 (1.8067) 570/642
[1A[1M  8.7767    4454.9 (1.8067) 571/642
[1A[1M  8.8159    4454.9 (1.8067) 572/642
[1A[1M  8.8552    4454.8 (1.8067) 573/642
[1A[1M  8.8947    4454.5 (1.8067) 574/642
[1A[1M  8.9344    4453.9 (1.8067) 575/642
[1A[1M  8.9742    4452.6 (1.8067) 576/642
[1A[1M  9.0142    4451.3 (1.8067) 577/642
[1A[1M  9.0543    4449.6 (1.8067) 578/642
[1A[1M  9.0946    4447.2 (1.8067) 579/642
[1A[1M  9.1351    4445.5 (1.8067) 580/642
[1A[1M  9.1757    4444.6 (1.8067) 581/642
[1A[1M  9.2165    4445.7 (1.8067) 582/642
[1A[1M  9.2574    4446.9 (1.8067) 583/642
[1A[1M  9.2985    4447.7 (1.8067) 584/642
[1A[1M  9.3398    4448.8 (1.8067) 585/642
[1A[1M  9.3812    4450.7 (1.8067) 586/642
[1A[1M  9.4228    4452.9 (1.8067) 587/642
[1A[1M  9.4646    4453.9 (1.8067) 588/642
[1A[1M  9.5066    4454.1 (1.8067) 589/642
[1A[1M  9.5487    4453.7 (1.8067) 590/642
[1A[1M  9.5910    4453.4 (1.8067) 591/642
[1A[1M  9.6334    4454.0 (1.8067) 592/642
[1A[1M  9.6760    4454.4 (1.8067) 593/642
[1A[1M  9.7188    4454.8 (1.8067) 594/642
[1A[1M  9.7618    4454.9 (1.8067) 595/642
[1A[1M  9.8049    4454.9 (1.8067) 596/642
[1A[1M  9.8482    4454.9 (1.8067) 597/642
[1A[1M  9.8917    4454.9 (1.8067) 598/642
[1A[1M  9.9353    4454.9 (1.8067) 599/642
[1A[1M  9.9792    4454.6 (1.8067) 600/642
[1A[1M  10.0232    4454.9 (1.8067) 601/642
[1A[1M  10.0674    4452.7 (1.8067) 602/642
[1A[1M  10.1117    4454.2 (1.8067) 603/642
[1A[1M  10.1563    4454.3 (1.8067) 604/642
[1A[1M  10.2010    4453.5 (1.8067) 605/642
[1A[1M  10.2459    4453.0 (1.8067) 606/642
[1A[1M  10.2909    4453.7 (1.8067) 607/642
[1A[1M  10.3362    4454.1 (1.8067) 608/642
[1A[1M  10.3816    4454.5 (1.8067) 609/642
[1A[1M  10.4272    4454.9 (1.8067) 610/642
[1A[1M  10.4730    4454.9 (1.8067) 611/642
[1A[1M  10.5190    4454.9 (1.8067) 612/642
[1A[1M  10.5652    4454.9 (1.8067) 613/642
[1A[1M  10.6115    4454.9 (1.8067) 614/642
[1A[1M  10.6581    4454.6 (1.8067) 615/642
[1A[1M  10.7048    4454.9 (1.8067) 616/642
[1A[1M  10.7517    4454.9 (1.8067) 617/642
[1A[1M  10.7988    4454.9 (1.8067) 618/642
[1A[1M  10.8461    4454.9 (1.8067) 619/642
[1A[1M  10.8936    4454.7 (1.8067) 620/642
[1A[1M  10.9413    4454.9 (1.8067) 621/642
[1A[1M  10.9891    4454.9 (1.8067) 622/642
[1A[1M  11.0372    4454.9 (1.8067) 623/642
[1A[1M  11.0854    4454.9 (1.8067) 624/642
[1A[1M  11.1339    4454.8 (1.8067) 625/642
[1A[1M  11.1825    4454.8 (1.8067) 626/642
[1A[1M  11.2313    4454.9 (1.8067) 627/642
[1A[1M  11.2803    4454.7 (1.8067) 628/642
[1A[1M  11.3296    4454.8 (1.8067) 629/642
[1A[1M  11.3790    4454.9 (1.8067) 630/642
[1A[1M  11.4286    4454.6 (1.8067) 631/642
[1A[1M  11.4784    4454.9 (1.8067) 632/642
[1A[1M  11.5284    4454.9 (1.8067) 633/642
[1A[1M  11.5786    4454.9 (1.8067) 634/642
[1A[1M  11.6291    4454.8 (1.8067) 635/642
[1A[1M  11.6797    4454.9 (1.8067) 636/642
[1A[1M  11.7305    4454.9 (1.8067) 637/642
[1A[1M  11.7815    4454.9 (1.8067) 638/642
[1A[1M  11.8327    4454.9 (1.8067) 639/642
[1A[1M  11.8842    4454.9 (1.8067) 640/642
[1A[1M  11.9358    4454.9 (1.8067) 641/642
[1A[1M  11.9877    4454.9 (1.8067) 642/642
First iteration: z_best=1.8067

[1A[1M- 1.7944    2702.7 (1.7944) 1/33
[1A[1M- 1.7949    2699.9 (1.7949) 2/33
[1A[1M- 1.7954    2697.3 (1.7954) 3/33
[1A[1M- 1.7959    2694.7 (1.7959) 4/33
[1A[1M- 1.7964    2692.2 (1.7964) 5/33
[1A[1M- 1.7969    2689.9 (1.7969) 6/33
[1A[1M- 1.7974    2687.8 (1.7974) 7/33
[1A[1M- 1.7979    2686.0 (1.7979) 8/33
[1A[1M- 1.7984    2684.5 (1.7984) 9/33
[1A[1M- 1.7989    2683.3 (1.7989) 10/33
[1A[1M- 1.7994    2682.4 (1.7994) 11/33
[1A[1M- 1.7999    2681.9 (1.7999) 12/33
[1A[1M- 1.8004    2681.8 (1.8004) 13/33
[1A[1M- 1.8009    2682.0 (1.8004) 14/33
[1A[1M- 1.8014    2682.6 (1.8004) 15/33
[1A[1M- 1.8019    2683.3 (1.8004) 16/33
[1A[1M- 1.8024    2684.3 (1.8004) 17/33
[1A[1M- 1.8029    2685.4 (1.8004) 18/33
[1A[1M- 1.8034    2686.5 (1.8004) 19/33
[1A[1M- 1.8039    2687.5 (1.8004) 20/33
[1A[1M- 1.8044    2688.4 (1.8004) 21/33
[1A[1M- 1.8049    2689.2 (1.8004) 22/33
[1A[1M- 1.8054    2689.9 (1.8004) 23/33
[1A[1M- 1.8059    2690.7 (1.8004) 24/33
[1A[1M- 1.8064    2691.5 (1.8004) 25/33
[1A[1M- 1.8069    2692.5 (1.8004) 26/33
[1A[1M- 1.8074    2693.6 (1.8004) 27/33
[1A[1M- 1.8079    2695.1 (1.8004) 28/33
[1A[1M- 1.8084    2696.8 (1.8004) 29/33
[1A[1M- 1.8089    2698.7 (1.8004) 30/33
[1A[1M- 1.8094    2700.9 (1.8004) 31/33
[1A[1M- 1.8099    2703.1 (1.8004) 32/33
[1A[1M- 1.8104    2705.4 (1.8004) 33/33
Traceback (most recent call last):
  File "grizli_reduction.py", line 609, in <module>
    for id, mag in zip(nums.astype('int'), mags))
  File "/home/rsimons/miniconda2/envs/grizli/lib/python3.5/site-packages/joblib/parallel.py", line 924, in __call__
    while self.dispatch_one_batch(iterator):
  File "/home/rsimons/miniconda2/envs/grizli/lib/python3.5/site-packages/joblib/parallel.py", line 759, in dispatch_one_batch
    self._dispatch(tasks)
  File "/home/rsimons/miniconda2/envs/grizli/lib/python3.5/site-packages/joblib/parallel.py", line 716, in _dispatch
    job = self._backend.apply_async(batch, callback=cb)
  File "/home/rsimons/miniconda2/envs/grizli/lib/python3.5/site-packages/joblib/_parallel_backends.py", line 182, in apply_async
    result = ImmediateResult(func)
  File "/home/rsimons/miniconda2/envs/grizli/lib/python3.5/site-packages/joblib/_parallel_backends.py", line 549, in __init__
    self.results = batch()
  File "/home/rsimons/miniconda2/envs/grizli/lib/python3.5/site-packages/joblib/parallel.py", line 225, in __call__
    for func, args, kwargs in self.items]
  File "/home/rsimons/miniconda2/envs/grizli/lib/python3.5/site-packages/joblib/parallel.py", line 225, in <listcomp>
    for func, args, kwargs in self.items]
  File "grizli_reduction.py", line 435, in grizli_fit
    use_psf = use_psf)          #default: False
  File "/home/rsimons/miniconda2/envs/grizli/lib/python3.5/site-packages/grizli-0.9.0_90_g0a858e5-py3.5-linux-x86_64.egg/grizli/fitting.py", line 321, in run_all
    fig = mb.xmake_fit_plot(mb_fit, tfit, show_beams=show_beams, scale_on_stacked_1d=scale_on_stacked_1d, loglam_1d=loglam_1d)
  File "/home/rsimons/miniconda2/envs/grizli/lib/python3.5/site-packages/grizli-0.9.0_90_g0a858e5-py3.5-linux-x86_64.egg/grizli/fitting.py", line 2000, in xmake_fit_plot
    self.oned_figure(bin=bin, show_beams=show_beams, minor=minor, tfit=tfit, axc=axc, scale_on_stacked=scale_on_stacked_1d, loglam_1d=loglam_1d)
  File "/home/rsimons/miniconda2/envs/grizli/lib/python3.5/site-packages/grizli-0.9.0_90_g0a858e5-py3.5-linux-x86_64.egg/grizli/fitting.py", line 2759, in oned_figure
    axc.set_ylim(ymin-0.2*ymax, 1.2*ymax)            
  File "/home/rsimons/miniconda2/envs/grizli/lib/python3.5/site-packages/matplotlib/axes/_base.py", line 3460, in set_ylim
    bottom = self._validate_converted_limits(bottom, self.convert_yunits)
  File "/home/rsimons/miniconda2/envs/grizli/lib/python3.5/site-packages/matplotlib/axes/_base.py", line 3047, in _validate_converted_limits
    raise ValueError("Axis limits cannot be NaN or Inf")
ValueError: Axis limits cannot be NaN or Inf
