



###################
Parameters


field             GS4
mag_lim           25
mag_max           0
files_bool        True
retrieve_bool     False
prep_bool         False
model_bool        True
new_model         False
beams_bool        False
fit_bool          True
use_psf           False
fit_min_id        0
n_jobs            1
id_choose            29460
phot_scale_order  2
fit_without_phot  False
PATH_TO_SCRIPTS   /home/rsimons/git/clear_local
PATH_TO_CATS      /user/rsimons/grizli_extractions/Catalogs
PATH_TO_HOME      /user/rsimons/grizli_extractions
HOME_PATH         /user/rsimons/grizli_extractions/GS4




####################




Changing to /user/rsimons/grizli_extractions/GS4
Changing to /user/rsimons/grizli_extractions/GS4/j033236m2748/Prep
BUSH1-bfu-b1-077.0-F125W 2
BUSH3-bfu-bl-089.0-F098M 4
BUSH3-bfu-by-089.0-F105W 2
BUSH3-bfu-b3-089.0-F125W 2
BUSH3-bfu-by-089.0-F140W 2
FIGS-GS1-coi-1m-028.0-F105W 2
FIGS-GS1-coi-1n-028.0-F105W 2
FIGS-GS1-coi-1o-028.0-F105W 2
FIGS-GS1-coi-1p-028.0-F105W 2
FIGS-GS1-coi-1i-038.0-F105W 2
FIGS-GS1-coi-1j-038.0-F105W 2
FIGS-GS1-coi-1k-038.0-F105W 2
FIGS-GS1-coi-1l-038.0-F105W 2
FIGS-GS1-coi-1e-100.0-F105W 2
FIGS-GS1-coi-1f-100.0-F105W 2
FIGS-GS1-coi-1g-100.0-F105W 2
FIGS-GS1-coi-1h-100.0-F105W 2
FIGS-GS1-coi-1q-106.0-F105W 2
FIGS-GS1-coi-1r-106.0-F105W 2
FIGS-GS1-coi-1s-106.0-F105W 2
FIGS-GS1-coi-1t-106.0-F105W 2
FIGS-GS1-coi-1a-168.0-F105W 2
FIGS-GS1-coi-1b-168.0-F105W 2
FIGS-GS1-coi-1c-168.0-F105W 2
FIGS-GS1-coi-1d-168.0-F105W 2
FIGS-GS1-coi-1m-028.0-G102 8
FIGS-GS1-coi-1n-028.0-G102 8
FIGS-GS1-coi-1o-028.0-G102 8
FIGS-GS1-coi-1p-028.0-G102 8
FIGS-GS1-coi-1i-038.0-G102 8
FIGS-GS1-coi-1j-038.0-G102 8
FIGS-GS1-coi-1k-038.0-G102 8
FIGS-GS1-coi-1l-038.0-G102 8
FIGS-GS1-coi-1e-100.0-G102 8
FIGS-GS1-coi-1f-100.0-G102 8
FIGS-GS1-coi-1g-100.0-G102 8
FIGS-GS1-coi-1h-100.0-G102 8
FIGS-GS1-coi-1q-106.0-G102 8
FIGS-GS1-coi-1r-106.0-G102 8
FIGS-GS1-coi-1s-106.0-G102 8
FIGS-GS1-coi-1t-106.0-G102 8
FIGS-GS1-coi-1a-168.0-G102 8
FIGS-GS1-coi-1b-168.0-G102 8
FIGS-GS1-coi-1c-168.0-G102 8
FIGS-GS1-coi-1d-168.0-G102 8
goodss-32-bhj-32-131.0-F140W 4
goodss-32-bhj-32-131.0-G141 4
goodss-34-bhj-34-084.0-F140W 4
goodss-34-bhj-34-084.0-G141 4
goodss-36-bhj-36-084.0-F140W 4
goodss-36-bhj-36-084.0-G141 4
goodss-37-bhj-37-084.0-F140W 4
goodss-37-bhj-37-084.0-G141 4
goodss-38-bhj-38-084.0-F140W 4
goodss-38-bhj-38-084.0-G141 4
goodss-07-bhj-07-131.0-F140W 4
goodss-07-bhj-07-131.0-G141 4
goodss-08-bhj-08-131.0-F140W 4
goodss-08-bhj-08-131.0-G141 4
GS4-cxt-26-051.0-F105W 2
GS4-cxt-27-051.0-F105W 2
GS4-cxt-24-074.0-F105W 2
GS4-cxt-25-074.0-F105W 2
GS4-cxt-28-094.0-F105W 2
GS4-cxt-29-094.0-F105W 2
GS4-cxt-26-051.0-G102 4
GS4-cxt-27-051.0-G102 4
GS4-cxt-24-074.0-G102 4
GS4-cxt-25-074.0-G102 4
GS4-cxt-28-094.0-G102 4
GS4-cxt-29-094.0-G102 4
PRIMO-bfu-pa-137.0-F125W 1
PRIMO-bfu-pb-137.0-F125W 1
PRIMO-bfu-p5-166.0-F125W 2
PRIMO-bfu-pc-184.0-F125W 4
PRIMO-bfu-p7-201.0-F125W 4
PRIMO-bfu-p1-131.0-G141 6
PRIMO-bfu-pa-137.0-G141 6
PRIMO-bfu-pb-137.0-G141 6
par-j033241-274605-bfu-np-205.0-F125W 8
/home/rsimons/miniconda2/envs/grizli/lib/python3.5/site-packages/eazy/data/templates -> ./templates
/home/rsimons/miniconda2/envs/grizli/lib/python3.5/site-packages/eazy/data/filters/FILTER.RES.latest -> ./FILTER.RES.latest
Read default param file: /home/rsimons/miniconda2/envs/grizli/lib/python3.5/site-packages/eazy/data/zphot.param.default
Read CATALOG_FILE: /user/rsimons/grizli_extractions/Catalogs/goodss_3dhst.v4.4.cats/Catalog/goodss_3dhst.v4.4.cat
f_F160W e_F160W (205): hst/wfc3/IR/f160w.dat
f_U e_U (103): ESO/vimos_u.res
f_F435W e_F435W (  1): hst/ACS_update_sep07/wfc_f435w_t77.dat
f_F606Wcand e_F606Wcand (236): hst/ACS_update_sep07/wfc_f606w_t81.dat
f_F606W e_F606W (  4): hst/ACS_update_sep07/wfc_f606w_t77.dat
f_R e_R (260): ESO/VIMOS/R.dat
f_F775W e_F775W (  5): hst/ACS_update_sep07/wfc_f775w_t77.dat
f_F814Wcand e_F814Wcand (239): hst/ACS_update_sep07/wfc_f814w_t81.dat
f_F850LP e_F850LP (  7): hst/ACS_update_sep07/wfc_f850lp_t77.dat
f_F850LPcand e_F850LPcand (240): hst/ACS_update_sep07/wfc_f850lp_t81.dat
f_F125W e_F125W (203): hst/wfc3/IR/f125w.dat
f_J e_J ( 34): ESO/isaac_j.res
f_F140W e_F140W (204): hst/wfc3/IR/f140w.dat
f_H e_H ( 36): ESO/isaac_h.res
f_Ks e_Ks ( 37): ESO/isaac_ks.res
f_IRAC1 e_IRAC1 ( 18): IRAC/irac_tr1_2004-08-09.dat
f_IRAC2 e_IRAC2 ( 19): IRAC/irac_tr2_2004-08-09.dat
f_IRAC3 e_IRAC3 ( 20): IRAC/irac_tr3_2004-08-09.dat
f_IRAC4 e_IRAC4 ( 21): IRAC/irac_tr4_2004-08-09.dat
f_U38 e_U38 (107): ESO/wfi_BB_U38_ESO841.res
f_B e_B ( 46): musyc/B_cdfs_tot.dat
f_V e_V ( 50): musyc/V_cdfs_tot.dat
f_Rc e_Rc ( 54): musyc/R_cdfs_tot.dat
f_I e_I ( 58): musyc/I_cdfs_tot.dat
f_IA427 e_IA427 (181): Subaru_MB/IA427.dat
f_IA445 e_IA445 (182): Subaru_MB/IA445.dat
f_IA505 e_IA505 (185): Subaru_MB/IA505.dat
f_IA527 e_IA527 (186): Subaru_MB/IA527.dat
f_IA550 e_IA550 (187): Subaru_MB/IA550.dat
f_IA574 e_IA574 (188): Subaru_MB/IA574.dat
f_IA598 e_IA598 (189): Subaru_MB/IA598.dat
f_IA624 e_IA624 (190): Subaru_MB/IA624.dat
f_IA651 e_IA651 (191): Subaru_MB/IA651.dat
f_IA679 e_IA679 (192): Subaru_MB/IA679.dat
f_IA738 e_IA738 (194): Subaru_MB/IA738.dat
f_IA767 e_IA767 (195): Subaru_MB/IA768.dat
f_IA797 e_IA797 (196): Subaru_MB/IA797.dat
f_IA856 e_IA856 (198): Subaru_MB/IA856.dat
f_tenisJ e_tenisJ (220): WIRCam/cfh8101_J.txt
f_tenisK e_tenisK (222): WIRCam/cfh8302_Ks.txt
f_F105W e_F105W (202): hst/wfc3/IR/f105w.dat
Read PRIOR_FILE:  templates/prior_F160W_TAO.dat
Process template tweak_fsps_QSF_12_v3_001.dat.
Process template tweak_fsps_QSF_12_v3_002.dat.
Process template tweak_fsps_QSF_12_v3_003.dat.
Process template tweak_fsps_QSF_12_v3_004.dat.
Process template tweak_fsps_QSF_12_v3_005.dat.
Process template tweak_fsps_QSF_12_v3_006.dat.
Process template tweak_fsps_QSF_12_v3_007.dat.
Process template tweak_fsps_QSF_12_v3_008.dat.
Process template tweak_fsps_QSF_12_v3_009.dat.
Process template tweak_fsps_QSF_12_v3_010.dat.
Process template tweak_fsps_QSF_12_v3_011.dat.
Process template tweak_fsps_QSF_12_v3_012.dat.
Process templates: 12.306 s
Process template fsps/fsps_QSF_12_v3_nolines_001.dat.
Process template fsps/fsps_QSF_12_v3_nolines_002.dat.
Process template fsps/fsps_QSF_12_v3_nolines_003.dat.
Process template fsps/fsps_QSF_12_v3_nolines_004.dat.
Process template fsps/fsps_QSF_12_v3_nolines_005.dat.
Process template fsps/fsps_QSF_12_v3_nolines_006.dat.
Process template fsps/fsps_QSF_12_v3_nolines_007.dat.
Process template fsps/fsps_QSF_12_v3_nolines_008.dat.
Process template fsps/fsps_QSF_12_v3_nolines_009.dat.
Process template fsps/fsps_QSF_12_v3_nolines_010.dat.
Process template fsps/fsps_QSF_12_v3_nolines_011.dat.
Process template fsps/fsps_QSF_12_v3_nolines_012.dat.
Process template line Ha+NII+SII+SIII+He+PaB.
Process template line OIII+Hb+Hg+Hd.
Process template line OII+Ne.
Process template line Gal-UV-lines.
Reading in beams.fits file for 29460
1 icoi1mjxq_flt.fits G102
2 icoi1mk0q_flt.fits G102
3 icoi1mk2q_flt.fits G102
4 icoi1mk6q_flt.fits G102
5 icoi1mkcq_flt.fits G102
6 icoi1mkfq_flt.fits G102
7 icoi1mkhq_flt.fits G102
8 icoi1mklq_flt.fits G102
9 icoi1ng2q_flt.fits G102
10 icoi1ng5q_flt.fits G102
11 icoi1ng7q_flt.fits G102
12 icoi1ngbq_flt.fits G102
13 icoi1ngpq_flt.fits G102
14 icoi1ngsq_flt.fits G102
15 icoi1nguq_flt.fits G102
16 icoi1ngyq_flt.fits G102
17 icoi1ohkq_flt.fits G102
18 icoi1ohnq_flt.fits G102
19 icoi1ohpq_flt.fits G102
20 icoi1ohtq_flt.fits G102
21 icoi1ohzq_flt.fits G102
22 icoi1oi2q_flt.fits G102
23 icoi1oi4q_flt.fits G102
24 icoi1oi8q_flt.fits G102
25 icoi1pigq_flt.fits G102
26 icoi1pijq_flt.fits G102
27 icoi1pilq_flt.fits G102
28 icoi1pipq_flt.fits G102
29 icoi1pivq_flt.fits G102
30 icoi1piyq_flt.fits G102
31 icoi1pj0q_flt.fits G102
32 icoi1pj4q_flt.fits G102
33 icoi1iruq_flt.fits G102
34 icoi1irwq_flt.fits G102
35 icoi1iryq_flt.fits G102
36 icoi1is2q_flt.fits G102
37 icoi1is8q_flt.fits G102
38 icoi1isbq_flt.fits G102
39 icoi1isdq_flt.fits G102
40 icoi1ishq_flt.fits G102
41 icoi1jg1q_flt.fits G102
42 icoi1jg3q_flt.fits G102
43 icoi1jg5q_flt.fits G102
44 icoi1jg9q_flt.fits G102
45 icoi1jgfq_flt.fits G102
46 icoi1jgiq_flt.fits G102
47 icoi1jgkq_flt.fits G102
48 icoi1jgoq_flt.fits G102
49 icoi1keuq_flt.fits G102
50 icoi1kewq_flt.fits G102
51 icoi1keyq_flt.fits G102
52 icoi1kf2q_flt.fits G102
53 icoi1kf8q_flt.fits G102
54 icoi1kfbq_flt.fits G102
55 icoi1kfdq_flt.fits G102
56 icoi1kfhq_flt.fits G102
57 icoi1lfpq_flt.fits G102
58 icoi1lfrq_flt.fits G102
59 icoi1lftq_flt.fits G102
60 icoi1lfxq_flt.fits G102
61 icoi1lg3q_flt.fits G102
62 icoi1lg6q_flt.fits G102
63 icoi1lg8q_flt.fits G102
64 icoi1lgcq_flt.fits G102
65 icoi1eqkq_flt.fits G102
66 icoi1eqmq_flt.fits G102
67 icoi1eqoq_flt.fits G102
68 icoi1eqsq_flt.fits G102
69 icoi1eqyq_flt.fits G102
70 icoi1er1q_flt.fits G102
71 icoi1er3q_flt.fits G102
72 icoi1er7q_flt.fits G102
73 icoi1fzrq_flt.fits G102
74 icoi1fztq_flt.fits G102
75 icoi1fzvq_flt.fits G102
76 icoi1fzzq_flt.fits G102
77 icoi1fa6q_flt.fits G102
78 icoi1fa9q_flt.fits G102
79 icoi1fabq_flt.fits G102
80 icoi1fafq_flt.fits G102
81 icoi1gxjq_flt.fits G102
82 icoi1gxlq_flt.fits G102
83 icoi1gxoq_flt.fits G102
84 icoi1gxsq_flt.fits G102
85 icoi1gxyq_flt.fits G102
86 icoi1gy1q_flt.fits G102
87 icoi1gy3q_flt.fits G102
88 icoi1gy7q_flt.fits G102
89 icoi1hydq_flt.fits G102
90 icoi1hyfq_flt.fits G102
91 icoi1hyhq_flt.fits G102
92 icoi1hylq_flt.fits G102
93 icoi1hyrq_flt.fits G102
94 icoi1hyuq_flt.fits G102
95 icoi1hywq_flt.fits G102
96 icoi1hz0q_flt.fits G102
97 icoi1qduq_flt.fits G102
98 icoi1qdwq_flt.fits G102
99 icoi1qdyq_flt.fits G102
100 icoi1qe2q_flt.fits G102
101 icoi1qe8q_flt.fits G102
102 icoi1qebq_flt.fits G102
103 icoi1qedq_flt.fits G102
104 icoi1qehq_flt.fits G102
105 icoi1rn3q_flt.fits G102
106 icoi1rn5q_flt.fits G102
107 icoi1rn7q_flt.fits G102
108 icoi1rnbq_flt.fits G102
109 icoi1rnhq_flt.fits G102
110 icoi1rnkq_flt.fits G102
111 icoi1rnmq_flt.fits G102
112 icoi1rnqq_flt.fits G102
113 icoi1sstq_flt.fits G102
114 icoi1ssvq_flt.fits G102
115 icoi1ssxq_flt.fits G102
116 icoi1st1q_flt.fits G102
117 icoi1st7q_flt.fits G102
118 icoi1staq_flt.fits G102
119 icoi1stcq_flt.fits G102
120 icoi1stgq_flt.fits G102
121 icoi1tkuq_flt.fits G102
122 icoi1tkwq_flt.fits G102
123 icoi1tl1q_flt.fits G102
124 icoi1tl5q_flt.fits G102
125 icoi1tlfq_flt.fits G102
126 icoi1tliq_flt.fits G102
127 icoi1tlkq_flt.fits G102
128 icoi1tloq_flt.fits G102
129 icoi1ag2q_flt.fits G102
130 icoi1ag4q_flt.fits G102
131 icoi1ag6q_flt.fits G102
132 icoi1agaq_flt.fits G102
133 icoi1aggq_flt.fits G102
134 icoi1agjq_flt.fits G102
135 icoi1aglq_flt.fits G102
136 icoi1agpq_flt.fits G102
137 icoi1bn0q_flt.fits G102
138 icoi1bn2q_flt.fits G102
139 icoi1bnbq_flt.fits G102
140 icoi1bnfq_flt.fits G102
141 icoi1bnlq_flt.fits G102
142 icoi1bnoq_flt.fits G102
143 icoi1bnqq_flt.fits G102
144 icoi1bnuq_flt.fits G102
145 icoi1co0q_flt.fits G102
146 icoi1co2q_flt.fits G102
147 icoi1co4q_flt.fits G102
148 icoi1co8q_flt.fits G102
149 icoi1coeq_flt.fits G102
150 icoi1cohq_flt.fits G102
151 icoi1cojq_flt.fits G102
152 icoi1conq_flt.fits G102
153 icoi1dqaq_flt.fits G102
154 icoi1dqcq_flt.fits G102
155 icoi1dqeq_flt.fits G102
156 icoi1dqiq_flt.fits G102
157 icoi1dqoq_flt.fits G102
158 icoi1dqrq_flt.fits G102
159 icoi1dqtq_flt.fits G102
160 icoi1dqxq_flt.fits G102
161 ibhj36huq_flt.fits G141
162 ibhj36i4q_flt.fits G141
163 ibhj36j3q_flt.fits G141
164 ibhj36jbq_flt.fits G141
creating poly_templates...
drizzle_grisms_and_PAs...
reading phot...
doing fit...
1 icoi1mjxq_flt.fits G102
2 icoi1mk0q_flt.fits G102
3 icoi1mk2q_flt.fits G102
4 icoi1mk6q_flt.fits G102
5 icoi1mkcq_flt.fits G102
6 icoi1mkfq_flt.fits G102
7 icoi1mkhq_flt.fits G102
8 icoi1mklq_flt.fits G102
9 icoi1ng2q_flt.fits G102
10 icoi1ng5q_flt.fits G102
11 icoi1ng7q_flt.fits G102
12 icoi1ngbq_flt.fits G102
13 icoi1ngpq_flt.fits G102
14 icoi1ngsq_flt.fits G102
15 icoi1nguq_flt.fits G102
16 icoi1ngyq_flt.fits G102
17 icoi1ohkq_flt.fits G102
18 icoi1ohnq_flt.fits G102
19 icoi1ohpq_flt.fits G102
20 icoi1ohtq_flt.fits G102
21 icoi1ohzq_flt.fits G102
22 icoi1oi2q_flt.fits G102
23 icoi1oi4q_flt.fits G102
24 icoi1oi8q_flt.fits G102
25 icoi1pigq_flt.fits G102
26 icoi1pijq_flt.fits G102
27 icoi1pilq_flt.fits G102
28 icoi1pipq_flt.fits G102
29 icoi1pivq_flt.fits G102
30 icoi1piyq_flt.fits G102
31 icoi1pj0q_flt.fits G102
32 icoi1pj4q_flt.fits G102
33 icoi1iruq_flt.fits G102
34 icoi1irwq_flt.fits G102
35 icoi1iryq_flt.fits G102
36 icoi1is2q_flt.fits G102
37 icoi1is8q_flt.fits G102
38 icoi1isbq_flt.fits G102
39 icoi1isdq_flt.fits G102
40 icoi1ishq_flt.fits G102
41 icoi1jg1q_flt.fits G102
42 icoi1jg3q_flt.fits G102
43 icoi1jg5q_flt.fits G102
44 icoi1jg9q_flt.fits G102
45 icoi1jgfq_flt.fits G102
46 icoi1jgiq_flt.fits G102
47 icoi1jgkq_flt.fits G102
48 icoi1jgoq_flt.fits G102
49 icoi1keuq_flt.fits G102
50 icoi1kewq_flt.fits G102
51 icoi1keyq_flt.fits G102
52 icoi1kf2q_flt.fits G102
53 icoi1kf8q_flt.fits G102
54 icoi1kfbq_flt.fits G102
55 icoi1kfdq_flt.fits G102
56 icoi1kfhq_flt.fits G102
57 icoi1lfpq_flt.fits G102
58 icoi1lfrq_flt.fits G102
59 icoi1lftq_flt.fits G102
60 icoi1lfxq_flt.fits G102
61 icoi1lg3q_flt.fits G102
62 icoi1lg6q_flt.fits G102
63 icoi1lg8q_flt.fits G102
64 icoi1lgcq_flt.fits G102
65 icoi1eqkq_flt.fits G102
66 icoi1eqmq_flt.fits G102
67 icoi1eqoq_flt.fits G102
68 icoi1eqsq_flt.fits G102
69 icoi1eqyq_flt.fits G102
70 icoi1er1q_flt.fits G102
71 icoi1er3q_flt.fits G102
72 icoi1er7q_flt.fits G102
73 icoi1fzrq_flt.fits G102
74 icoi1fztq_flt.fits G102
75 icoi1fzvq_flt.fits G102
76 icoi1fzzq_flt.fits G102
77 icoi1fa6q_flt.fits G102
78 icoi1fa9q_flt.fits G102
79 icoi1fabq_flt.fits G102
80 icoi1fafq_flt.fits G102
81 icoi1gxjq_flt.fits G102
82 icoi1gxlq_flt.fits G102
83 icoi1gxoq_flt.fits G102
84 icoi1gxsq_flt.fits G102
85 icoi1gxyq_flt.fits G102
86 icoi1gy1q_flt.fits G102
87 icoi1gy3q_flt.fits G102
88 icoi1gy7q_flt.fits G102
89 icoi1hydq_flt.fits G102
90 icoi1hyfq_flt.fits G102
91 icoi1hyhq_flt.fits G102
92 icoi1hylq_flt.fits G102
93 icoi1hyrq_flt.fits G102
94 icoi1hyuq_flt.fits G102
95 icoi1hywq_flt.fits G102
96 icoi1hz0q_flt.fits G102
97 icoi1qduq_flt.fits G102
98 icoi1qdwq_flt.fits G102
99 icoi1qdyq_flt.fits G102
100 icoi1qe2q_flt.fits G102
101 icoi1qe8q_flt.fits G102
102 icoi1qebq_flt.fits G102
103 icoi1qedq_flt.fits G102
104 icoi1qehq_flt.fits G102
105 icoi1rn3q_flt.fits G102
106 icoi1rn5q_flt.fits G102
107 icoi1rn7q_flt.fits G102
108 icoi1rnbq_flt.fits G102
109 icoi1rnhq_flt.fits G102
110 icoi1rnkq_flt.fits G102
111 icoi1rnmq_flt.fits G102
112 icoi1rnqq_flt.fits G102
113 icoi1sstq_flt.fits G102
114 icoi1ssvq_flt.fits G102
115 icoi1ssxq_flt.fits G102
116 icoi1st1q_flt.fits G102
117 icoi1st7q_flt.fits G102
118 icoi1staq_flt.fits G102
119 icoi1stcq_flt.fits G102
120 icoi1stgq_flt.fits G102
121 icoi1tkuq_flt.fits G102
122 icoi1tkwq_flt.fits G102
123 icoi1tl1q_flt.fits G102
124 icoi1tl5q_flt.fits G102
125 icoi1tlfq_flt.fits G102
126 icoi1tliq_flt.fits G102
127 icoi1tlkq_flt.fits G102
128 icoi1tloq_flt.fits G102
129 icoi1ag2q_flt.fits G102
130 icoi1ag4q_flt.fits G102
131 icoi1ag6q_flt.fits G102
132 icoi1agaq_flt.fits G102
133 icoi1aggq_flt.fits G102
134 icoi1agjq_flt.fits G102
135 icoi1aglq_flt.fits G102
136 icoi1agpq_flt.fits G102
137 icoi1bn0q_flt.fits G102
138 icoi1bn2q_flt.fits G102
139 icoi1bnbq_flt.fits G102
140 icoi1bnfq_flt.fits G102
141 icoi1bnlq_flt.fits G102
142 icoi1bnoq_flt.fits G102
143 icoi1bnqq_flt.fits G102
144 icoi1bnuq_flt.fits G102
145 icoi1co0q_flt.fits G102
146 icoi1co2q_flt.fits G102
147 icoi1co4q_flt.fits G102
148 icoi1co8q_flt.fits G102
149 icoi1coeq_flt.fits G102
150 icoi1cohq_flt.fits G102
151 icoi1cojq_flt.fits G102
152 icoi1conq_flt.fits G102
153 icoi1dqaq_flt.fits G102
154 icoi1dqcq_flt.fits G102
155 icoi1dqeq_flt.fits G102
156 icoi1dqiq_flt.fits G102
157 icoi1dqoq_flt.fits G102
158 icoi1dqrq_flt.fits G102
159 icoi1dqtq_flt.fits G102
160 icoi1dqxq_flt.fits G102
161 ibhj36huq_flt.fits G141
162 ibhj36i4q_flt.fits G141
163 ibhj36j3q_flt.fits G141
164 ibhj36jbq_flt.fits G141
scale_to_photometry: [5.61, 8.80]
User templates! N=16 

[1A[1M  0.0000  139670.1 (0.0000) 1/642
[1A[1M  0.0040  139767.2 (0.0000) 2/642
[1A[1M  0.0080  139807.9 (0.0000) 3/642
[1A[1M  0.0121  137245.5 (0.0121) 4/642
[1A[1M  0.0161  137247.7 (0.0121) 5/642
[1A[1M  0.0202  137250.8 (0.0121) 6/642
[1A[1M  0.0243  137254.6 (0.0121) 7/642
[1A[1M  0.0284  137257.6 (0.0121) 8/642
[1A[1M  0.0325  137260.4 (0.0121) 9/642
[1A[1M  0.0367  137263.0 (0.0121) 10/642
[1A[1M  0.0408  137265.1 (0.0121) 11/642
[1A[1M  0.0450  137267.1 (0.0121) 12/642
[1A[1M  0.0492  137269.1 (0.0121) 13/642
[1A[1M  0.0534  137271.4 (0.0121) 14/642
[1A[1M  0.0576  137273.6 (0.0121) 15/642
[1A[1M  0.0618  137275.2 (0.0121) 16/642
[1A[1M  0.0661  137276.3 (0.0121) 17/642
[1A[1M  0.0704  137277.7 (0.0121) 18/642
[1A[1M  0.0747  137278.9 (0.0121) 19/642
[1A[1M  0.0790  137279.3 (0.0121) 20/642
[1A[1M  0.0833  137279.6 (0.0121) 21/642
[1A[1M  0.0876  137280.3 (0.0121) 22/642
[1A[1M  0.0920  137281.3 (0.0121) 23/642
[1A[1M  0.0964  137283.2 (0.0121) 24/642
[1A[1M  0.1008  137284.4 (0.0121) 25/642
[1A[1M  0.1052  137284.5 (0.0121) 26/642
[1A[1M  0.1096  137285.6 (0.0121) 27/642
[1A[1M  0.1140  137286.7 (0.0121) 28/642
[1A[1M  0.1185  137287.6 (0.0121) 29/642
[1A[1M  0.1230  137288.1 (0.0121) 30/642
[1A[1M  0.1275  137288.3 (0.0121) 31/642
[1A[1M  0.1320  137288.5 (0.0121) 32/642
[1A[1M  0.1366  137289.3 (0.0121) 33/642
[1A[1M  0.1411  137289.7 (0.0121) 34/642
[1A[1M  0.1457  137289.3 (0.0121) 35/642
[1A[1M  0.1503  137289.3 (0.0121) 36/642
[1A[1M  0.1549  137289.7 (0.0121) 37/642
[1A[1M  0.1595  137290.4 (0.0121) 38/642
[1A[1M  0.1642  137291.1 (0.0121) 39/642
[1A[1M  0.1688  137291.0 (0.0121) 40/642
[1A[1M  0.1735  137290.3 (0.0121) 41/642
[1A[1M  0.1782  137290.2 (0.0121) 42/642
[1A[1M  0.1829  137290.6 (0.0121) 43/642
[1A[1M  0.1877  137290.5 (0.0121) 44/642
[1A[1M  0.1924  137290.5 (0.0121) 45/642
[1A[1M  0.1972  137291.6 (0.0121) 46/642
[1A[1M  0.2020  137292.8 (0.0121) 47/642
[1A[1M  0.2068  137293.7 (0.0121) 48/642
[1A[1M  0.2117  137294.8 (0.0121) 49/642
[1A[1M  0.2165  137294.9 (0.0121) 50/642
[1A[1M  0.2214  137295.5 (0.0121) 51/642
[1A[1M  0.2263  137296.8 (0.0121) 52/642
[1A[1M  0.2312  137298.0 (0.0121) 53/642
[1A[1M  0.2361  137297.4 (0.0121) 54/642
[1A[1M  0.2411  137297.4 (0.0121) 55/642
[1A[1M  0.2461  137296.8 (0.0121) 56/642
[1A[1M  0.2511  137296.4 (0.0121) 57/642
[1A[1M  0.2561  137295.7 (0.0121) 58/642
[1A[1M  0.2611  137295.5 (0.0121) 59/642
[1A[1M  0.2662  137295.4 (0.0121) 60/642
[1A[1M  0.2712  137296.2 (0.0121) 61/642
[1A[1M  0.2763  137298.2 (0.0121) 62/642
[1A[1M  0.2815  137300.2 (0.0121) 63/642
[1A[1M  0.2866  137301.9 (0.0121) 64/642
[1A[1M  0.2918  137303.7 (0.0121) 65/642
[1A[1M  0.2969  137305.0 (0.0121) 66/642
[1A[1M  0.3021  137305.9 (0.0121) 67/642
[1A[1M  0.3073  137306.8 (0.0121) 68/642
[1A[1M  0.3126  137307.6 (0.0121) 69/642
[1A[1M  0.3178  137308.2 (0.0121) 70/642
[1A[1M  0.3231  137309.5 (0.0121) 71/642
[1A[1M  0.3284  137310.9 (0.0121) 72/642
[1A[1M  0.3338  137312.1 (0.0121) 73/642
[1A[1M  0.3391  137313.0 (0.0121) 74/642
[1A[1M  0.3445  137313.5 (0.0121) 75/642
[1A[1M  0.3499  137313.0 (0.0121) 76/642
[1A[1M  0.3553  137313.0 (0.0121) 77/642
[1A[1M  0.3607  137313.3 (0.0121) 78/642
[1A[1M  0.3662  137314.4 (0.0121) 79/642
[1A[1M  0.3716  137315.1 (0.0121) 80/642
[1A[1M  0.3771  137316.4 (0.0121) 81/642
[1A[1M  0.3826  137318.0 (0.0121) 82/642
[1A[1M  0.3882  137318.3 (0.0121) 83/642
[1A[1M  0.3938  137318.1 (0.0121) 84/642
[1A[1M  0.3993  137317.6 (0.0121) 85/642
[1A[1M  0.4049  137312.3 (0.0121) 86/642
[1A[1M  0.4106  137310.7 (0.0121) 87/642
[1A[1M  0.4162  137308.9 (0.0121) 88/642
[1A[1M  0.4219  137312.3 (0.0121) 89/642
[1A[1M  0.4276  137319.1 (0.0121) 90/642
[1A[1M  0.4333  137321.5 (0.0121) 91/642
[1A[1M  0.4391  137312.2 (0.0121) 92/642
[1A[1M  0.4448  137261.2 (0.0121) 93/642
[1A[1M  0.4506  137198.0 (0.4506) 94/642
[1A[1M  0.4564  137239.9 (0.4506) 95/642
[1A[1M  0.4623  137284.2 (0.4506) 96/642
[1A[1M  0.4681  137298.6 (0.4506) 97/642
[1A[1M  0.4740  137309.4 (0.4506) 98/642
[1A[1M  0.4799  137315.0 (0.4506) 99/642
[1A[1M  0.4859  137321.0 (0.4506) 100/642
[1A[1M  0.4918  137324.6 (0.4506) 101/642
[1A[1M  0.4978  137322.6 (0.4506) 102/642
[1A[1M  0.5038  137306.7 (0.4506) 103/642
[1A[1M  0.5098  137301.8 (0.4506) 104/642
[1A[1M  0.5159  137312.8 (0.4506) 105/642
[1A[1M  0.5220  137325.0 (0.4506) 106/642
[1A[1M  0.5281  137329.1 (0.4506) 107/642
[1A[1M  0.5342  137328.4 (0.4506) 108/642
[1A[1M  0.5403  137326.4 (0.4506) 109/642
[1A[1M  0.5465  137326.1 (0.4506) 110/642
[1A[1M  0.5527  137327.2 (0.4506) 111/642
[1A[1M  0.5589  137326.0 (0.4506) 112/642
[1A[1M  0.5652  137324.8 (0.4506) 113/642
[1A[1M  0.5715  137323.4 (0.4506) 114/642
[1A[1M  0.5778  137322.0 (0.4506) 115/642
[1A[1M  0.5841  137323.8 (0.4506) 116/642
[1A[1M  0.5904  137325.7 (0.4506) 117/642
[1A[1M  0.5968  137323.4 (0.4506) 118/642
[1A[1M  0.6032  137326.3 (0.4506) 119/642
[1A[1M  0.6096  137327.4 (0.4506) 120/642
[1A[1M  0.6161  137329.1 (0.4506) 121/642
[1A[1M  0.6226  137329.3 (0.4506) 122/642
[1A[1M  0.6291  137329.0 (0.4506) 123/642
[1A[1M  0.6356  137329.2 (0.4506) 124/642
[1A[1M  0.6421  137330.2 (0.4506) 125/642
[1A[1M  0.6487  137331.0 (0.4506) 126/642
[1A[1M  0.6553  137331.3 (0.4506) 127/642
[1A[1M  0.6620  137330.6 (0.4506) 128/642
[1A[1M  0.6686  137329.6 (0.4506) 129/642
[1A[1M  0.6753  137329.7 (0.4506) 130/642
[1A[1M  0.6820  137330.5 (0.4506) 131/642
[1A[1M  0.6888  137324.7 (0.4506) 132/642
[1A[1M  0.6955  137324.5 (0.4506) 133/642
[1A[1M  0.7023  137328.8 (0.4506) 134/642
[1A[1M  0.7092  137332.2 (0.4506) 135/642
[1A[1M  0.7160  137333.5 (0.4506) 136/642
[1A[1M  0.7229  137336.1 (0.4506) 137/642
[1A[1M  0.7298  137338.8 (0.4506) 138/642
[1A[1M  0.7367  137340.8 (0.4506) 139/642
[1A[1M  0.7437  137344.5 (0.4506) 140/642
[1A[1M  0.7507  137348.5 (0.4506) 141/642
[1A[1M  0.7577  137342.5 (0.4506) 142/642
[1A[1M  0.7647  137333.3 (0.4506) 143/642
[1A[1M  0.7718  137338.5 (0.4506) 144/642
[1A[1M  0.7789  137345.9 (0.4506) 145/642
[1A[1M  0.7860  137344.4 (0.4506) 146/642
[1A[1M  0.7932  137338.4 (0.4506) 147/642
[1A[1M  0.8004  137334.0 (0.4506) 148/642
[1A[1M  0.8076  137332.2 (0.4506) 149/642
[1A[1M  0.8148  137328.9 (0.4506) 150/642
[1A[1M  0.8221  137321.2 (0.4506) 151/642
[1A[1M  0.8294  137315.6 (0.4506) 152/642
[1A[1M  0.8368  137321.8 (0.4506) 153/642
[1A[1M  0.8441  137319.4 (0.4506) 154/642
[1A[1M  0.8515  137310.8 (0.4506) 155/642
[1A[1M  0.8589  137302.5 (0.4506) 156/642
[1A[1M  0.8664  137298.2 (0.4506) 157/642
[1A[1M  0.8739  137287.9 (0.4506) 158/642
[1A[1M  0.8814  137271.9 (0.4506) 159/642
[1A[1M  0.8889  137263.0 (0.4506) 160/642
[1A[1M  0.8965  137244.3 (0.4506) 161/642
[1A[1M  0.9041  137229.7 (0.4506) 162/642
[1A[1M  0.9117  137252.6 (0.4506) 163/642
[1A[1M  0.9194  137220.4 (0.4506) 164/642
[1A[1M  0.9271  137162.6 (0.9271) 165/642
[1A[1M  0.9348  137102.4 (0.9348) 166/642
[1A[1M  0.9425  137028.5 (0.9425) 167/642
[1A[1M  0.9503  137048.5 (0.9425) 168/642
[1A[1M  0.9581  137188.6 (0.9425) 169/642
[1A[1M  0.9660  137270.5 (0.9425) 170/642
[1A[1M  0.9739  137283.3 (0.9425) 171/642
[1A[1M  0.9818  137289.1 (0.9425) 172/642
[1A[1M  0.9897  137290.8 (0.9425) 173/642
[1A[1M  0.9977  137291.7 (0.9425) 174/642
[1A[1M  1.0057  137286.9 (0.9425) 175/642
[1A[1M  1.0138  137295.0 (0.9425) 176/642
[1A[1M  1.0218  137302.3 (0.9425) 177/642
[1A[1M  1.0299  137307.3 (0.9425) 178/642
[1A[1M  1.0381  137306.4 (0.9425) 179/642
[1A[1M  1.0462  137301.2 (0.9425) 180/642
[1A[1M  1.0544  137295.9 (0.9425) 181/642
[1A[1M  1.0627  137295.5 (0.9425) 182/642
[1A[1M  1.0709  137296.0 (0.9425) 183/642
[1A[1M  1.0792  137295.9 (0.9425) 184/642
[1A[1M  1.0876  137294.1 (0.9425) 185/642
[1A[1M  1.0959  137289.0 (0.9425) 186/642
[1A[1M  1.1043  137286.7 (0.9425) 187/642
[1A[1M  1.1128  137282.4 (0.9425) 188/642
[1A[1M  1.1212  137279.5 (0.9425) 189/642
[1A[1M  1.1297  137275.7 (0.9425) 190/642
[1A[1M  1.1383  137274.2 (0.9425) 191/642
[1A[1M  1.1468  137270.6 (0.9425) 192/642
[1A[1M  1.1555  137260.4 (0.9425) 193/642
[1A[1M  1.1641  137246.8 (0.9425) 194/642
[1A[1M  1.1728  137242.3 (0.9425) 195/642
[1A[1M  1.1815  137243.6 (0.9425) 196/642
[1A[1M  1.1902  137245.5 (0.9425) 197/642
[1A[1M  1.1990  137244.4 (0.9425) 198/642
[1A[1M  1.2078  137283.5 (0.9425) 199/642
[1A[1M  1.2167  137279.3 (0.9425) 200/642
[1A[1M  1.2255  137273.0 (0.9425) 201/642
[1A[1M  1.2345  137269.0 (0.9425) 202/642
[1A[1M  1.2434  137267.6 (0.9425) 203/642
[1A[1M  1.2524  137265.5 (0.9425) 204/642
[1A[1M  1.2614  137262.8 (0.9425) 205/642
[1A[1M  1.2705  137263.3 (0.9425) 206/642
[1A[1M  1.2796  137264.2 (0.9425) 207/642
[1A[1M  1.2887  137260.1 (0.9425) 208/642
[1A[1M  1.2979  137255.7 (0.9425) 209/642
[1A[1M  1.3071  137250.8 (0.9425) 210/642
[1A[1M  1.3164  137252.6 (0.9425) 211/642
[1A[1M  1.3257  137254.6 (0.9425) 212/642
[1A[1M  1.3350  137251.1 (0.9425) 213/642
[1A[1M  1.3443  137247.9 (0.9425) 214/642
[1A[1M  1.3537  137245.5 (0.9425) 215/642
[1A[1M  1.3632  137245.4 (0.9425) 216/642
[1A[1M  1.3726  137247.8 (0.9425) 217/642
[1A[1M  1.3821  137252.6 (0.9425) 218/642
[1A[1M  1.3917  137260.4 (0.9425) 219/642
[1A[1M  1.4013  137263.5 (0.9425) 220/642
[1A[1M  1.4109  137255.8 (0.9425) 221/642
[1A[1M  1.4206  137245.1 (0.9425) 222/642
[1A[1M  1.4303  137243.7 (0.9425) 223/642
[1A[1M  1.4400  137242.8 (0.9425) 224/642
[1A[1M  1.4498  137242.5 (0.9425) 225/642
[1A[1M  1.4596  137233.2 (0.9425) 226/642
[1A[1M  1.4695  137221.4 (0.9425) 227/642
[1A[1M  1.4794  137235.9 (0.9425) 228/642
[1A[1M  1.4893  137254.1 (0.9425) 229/642
[1A[1M  1.4993  137258.8 (0.9425) 230/642
[1A[1M  1.5093  137256.1 (0.9425) 231/642
[1A[1M  1.5193  137232.5 (0.9425) 232/642
[1A[1M  1.5294  137190.0 (0.9425) 233/642
[1A[1M  1.5396  137101.5 (0.9425) 234/642
[1A[1M  1.5498  136923.3 (1.5498) 235/642
[1A[1M  1.5600  136940.6 (1.5498) 236/642
[1A[1M  1.5702  137140.1 (1.5498) 237/642
[1A[1M  1.5805  137227.4 (1.5498) 238/642
[1A[1M  1.5909  137275.2 (1.5498) 239/642
[1A[1M  1.6013  137294.0 (1.5498) 240/642
[1A[1M  1.6117  137292.8 (1.5498) 241/642
[1A[1M  1.6222  137291.8 (1.5498) 242/642
[1A[1M  1.6327  137294.5 (1.5498) 243/642
[1A[1M  1.6432  137301.5 (1.5498) 244/642
[1A[1M  1.6538  137293.3 (1.5498) 245/642
[1A[1M  1.6645  137301.5 (1.5498) 246/642
[1A[1M  1.6751  137314.4 (1.5498) 247/642
[1A[1M  1.6859  137322.2 (1.5498) 248/642
[1A[1M  1.6966  137327.0 (1.5498) 249/642
[1A[1M  1.7074  137327.5 (1.5498) 250/642
[1A[1M  1.7183  137322.3 (1.5498) 251/642
[1A[1M  1.7292  137323.1 (1.5498) 252/642
[1A[1M  1.7401  137318.4 (1.5498) 253/642
[1A[1M  1.7511  137312.2 (1.5498) 254/642
[1A[1M  1.7621  137314.4 (1.5498) 255/642
[1A[1M  1.7732  137315.0 (1.5498) 256/642
[1A[1M  1.7843  137317.8 (1.5498) 257/642
[1A[1M  1.7955  137326.2 (1.5498) 258/642
[1A[1M  1.8067  137325.2 (1.5498) 259/642
[1A[1M  1.8179  137321.1 (1.5498) 260/642
[1A[1M  1.8292  137318.4 (1.5498) 261/642
[1A[1M  1.8406  137315.4 (1.5498) 262/642
[1A[1M  1.8519  137318.1 (1.5498) 263/642
[1A[1M  1.8634  137317.6 (1.5498) 264/642
[1A[1M  1.8748  137315.2 (1.5498) 265/642
[1A[1M  1.8864  137311.9 (1.5498) 266/642
[1A[1M  1.8979  137312.9 (1.5498) 267/642
[1A[1M  1.9096  137318.4 (1.5498) 268/642
[1A[1M  1.9212  137322.4 (1.5498) 269/642
[1A[1M  1.9329  137320.0 (1.5498) 270/642
[1A[1M  1.9447  137322.0 (1.5498) 271/642
[1A[1M  1.9565  137325.5 (1.5498) 272/642
[1A[1M  1.9683  137322.5 (1.5498) 273/642
[1A[1M  1.9802  137315.2 (1.5498) 274/642
[1A[1M  1.9922  137318.8 (1.5498) 275/642
[1A[1M  2.0042  137328.4 (1.5498) 276/642
[1A[1M  2.0162  137330.9 (1.5498) 277/642
[1A[1M  2.0283  137331.8 (1.5498) 278/642
[1A[1M  2.0404  137333.4 (1.5498) 279/642
[1A[1M  2.0526  137334.6 (1.5498) 280/642
[1A[1M  2.0649  137341.3 (1.5498) 281/642
[1A[1M  2.0771  137346.6 (1.5498) 282/642
[1A[1M  2.0895  137330.0 (1.5498) 283/642
[1A[1M  2.1019  137299.0 (1.5498) 284/642
[1A[1M  2.1143  137300.2 (1.5498) 285/642
[1A[1M  2.1268  137315.8 (1.5498) 286/642
[1A[1M  2.1393  137316.4 (1.5498) 287/642
[1A[1M  2.1519  137305.3 (1.5498) 288/642
[1A[1M  2.1645  137299.5 (1.5498) 289/642
[1A[1M  2.1772  137305.5 (1.5498) 290/642
[1A[1M  2.1899  137310.5 (1.5498) 291/642
[1A[1M  2.2027  137316.8 (1.5498) 292/642
[1A[1M  2.2156  137351.8 (1.5498) 293/642
[1A[1M  2.2284  137381.0 (1.5498) 294/642
[1A[1M  2.2414  137390.3 (1.5498) 295/642
[1A[1M  2.2544  137401.9 (1.5498) 296/642
[1A[1M  2.2674  137383.6 (1.5498) 297/642
[1A[1M  2.2805  137371.7 (1.5498) 298/642
[1A[1M  2.2937  137358.7 (1.5498) 299/642
[1A[1M  2.3069  137351.0 (1.5498) 300/642
[1A[1M  2.3201  137368.7 (1.5498) 301/642
[1A[1M  2.3334  137406.4 (1.5498) 302/642
[1A[1M  2.3468  137435.5 (1.5498) 303/642
[1A[1M  2.3602  137441.9 (1.5498) 304/642
[1A[1M  2.3737  137415.4 (1.5498) 305/642
[1A[1M  2.3872  137333.0 (1.5498) 306/642
[1A[1M  2.4008  137228.9 (1.5498) 307/642
[1A[1M  2.4144  137168.3 (1.5498) 308/642
[1A[1M  2.4281  137147.8 (1.5498) 309/642
[1A[1M  2.4418  137289.2 (1.5498) 310/642
[1A[1M  2.4556  137434.1 (1.5498) 311/642
[1A[1M  2.4695  137479.7 (1.5498) 312/642
[1A[1M  2.4834  137494.1 (1.5498) 313/642
[1A[1M  2.4973  137501.8 (1.5498) 314/642
[1A[1M  2.5113  137505.7 (1.5498) 315/642
[1A[1M  2.5254  137518.3 (1.5498) 316/642
[1A[1M  2.5396  137524.1 (1.5498) 317/642
[1A[1M  2.5537  137539.9 (1.5498) 318/642
[1A[1M  2.5680  137554.4 (1.5498) 319/642
[1A[1M  2.5823  137564.4 (1.5498) 320/642
[1A[1M  2.5966  137568.1 (1.5498) 321/642
[1A[1M  2.6111  137571.3 (1.5498) 322/642
[1A[1M  2.6255  137582.2 (1.5498) 323/642
[1A[1M  2.6401  137595.5 (1.5498) 324/642
[1A[1M  2.6546  137603.4 (1.5498) 325/642
[1A[1M  2.6693  137609.7 (1.5498) 326/642
[1A[1M  2.6840  137607.2 (1.5498) 327/642
[1A[1M  2.6988  137608.1 (1.5498) 328/642
[1A[1M  2.7136  137612.9 (1.5498) 329/642
[1A[1M  2.7285  137616.5 (1.5498) 330/642
[1A[1M  2.7434  137620.9 (1.5498) 331/642
[1A[1M  2.7584  137627.4 (1.5498) 332/642
[1A[1M  2.7735  137630.5 (1.5498) 333/642
[1A[1M  2.7886  137630.2 (1.5498) 334/642
[1A[1M  2.8038  137614.5 (1.5498) 335/642
[1A[1M  2.8190  137610.0 (1.5498) 336/642
[1A[1M  2.8344  137610.7 (1.5498) 337/642
[1A[1M  2.8497  137612.1 (1.5498) 338/642
[1A[1M  2.8651  137675.6 (1.5498) 339/642
[1A[1M  2.8806  137681.1 (1.5498) 340/642
[1A[1M  2.8962  137686.9 (1.5498) 341/642
[1A[1M  2.9118  137693.1 (1.5498) 342/642
[1A[1M  2.9275  137699.6 (1.5498) 343/642
[1A[1M  2.9432  137706.5 (1.5498) 344/642
[1A[1M  2.9590  137710.5 (1.5498) 345/642
[1A[1M  2.9749  137717.0 (1.5498) 346/642
[1A[1M  2.9908  137725.4 (1.5498) 347/642
[1A[1M  3.0068  137732.0 (1.5498) 348/642
[1A[1M  3.0229  137736.3 (1.5498) 349/642
[1A[1M  3.0390  137741.2 (1.5498) 350/642
[1A[1M  3.0552  137747.0 (1.5498) 351/642
[1A[1M  3.0715  137753.1 (1.5498) 352/642
[1A[1M  3.0878  137759.0 (1.5498) 353/642
[1A[1M  3.1042  137764.2 (1.5498) 354/642
[1A[1M  3.1206  137768.9 (1.5498) 355/642
[1A[1M  3.1371  137774.7 (1.5498) 356/642
[1A[1M  3.1537  137780.6 (1.5498) 357/642
[1A[1M  3.1704  137785.9 (1.5498) 358/642
[1A[1M  3.1871  137791.2 (1.5498) 359/642
[1A[1M  3.2038  137796.3 (1.5498) 360/642
[1A[1M  3.2207  137799.9 (1.5498) 361/642
[1A[1M  3.2376  137804.7 (1.5498) 362/642
[1A[1M  3.2546  137809.5 (1.5498) 363/642
[1A[1M  3.2716  137813.7 (1.5498) 364/642
[1A[1M  3.2888  137817.9 (1.5498) 365/642
[1A[1M  3.3060  137823.1 (1.5498) 366/642
[1A[1M  3.3232  137830.1 (1.5498) 367/642
[1A[1M  3.3405  137838.3 (1.5498) 368/642
[1A[1M  3.3579  137846.3 (1.5498) 369/642
[1A[1M  3.3754  137852.2 (1.5498) 370/642
[1A[1M  3.3929  137857.8 (1.5498) 371/642
[1A[1M  3.4106  137863.1 (1.5498) 372/642
[1A[1M  3.4282  137866.5 (1.5498) 373/642
[1A[1M  3.4460  137869.1 (1.5498) 374/642
[1A[1M  3.4638  137871.9 (1.5498) 375/642
[1A[1M  3.4817  137875.4 (1.5498) 376/642
[1A[1M  3.4997  137879.4 (1.5498) 377/642
[1A[1M  3.5177  137881.2 (1.5498) 378/642
[1A[1M  3.5358  137880.4 (1.5498) 379/642
[1A[1M  3.5540  137877.7 (1.5498) 380/642
[1A[1M  3.5722  137876.6 (1.5498) 381/642
[1A[1M  3.5906  137891.2 (1.5498) 382/642
[1A[1M  3.6089  137904.1 (1.5498) 383/642
[1A[1M  3.6274  137910.4 (1.5498) 384/642
[1A[1M  3.6460  137913.0 (1.5498) 385/642
[1A[1M  3.6646  137914.2 (1.5498) 386/642
[1A[1M  3.6833  137915.3 (1.5498) 387/642
[1A[1M  3.7021  137917.5 (1.5498) 388/642
[1A[1M  3.7209  137920.7 (1.5498) 389/642
[1A[1M  3.7398  137923.3 (1.5498) 390/642
[1A[1M  3.7588  137925.5 (1.5498) 391/642
[1A[1M  3.7779  137927.9 (1.5498) 392/642
[1A[1M  3.7970  137929.8 (1.5498) 393/642
[1A[1M  3.8163  137931.6 (1.5498) 394/642
[1A[1M  3.8356  137934.4 (1.5498) 395/642
[1A[1M  3.8550  137939.2 (1.5498) 396/642
[1A[1M  3.8744  137944.9 (1.5498) 397/642
[1A[1M  3.8940  137950.5 (1.5498) 398/642
[1A[1M  3.9136  137957.1 (1.5498) 399/642
[1A[1M  3.9333  137964.7 (1.5498) 400/642
[1A[1M  3.9530  137972.0 (1.5498) 401/642
[1A[1M  3.9729  137976.6 (1.5498) 402/642
[1A[1M  3.9928  139799.1 (1.5498) 403/642
[1A[1M  4.0128  139815.6 (1.5498) 404/642
[1A[1M  4.0329  139827.4 (1.5498) 405/642
[1A[1M  4.0531  139829.7 (1.5498) 406/642
[1A[1M  4.0733  139828.3 (1.5498) 407/642
[1A[1M  4.0937  139827.4 (1.5498) 408/642
[1A[1M  4.1141  139827.8 (1.5498) 409/642
[1A[1M  4.1346  139826.8 (1.5498) 410/642
[1A[1M  4.1552  139826.1 (1.5498) 411/642
[1A[1M  4.1758  139816.6 (1.5498) 412/642
[1A[1M  4.1966  139811.3 (1.5498) 413/642
[1A[1M  4.2174  139816.9 (1.5498) 414/642
[1A[1M  4.2383  139822.8 (1.5498) 415/642
[1A[1M  4.2593  139823.8 (1.5498) 416/642
[1A[1M  4.2804  139822.2 (1.5498) 417/642
[1A[1M  4.3016  139820.4 (1.5498) 418/642
[1A[1M  4.3228  139819.7 (1.5498) 419/642
[1A[1M  4.3441  139820.3 (1.5498) 420/642
[1A[1M  4.3656  139821.0 (1.5498) 421/642
[1A[1M  4.3871  139819.4 (1.5498) 422/642
[1A[1M  4.4087  139818.0 (1.5498) 423/642
[1A[1M  4.4303  139819.0 (1.5498) 424/642
[1A[1M  4.4521  139819.5 (1.5498) 425/642
[1A[1M  4.4739  139817.3 (1.5498) 426/642
[1A[1M  4.4959  139816.1 (1.5498) 427/642
[1A[1M  4.5179  139819.4 (1.5498) 428/642
[1A[1M  4.5400  139823.5 (1.5498) 429/642
[1A[1M  4.5622  139827.0 (1.5498) 430/642
[1A[1M  4.5845  139826.4 (1.5498) 431/642
[1A[1M  4.6069  139822.0 (1.5498) 432/642
[1A[1M  4.6294  139818.2 (1.5498) 433/642
[1A[1M  4.6519  139817.9 (1.5498) 434/642
[1A[1M  4.6746  139820.4 (1.5498) 435/642
[1A[1M  4.6973  139821.7 (1.5498) 436/642
[1A[1M  4.7202  139821.6 (1.5498) 437/642
[1A[1M  4.7431  139821.9 (1.5498) 438/642
[1A[1M  4.7661  139822.6 (1.5498) 439/642
[1A[1M  4.7892  139812.4 (1.5498) 440/642
[1A[1M  4.8124  139786.6 (1.5498) 441/642
[1A[1M  4.8357  139801.3 (1.5498) 442/642
[1A[1M  4.8591  139816.4 (1.5498) 443/642
[1A[1M  4.8826  139822.6 (1.5498) 444/642
[1A[1M  4.9062  139823.6 (1.5498) 445/642
[1A[1M  4.9299  139823.8 (1.5498) 446/642
[1A[1M  4.9536  139825.1 (1.5498) 447/642
[1A[1M  4.9775  139828.3 (1.5498) 448/642
[1A[1M  5.0014  139831.4 (1.5498) 449/642
[1A[1M  5.0255  139829.3 (1.5498) 450/642
[1A[1M  5.0496  139829.7 (1.5498) 451/642
[1A[1M  5.0739  139831.5 (1.5498) 452/642
[1A[1M  5.0982  139829.2 (1.5498) 453/642
[1A[1M  5.1227  139808.2 (1.5498) 454/642
[1A[1M  5.1472  139754.3 (1.5498) 455/642
[1A[1M  5.1719  139777.3 (1.5498) 456/642
[1A[1M  5.1966  139820.7 (1.5498) 457/642
[1A[1M  5.2214  139832.9 (1.5498) 458/642
[1A[1M  5.2464  139834.7 (1.5498) 459/642
[1A[1M  5.2714  139835.6 (1.5498) 460/642
[1A[1M  5.2965  139834.9 (1.5498) 461/642
[1A[1M  5.3218  139832.1 (1.5498) 462/642
[1A[1M  5.3471  139828.0 (1.5498) 463/642
[1A[1M  5.3726  139815.5 (1.5498) 464/642
[1A[1M  5.3981  139805.3 (1.5498) 465/642
[1A[1M  5.4237  139822.3 (1.5498) 466/642
[1A[1M  5.4495  139832.5 (1.5498) 467/642
[1A[1M  5.4753  139830.2 (1.5498) 468/642
[1A[1M  5.5013  139824.6 (1.5498) 469/642
[1A[1M  5.5273  139821.2 (1.5498) 470/642
[1A[1M  5.5535  139818.4 (1.5498) 471/642
[1A[1M  5.5798  139816.6 (1.5498) 472/642
[1A[1M  5.6061  139818.5 (1.5498) 473/642
[1A[1M  5.6326  139820.6 (1.5498) 474/642
[1A[1M  5.6592  139819.8 (1.5498) 475/642
[1A[1M  5.6859  139820.3 (1.5498) 476/642
[1A[1M  5.7127  139826.5 (1.5498) 477/642
[1A[1M  5.7396  139829.6 (1.5498) 478/642
[1A[1M  5.7666  139822.2 (1.5498) 479/642
[1A[1M  5.7937  139823.1 (1.5498) 480/642
[1A[1M  5.8210  139824.2 (1.5498) 481/642
[1A[1M  5.8483  139820.8 (1.5498) 482/642
[1A[1M  5.8757  139817.5 (1.5498) 483/642
[1A[1M  5.9033  139813.2 (1.5498) 484/642
[1A[1M  5.9310  139808.7 (1.5498) 485/642
[1A[1M  5.9588  139805.6 (1.5498) 486/642
[1A[1M  5.9866  139802.6 (1.5498) 487/642
[1A[1M  6.0146  139800.0 (1.5498) 488/642
[1A[1M  6.0428  139800.8 (1.5498) 489/642
[1A[1M  6.0710  139803.5 (1.5498) 490/642
[1A[1M  6.0993  139810.0 (1.5498) 491/642
[1A[1M  6.1278  139815.3 (1.5498) 492/642
[1A[1M  6.1563  139814.5 (1.5498) 493/642
[1A[1M  6.1850  139813.8 (1.5498) 494/642
[1A[1M  6.2138  139813.5 (1.5498) 495/642
[1A[1M  6.2427  139814.8 (1.5498) 496/642
[1A[1M  6.2718  139815.2 (1.5498) 497/642
[1A[1M  6.3009  139818.2 (1.5498) 498/642
[1A[1M  6.3302  139824.8 (1.5498) 499/642
[1A[1M  6.3596  139831.7 (1.5498) 500/642
[1A[1M  6.3891  139836.4 (1.5498) 501/642
[1A[1M  6.4187  139834.1 (1.5498) 502/642
[1A[1M  6.4484  139835.0 (1.5498) 503/642
[1A[1M  6.4783  139837.5 (1.5498) 504/642
[1A[1M  6.5082  139839.4 (1.5498) 505/642
[1A[1M  6.5383  139843.5 (1.5498) 506/642
[1A[1M  6.5685  139845.7 (1.5498) 507/642
[1A[1M  6.5989  139851.1 (1.5498) 508/642
[1A[1M  6.6293  139847.7 (1.5498) 509/642
[1A[1M  6.6599  139814.9 (1.5498) 510/642
[1A[1M  6.6906  139809.9 (1.5498) 511/642
[1A[1M  6.7214  139847.2 (1.5498) 512/642
[1A[1M  6.7524  139859.6 (1.5498) 513/642
[1A[1M  6.7835  139846.4 (1.5498) 514/642
[1A[1M  6.8146  139796.8 (1.5498) 515/642
[1A[1M  6.8460  139842.6 (1.5498) 516/642
[1A[1M  6.8774  139920.5 (1.5498) 517/642
[1A[1M  6.9090  139934.4 (1.5498) 518/642
[1A[1M  6.9407  139939.9 (1.5498) 519/642
[1A[1M  6.9725  139939.7 (1.5498) 520/642
[1A[1M  7.0045  139956.0 (1.5498) 521/642
[1A[1M  7.0366  139978.2 (1.5498) 522/642
[1A[1M  7.0688  139990.6 (1.5498) 523/642
[1A[1M  7.1011  139995.5 (1.5498) 524/642
[1A[1M  7.1336  139984.6 (1.5498) 525/642
[1A[1M  7.1662  139982.0 (1.5498) 526/642
[1A[1M  7.1989  139997.4 (1.5498) 527/642
[1A[1M  7.2318  140009.7 (1.5498) 528/642
[1A[1M  7.2648  140014.7 (1.5498) 529/642
[1A[1M  7.2979  140013.3 (1.5498) 530/642
[1A[1M  7.3311  140013.6 (1.5498) 531/642
[1A[1M  7.3645  140020.0 (1.5498) 532/642
[1A[1M  7.3981  140020.4 (1.5498) 533/642
[1A[1M  7.4317  140017.8 (1.5498) 534/642
[1A[1M  7.4655  140013.7 (1.5498) 535/642
[1A[1M  7.4994  140021.0 (1.5498) 536/642
[1A[1M  7.5335  140027.4 (1.5498) 537/642
[1A[1M  7.5677  140032.8 (1.5498) 538/642
[1A[1M  7.6020  140033.1 (1.5498) 539/642
[1A[1M  7.6365  140033.4 (1.5498) 540/642
[1A[1M  7.6711  140037.4 (1.5498) 541/642
[1A[1M  7.7059  140037.5 (1.5498) 542/642
[1A[1M  7.7408  140037.8 (1.5498) 543/642
[1A[1M  7.7758  140037.7 (1.5498) 544/642
[1A[1M  7.8110  140037.2 (1.5498) 545/642
[1A[1M  7.8463  140036.9 (1.5498) 546/642
[1A[1M  7.8818  140037.3 (1.5498) 547/642
[1A[1M  7.9174  140036.7 (1.5498) 548/642
[1A[1M  7.9531  140033.5 (1.5498) 549/642
[1A[1M  7.9890  140034.6 (1.5498) 550/642
[1A[1M  8.0250  140037.3 (1.5498) 551/642
[1A[1M  8.0612  140039.3 (1.5498) 552/642
[1A[1M  8.0975  140038.1 (1.5498) 553/642
[1A[1M  8.1340  140031.0 (1.5498) 554/642
[1A[1M  8.1706  140031.4 (1.5498) 555/642
[1A[1M  8.2073  140039.1 (1.5498) 556/642
[1A[1M  8.2442  140039.0 (1.5498) 557/642
[1A[1M  8.2813  140038.6 (1.5498) 558/642
[1A[1M  8.3185  140038.3 (1.5498) 559/642
[1A[1M  8.3558  140037.7 (1.5498) 560/642
[1A[1M  8.3933  140035.5 (1.5498) 561/642
[1A[1M  8.4310  140031.2 (1.5498) 562/642
[1A[1M  8.4688  140029.2 (1.5498) 563/642
[1A[1M  8.5067  140029.2 (1.5498) 564/642
[1A[1M  8.5448  140029.4 (1.5498) 565/642
[1A[1M  8.5831  140028.9 (1.5498) 566/642
[1A[1M  8.6215  140028.1 (1.5498) 567/642
[1A[1M  8.6601  140027.9 (1.5498) 568/642
[1A[1M  8.6988  140028.5 (1.5498) 569/642
[1A[1M  8.7377  140030.0 (1.5498) 570/642
[1A[1M  8.7767  140032.1 (1.5498) 571/642
[1A[1M  8.8159  140033.8 (1.5498) 572/642
[1A[1M  8.8552  140033.8 (1.5498) 573/642
[1A[1M  8.8947  140032.2 (1.5498) 574/642
[1A[1M  8.9344  140030.1 (1.5498) 575/642
[1A[1M  8.9742  140028.9 (1.5498) 576/642
[1A[1M  9.0142  140029.4 (1.5498) 577/642
[1A[1M  9.0543  140031.7 (1.5498) 578/642
[1A[1M  9.0946  140033.5 (1.5498) 579/642
[1A[1M  9.1351  140033.1 (1.5498) 580/642
[1A[1M  9.1757  140019.8 (1.5498) 581/642
[1A[1M  9.2165  140004.9 (1.5498) 582/642
[1A[1M  9.2574  139997.9 (1.5498) 583/642
[1A[1M  9.2985  139984.4 (1.5498) 584/642
[1A[1M  9.3398  139991.8 (1.5498) 585/642
[1A[1M  9.3812  140001.8 (1.5498) 586/642
[1A[1M  9.4228  139988.9 (1.5498) 587/642
[1A[1M  9.4646  139949.0 (1.5498) 588/642
[1A[1M  9.5066  139923.4 (1.5498) 589/642
[1A[1M  9.5487  140010.2 (1.5498) 590/642
[1A[1M  9.5910  140055.7 (1.5498) 591/642
[1A[1M  9.6334  140058.9 (1.5498) 592/642
[1A[1M  9.6760  140059.9 (1.5498) 593/642
[1A[1M  9.7188  140059.9 (1.5498) 594/642
[1A[1M  9.7618  140059.9 (1.5498) 595/642
[1A[1M  9.8049  140059.9 (1.5498) 596/642
[1A[1M  9.8482  140059.7 (1.5498) 597/642
[1A[1M  9.8917  140059.9 (1.5498) 598/642
[1A[1M  9.9353  140059.9 (1.5498) 599/642
[1A[1M  9.9792  140059.9 (1.5498) 600/642
[1A[1M  10.0232  140059.9 (1.5498) 601/642
[1A[1M  10.0674  140059.9 (1.5498) 602/642
[1A[1M  10.1117  140059.9 (1.5498) 603/642
[1A[1M  10.1563  140059.9 (1.5498) 604/642
[1A[1M  10.2010  140059.9 (1.5498) 605/642
[1A[1M  10.2459  140059.9 (1.5498) 606/642
[1A[1M  10.2909  140059.9 (1.5498) 607/642
[1A[1M  10.3362  140059.9 (1.5498) 608/642
[1A[1M  10.3816  140059.9 (1.5498) 609/642
[1A[1M  10.4272  140059.9 (1.5498) 610/642
[1A[1M  10.4730  140059.9 (1.5498) 611/642
[1A[1M  10.5190  140059.9 (1.5498) 612/642
[1A[1M  10.5652  140059.9 (1.5498) 613/642
[1A[1M  10.6115  140059.9 (1.5498) 614/642
[1A[1M  10.6581  140059.9 (1.5498) 615/642
[1A[1M  10.7048  140059.9 (1.5498) 616/642
[1A[1M  10.7517  140059.9 (1.5498) 617/642
[1A[1M  10.7988  140058.3 (1.5498) 618/642
[1A[1M  10.8461  140057.2 (1.5498) 619/642
[1A[1M  10.8936  140056.7 (1.5498) 620/642
[1A[1M  10.9413  140056.3 (1.5498) 621/642
[1A[1M  10.9891  140055.8 (1.5498) 622/642
[1A[1M  11.0372  140054.2 (1.5498) 623/642
[1A[1M  11.0854  140048.0 (1.5498) 624/642
[1A[1M  11.1339  140028.4 (1.5498) 625/642
[1A[1M  11.1825  139983.5 (1.5498) 626/642
[1A[1M  11.2313  139923.8 (1.5498) 627/642
[1A[1M  11.2803  139882.8 (1.5498) 628/642
[1A[1M  11.3296  139864.8 (1.5498) 629/642
[1A[1M  11.3790  139918.2 (1.5498) 630/642
[1A[1M  11.4286  140005.7 (1.5498) 631/642
[1A[1M  11.4784  140049.6 (1.5498) 632/642
[1A[1M  11.5284  140058.7 (1.5498) 633/642
[1A[1M  11.5786  140059.6 (1.5498) 634/642
[1A[1M  11.6291  140059.6 (1.5498) 635/642
[1A[1M  11.6797  140059.5 (1.5498) 636/642
[1A[1M  11.7305  140059.7 (1.5498) 637/642
[1A[1M  11.7815  140059.9 (1.5498) 638/642
[1A[1M  11.8327  140059.9 (1.5498) 639/642
[1A[1M  11.8842  140059.9 (1.5498) 640/642
[1A[1M  11.9358  140059.9 (1.5498) 641/642
[1A[1M  11.9877  140059.9 (1.5498) 642/642
First iteration: z_best=1.5498

[1A[1M- 1.5460  136991.2 (1.5460) 1/33
[1A[1M- 1.5465  136981.8 (1.5465) 2/33
[1A[1M- 1.5470  136972.4 (1.5470) 3/33
[1A[1M- 1.5475  136963.2 (1.5475) 4/33
[1A[1M- 1.5480  136954.0 (1.5480) 5/33
[1A[1M- 1.5485  136945.1 (1.5485) 6/33
[1A[1M- 1.5490  136936.4 (1.5490) 7/33
[1A[1M- 1.5495  136928.0 (1.5495) 8/33
[1A[1M- 1.5500  136920.0 (1.5500) 9/33
[1A[1M- 1.5505  136912.5 (1.5505) 10/33
[1A[1M- 1.5510  136905.7 (1.5510) 11/33
[1A[1M- 1.5515  136899.5 (1.5515) 12/33
[1A[1M- 1.5520  136894.2 (1.5520) 13/33
[1A[1M- 1.5525  136889.8 (1.5525) 14/33
[1A[1M- 1.5530  136886.4 (1.5530) 15/33
[1A[1M- 1.5535  136883.9 (1.5535) 16/33
[1A[1M- 1.5540  136882.5 (1.5540) 17/33
[1A[1M- 1.5545  136882.1 (1.5545) 18/33
[1A[1M- 1.5550  136882.7 (1.5545) 19/33
[1A[1M- 1.5555  136884.2 (1.5545) 20/33
[1A[1M- 1.5560  136886.8 (1.5545) 21/33
[1A[1M- 1.5565  136890.3 (1.5545) 22/33
[1A[1M- 1.5570  136894.9 (1.5545) 23/33
[1A[1M- 1.5575  136900.3 (1.5545) 24/33
[1A[1M- 1.5580  136906.7 (1.5545) 25/33
[1A[1M- 1.5585  136913.9 (1.5545) 26/33
[1A[1M- 1.5590  136922.0 (1.5545) 27/33
[1A[1M- 1.5595  136930.9 (1.5545) 28/33
[1A[1M- 1.5600  136940.5 (1.5545) 29/33
[1A[1M- 1.5605  136950.7 (1.5545) 30/33
[1A[1M- 1.5610  136961.4 (1.5545) 31/33
[1A[1M- 1.5615  136972.4 (1.5545) 32/33
[1A[1M- 1.5620  136983.8 (1.5545) 33/33
Drizzle line -> OIII (14.91 0.91)
Drizzle line -> Hb   (1.40 0.88)
Drizzle line -> OIII-4363 (0.06 0.36)
Drizzle line -> Hg   (0.43 0.36)
Drizzle line -> Hd   (0.53 0.37)
Drizzle line -> H8   (0.04 0.42)
Drizzle line -> H9   (1.06 0.53)
Drizzle line -> NeIII-3867 (1.20 0.54)
Drizzle line -> OII  (6.43 0.54)
Drizzle line -> NeVI-3426 (1.03 0.83)
Drizzle line -> NeV-3346 (0.61 0.79)
Get linemap PSF: F105W
Get linemap PSF: F125W
Get linemap PSF: F140W
Get linemap PSF: F160W
Finished 29460 24.8563
Changing to /home/rsimons/git/clear_local
