



###################
Parameters


field             GS4
mag_lim           25
mag_max           0
files_bool        True
retrieve_bool     False
prep_bool         False
model_bool        True
new_model         False
beams_bool        False
fit_bool          True
use_psf           False
fit_min_id        0
n_jobs            1
id_choose            29499
phot_scale_order  2
fit_without_phot  False
PATH_TO_SCRIPTS   /home/rsimons/git/clear_local
PATH_TO_CATS      /user/rsimons/grizli_extractions/Catalogs
PATH_TO_HOME      /user/rsimons/grizli_extractions
HOME_PATH         /user/rsimons/grizli_extractions/GS4




####################




Changing to /user/rsimons/grizli_extractions/GS4
Changing to /user/rsimons/grizli_extractions/GS4/j033236m2748/Prep
BUSH1-bfu-b1-077.0-F125W 2
BUSH3-bfu-bl-089.0-F098M 4
BUSH3-bfu-by-089.0-F105W 2
BUSH3-bfu-b3-089.0-F125W 2
BUSH3-bfu-by-089.0-F140W 2
FIGS-GS1-coi-1m-028.0-F105W 2
FIGS-GS1-coi-1n-028.0-F105W 2
FIGS-GS1-coi-1o-028.0-F105W 2
FIGS-GS1-coi-1p-028.0-F105W 2
FIGS-GS1-coi-1i-038.0-F105W 2
FIGS-GS1-coi-1j-038.0-F105W 2
FIGS-GS1-coi-1k-038.0-F105W 2
FIGS-GS1-coi-1l-038.0-F105W 2
FIGS-GS1-coi-1e-100.0-F105W 2
FIGS-GS1-coi-1f-100.0-F105W 2
FIGS-GS1-coi-1g-100.0-F105W 2
FIGS-GS1-coi-1h-100.0-F105W 2
FIGS-GS1-coi-1q-106.0-F105W 2
FIGS-GS1-coi-1r-106.0-F105W 2
FIGS-GS1-coi-1s-106.0-F105W 2
FIGS-GS1-coi-1t-106.0-F105W 2
FIGS-GS1-coi-1a-168.0-F105W 2
FIGS-GS1-coi-1b-168.0-F105W 2
FIGS-GS1-coi-1c-168.0-F105W 2
FIGS-GS1-coi-1d-168.0-F105W 2
FIGS-GS1-coi-1m-028.0-G102 8
FIGS-GS1-coi-1n-028.0-G102 8
FIGS-GS1-coi-1o-028.0-G102 8
FIGS-GS1-coi-1p-028.0-G102 8
FIGS-GS1-coi-1i-038.0-G102 8
FIGS-GS1-coi-1j-038.0-G102 8
FIGS-GS1-coi-1k-038.0-G102 8
FIGS-GS1-coi-1l-038.0-G102 8
FIGS-GS1-coi-1e-100.0-G102 8
FIGS-GS1-coi-1f-100.0-G102 8
FIGS-GS1-coi-1g-100.0-G102 8
FIGS-GS1-coi-1h-100.0-G102 8
FIGS-GS1-coi-1q-106.0-G102 8
FIGS-GS1-coi-1r-106.0-G102 8
FIGS-GS1-coi-1s-106.0-G102 8
FIGS-GS1-coi-1t-106.0-G102 8
FIGS-GS1-coi-1a-168.0-G102 8
FIGS-GS1-coi-1b-168.0-G102 8
FIGS-GS1-coi-1c-168.0-G102 8
FIGS-GS1-coi-1d-168.0-G102 8
goodss-32-bhj-32-131.0-F140W 4
goodss-32-bhj-32-131.0-G141 4
goodss-34-bhj-34-084.0-F140W 4
goodss-34-bhj-34-084.0-G141 4
goodss-36-bhj-36-084.0-F140W 4
goodss-36-bhj-36-084.0-G141 4
goodss-37-bhj-37-084.0-F140W 4
goodss-37-bhj-37-084.0-G141 4
goodss-38-bhj-38-084.0-F140W 4
goodss-38-bhj-38-084.0-G141 4
goodss-07-bhj-07-131.0-F140W 4
goodss-07-bhj-07-131.0-G141 4
goodss-08-bhj-08-131.0-F140W 4
goodss-08-bhj-08-131.0-G141 4
GS4-cxt-26-051.0-F105W 2
GS4-cxt-27-051.0-F105W 2
GS4-cxt-24-074.0-F105W 2
GS4-cxt-25-074.0-F105W 2
GS4-cxt-28-094.0-F105W 2
GS4-cxt-29-094.0-F105W 2
GS4-cxt-26-051.0-G102 4
GS4-cxt-27-051.0-G102 4
GS4-cxt-24-074.0-G102 4
GS4-cxt-25-074.0-G102 4
GS4-cxt-28-094.0-G102 4
GS4-cxt-29-094.0-G102 4
PRIMO-bfu-pa-137.0-F125W 1
PRIMO-bfu-pb-137.0-F125W 1
PRIMO-bfu-p5-166.0-F125W 2
PRIMO-bfu-pc-184.0-F125W 4
PRIMO-bfu-p7-201.0-F125W 4
PRIMO-bfu-p1-131.0-G141 6
PRIMO-bfu-pa-137.0-G141 6
PRIMO-bfu-pb-137.0-G141 6
par-j033241-274605-bfu-np-205.0-F125W 8
/home/rsimons/miniconda2/envs/grizli/lib/python3.5/site-packages/eazy/data/templates -> ./templates
/home/rsimons/miniconda2/envs/grizli/lib/python3.5/site-packages/eazy/data/filters/FILTER.RES.latest -> ./FILTER.RES.latest
Read default param file: /home/rsimons/miniconda2/envs/grizli/lib/python3.5/site-packages/eazy/data/zphot.param.default
Read CATALOG_FILE: /user/rsimons/grizli_extractions/Catalogs/goodss_3dhst.v4.4.cats/Catalog/goodss_3dhst.v4.4.cat
f_F160W e_F160W (205): hst/wfc3/IR/f160w.dat
f_U e_U (103): ESO/vimos_u.res
f_F435W e_F435W (  1): hst/ACS_update_sep07/wfc_f435w_t77.dat
f_F606Wcand e_F606Wcand (236): hst/ACS_update_sep07/wfc_f606w_t81.dat
f_F606W e_F606W (  4): hst/ACS_update_sep07/wfc_f606w_t77.dat
f_R e_R (260): ESO/VIMOS/R.dat
f_F775W e_F775W (  5): hst/ACS_update_sep07/wfc_f775w_t77.dat
f_F814Wcand e_F814Wcand (239): hst/ACS_update_sep07/wfc_f814w_t81.dat
f_F850LP e_F850LP (  7): hst/ACS_update_sep07/wfc_f850lp_t77.dat
f_F850LPcand e_F850LPcand (240): hst/ACS_update_sep07/wfc_f850lp_t81.dat
f_F125W e_F125W (203): hst/wfc3/IR/f125w.dat
f_J e_J ( 34): ESO/isaac_j.res
f_F140W e_F140W (204): hst/wfc3/IR/f140w.dat
f_H e_H ( 36): ESO/isaac_h.res
f_Ks e_Ks ( 37): ESO/isaac_ks.res
f_IRAC1 e_IRAC1 ( 18): IRAC/irac_tr1_2004-08-09.dat
f_IRAC2 e_IRAC2 ( 19): IRAC/irac_tr2_2004-08-09.dat
f_IRAC3 e_IRAC3 ( 20): IRAC/irac_tr3_2004-08-09.dat
f_IRAC4 e_IRAC4 ( 21): IRAC/irac_tr4_2004-08-09.dat
f_U38 e_U38 (107): ESO/wfi_BB_U38_ESO841.res
f_B e_B ( 46): musyc/B_cdfs_tot.dat
f_V e_V ( 50): musyc/V_cdfs_tot.dat
f_Rc e_Rc ( 54): musyc/R_cdfs_tot.dat
f_I e_I ( 58): musyc/I_cdfs_tot.dat
f_IA427 e_IA427 (181): Subaru_MB/IA427.dat
f_IA445 e_IA445 (182): Subaru_MB/IA445.dat
f_IA505 e_IA505 (185): Subaru_MB/IA505.dat
f_IA527 e_IA527 (186): Subaru_MB/IA527.dat
f_IA550 e_IA550 (187): Subaru_MB/IA550.dat
f_IA574 e_IA574 (188): Subaru_MB/IA574.dat
f_IA598 e_IA598 (189): Subaru_MB/IA598.dat
f_IA624 e_IA624 (190): Subaru_MB/IA624.dat
f_IA651 e_IA651 (191): Subaru_MB/IA651.dat
f_IA679 e_IA679 (192): Subaru_MB/IA679.dat
f_IA738 e_IA738 (194): Subaru_MB/IA738.dat
f_IA767 e_IA767 (195): Subaru_MB/IA768.dat
f_IA797 e_IA797 (196): Subaru_MB/IA797.dat
f_IA856 e_IA856 (198): Subaru_MB/IA856.dat
f_tenisJ e_tenisJ (220): WIRCam/cfh8101_J.txt
f_tenisK e_tenisK (222): WIRCam/cfh8302_Ks.txt
f_F105W e_F105W (202): hst/wfc3/IR/f105w.dat
Read PRIOR_FILE:  templates/prior_F160W_TAO.dat
Process template tweak_fsps_QSF_12_v3_001.dat.
Process template tweak_fsps_QSF_12_v3_002.dat.
Process template tweak_fsps_QSF_12_v3_003.dat.
Process template tweak_fsps_QSF_12_v3_004.dat.
Process template tweak_fsps_QSF_12_v3_005.dat.
Process template tweak_fsps_QSF_12_v3_006.dat.
Process template tweak_fsps_QSF_12_v3_007.dat.
Process template tweak_fsps_QSF_12_v3_008.dat.
Process template tweak_fsps_QSF_12_v3_009.dat.
Process template tweak_fsps_QSF_12_v3_010.dat.
Process template tweak_fsps_QSF_12_v3_011.dat.
Process template tweak_fsps_QSF_12_v3_012.dat.
Process templates: 28.180 s
Process template fsps/fsps_QSF_12_v3_nolines_001.dat.
Process template fsps/fsps_QSF_12_v3_nolines_002.dat.
Process template fsps/fsps_QSF_12_v3_nolines_003.dat.
Process template fsps/fsps_QSF_12_v3_nolines_004.dat.
Process template fsps/fsps_QSF_12_v3_nolines_005.dat.
Process template fsps/fsps_QSF_12_v3_nolines_006.dat.
Process template fsps/fsps_QSF_12_v3_nolines_007.dat.
Process template fsps/fsps_QSF_12_v3_nolines_008.dat.
Process template fsps/fsps_QSF_12_v3_nolines_009.dat.
Process template fsps/fsps_QSF_12_v3_nolines_010.dat.
Process template fsps/fsps_QSF_12_v3_nolines_011.dat.
Process template fsps/fsps_QSF_12_v3_nolines_012.dat.
Process template line Ha+NII+SII+SIII+He+PaB.
Process template line OIII+Hb+Hg+Hd.
Process template line OII+Ne.
Process template line Gal-UV-lines.
Reading in beams.fits file for 29499
1 icoi1mjxq_flt.fits G102
2 icoi1mk0q_flt.fits G102
3 icoi1mk2q_flt.fits G102
4 icoi1mk6q_flt.fits G102
5 icoi1mkcq_flt.fits G102
6 icoi1mkfq_flt.fits G102
7 icoi1mkhq_flt.fits G102
8 icoi1mklq_flt.fits G102
9 icoi1ng2q_flt.fits G102
10 icoi1ng5q_flt.fits G102
11 icoi1ng7q_flt.fits G102
12 icoi1ngbq_flt.fits G102
13 icoi1ngpq_flt.fits G102
14 icoi1ngsq_flt.fits G102
15 icoi1nguq_flt.fits G102
16 icoi1ngyq_flt.fits G102
17 icoi1ohkq_flt.fits G102
18 icoi1ohnq_flt.fits G102
19 icoi1ohpq_flt.fits G102
20 icoi1ohtq_flt.fits G102
21 icoi1ohzq_flt.fits G102
22 icoi1oi2q_flt.fits G102
23 icoi1oi4q_flt.fits G102
24 icoi1oi8q_flt.fits G102
25 icoi1pigq_flt.fits G102
26 icoi1pijq_flt.fits G102
27 icoi1pilq_flt.fits G102
28 icoi1pipq_flt.fits G102
29 icoi1pivq_flt.fits G102
30 icoi1piyq_flt.fits G102
31 icoi1pj0q_flt.fits G102
32 icoi1pj4q_flt.fits G102
33 icoi1iruq_flt.fits G102
34 icoi1irwq_flt.fits G102
35 icoi1iryq_flt.fits G102
36 icoi1is2q_flt.fits G102
37 icoi1is8q_flt.fits G102
38 icoi1isbq_flt.fits G102
39 icoi1isdq_flt.fits G102
40 icoi1ishq_flt.fits G102
41 icoi1jg1q_flt.fits G102
42 icoi1jg3q_flt.fits G102
43 icoi1jg5q_flt.fits G102
44 icoi1jg9q_flt.fits G102
45 icoi1jgfq_flt.fits G102
46 icoi1jgiq_flt.fits G102
47 icoi1jgkq_flt.fits G102
48 icoi1jgoq_flt.fits G102
49 icoi1keuq_flt.fits G102
50 icoi1kewq_flt.fits G102
51 icoi1keyq_flt.fits G102
52 icoi1kf2q_flt.fits G102
53 icoi1kf8q_flt.fits G102
54 icoi1kfbq_flt.fits G102
55 icoi1kfdq_flt.fits G102
56 icoi1kfhq_flt.fits G102
57 icoi1lfpq_flt.fits G102
58 icoi1lfrq_flt.fits G102
59 icoi1lftq_flt.fits G102
60 icoi1lfxq_flt.fits G102
61 icoi1lg3q_flt.fits G102
62 icoi1lg6q_flt.fits G102
63 icoi1lg8q_flt.fits G102
64 icoi1lgcq_flt.fits G102
65 icoi1eqkq_flt.fits G102
66 icoi1eqmq_flt.fits G102
67 icoi1eqoq_flt.fits G102
68 icoi1eqsq_flt.fits G102
69 icoi1eqyq_flt.fits G102
70 icoi1er1q_flt.fits G102
71 icoi1er3q_flt.fits G102
72 icoi1er7q_flt.fits G102
73 icoi1fzrq_flt.fits G102
74 icoi1fztq_flt.fits G102
75 icoi1fzvq_flt.fits G102
76 icoi1fzzq_flt.fits G102
77 icoi1fa6q_flt.fits G102
78 icoi1fa9q_flt.fits G102
79 icoi1fabq_flt.fits G102
80 icoi1fafq_flt.fits G102
81 icoi1gxjq_flt.fits G102
82 icoi1gxlq_flt.fits G102
83 icoi1gxoq_flt.fits G102
84 icoi1gxsq_flt.fits G102
85 icoi1gxyq_flt.fits G102
86 icoi1gy1q_flt.fits G102
87 icoi1gy3q_flt.fits G102
88 icoi1gy7q_flt.fits G102
89 icoi1hydq_flt.fits G102
90 icoi1hyfq_flt.fits G102
91 icoi1hyhq_flt.fits G102
92 icoi1hylq_flt.fits G102
93 icoi1hyrq_flt.fits G102
94 icoi1hyuq_flt.fits G102
95 icoi1hywq_flt.fits G102
96 icoi1hz0q_flt.fits G102
97 icoi1qduq_flt.fits G102
98 icoi1qdwq_flt.fits G102
99 icoi1qdyq_flt.fits G102
100 icoi1qe2q_flt.fits G102
101 icoi1qe8q_flt.fits G102
102 icoi1qebq_flt.fits G102
103 icoi1qedq_flt.fits G102
104 icoi1qehq_flt.fits G102
105 icoi1rn3q_flt.fits G102
106 icoi1rn5q_flt.fits G102
107 icoi1rn7q_flt.fits G102
108 icoi1rnbq_flt.fits G102
109 icoi1rnhq_flt.fits G102
110 icoi1rnkq_flt.fits G102
111 icoi1rnmq_flt.fits G102
112 icoi1rnqq_flt.fits G102
113 icoi1sstq_flt.fits G102
114 icoi1ssvq_flt.fits G102
115 icoi1ssxq_flt.fits G102
116 icoi1st1q_flt.fits G102
117 icoi1st7q_flt.fits G102
118 icoi1staq_flt.fits G102
119 icoi1stcq_flt.fits G102
120 icoi1stgq_flt.fits G102
121 icoi1tkuq_flt.fits G102
122 icoi1tkwq_flt.fits G102
123 icoi1tl1q_flt.fits G102
124 icoi1tl5q_flt.fits G102
125 icoi1tlfq_flt.fits G102
126 icoi1tliq_flt.fits G102
127 icoi1tlkq_flt.fits G102
128 icoi1tloq_flt.fits G102
129 icoi1ag2q_flt.fits G102
130 icoi1ag4q_flt.fits G102
131 icoi1ag6q_flt.fits G102
132 icoi1agaq_flt.fits G102
133 icoi1aggq_flt.fits G102
134 icoi1agjq_flt.fits G102
135 icoi1aglq_flt.fits G102
136 icoi1agpq_flt.fits G102
137 icoi1bn0q_flt.fits G102
138 icoi1bn2q_flt.fits G102
139 icoi1bnbq_flt.fits G102
140 icoi1bnfq_flt.fits G102
141 icoi1bnlq_flt.fits G102
142 icoi1bnoq_flt.fits G102
143 icoi1bnqq_flt.fits G102
144 icoi1bnuq_flt.fits G102
145 icoi1co0q_flt.fits G102
146 icoi1co2q_flt.fits G102
147 icoi1co4q_flt.fits G102
148 icoi1co8q_flt.fits G102
149 icoi1coeq_flt.fits G102
150 icoi1cohq_flt.fits G102
151 icoi1cojq_flt.fits G102
152 icoi1conq_flt.fits G102
153 icoi1dqaq_flt.fits G102
154 icoi1dqcq_flt.fits G102
155 icoi1dqeq_flt.fits G102
156 icoi1dqiq_flt.fits G102
157 icoi1dqoq_flt.fits G102
158 icoi1dqrq_flt.fits G102
159 icoi1dqtq_flt.fits G102
160 icoi1dqxq_flt.fits G102
161 ibhj32qvq_flt.fits G141
162 ibhj32r2q_flt.fits G141
163 ibhj32r9q_flt.fits G141
164 ibhj32rgq_flt.fits G141
165 ibhj34h8q_flt.fits G141
166 ibhj34hiq_flt.fits G141
167 ibhj34huq_flt.fits G141
168 ibhj34i1q_flt.fits G141
169 ibhj36huq_flt.fits G141
170 ibhj36i4q_flt.fits G141
171 ibhj36j3q_flt.fits G141
172 ibhj36jbq_flt.fits G141
173 ibhj37uaq_flt.fits G141
174 ibhj37uhq_flt.fits G141
175 ibhj37uoq_flt.fits G141
176 ibhj37uvq_flt.fits G141
177 ibhj38a6q_flt.fits G141
178 ibhj38adq_flt.fits G141
179 ibhj38akq_flt.fits G141
180 ibhj38arq_flt.fits G141
creating poly_templates...
drizzle_grisms_and_PAs...
reading phot...
doing fit...
1 icoi1mjxq_flt.fits G102
2 icoi1mk0q_flt.fits G102
3 icoi1mk2q_flt.fits G102
4 icoi1mk6q_flt.fits G102
5 icoi1mkcq_flt.fits G102
6 icoi1mkfq_flt.fits G102
7 icoi1mkhq_flt.fits G102
8 icoi1mklq_flt.fits G102
9 icoi1ng2q_flt.fits G102
10 icoi1ng5q_flt.fits G102
11 icoi1ng7q_flt.fits G102
12 icoi1ngbq_flt.fits G102
13 icoi1ngpq_flt.fits G102
14 icoi1ngsq_flt.fits G102
15 icoi1nguq_flt.fits G102
16 icoi1ngyq_flt.fits G102
17 icoi1ohkq_flt.fits G102
18 icoi1ohnq_flt.fits G102
19 icoi1ohpq_flt.fits G102
20 icoi1ohtq_flt.fits G102
21 icoi1ohzq_flt.fits G102
22 icoi1oi2q_flt.fits G102
23 icoi1oi4q_flt.fits G102
24 icoi1oi8q_flt.fits G102
25 icoi1pigq_flt.fits G102
26 icoi1pijq_flt.fits G102
27 icoi1pilq_flt.fits G102
28 icoi1pipq_flt.fits G102
29 icoi1pivq_flt.fits G102
30 icoi1piyq_flt.fits G102
31 icoi1pj0q_flt.fits G102
32 icoi1pj4q_flt.fits G102
33 icoi1iruq_flt.fits G102
34 icoi1irwq_flt.fits G102
35 icoi1iryq_flt.fits G102
36 icoi1is2q_flt.fits G102
37 icoi1is8q_flt.fits G102
38 icoi1isbq_flt.fits G102
39 icoi1isdq_flt.fits G102
40 icoi1ishq_flt.fits G102
41 icoi1jg1q_flt.fits G102
42 icoi1jg3q_flt.fits G102
43 icoi1jg5q_flt.fits G102
44 icoi1jg9q_flt.fits G102
45 icoi1jgfq_flt.fits G102
46 icoi1jgiq_flt.fits G102
47 icoi1jgkq_flt.fits G102
48 icoi1jgoq_flt.fits G102
49 icoi1keuq_flt.fits G102
50 icoi1kewq_flt.fits G102
51 icoi1keyq_flt.fits G102
52 icoi1kf2q_flt.fits G102
53 icoi1kf8q_flt.fits G102
54 icoi1kfbq_flt.fits G102
55 icoi1kfdq_flt.fits G102
56 icoi1kfhq_flt.fits G102
57 icoi1lfpq_flt.fits G102
58 icoi1lfrq_flt.fits G102
59 icoi1lftq_flt.fits G102
60 icoi1lfxq_flt.fits G102
61 icoi1lg3q_flt.fits G102
62 icoi1lg6q_flt.fits G102
63 icoi1lg8q_flt.fits G102
64 icoi1lgcq_flt.fits G102
65 icoi1eqkq_flt.fits G102
66 icoi1eqmq_flt.fits G102
67 icoi1eqoq_flt.fits G102
68 icoi1eqsq_flt.fits G102
69 icoi1eqyq_flt.fits G102
70 icoi1er1q_flt.fits G102
71 icoi1er3q_flt.fits G102
72 icoi1er7q_flt.fits G102
73 icoi1fzrq_flt.fits G102
74 icoi1fztq_flt.fits G102
75 icoi1fzvq_flt.fits G102
76 icoi1fzzq_flt.fits G102
77 icoi1fa6q_flt.fits G102
78 icoi1fa9q_flt.fits G102
79 icoi1fabq_flt.fits G102
80 icoi1fafq_flt.fits G102
81 icoi1gxjq_flt.fits G102
82 icoi1gxlq_flt.fits G102
83 icoi1gxoq_flt.fits G102
84 icoi1gxsq_flt.fits G102
85 icoi1gxyq_flt.fits G102
86 icoi1gy1q_flt.fits G102
87 icoi1gy3q_flt.fits G102
88 icoi1gy7q_flt.fits G102
89 icoi1hydq_flt.fits G102
90 icoi1hyfq_flt.fits G102
91 icoi1hyhq_flt.fits G102
92 icoi1hylq_flt.fits G102
93 icoi1hyrq_flt.fits G102
94 icoi1hyuq_flt.fits G102
95 icoi1hywq_flt.fits G102
96 icoi1hz0q_flt.fits G102
97 icoi1qduq_flt.fits G102
98 icoi1qdwq_flt.fits G102
99 icoi1qdyq_flt.fits G102
100 icoi1qe2q_flt.fits G102
101 icoi1qe8q_flt.fits G102
102 icoi1qebq_flt.fits G102
103 icoi1qedq_flt.fits G102
104 icoi1qehq_flt.fits G102
105 icoi1rn3q_flt.fits G102
106 icoi1rn5q_flt.fits G102
107 icoi1rn7q_flt.fits G102
108 icoi1rnbq_flt.fits G102
109 icoi1rnhq_flt.fits G102
110 icoi1rnkq_flt.fits G102
111 icoi1rnmq_flt.fits G102
112 icoi1rnqq_flt.fits G102
113 icoi1sstq_flt.fits G102
114 icoi1ssvq_flt.fits G102
115 icoi1ssxq_flt.fits G102
116 icoi1st1q_flt.fits G102
117 icoi1st7q_flt.fits G102
118 icoi1staq_flt.fits G102
119 icoi1stcq_flt.fits G102
120 icoi1stgq_flt.fits G102
121 icoi1tkuq_flt.fits G102
122 icoi1tkwq_flt.fits G102
123 icoi1tl1q_flt.fits G102
124 icoi1tl5q_flt.fits G102
125 icoi1tlfq_flt.fits G102
126 icoi1tliq_flt.fits G102
127 icoi1tlkq_flt.fits G102
128 icoi1tloq_flt.fits G102
129 icoi1ag2q_flt.fits G102
130 icoi1ag4q_flt.fits G102
131 icoi1ag6q_flt.fits G102
132 icoi1agaq_flt.fits G102
133 icoi1aggq_flt.fits G102
134 icoi1agjq_flt.fits G102
135 icoi1aglq_flt.fits G102
136 icoi1agpq_flt.fits G102
137 icoi1bn0q_flt.fits G102
138 icoi1bn2q_flt.fits G102
139 icoi1bnbq_flt.fits G102
140 icoi1bnfq_flt.fits G102
141 icoi1bnlq_flt.fits G102
142 icoi1bnoq_flt.fits G102
143 icoi1bnqq_flt.fits G102
144 icoi1bnuq_flt.fits G102
145 icoi1co0q_flt.fits G102
146 icoi1co2q_flt.fits G102
147 icoi1co4q_flt.fits G102
148 icoi1co8q_flt.fits G102
149 icoi1coeq_flt.fits G102
150 icoi1cohq_flt.fits G102
151 icoi1cojq_flt.fits G102
152 icoi1conq_flt.fits G102
153 icoi1dqaq_flt.fits G102
154 icoi1dqcq_flt.fits G102
155 icoi1dqeq_flt.fits G102
156 icoi1dqiq_flt.fits G102
157 icoi1dqoq_flt.fits G102
158 icoi1dqrq_flt.fits G102
159 icoi1dqtq_flt.fits G102
160 icoi1dqxq_flt.fits G102
161 ibhj32qvq_flt.fits G141
162 ibhj32r2q_flt.fits G141
163 ibhj32r9q_flt.fits G141
164 ibhj32rgq_flt.fits G141
165 ibhj34h8q_flt.fits G141
166 ibhj34hiq_flt.fits G141
167 ibhj34huq_flt.fits G141
168 ibhj34i1q_flt.fits G141
169 ibhj36huq_flt.fits G141
170 ibhj36i4q_flt.fits G141
171 ibhj36j3q_flt.fits G141
172 ibhj36jbq_flt.fits G141
173 ibhj37uaq_flt.fits G141
174 ibhj37uhq_flt.fits G141
175 ibhj37uoq_flt.fits G141
176 ibhj37uvq_flt.fits G141
177 ibhj38a6q_flt.fits G141
178 ibhj38adq_flt.fits G141
179 ibhj38akq_flt.fits G141
180 ibhj38arq_flt.fits G141
scale_to_photometry: [6.10, 5.33]
User templates! N=16 

[1A[1M  0.0000  154075.3 (0.0000) 1/642
[1A[1M  0.0040  154075.0 (0.0040) 2/642
[1A[1M  0.0080  154075.1 (0.0040) 3/642
[1A[1M  0.0121  151795.8 (0.0121) 4/642
[1A[1M  0.0161  151796.5 (0.0121) 5/642
[1A[1M  0.0202  151798.6 (0.0121) 6/642
[1A[1M  0.0243  151801.6 (0.0121) 7/642
[1A[1M  0.0284  151803.1 (0.0121) 8/642
[1A[1M  0.0325  151804.8 (0.0121) 9/642
[1A[1M  0.0367  151806.6 (0.0121) 10/642
[1A[1M  0.0408  151807.6 (0.0121) 11/642
[1A[1M  0.0450  151809.0 (0.0121) 12/642
[1A[1M  0.0492  151809.5 (0.0121) 13/642
[1A[1M  0.0534  151809.3 (0.0121) 14/642
[1A[1M  0.0576  151809.4 (0.0121) 15/642
[1A[1M  0.0618  151809.4 (0.0121) 16/642
[1A[1M  0.0661  151808.9 (0.0121) 17/642
[1A[1M  0.0704  151808.3 (0.0121) 18/642
[1A[1M  0.0747  151808.0 (0.0121) 19/642
[1A[1M  0.0790  151808.1 (0.0121) 20/642
[1A[1M  0.0833  151807.2 (0.0121) 21/642
[1A[1M  0.0876  151805.5 (0.0121) 22/642
[1A[1M  0.0920  151804.3 (0.0121) 23/642
[1A[1M  0.0964  151803.4 (0.0121) 24/642
[1A[1M  0.1008  151803.2 (0.0121) 25/642
[1A[1M  0.1052  151803.1 (0.0121) 26/642
[1A[1M  0.1096  151803.4 (0.0121) 27/642
[1A[1M  0.1140  151803.7 (0.0121) 28/642
[1A[1M  0.1185  151804.0 (0.0121) 29/642
[1A[1M  0.1230  151804.7 (0.0121) 30/642
[1A[1M  0.1275  151805.3 (0.0121) 31/642
[1A[1M  0.1320  151805.3 (0.0121) 32/642
[1A[1M  0.1366  151805.8 (0.0121) 33/642
[1A[1M  0.1411  151806.7 (0.0121) 34/642
[1A[1M  0.1457  151807.2 (0.0121) 35/642
[1A[1M  0.1503  151808.0 (0.0121) 36/642
[1A[1M  0.1549  151808.9 (0.0121) 37/642
[1A[1M  0.1595  151810.0 (0.0121) 38/642
[1A[1M  0.1642  151812.1 (0.0121) 39/642
[1A[1M  0.1688  151814.1 (0.0121) 40/642
[1A[1M  0.1735  151816.1 (0.0121) 41/642
[1A[1M  0.1782  151817.6 (0.0121) 42/642
[1A[1M  0.1829  151819.2 (0.0121) 43/642
[1A[1M  0.1877  151821.6 (0.0121) 44/642
[1A[1M  0.1924  151823.8 (0.0121) 45/642
[1A[1M  0.1972  151825.9 (0.0121) 46/642
[1A[1M  0.2020  151828.6 (0.0121) 47/642
[1A[1M  0.2068  151830.7 (0.0121) 48/642
[1A[1M  0.2117  151833.0 (0.0121) 49/642
[1A[1M  0.2165  151835.4 (0.0121) 50/642
[1A[1M  0.2214  151838.0 (0.0121) 51/642
[1A[1M  0.2263  151840.4 (0.0121) 52/642
[1A[1M  0.2312  151843.3 (0.0121) 53/642
[1A[1M  0.2361  151846.1 (0.0121) 54/642
[1A[1M  0.2411  151848.8 (0.0121) 55/642
[1A[1M  0.2461  151851.2 (0.0121) 56/642
[1A[1M  0.2511  151853.1 (0.0121) 57/642
[1A[1M  0.2561  151854.6 (0.0121) 58/642
[1A[1M  0.2611  151856.9 (0.0121) 59/642
[1A[1M  0.2662  151860.3 (0.0121) 60/642
[1A[1M  0.2712  151863.0 (0.0121) 61/642
[1A[1M  0.2763  151865.3 (0.0121) 62/642
[1A[1M  0.2815  151867.8 (0.0121) 63/642
[1A[1M  0.2866  151869.6 (0.0121) 64/642
[1A[1M  0.2918  151871.7 (0.0121) 65/642
[1A[1M  0.2969  151872.5 (0.0121) 66/642
[1A[1M  0.3021  151868.8 (0.0121) 67/642
[1A[1M  0.3073  151863.7 (0.0121) 68/642
[1A[1M  0.3126  151861.1 (0.0121) 69/642
[1A[1M  0.3178  151867.6 (0.0121) 70/642
[1A[1M  0.3231  151871.0 (0.0121) 71/642
[1A[1M  0.3284  151870.7 (0.0121) 72/642
[1A[1M  0.3338  151873.1 (0.0121) 73/642
[1A[1M  0.3391  151876.6 (0.0121) 74/642
[1A[1M  0.3445  151880.8 (0.0121) 75/642
[1A[1M  0.3499  151877.3 (0.0121) 76/642
[1A[1M  0.3553  151868.8 (0.0121) 77/642
[1A[1M  0.3607  151863.7 (0.0121) 78/642
[1A[1M  0.3662  151871.2 (0.0121) 79/642
[1A[1M  0.3716  151879.1 (0.0121) 80/642
[1A[1M  0.3771  151881.5 (0.0121) 81/642
[1A[1M  0.3826  151881.6 (0.0121) 82/642
[1A[1M  0.3882  151879.0 (0.0121) 83/642
[1A[1M  0.3938  151880.8 (0.0121) 84/642
[1A[1M  0.3993  151879.5 (0.0121) 85/642
[1A[1M  0.4049  151878.1 (0.0121) 86/642
[1A[1M  0.4106  151879.0 (0.0121) 87/642
[1A[1M  0.4162  151879.8 (0.0121) 88/642
[1A[1M  0.4219  151883.2 (0.0121) 89/642
[1A[1M  0.4276  151887.7 (0.0121) 90/642
[1A[1M  0.4333  151888.4 (0.0121) 91/642
[1A[1M  0.4391  151887.9 (0.0121) 92/642
[1A[1M  0.4448  151890.6 (0.0121) 93/642
[1A[1M  0.4506  151888.7 (0.0121) 94/642
[1A[1M  0.4564  151885.9 (0.0121) 95/642
[1A[1M  0.4623  151888.9 (0.0121) 96/642
[1A[1M  0.4681  151885.9 (0.0121) 97/642
[1A[1M  0.4740  151878.7 (0.0121) 98/642
[1A[1M  0.4799  151872.2 (0.0121) 99/642
[1A[1M  0.4859  151871.0 (0.0121) 100/642
[1A[1M  0.4918  151886.8 (0.0121) 101/642
[1A[1M  0.4978  151892.9 (0.0121) 102/642
[1A[1M  0.5038  151892.6 (0.0121) 103/642
[1A[1M  0.5098  151891.6 (0.0121) 104/642
[1A[1M  0.5159  151886.0 (0.0121) 105/642
[1A[1M  0.5220  151877.4 (0.0121) 106/642
[1A[1M  0.5281  151885.4 (0.0121) 107/642
[1A[1M  0.5342  151884.9 (0.0121) 108/642
[1A[1M  0.5403  151878.2 (0.0121) 109/642
[1A[1M  0.5465  151876.9 (0.0121) 110/642
[1A[1M  0.5527  151880.9 (0.0121) 111/642
[1A[1M  0.5589  151884.3 (0.0121) 112/642
[1A[1M  0.5652  151883.9 (0.0121) 113/642
[1A[1M  0.5715  151881.2 (0.0121) 114/642
[1A[1M  0.5778  151880.5 (0.0121) 115/642
[1A[1M  0.5841  151876.5 (0.0121) 116/642
[1A[1M  0.5904  151868.6 (0.0121) 117/642
[1A[1M  0.5968  151861.7 (0.0121) 118/642
[1A[1M  0.6032  151855.5 (0.0121) 119/642
[1A[1M  0.6096  151860.0 (0.0121) 120/642
[1A[1M  0.6161  151865.4 (0.0121) 121/642
[1A[1M  0.6226  151865.9 (0.0121) 122/642
[1A[1M  0.6291  151862.2 (0.0121) 123/642
[1A[1M  0.6356  151859.1 (0.0121) 124/642
[1A[1M  0.6421  151856.8 (0.0121) 125/642
[1A[1M  0.6487  151848.5 (0.0121) 126/642
[1A[1M  0.6553  151841.4 (0.0121) 127/642
[1A[1M  0.6620  151836.8 (0.0121) 128/642
[1A[1M  0.6686  151821.4 (0.0121) 129/642
[1A[1M  0.6753  151813.2 (0.0121) 130/642
[1A[1M  0.6820  151819.1 (0.0121) 131/642
[1A[1M  0.6888  151815.5 (0.0121) 132/642
[1A[1M  0.6955  151815.4 (0.0121) 133/642
[1A[1M  0.7023  151808.5 (0.0121) 134/642
[1A[1M  0.7092  151795.2 (0.7092) 135/642
[1A[1M  0.7160  151794.1 (0.7160) 136/642
[1A[1M  0.7229  151782.9 (0.7229) 137/642
[1A[1M  0.7298  151764.0 (0.7298) 138/642
[1A[1M  0.7367  151754.1 (0.7367) 139/642
[1A[1M  0.7437  151734.2 (0.7437) 140/642
[1A[1M  0.7507  151710.2 (0.7507) 141/642
[1A[1M  0.7577  151688.6 (0.7577) 142/642
[1A[1M  0.7647  151702.5 (0.7577) 143/642
[1A[1M  0.7718  151742.6 (0.7577) 144/642
[1A[1M  0.7789  151773.8 (0.7577) 145/642
[1A[1M  0.7860  151792.8 (0.7577) 146/642
[1A[1M  0.7932  151789.2 (0.7577) 147/642
[1A[1M  0.8004  151776.2 (0.7577) 148/642
[1A[1M  0.8076  151768.2 (0.7577) 149/642
[1A[1M  0.8148  151773.3 (0.7577) 150/642
[1A[1M  0.8221  151788.2 (0.7577) 151/642
[1A[1M  0.8294  151792.7 (0.7577) 152/642
[1A[1M  0.8368  151789.2 (0.7577) 153/642
[1A[1M  0.8441  151781.6 (0.7577) 154/642
[1A[1M  0.8515  151773.9 (0.7577) 155/642
[1A[1M  0.8589  151772.8 (0.7577) 156/642
[1A[1M  0.8664  151769.5 (0.7577) 157/642
[1A[1M  0.8739  151763.9 (0.7577) 158/642
[1A[1M  0.8814  151763.7 (0.7577) 159/642
[1A[1M  0.8889  151762.5 (0.7577) 160/642
[1A[1M  0.8965  151757.9 (0.7577) 161/642
[1A[1M  0.9041  151752.3 (0.7577) 162/642
[1A[1M  0.9117  151749.7 (0.7577) 163/642
[1A[1M  0.9194  151746.7 (0.7577) 164/642
[1A[1M  0.9271  151737.4 (0.7577) 165/642
[1A[1M  0.9348  151727.0 (0.7577) 166/642
[1A[1M  0.9425  151716.8 (0.7577) 167/642
[1A[1M  0.9503  151716.2 (0.7577) 168/642
[1A[1M  0.9581  151717.8 (0.7577) 169/642
[1A[1M  0.9660  151713.4 (0.7577) 170/642
[1A[1M  0.9739  151707.4 (0.7577) 171/642
[1A[1M  0.9818  151706.8 (0.7577) 172/642
[1A[1M  0.9897  151699.5 (0.7577) 173/642
[1A[1M  0.9977  151692.2 (0.7577) 174/642
[1A[1M  1.0057  151693.9 (0.7577) 175/642
[1A[1M  1.0138  151686.4 (1.0138) 176/642
[1A[1M  1.0218  151680.5 (1.0218) 177/642
[1A[1M  1.0299  151678.0 (1.0299) 178/642
[1A[1M  1.0381  151675.9 (1.0381) 179/642
[1A[1M  1.0462  151673.4 (1.0462) 180/642
[1A[1M  1.0544  151671.1 (1.0544) 181/642
[1A[1M  1.0627  151666.9 (1.0627) 182/642
[1A[1M  1.0709  151663.8 (1.0709) 183/642
[1A[1M  1.0792  151659.7 (1.0792) 184/642
[1A[1M  1.0876  151655.0 (1.0876) 185/642
[1A[1M  1.0959  151646.7 (1.0959) 186/642
[1A[1M  1.1043  151640.9 (1.1043) 187/642
[1A[1M  1.1128  151642.6 (1.1043) 188/642
[1A[1M  1.1212  151642.7 (1.1043) 189/642
[1A[1M  1.1297  151640.3 (1.1297) 190/642
[1A[1M  1.1383  151636.3 (1.1383) 191/642
[1A[1M  1.1468  151633.8 (1.1468) 192/642
[1A[1M  1.1555  151632.5 (1.1555) 193/642
[1A[1M  1.1641  151629.8 (1.1641) 194/642
[1A[1M  1.1728  151629.1 (1.1728) 195/642
[1A[1M  1.1815  151624.3 (1.1815) 196/642
[1A[1M  1.1902  151615.5 (1.1902) 197/642
[1A[1M  1.1990  151616.4 (1.1902) 198/642
[1A[1M  1.2078  151614.5 (1.2078) 199/642
[1A[1M  1.2167  151611.0 (1.2167) 200/642
[1A[1M  1.2255  151613.1 (1.2167) 201/642
[1A[1M  1.2345  151607.1 (1.2345) 202/642
[1A[1M  1.2434  151605.8 (1.2434) 203/642
[1A[1M  1.2524  151610.2 (1.2434) 204/642
[1A[1M  1.2614  151603.9 (1.2614) 205/642
[1A[1M  1.2705  151600.2 (1.2705) 206/642
[1A[1M  1.2796  151593.8 (1.2796) 207/642
[1A[1M  1.2887  151580.2 (1.2887) 208/642
[1A[1M  1.2979  151533.1 (1.2979) 209/642
[1A[1M  1.3071  151475.1 (1.3071) 210/642
[1A[1M  1.3164  151539.3 (1.3071) 211/642
[1A[1M  1.3257  151579.8 (1.3071) 212/642
[1A[1M  1.3350  151595.1 (1.3071) 213/642
[1A[1M  1.3443  151611.3 (1.3071) 214/642
[1A[1M  1.3537  151614.0 (1.3071) 215/642
[1A[1M  1.3632  151617.5 (1.3071) 216/642
[1A[1M  1.3726  151617.2 (1.3071) 217/642
[1A[1M  1.3821  151614.6 (1.3071) 218/642
[1A[1M  1.3917  151611.7 (1.3071) 219/642
[1A[1M  1.4013  151614.2 (1.3071) 220/642
[1A[1M  1.4109  151622.5 (1.3071) 221/642
[1A[1M  1.4206  151627.9 (1.3071) 222/642
[1A[1M  1.4303  151631.3 (1.3071) 223/642
[1A[1M  1.4400  151631.5 (1.3071) 224/642
[1A[1M  1.4498  151631.2 (1.3071) 225/642
[1A[1M  1.4596  151634.8 (1.3071) 226/642
[1A[1M  1.4695  151632.1 (1.3071) 227/642
[1A[1M  1.4794  151632.9 (1.3071) 228/642
[1A[1M  1.4893  151634.7 (1.3071) 229/642
[1A[1M  1.4993  151638.1 (1.3071) 230/642
[1A[1M  1.5093  151647.3 (1.3071) 231/642
[1A[1M  1.5193  151649.7 (1.3071) 232/642
[1A[1M  1.5294  151646.6 (1.3071) 233/642
[1A[1M  1.5396  151651.5 (1.3071) 234/642
[1A[1M  1.5498  151654.4 (1.3071) 235/642
[1A[1M  1.5600  151651.3 (1.3071) 236/642
[1A[1M  1.5702  151652.0 (1.3071) 237/642
[1A[1M  1.5805  151647.0 (1.3071) 238/642
[1A[1M  1.5909  151640.5 (1.3071) 239/642
[1A[1M  1.6013  151644.3 (1.3071) 240/642
[1A[1M  1.6117  151639.3 (1.3071) 241/642
[1A[1M  1.6222  151653.2 (1.3071) 242/642
[1A[1M  1.6327  151668.2 (1.3071) 243/642
[1A[1M  1.6432  151677.2 (1.3071) 244/642
[1A[1M  1.6538  151681.7 (1.3071) 245/642
[1A[1M  1.6645  151681.6 (1.3071) 246/642
[1A[1M  1.6751  151673.4 (1.3071) 247/642
[1A[1M  1.6859  151676.8 (1.3071) 248/642
[1A[1M  1.6966  151684.7 (1.3071) 249/642
[1A[1M  1.7074  151679.1 (1.3071) 250/642
[1A[1M  1.7183  151676.2 (1.3071) 251/642
[1A[1M  1.7292  151683.7 (1.3071) 252/642
[1A[1M  1.7401  151696.1 (1.3071) 253/642
[1A[1M  1.7511  151700.7 (1.3071) 254/642
[1A[1M  1.7621  151703.2 (1.3071) 255/642
[1A[1M  1.7732  151704.9 (1.3071) 256/642
[1A[1M  1.7843  151714.0 (1.3071) 257/642
[1A[1M  1.7955  151717.1 (1.3071) 258/642
[1A[1M  1.8067  151714.8 (1.3071) 259/642
[1A[1M  1.8179  151710.8 (1.3071) 260/642
[1A[1M  1.8292  151715.1 (1.3071) 261/642
[1A[1M  1.8406  151723.7 (1.3071) 262/642
[1A[1M  1.8519  151734.5 (1.3071) 263/642
[1A[1M  1.8634  151737.4 (1.3071) 264/642
[1A[1M  1.8748  151740.9 (1.3071) 265/642
[1A[1M  1.8864  151750.7 (1.3071) 266/642
[1A[1M  1.8979  151749.3 (1.3071) 267/642
[1A[1M  1.9096  151744.3 (1.3071) 268/642
[1A[1M  1.9212  151747.3 (1.3071) 269/642
[1A[1M  1.9329  151739.1 (1.3071) 270/642
[1A[1M  1.9447  151726.2 (1.3071) 271/642
[1A[1M  1.9565  151738.0 (1.3071) 272/642
[1A[1M  1.9683  151745.5 (1.3071) 273/642
[1A[1M  1.9802  151749.9 (1.3071) 274/642
[1A[1M  1.9922  151753.0 (1.3071) 275/642
[1A[1M  2.0042  151742.4 (1.3071) 276/642
[1A[1M  2.0162  151725.5 (1.3071) 277/642
[1A[1M  2.0283  151723.4 (1.3071) 278/642
[1A[1M  2.0404  151726.2 (1.3071) 279/642
[1A[1M  2.0526  151703.5 (1.3071) 280/642
[1A[1M  2.0649  151671.4 (1.3071) 281/642
[1A[1M  2.0771  151647.3 (1.3071) 282/642
[1A[1M  2.0895  151648.2 (1.3071) 283/642
[1A[1M  2.1019  151670.2 (1.3071) 284/642
[1A[1M  2.1143  151712.5 (1.3071) 285/642
[1A[1M  2.1268  151744.3 (1.3071) 286/642
[1A[1M  2.1393  151771.5 (1.3071) 287/642
[1A[1M  2.1519  151791.3 (1.3071) 288/642
[1A[1M  2.1645  151784.7 (1.3071) 289/642
[1A[1M  2.1772  151771.6 (1.3071) 290/642
[1A[1M  2.1899  151776.3 (1.3071) 291/642
[1A[1M  2.2027  151811.9 (1.3071) 292/642
[1A[1M  2.2156  151840.5 (1.3071) 293/642
[1A[1M  2.2284  151842.7 (1.3071) 294/642
[1A[1M  2.2414  151847.0 (1.3071) 295/642
[1A[1M  2.2544  151895.8 (1.3071) 296/642
[1A[1M  2.2674  151920.9 (1.3071) 297/642
[1A[1M  2.2805  151925.9 (1.3071) 298/642
[1A[1M  2.2937  151917.4 (1.3071) 299/642
[1A[1M  2.3069  151923.0 (1.3071) 300/642
[1A[1M  2.3201  151937.1 (1.3071) 301/642
[1A[1M  2.3334  151945.2 (1.3071) 302/642
[1A[1M  2.3468  151942.5 (1.3071) 303/642
[1A[1M  2.3602  151946.4 (1.3071) 304/642
[1A[1M  2.3737  151961.1 (1.3071) 305/642
[1A[1M  2.3872  151968.4 (1.3071) 306/642
[1A[1M  2.4008  151968.1 (1.3071) 307/642
[1A[1M  2.4144  151962.7 (1.3071) 308/642
[1A[1M  2.4281  151968.8 (1.3071) 309/642
[1A[1M  2.4418  151974.0 (1.3071) 310/642
[1A[1M  2.4556  151975.6 (1.3071) 311/642
[1A[1M  2.4695  151973.9 (1.3071) 312/642
[1A[1M  2.4834  151967.4 (1.3071) 313/642
[1A[1M  2.4973  151988.7 (1.3071) 314/642
[1A[1M  2.5113  152003.4 (1.3071) 315/642
[1A[1M  2.5254  152008.1 (1.3071) 316/642
[1A[1M  2.5396  152010.1 (1.3071) 317/642
[1A[1M  2.5537  152011.2 (1.3071) 318/642
[1A[1M  2.5680  152012.7 (1.3071) 319/642
[1A[1M  2.5823  152015.8 (1.3071) 320/642
[1A[1M  2.5966  152021.2 (1.3071) 321/642
[1A[1M  2.6111  152025.0 (1.3071) 322/642
[1A[1M  2.6255  152026.6 (1.3071) 323/642
[1A[1M  2.6401  152030.0 (1.3071) 324/642
[1A[1M  2.6546  152038.2 (1.3071) 325/642
[1A[1M  2.6693  152048.2 (1.3071) 326/642
[1A[1M  2.6840  152048.2 (1.3071) 327/642
[1A[1M  2.6988  152053.1 (1.3071) 328/642
[1A[1M  2.7136  152061.2 (1.3071) 329/642
[1A[1M  2.7285  152063.2 (1.3071) 330/642
[1A[1M  2.7434  152064.6 (1.3071) 331/642
[1A[1M  2.7584  152064.0 (1.3071) 332/642
[1A[1M  2.7735  152076.5 (1.3071) 333/642
[1A[1M  2.7886  152092.2 (1.3071) 334/642
[1A[1M  2.8038  152103.9 (1.3071) 335/642
[1A[1M  2.8190  152109.2 (1.3071) 336/642
[1A[1M  2.8344  152109.9 (1.3071) 337/642
[1A[1M  2.8497  152111.3 (1.3071) 338/642
[1A[1M  2.8651  152115.3 (1.3071) 339/642
[1A[1M  2.8806  152112.9 (1.3071) 340/642
[1A[1M  2.8962  152115.7 (1.3071) 341/642
[1A[1M  2.9118  152117.6 (1.3071) 342/642
[1A[1M  2.9275  152126.6 (1.3071) 343/642
[1A[1M  2.9432  152144.3 (1.3071) 344/642
[1A[1M  2.9590  152147.8 (1.3071) 345/642
[1A[1M  2.9749  152154.9 (1.3071) 346/642
[1A[1M  2.9908  152162.3 (1.3071) 347/642
[1A[1M  3.0068  152168.6 (1.3071) 348/642
[1A[1M  3.0229  152178.0 (1.3071) 349/642
[1A[1M  3.0390  152166.0 (1.3071) 350/642
[1A[1M  3.0552  152124.1 (1.3071) 351/642
[1A[1M  3.0715  152154.0 (1.3071) 352/642
[1A[1M  3.0878  152203.9 (1.3071) 353/642
[1A[1M  3.1042  152216.8 (1.3071) 354/642
[1A[1M  3.1206  152219.4 (1.3071) 355/642
[1A[1M  3.1371  152224.3 (1.3071) 356/642
[1A[1M  3.1537  152235.8 (1.3071) 357/642
[1A[1M  3.1704  152243.2 (1.3071) 358/642
[1A[1M  3.1871  152248.2 (1.3071) 359/642
[1A[1M  3.2038  152253.1 (1.3071) 360/642
[1A[1M  3.2207  152251.4 (1.3071) 361/642
[1A[1M  3.2376  152253.0 (1.3071) 362/642
[1A[1M  3.2546  152252.4 (1.3071) 363/642
[1A[1M  3.2716  152253.6 (1.3071) 364/642
[1A[1M  3.2888  152257.4 (1.3071) 365/642
[1A[1M  3.3060  152258.3 (1.3071) 366/642
[1A[1M  3.3232  152261.1 (1.3071) 367/642
[1A[1M  3.3405  152266.9 (1.3071) 368/642
[1A[1M  3.3579  152273.4 (1.3071) 369/642
[1A[1M  3.3754  152280.0 (1.3071) 370/642
[1A[1M  3.3929  152284.6 (1.3071) 371/642
[1A[1M  3.4106  152291.4 (1.3071) 372/642
[1A[1M  3.4282  152301.4 (1.3071) 373/642
[1A[1M  3.4460  152309.4 (1.3071) 374/642
[1A[1M  3.4638  152309.0 (1.3071) 375/642
[1A[1M  3.4817  152307.8 (1.3071) 376/642
[1A[1M  3.4997  152308.3 (1.3071) 377/642
[1A[1M  3.5177  152287.3 (1.3071) 378/642
[1A[1M  3.5358  152310.8 (1.3071) 379/642
[1A[1M  3.5540  152329.8 (1.3071) 380/642
[1A[1M  3.5722  152336.1 (1.3071) 381/642
[1A[1M  3.5906  152340.0 (1.3071) 382/642
[1A[1M  3.6089  152346.0 (1.3071) 383/642
[1A[1M  3.6274  152354.6 (1.3071) 384/642
[1A[1M  3.6460  152366.1 (1.3071) 385/642
[1A[1M  3.6646  152367.6 (1.3071) 386/642
[1A[1M  3.6833  152368.2 (1.3071) 387/642
[1A[1M  3.7021  152370.6 (1.3071) 388/642
[1A[1M  3.7209  152375.0 (1.3071) 389/642
[1A[1M  3.7398  152378.8 (1.3071) 390/642
[1A[1M  3.7588  152381.7 (1.3071) 391/642
[1A[1M  3.7779  152384.8 (1.3071) 392/642
[1A[1M  3.7970  152388.2 (1.3071) 393/642
[1A[1M  3.8163  152391.3 (1.3071) 394/642
[1A[1M  3.8356  152393.3 (1.3071) 395/642
[1A[1M  3.8550  152395.1 (1.3071) 396/642
[1A[1M  3.8744  152398.4 (1.3071) 397/642
[1A[1M  3.8940  152403.3 (1.3071) 398/642
[1A[1M  3.9136  152409.0 (1.3071) 399/642
[1A[1M  3.9333  152415.0 (1.3071) 400/642
[1A[1M  3.9530  152420.9 (1.3071) 401/642
[1A[1M  3.9729  152427.4 (1.3071) 402/642
[1A[1M  3.9928  154073.9 (1.3071) 403/642
[1A[1M  4.0128  154073.6 (1.3071) 404/642
[1A[1M  4.0329  154073.7 (1.3071) 405/642
[1A[1M  4.0531  154073.9 (1.3071) 406/642
[1A[1M  4.0733  154073.4 (1.3071) 407/642
[1A[1M  4.0937  154073.2 (1.3071) 408/642
[1A[1M  4.1141  154073.3 (1.3071) 409/642
[1A[1M  4.1346  154072.4 (1.3071) 410/642
[1A[1M  4.1552  154072.4 (1.3071) 411/642
[1A[1M  4.1758  154073.8 (1.3071) 412/642
[1A[1M  4.1966  154074.6 (1.3071) 413/642
[1A[1M  4.2174  154074.2 (1.3071) 414/642
[1A[1M  4.2383  154073.7 (1.3071) 415/642
[1A[1M  4.2593  154073.8 (1.3071) 416/642
[1A[1M  4.2804  154073.3 (1.3071) 417/642
[1A[1M  4.3016  154071.6 (1.3071) 418/642
[1A[1M  4.3228  154070.8 (1.3071) 419/642
[1A[1M  4.3441  154070.9 (1.3071) 420/642
[1A[1M  4.3656  154071.9 (1.3071) 421/642
[1A[1M  4.3871  154064.3 (1.3071) 422/642
[1A[1M  4.4087  154031.4 (1.3071) 423/642
[1A[1M  4.4303  154059.0 (1.3071) 424/642
[1A[1M  4.4521  154071.1 (1.3071) 425/642
[1A[1M  4.4739  154072.3 (1.3071) 426/642
[1A[1M  4.4959  154071.4 (1.3071) 427/642
[1A[1M  4.5179  154070.1 (1.3071) 428/642
[1A[1M  4.5400  154071.5 (1.3071) 429/642
[1A[1M  4.5622  154074.6 (1.3071) 430/642
[1A[1M  4.5845  154076.1 (1.3071) 431/642
[1A[1M  4.6069  154075.4 (1.3071) 432/642
[1A[1M  4.6294  154075.3 (1.3071) 433/642
[1A[1M  4.6519  154075.9 (1.3071) 434/642
[1A[1M  4.6746  154075.9 (1.3071) 435/642
[1A[1M  4.6973  154074.7 (1.3071) 436/642
[1A[1M  4.7202  154073.3 (1.3071) 437/642
[1A[1M  4.7431  154072.9 (1.3071) 438/642
[1A[1M  4.7661  154074.2 (1.3071) 439/642
[1A[1M  4.7892  154076.7 (1.3071) 440/642
[1A[1M  4.8124  154078.0 (1.3071) 441/642
[1A[1M  4.8357  154076.8 (1.3071) 442/642
[1A[1M  4.8591  154074.7 (1.3071) 443/642
[1A[1M  4.8826  154074.4 (1.3071) 444/642
[1A[1M  4.9062  154077.0 (1.3071) 445/642
[1A[1M  4.9299  154076.9 (1.3071) 446/642
[1A[1M  4.9536  154074.1 (1.3071) 447/642
[1A[1M  4.9775  154073.4 (1.3071) 448/642
[1A[1M  5.0014  154072.9 (1.3071) 449/642
[1A[1M  5.0255  154073.6 (1.3071) 450/642
[1A[1M  5.0496  154075.2 (1.3071) 451/642
[1A[1M  5.0739  154073.7 (1.3071) 452/642
[1A[1M  5.0982  154073.2 (1.3071) 453/642
[1A[1M  5.1227  154076.5 (1.3071) 454/642
[1A[1M  5.1472  154076.4 (1.3071) 455/642
[1A[1M  5.1719  154071.8 (1.3071) 456/642
[1A[1M  5.1966  154071.6 (1.3071) 457/642
[1A[1M  5.2214  154071.4 (1.3071) 458/642
[1A[1M  5.2464  154071.6 (1.3071) 459/642
[1A[1M  5.2714  154075.9 (1.3071) 460/642
[1A[1M  5.2965  154079.4 (1.3071) 461/642
[1A[1M  5.3218  154082.6 (1.3071) 462/642
[1A[1M  5.3471  154079.1 (1.3071) 463/642
[1A[1M  5.3726  154074.9 (1.3071) 464/642
[1A[1M  5.3981  154072.6 (1.3071) 465/642
[1A[1M  5.4237  154068.6 (1.3071) 466/642
[1A[1M  5.4495  154067.9 (1.3071) 467/642
[1A[1M  5.4753  154079.6 (1.3071) 468/642
[1A[1M  5.5013  154079.7 (1.3071) 469/642
[1A[1M  5.5273  154076.5 (1.3071) 470/642
[1A[1M  5.5535  154075.9 (1.3071) 471/642
[1A[1M  5.5798  154076.7 (1.3071) 472/642
[1A[1M  5.6061  154076.6 (1.3071) 473/642
[1A[1M  5.6326  154076.6 (1.3071) 474/642
[1A[1M  5.6592  154077.3 (1.3071) 475/642
[1A[1M  5.6859  154079.3 (1.3071) 476/642
[1A[1M  5.7127  154078.3 (1.3071) 477/642
[1A[1M  5.7396  154076.8 (1.3071) 478/642
[1A[1M  5.7666  154073.5 (1.3071) 479/642
[1A[1M  5.7937  154071.4 (1.3071) 480/642
[1A[1M  5.8210  154074.5 (1.3071) 481/642
[1A[1M  5.8483  154075.5 (1.3071) 482/642
[1A[1M  5.8757  154072.4 (1.3071) 483/642
[1A[1M  5.9033  154071.3 (1.3071) 484/642
[1A[1M  5.9310  154069.9 (1.3071) 485/642
[1A[1M  5.9588  154069.8 (1.3071) 486/642
[1A[1M  5.9866  154069.3 (1.3071) 487/642
[1A[1M  6.0146  154068.7 (1.3071) 488/642
[1A[1M  6.0428  154071.2 (1.3071) 489/642
[1A[1M  6.0710  154067.5 (1.3071) 490/642
[1A[1M  6.0993  154075.9 (1.3071) 491/642
[1A[1M  6.1278  154086.8 (1.3071) 492/642
[1A[1M  6.1563  154088.6 (1.3071) 493/642
[1A[1M  6.1850  154096.8 (1.3071) 494/642
[1A[1M  6.2138  154093.0 (1.3071) 495/642
[1A[1M  6.2427  154097.5 (1.3071) 496/642
[1A[1M  6.2718  154108.1 (1.3071) 497/642
[1A[1M  6.3009  154113.6 (1.3071) 498/642
[1A[1M  6.3302  154113.0 (1.3071) 499/642
[1A[1M  6.3596  154112.4 (1.3071) 500/642
[1A[1M  6.3891  154120.1 (1.3071) 501/642
[1A[1M  6.4187  154125.6 (1.3071) 502/642
[1A[1M  6.4484  154127.3 (1.3071) 503/642
[1A[1M  6.4783  154130.5 (1.3071) 504/642
[1A[1M  6.5082  154136.5 (1.3071) 505/642
[1A[1M  6.5383  154144.1 (1.3071) 506/642
[1A[1M  6.5685  154144.8 (1.3071) 507/642
[1A[1M  6.5989  154141.8 (1.3071) 508/642
[1A[1M  6.6293  154141.2 (1.3071) 509/642
[1A[1M  6.6599  154143.7 (1.3071) 510/642
[1A[1M  6.6906  154144.9 (1.3071) 511/642
[1A[1M  6.7214  154145.5 (1.3071) 512/642
[1A[1M  6.7524  154144.1 (1.3071) 513/642
[1A[1M  6.7835  154143.0 (1.3071) 514/642
[1A[1M  6.8146  154144.6 (1.3071) 515/642
[1A[1M  6.8460  154138.3 (1.3071) 516/642
[1A[1M  6.8774  154148.2 (1.3071) 517/642
[1A[1M  6.9090  154150.8 (1.3071) 518/642
[1A[1M  6.9407  154146.7 (1.3071) 519/642
[1A[1M  6.9725  154160.8 (1.3071) 520/642
[1A[1M  7.0045  154171.1 (1.3071) 521/642
[1A[1M  7.0366  154177.7 (1.3071) 522/642
[1A[1M  7.0688  154184.9 (1.3071) 523/642
[1A[1M  7.1011  154188.4 (1.3071) 524/642
[1A[1M  7.1336  154188.3 (1.3071) 525/642
[1A[1M  7.1662  154188.2 (1.3071) 526/642
[1A[1M  7.1989  154184.2 (1.3071) 527/642
[1A[1M  7.2318  154194.1 (1.3071) 528/642
[1A[1M  7.2648  154202.6 (1.3071) 529/642
[1A[1M  7.2979  154204.5 (1.3071) 530/642
[1A[1M  7.3311  154209.3 (1.3071) 531/642
[1A[1M  7.3645  154213.8 (1.3071) 532/642
[1A[1M  7.3981  154217.2 (1.3071) 533/642
[1A[1M  7.4317  154218.6 (1.3071) 534/642
[1A[1M  7.4655  154219.4 (1.3071) 535/642
[1A[1M  7.4994  154222.3 (1.3071) 536/642
[1A[1M  7.5335  154225.4 (1.3071) 537/642
[1A[1M  7.5677  154227.4 (1.3071) 538/642
[1A[1M  7.6020  154230.2 (1.3071) 539/642
[1A[1M  7.6365  154232.0 (1.3071) 540/642
[1A[1M  7.6711  154240.7 (1.3071) 541/642
[1A[1M  7.7059  154243.7 (1.3071) 542/642
[1A[1M  7.7408  154244.9 (1.3071) 543/642
[1A[1M  7.7758  154248.8 (1.3071) 544/642
[1A[1M  7.8110  154252.4 (1.3071) 545/642
[1A[1M  7.8463  154253.8 (1.3071) 546/642
[1A[1M  7.8818  154252.6 (1.3071) 547/642
[1A[1M  7.9174  154251.5 (1.3071) 548/642
[1A[1M  7.9531  154256.3 (1.3071) 549/642
[1A[1M  7.9890  154261.6 (1.3071) 550/642
[1A[1M  8.0250  154262.6 (1.3071) 551/642
[1A[1M  8.0612  154271.5 (1.3071) 552/642
[1A[1M  8.0975  154277.5 (1.3071) 553/642
[1A[1M  8.1340  154283.0 (1.3071) 554/642
[1A[1M  8.1706  154285.4 (1.3071) 555/642
[1A[1M  8.2073  154272.7 (1.3071) 556/642
[1A[1M  8.2442  154274.1 (1.3071) 557/642
[1A[1M  8.2813  154295.6 (1.3071) 558/642
[1A[1M  8.3185  154288.9 (1.3071) 559/642
[1A[1M  8.3558  154287.7 (1.3071) 560/642
[1A[1M  8.3933  154301.6 (1.3071) 561/642
[1A[1M  8.4310  154316.9 (1.3071) 562/642
[1A[1M  8.4688  154321.5 (1.3071) 563/642
[1A[1M  8.5067  154324.8 (1.3071) 564/642
[1A[1M  8.5448  154342.3 (1.3071) 565/642
[1A[1M  8.5831  154360.0 (1.3071) 566/642
[1A[1M  8.6215  154373.0 (1.3071) 567/642
[1A[1M  8.6601  154377.6 (1.3071) 568/642
[1A[1M  8.6988  154374.3 (1.3071) 569/642
[1A[1M  8.7377  154350.8 (1.3071) 570/642
[1A[1M  8.7767  154333.1 (1.3071) 571/642
[1A[1M  8.8159  154375.6 (1.3071) 572/642
[1A[1M  8.8552  154392.5 (1.3071) 573/642
[1A[1M  8.8947  154391.6 (1.3071) 574/642
[1A[1M  8.9344  154390.0 (1.3071) 575/642
[1A[1M  8.9742  154394.8 (1.3071) 576/642
[1A[1M  9.0142  154397.7 (1.3071) 577/642
[1A[1M  9.0543  154395.1 (1.3071) 578/642
[1A[1M  9.0946  154395.9 (1.3071) 579/642
[1A[1M  9.1351  154406.3 (1.3071) 580/642
[1A[1M  9.1757  154412.6 (1.3071) 581/642
[1A[1M  9.2165  154415.9 (1.3071) 582/642
[1A[1M  9.2574  154416.0 (1.3071) 583/642
[1A[1M  9.2985  154415.8 (1.3071) 584/642
[1A[1M  9.3398  154420.3 (1.3071) 585/642
[1A[1M  9.3812  154422.6 (1.3071) 586/642
[1A[1M  9.4228  154422.9 (1.3071) 587/642
[1A[1M  9.4646  154423.8 (1.3071) 588/642
[1A[1M  9.5066  154430.4 (1.3071) 589/642
[1A[1M  9.5487  154433.6 (1.3071) 590/642
[1A[1M  9.5910  154436.2 (1.3071) 591/642
[1A[1M  9.6334  154436.0 (1.3071) 592/642
[1A[1M  9.6760  154439.0 (1.3071) 593/642
[1A[1M  9.7188  154443.4 (1.3071) 594/642
[1A[1M  9.7618  154442.1 (1.3071) 595/642
[1A[1M  9.8049  154443.0 (1.3071) 596/642
[1A[1M  9.8482  154441.7 (1.3071) 597/642
[1A[1M  9.8917  154443.0 (1.3071) 598/642
[1A[1M  9.9353  154445.0 (1.3071) 599/642
[1A[1M  9.9792  154445.1 (1.3071) 600/642
[1A[1M  10.0232  154444.7 (1.3071) 601/642
[1A[1M  10.0674  154444.5 (1.3071) 602/642
[1A[1M  10.1117  154445.1 (1.3071) 603/642
[1A[1M  10.1563  154442.7 (1.3071) 604/642
[1A[1M  10.2010  154445.5 (1.3071) 605/642
[1A[1M  10.2459  154445.6 (1.3071) 606/642
[1A[1M  10.2909  154444.6 (1.3071) 607/642
[1A[1M  10.3362  154444.5 (1.3071) 608/642
[1A[1M  10.3816  154442.2 (1.3071) 609/642
[1A[1M  10.4272  154444.8 (1.3071) 610/642
[1A[1M  10.4730  154446.1 (1.3071) 611/642
[1A[1M  10.5190  154446.8 (1.3071) 612/642
[1A[1M  10.5652  154448.1 (1.3071) 613/642
[1A[1M  10.6115  154449.3 (1.3071) 614/642
[1A[1M  10.6581  154448.4 (1.3071) 615/642
[1A[1M  10.7048  154449.3 (1.3071) 616/642
[1A[1M  10.7517  154450.7 (1.3071) 617/642
[1A[1M  10.7988  154450.1 (1.3071) 618/642
[1A[1M  10.8461  154450.1 (1.3071) 619/642
[1A[1M  10.8936  154446.8 (1.3071) 620/642
[1A[1M  10.9413  154449.3 (1.3071) 621/642
[1A[1M  10.9891  154453.6 (1.3071) 622/642
[1A[1M  11.0372  154454.5 (1.3071) 623/642
[1A[1M  11.0854  154454.5 (1.3071) 624/642
[1A[1M  11.1339  154448.3 (1.3071) 625/642
[1A[1M  11.1825  154438.5 (1.3071) 626/642
[1A[1M  11.2313  154442.2 (1.3071) 627/642
[1A[1M  11.2803  154455.0 (1.3071) 628/642
[1A[1M  11.3296  154455.5 (1.3071) 629/642
[1A[1M  11.3790  154447.9 (1.3071) 630/642
[1A[1M  11.4286  154414.7 (1.3071) 631/642
[1A[1M  11.4784  154437.1 (1.3071) 632/642
[1A[1M  11.5284  154458.9 (1.3071) 633/642
[1A[1M  11.5786  154460.2 (1.3071) 634/642
[1A[1M  11.6291  154461.2 (1.3071) 635/642
[1A[1M  11.6797  154461.2 (1.3071) 636/642
[1A[1M  11.7305  154461.2 (1.3071) 637/642
[1A[1M  11.7815  154461.1 (1.3071) 638/642
[1A[1M  11.8327  154460.6 (1.3071) 639/642
[1A[1M  11.8842  154460.9 (1.3071) 640/642
[1A[1M  11.9358  154461.2 (1.3071) 641/642
[1A[1M  11.9877  154461.2 (1.3071) 642/642
First iteration: z_best=1.3071

[1A[1M- 1.2989  151524.2 (1.2989) 1/33
[1A[1M- 1.2994  151519.6 (1.2994) 2/33
[1A[1M- 1.2999  151514.9 (1.2999) 3/33
[1A[1M- 1.3004  151510.2 (1.3004) 4/33
[1A[1M- 1.3009  151505.6 (1.3009) 5/33
[1A[1M- 1.3014  151501.1 (1.3014) 6/33
[1A[1M- 1.3019  151496.8 (1.3019) 7/33
[1A[1M- 1.3024  151492.8 (1.3024) 8/33
[1A[1M- 1.3029  151489.0 (1.3029) 9/33
[1A[1M- 1.3034  151485.7 (1.3034) 10/33
[1A[1M- 1.3039  151482.8 (1.3039) 11/33
[1A[1M- 1.3044  151480.3 (1.3044) 12/33
[1A[1M- 1.3049  151478.2 (1.3049) 13/33
[1A[1M- 1.3054  151476.7 (1.3054) 14/33
[1A[1M- 1.3059  151475.6 (1.3059) 15/33
[1A[1M- 1.3064  151475.0 (1.3064) 16/33
[1A[1M- 1.3069  151474.9 (1.3069) 17/33
[1A[1M- 1.3074  151475.4 (1.3069) 18/33
[1A[1M- 1.3079  151476.4 (1.3069) 19/33
[1A[1M- 1.3084  151477.9 (1.3069) 20/33
[1A[1M- 1.3089  151479.9 (1.3069) 21/33
[1A[1M- 1.3094  151482.4 (1.3069) 22/33
[1A[1M- 1.3099  151485.3 (1.3069) 23/33
[1A[1M- 1.3104  151488.6 (1.3069) 24/33
[1A[1M- 1.3109  151492.2 (1.3069) 25/33
[1A[1M- 1.3114  151496.1 (1.3069) 26/33
[1A[1M- 1.3119  151500.2 (1.3069) 27/33
[1A[1M- 1.3124  151504.6 (1.3069) 28/33
[1A[1M- 1.3129  151509.0 (1.3069) 29/33
[1A[1M- 1.3134  151513.5 (1.3069) 30/33
[1A[1M- 1.3139  151518.1 (1.3069) 31/33
[1A[1M- 1.3144  151522.6 (1.3069) 32/33
[1A[1M- 1.3149  151527.0 (1.3069) 33/33
Drizzle line -> OII-7325 (4.82 2.42)
Drizzle line -> ArIII-7138 (0.22 0.33)
Drizzle line -> Ha   (2.69 0.34)
Drizzle line -> OI-6302 (0.59 0.41)
Drizzle line -> HeI-5877 (0.14 0.34)
Drizzle line -> OIII (7.35 0.78)
Drizzle line -> Hb   (1.28 0.39)
Drizzle line -> Hg   (0.62 0.41)
Drizzle line -> H9   (0.56 0.82)
Drizzle line -> NeIII-3867 (1.70 0.85)
Drizzle line -> OII  (1.80 0.67)
Get linemap PSF: F105W
Get linemap PSF: F125W
Get linemap PSF: F140W
Get linemap PSF: F160W
Finished 29499 24.7733
Changing to /home/rsimons/git/clear_local
