



###################
Parameters


field             GS4
mag_lim           25
mag_max           0
files_bool        True
retrieve_bool     False
prep_bool         False
model_bool        True
new_model         False
beams_bool        False
fit_bool          True
use_psf           False
fit_min_id        0
n_jobs            1
id_choose            29544
phot_scale_order  2
fit_without_phot  False
PATH_TO_SCRIPTS   /home/rsimons/git/clear_local
PATH_TO_CATS      /user/rsimons/grizli_extractions/Catalogs
PATH_TO_HOME      /user/rsimons/grizli_extractions
HOME_PATH         /user/rsimons/grizli_extractions/GS4




####################




Changing to /user/rsimons/grizli_extractions/GS4
Changing to /user/rsimons/grizli_extractions/GS4/j033236m2748/Prep
BUSH1-bfu-b1-077.0-F125W 2
BUSH3-bfu-bl-089.0-F098M 4
BUSH3-bfu-by-089.0-F105W 2
BUSH3-bfu-b3-089.0-F125W 2
BUSH3-bfu-by-089.0-F140W 2
FIGS-GS1-coi-1m-028.0-F105W 2
FIGS-GS1-coi-1n-028.0-F105W 2
FIGS-GS1-coi-1o-028.0-F105W 2
FIGS-GS1-coi-1p-028.0-F105W 2
FIGS-GS1-coi-1i-038.0-F105W 2
FIGS-GS1-coi-1j-038.0-F105W 2
FIGS-GS1-coi-1k-038.0-F105W 2
FIGS-GS1-coi-1l-038.0-F105W 2
FIGS-GS1-coi-1e-100.0-F105W 2
FIGS-GS1-coi-1f-100.0-F105W 2
FIGS-GS1-coi-1g-100.0-F105W 2
FIGS-GS1-coi-1h-100.0-F105W 2
FIGS-GS1-coi-1q-106.0-F105W 2
FIGS-GS1-coi-1r-106.0-F105W 2
FIGS-GS1-coi-1s-106.0-F105W 2
FIGS-GS1-coi-1t-106.0-F105W 2
FIGS-GS1-coi-1a-168.0-F105W 2
FIGS-GS1-coi-1b-168.0-F105W 2
FIGS-GS1-coi-1c-168.0-F105W 2
FIGS-GS1-coi-1d-168.0-F105W 2
FIGS-GS1-coi-1m-028.0-G102 8
FIGS-GS1-coi-1n-028.0-G102 8
FIGS-GS1-coi-1o-028.0-G102 8
FIGS-GS1-coi-1p-028.0-G102 8
FIGS-GS1-coi-1i-038.0-G102 8
FIGS-GS1-coi-1j-038.0-G102 8
FIGS-GS1-coi-1k-038.0-G102 8
FIGS-GS1-coi-1l-038.0-G102 8
FIGS-GS1-coi-1e-100.0-G102 8
FIGS-GS1-coi-1f-100.0-G102 8
FIGS-GS1-coi-1g-100.0-G102 8
FIGS-GS1-coi-1h-100.0-G102 8
FIGS-GS1-coi-1q-106.0-G102 8
FIGS-GS1-coi-1r-106.0-G102 8
FIGS-GS1-coi-1s-106.0-G102 8
FIGS-GS1-coi-1t-106.0-G102 8
FIGS-GS1-coi-1a-168.0-G102 8
FIGS-GS1-coi-1b-168.0-G102 8
FIGS-GS1-coi-1c-168.0-G102 8
FIGS-GS1-coi-1d-168.0-G102 8
goodss-32-bhj-32-131.0-F140W 4
goodss-32-bhj-32-131.0-G141 4
goodss-34-bhj-34-084.0-F140W 4
goodss-34-bhj-34-084.0-G141 4
goodss-36-bhj-36-084.0-F140W 4
goodss-36-bhj-36-084.0-G141 4
goodss-37-bhj-37-084.0-F140W 4
goodss-37-bhj-37-084.0-G141 4
goodss-38-bhj-38-084.0-F140W 4
goodss-38-bhj-38-084.0-G141 4
goodss-07-bhj-07-131.0-F140W 4
goodss-07-bhj-07-131.0-G141 4
goodss-08-bhj-08-131.0-F140W 4
goodss-08-bhj-08-131.0-G141 4
GS4-cxt-26-051.0-F105W 2
GS4-cxt-27-051.0-F105W 2
GS4-cxt-24-074.0-F105W 2
GS4-cxt-25-074.0-F105W 2
GS4-cxt-28-094.0-F105W 2
GS4-cxt-29-094.0-F105W 2
GS4-cxt-26-051.0-G102 4
GS4-cxt-27-051.0-G102 4
GS4-cxt-24-074.0-G102 4
GS4-cxt-25-074.0-G102 4
GS4-cxt-28-094.0-G102 4
GS4-cxt-29-094.0-G102 4
PRIMO-bfu-pa-137.0-F125W 1
PRIMO-bfu-pb-137.0-F125W 1
PRIMO-bfu-p5-166.0-F125W 2
PRIMO-bfu-pc-184.0-F125W 4
PRIMO-bfu-p7-201.0-F125W 4
PRIMO-bfu-p1-131.0-G141 6
PRIMO-bfu-pa-137.0-G141 6
PRIMO-bfu-pb-137.0-G141 6
par-j033241-274605-bfu-np-205.0-F125W 8
/home/rsimons/miniconda2/envs/grizli/lib/python3.5/site-packages/eazy/data/templates -> ./templates
/home/rsimons/miniconda2/envs/grizli/lib/python3.5/site-packages/eazy/data/filters/FILTER.RES.latest -> ./FILTER.RES.latest
Read default param file: /home/rsimons/miniconda2/envs/grizli/lib/python3.5/site-packages/eazy/data/zphot.param.default
Read CATALOG_FILE: /user/rsimons/grizli_extractions/Catalogs/goodss_3dhst.v4.4.cats/Catalog/goodss_3dhst.v4.4.cat
f_F160W e_F160W (205): hst/wfc3/IR/f160w.dat
f_U e_U (103): ESO/vimos_u.res
f_F435W e_F435W (  1): hst/ACS_update_sep07/wfc_f435w_t77.dat
f_F606Wcand e_F606Wcand (236): hst/ACS_update_sep07/wfc_f606w_t81.dat
f_F606W e_F606W (  4): hst/ACS_update_sep07/wfc_f606w_t77.dat
f_R e_R (260): ESO/VIMOS/R.dat
f_F775W e_F775W (  5): hst/ACS_update_sep07/wfc_f775w_t77.dat
f_F814Wcand e_F814Wcand (239): hst/ACS_update_sep07/wfc_f814w_t81.dat
f_F850LP e_F850LP (  7): hst/ACS_update_sep07/wfc_f850lp_t77.dat
f_F850LPcand e_F850LPcand (240): hst/ACS_update_sep07/wfc_f850lp_t81.dat
f_F125W e_F125W (203): hst/wfc3/IR/f125w.dat
f_J e_J ( 34): ESO/isaac_j.res
f_F140W e_F140W (204): hst/wfc3/IR/f140w.dat
f_H e_H ( 36): ESO/isaac_h.res
f_Ks e_Ks ( 37): ESO/isaac_ks.res
f_IRAC1 e_IRAC1 ( 18): IRAC/irac_tr1_2004-08-09.dat
f_IRAC2 e_IRAC2 ( 19): IRAC/irac_tr2_2004-08-09.dat
f_IRAC3 e_IRAC3 ( 20): IRAC/irac_tr3_2004-08-09.dat
f_IRAC4 e_IRAC4 ( 21): IRAC/irac_tr4_2004-08-09.dat
f_U38 e_U38 (107): ESO/wfi_BB_U38_ESO841.res
f_B e_B ( 46): musyc/B_cdfs_tot.dat
f_V e_V ( 50): musyc/V_cdfs_tot.dat
f_Rc e_Rc ( 54): musyc/R_cdfs_tot.dat
f_I e_I ( 58): musyc/I_cdfs_tot.dat
f_IA427 e_IA427 (181): Subaru_MB/IA427.dat
f_IA445 e_IA445 (182): Subaru_MB/IA445.dat
f_IA505 e_IA505 (185): Subaru_MB/IA505.dat
f_IA527 e_IA527 (186): Subaru_MB/IA527.dat
f_IA550 e_IA550 (187): Subaru_MB/IA550.dat
f_IA574 e_IA574 (188): Subaru_MB/IA574.dat
f_IA598 e_IA598 (189): Subaru_MB/IA598.dat
f_IA624 e_IA624 (190): Subaru_MB/IA624.dat
f_IA651 e_IA651 (191): Subaru_MB/IA651.dat
f_IA679 e_IA679 (192): Subaru_MB/IA679.dat
f_IA738 e_IA738 (194): Subaru_MB/IA738.dat
f_IA767 e_IA767 (195): Subaru_MB/IA768.dat
f_IA797 e_IA797 (196): Subaru_MB/IA797.dat
f_IA856 e_IA856 (198): Subaru_MB/IA856.dat
f_tenisJ e_tenisJ (220): WIRCam/cfh8101_J.txt
f_tenisK e_tenisK (222): WIRCam/cfh8302_Ks.txt
f_F105W e_F105W (202): hst/wfc3/IR/f105w.dat
Read PRIOR_FILE:  templates/prior_F160W_TAO.dat
Process template tweak_fsps_QSF_12_v3_001.dat.
Process template tweak_fsps_QSF_12_v3_002.dat.
Process template tweak_fsps_QSF_12_v3_003.dat.
Process template tweak_fsps_QSF_12_v3_004.dat.
Process template tweak_fsps_QSF_12_v3_005.dat.
Process template tweak_fsps_QSF_12_v3_006.dat.
Process template tweak_fsps_QSF_12_v3_007.dat.
Process template tweak_fsps_QSF_12_v3_008.dat.
Process template tweak_fsps_QSF_12_v3_009.dat.
Process template tweak_fsps_QSF_12_v3_010.dat.
Process template tweak_fsps_QSF_12_v3_011.dat.
Process template tweak_fsps_QSF_12_v3_012.dat.
Process templates: 25.678 s
Process template fsps/fsps_QSF_12_v3_nolines_001.dat.
Process template fsps/fsps_QSF_12_v3_nolines_002.dat.
Process template fsps/fsps_QSF_12_v3_nolines_003.dat.
Process template fsps/fsps_QSF_12_v3_nolines_004.dat.
Process template fsps/fsps_QSF_12_v3_nolines_005.dat.
Process template fsps/fsps_QSF_12_v3_nolines_006.dat.
Process template fsps/fsps_QSF_12_v3_nolines_007.dat.
Process template fsps/fsps_QSF_12_v3_nolines_008.dat.
Process template fsps/fsps_QSF_12_v3_nolines_009.dat.
Process template fsps/fsps_QSF_12_v3_nolines_010.dat.
Process template fsps/fsps_QSF_12_v3_nolines_011.dat.
Process template fsps/fsps_QSF_12_v3_nolines_012.dat.
Process template line Ha+NII+SII+SIII+He+PaB.
Process template line OIII+Hb+Hg+Hd.
Process template line OII+Ne.
Process template line Gal-UV-lines.
Reading in beams.fits file for 29544
1 ibhj32qvq_flt.fits G141
2 ibhj32r2q_flt.fits G141
3 ibhj32r9q_flt.fits G141
4 ibhj32rgq_flt.fits G141
creating poly_templates...
drizzle_grisms_and_PAs...
reading phot...
doing fit...
1 ibhj32qvq_flt.fits G141
2 ibhj32r2q_flt.fits G141
3 ibhj32r9q_flt.fits G141
4 ibhj32rgq_flt.fits G141
User templates! N=16 

[1A[1M  0.0000  134873.6 (0.0000) 1/642
[1A[1M  0.0040  134873.6 (0.0000) 2/642
[1A[1M  0.0080  134873.6 (0.0000) 3/642
[1A[1M  0.0121  132461.5 (0.0121) 4/642
[1A[1M  0.0161  132459.5 (0.0161) 5/642
[1A[1M  0.0202  132454.1 (0.0202) 6/642
[1A[1M  0.0243  132450.2 (0.0243) 7/642
[1A[1M  0.0284  132449.4 (0.0284) 8/642
[1A[1M  0.0325  132450.3 (0.0284) 9/642
[1A[1M  0.0367  132452.2 (0.0284) 10/642
[1A[1M  0.0408  132453.8 (0.0284) 11/642
[1A[1M  0.0450  132454.7 (0.0284) 12/642
[1A[1M  0.0492  132455.2 (0.0284) 13/642
[1A[1M  0.0534  132455.2 (0.0284) 14/642
[1A[1M  0.0576  132457.3 (0.0284) 15/642
[1A[1M  0.0618  132460.3 (0.0284) 16/642
[1A[1M  0.0661  132456.8 (0.0284) 17/642
[1A[1M  0.0704  132448.9 (0.0704) 18/642
[1A[1M  0.0747  132442.5 (0.0747) 19/642
[1A[1M  0.0790  132439.9 (0.0790) 20/642
[1A[1M  0.0833  132438.0 (0.0833) 21/642
[1A[1M  0.0876  132433.6 (0.0876) 22/642
[1A[1M  0.0920  132430.0 (0.0920) 23/642
[1A[1M  0.0964  132429.4 (0.0964) 24/642
[1A[1M  0.1008  132428.9 (0.1008) 25/642
[1A[1M  0.1052  132427.9 (0.1052) 26/642
[1A[1M  0.1096  132426.4 (0.1096) 27/642
[1A[1M  0.1140  132424.1 (0.1140) 28/642
[1A[1M  0.1185  132421.0 (0.1185) 29/642
[1A[1M  0.1230  132417.8 (0.1230) 30/642
[1A[1M  0.1275  132414.9 (0.1275) 31/642
[1A[1M  0.1320  132412.9 (0.1320) 32/642
[1A[1M  0.1366  132411.5 (0.1366) 33/642
[1A[1M  0.1411  132409.3 (0.1411) 34/642
[1A[1M  0.1457  132404.5 (0.1457) 35/642
[1A[1M  0.1503  132399.3 (0.1503) 36/642
[1A[1M  0.1549  132397.0 (0.1549) 37/642
[1A[1M  0.1595  132394.9 (0.1595) 38/642
[1A[1M  0.1642  132395.4 (0.1595) 39/642
[1A[1M  0.1688  132397.0 (0.1595) 40/642
[1A[1M  0.1735  132397.0 (0.1595) 41/642
[1A[1M  0.1782  132395.9 (0.1595) 42/642
[1A[1M  0.1829  132395.6 (0.1595) 43/642
[1A[1M  0.1877  132395.4 (0.1595) 44/642
[1A[1M  0.1924  132396.1 (0.1595) 45/642
[1A[1M  0.1972  132397.9 (0.1595) 46/642
[1A[1M  0.2020  132400.6 (0.1595) 47/642
[1A[1M  0.2068  132402.0 (0.1595) 48/642
[1A[1M  0.2117  132401.3 (0.1595) 49/642
[1A[1M  0.2165  132398.8 (0.1595) 50/642
[1A[1M  0.2214  132398.1 (0.1595) 51/642
[1A[1M  0.2263  132397.8 (0.1595) 52/642
[1A[1M  0.2312  132397.8 (0.1595) 53/642
[1A[1M  0.2361  132398.0 (0.1595) 54/642
[1A[1M  0.2411  132398.3 (0.1595) 55/642
[1A[1M  0.2461  132399.0 (0.1595) 56/642
[1A[1M  0.2511  132398.1 (0.1595) 57/642
[1A[1M  0.2561  132395.9 (0.1595) 58/642
[1A[1M  0.2611  132397.0 (0.1595) 59/642
[1A[1M  0.2662  132397.1 (0.1595) 60/642
[1A[1M  0.2712  132396.1 (0.1595) 61/642
[1A[1M  0.2763  132392.5 (0.2763) 62/642
[1A[1M  0.2815  132389.9 (0.2815) 63/642
[1A[1M  0.2866  132390.0 (0.2815) 64/642
[1A[1M  0.2918  132394.2 (0.2815) 65/642
[1A[1M  0.2969  132396.7 (0.2815) 66/642
[1A[1M  0.3021  132398.1 (0.2815) 67/642
[1A[1M  0.3073  132401.7 (0.2815) 68/642
[1A[1M  0.3126  132404.7 (0.2815) 69/642
[1A[1M  0.3178  132407.1 (0.2815) 70/642
[1A[1M  0.3231  132410.5 (0.2815) 71/642
[1A[1M  0.3284  132413.5 (0.2815) 72/642
[1A[1M  0.3338  132419.9 (0.2815) 73/642
[1A[1M  0.3391  132426.7 (0.2815) 74/642
[1A[1M  0.3445  132430.1 (0.2815) 75/642
[1A[1M  0.3499  132431.4 (0.2815) 76/642
[1A[1M  0.3553  132433.9 (0.2815) 77/642
[1A[1M  0.3607  132438.0 (0.2815) 78/642
[1A[1M  0.3662  132441.3 (0.2815) 79/642
[1A[1M  0.3716  132443.6 (0.2815) 80/642
[1A[1M  0.3771  132445.9 (0.2815) 81/642
[1A[1M  0.3826  132444.6 (0.2815) 82/642
[1A[1M  0.3882  132441.0 (0.2815) 83/642
[1A[1M  0.3938  132440.0 (0.2815) 84/642
[1A[1M  0.3993  132448.0 (0.2815) 85/642
[1A[1M  0.4049  132460.2 (0.2815) 86/642
[1A[1M  0.4106  132470.4 (0.2815) 87/642
[1A[1M  0.4162  132476.6 (0.2815) 88/642
[1A[1M  0.4219  132478.6 (0.2815) 89/642
[1A[1M  0.4276  132482.2 (0.2815) 90/642
[1A[1M  0.4333  132486.0 (0.2815) 91/642
[1A[1M  0.4391  132485.3 (0.2815) 92/642
[1A[1M  0.4448  132488.0 (0.2815) 93/642
[1A[1M  0.4506  132493.8 (0.2815) 94/642
[1A[1M  0.4564  132500.3 (0.2815) 95/642
[1A[1M  0.4623  132505.9 (0.2815) 96/642
[1A[1M  0.4681  132510.7 (0.2815) 97/642
[1A[1M  0.4740  132515.3 (0.2815) 98/642
[1A[1M  0.4799  132520.3 (0.2815) 99/642
[1A[1M  0.4859  132526.1 (0.2815) 100/642
[1A[1M  0.4918  132530.4 (0.2815) 101/642
[1A[1M  0.4978  132534.1 (0.2815) 102/642
[1A[1M  0.5038  132535.9 (0.2815) 103/642
[1A[1M  0.5098  132535.2 (0.2815) 104/642
[1A[1M  0.5159  132536.0 (0.2815) 105/642
[1A[1M  0.5220  132538.4 (0.2815) 106/642
[1A[1M  0.5281  132543.8 (0.2815) 107/642
[1A[1M  0.5342  132549.1 (0.2815) 108/642
[1A[1M  0.5403  132552.3 (0.2815) 109/642
[1A[1M  0.5465  132555.2 (0.2815) 110/642
[1A[1M  0.5527  132558.7 (0.2815) 111/642
[1A[1M  0.5589  132561.7 (0.2815) 112/642
[1A[1M  0.5652  132567.7 (0.2815) 113/642
[1A[1M  0.5715  132574.4 (0.2815) 114/642
[1A[1M  0.5778  132577.4 (0.2815) 115/642
[1A[1M  0.5841  132577.7 (0.2815) 116/642
[1A[1M  0.5904  132583.0 (0.2815) 117/642
[1A[1M  0.5968  132590.5 (0.2815) 118/642
[1A[1M  0.6032  132596.3 (0.2815) 119/642
[1A[1M  0.6096  132600.0 (0.2815) 120/642
[1A[1M  0.6161  132603.5 (0.2815) 121/642
[1A[1M  0.6226  132607.7 (0.2815) 122/642
[1A[1M  0.6291  132612.1 (0.2815) 123/642
[1A[1M  0.6356  132614.6 (0.2815) 124/642
[1A[1M  0.6421  132618.6 (0.2815) 125/642
[1A[1M  0.6487  132623.5 (0.2815) 126/642
[1A[1M  0.6553  132628.9 (0.2815) 127/642
[1A[1M  0.6620  132632.1 (0.2815) 128/642
[1A[1M  0.6686  132633.5 (0.2815) 129/642
[1A[1M  0.6753  132634.2 (0.2815) 130/642
[1A[1M  0.6820  132635.6 (0.2815) 131/642
[1A[1M  0.6888  132639.6 (0.2815) 132/642
[1A[1M  0.6955  132649.3 (0.2815) 133/642
[1A[1M  0.7023  132662.1 (0.2815) 134/642
[1A[1M  0.7092  132670.9 (0.2815) 135/642
[1A[1M  0.7160  132675.5 (0.2815) 136/642
[1A[1M  0.7229  132678.8 (0.2815) 137/642
[1A[1M  0.7298  132686.3 (0.2815) 138/642
[1A[1M  0.7367  132695.9 (0.2815) 139/642
[1A[1M  0.7437  132702.5 (0.2815) 140/642
[1A[1M  0.7507  132705.6 (0.2815) 141/642
[1A[1M  0.7577  132707.2 (0.2815) 142/642
[1A[1M  0.7647  132708.6 (0.2815) 143/642
[1A[1M  0.7718  132716.0 (0.2815) 144/642
[1A[1M  0.7789  132722.1 (0.2815) 145/642
[1A[1M  0.7860  132724.9 (0.2815) 146/642
[1A[1M  0.7932  132727.0 (0.2815) 147/642
[1A[1M  0.8004  132728.8 (0.2815) 148/642
[1A[1M  0.8076  132730.6 (0.2815) 149/642
[1A[1M  0.8148  132733.2 (0.2815) 150/642
[1A[1M  0.8221  132735.7 (0.2815) 151/642
[1A[1M  0.8294  132737.9 (0.2815) 152/642
[1A[1M  0.8368  132740.8 (0.2815) 153/642
[1A[1M  0.8441  132743.6 (0.2815) 154/642
[1A[1M  0.8515  132745.8 (0.2815) 155/642
[1A[1M  0.8589  132748.3 (0.2815) 156/642
[1A[1M  0.8664  132750.3 (0.2815) 157/642
[1A[1M  0.8739  132751.4 (0.2815) 158/642
[1A[1M  0.8814  132752.8 (0.2815) 159/642
[1A[1M  0.8889  132754.7 (0.2815) 160/642
[1A[1M  0.8965  132756.5 (0.2815) 161/642
[1A[1M  0.9041  132758.0 (0.2815) 162/642
[1A[1M  0.9117  132759.6 (0.2815) 163/642
[1A[1M  0.9194  132761.2 (0.2815) 164/642
[1A[1M  0.9271  132763.3 (0.2815) 165/642
[1A[1M  0.9348  132765.7 (0.2815) 166/642
[1A[1M  0.9425  132768.5 (0.2815) 167/642
[1A[1M  0.9503  132771.8 (0.2815) 168/642
[1A[1M  0.9581  132776.0 (0.2815) 169/642
[1A[1M  0.9660  132780.2 (0.2815) 170/642
[1A[1M  0.9739  132784.0 (0.2815) 171/642
[1A[1M  0.9818  132787.5 (0.2815) 172/642
[1A[1M  0.9897  132790.6 (0.2815) 173/642
[1A[1M  0.9977  132793.3 (0.2815) 174/642
[1A[1M  1.0057  132796.0 (0.2815) 175/642
[1A[1M  1.0138  132800.0 (0.2815) 176/642
[1A[1M  1.0218  132804.7 (0.2815) 177/642
[1A[1M  1.0299  132808.2 (0.2815) 178/642
[1A[1M  1.0381  132810.9 (0.2815) 179/642
[1A[1M  1.0462  132813.6 (0.2815) 180/642
[1A[1M  1.0544  132816.8 (0.2815) 181/642
[1A[1M  1.0627  132820.7 (0.2815) 182/642
[1A[1M  1.0709  132824.4 (0.2815) 183/642
[1A[1M  1.0792  132828.2 (0.2815) 184/642
[1A[1M  1.0876  132832.8 (0.2815) 185/642
[1A[1M  1.0959  132837.2 (0.2815) 186/642
[1A[1M  1.1043  132840.7 (0.2815) 187/642
[1A[1M  1.1128  132843.4 (0.2815) 188/642
[1A[1M  1.1212  132846.2 (0.2815) 189/642
[1A[1M  1.1297  132849.3 (0.2815) 190/642
[1A[1M  1.1383  132846.0 (0.2815) 191/642
[1A[1M  1.1468  132848.4 (0.2815) 192/642
[1A[1M  1.1555  132849.7 (0.2815) 193/642
[1A[1M  1.1641  132851.1 (0.2815) 194/642
[1A[1M  1.1728  132852.3 (0.2815) 195/642
[1A[1M  1.1815  132853.0 (0.2815) 196/642
[1A[1M  1.1902  132850.6 (0.2815) 197/642
[1A[1M  1.1990  132841.1 (0.2815) 198/642
[1A[1M  1.2078  132833.3 (0.2815) 199/642
[1A[1M  1.2167  132829.7 (0.2815) 200/642
[1A[1M  1.2255  132830.0 (0.2815) 201/642
[1A[1M  1.2345  132834.5 (0.2815) 202/642
[1A[1M  1.2434  132840.7 (0.2815) 203/642
[1A[1M  1.2524  132843.1 (0.2815) 204/642
[1A[1M  1.2614  132847.0 (0.2815) 205/642
[1A[1M  1.2705  132854.2 (0.2815) 206/642
[1A[1M  1.2796  132858.9 (0.2815) 207/642
[1A[1M  1.2887  132861.7 (0.2815) 208/642
[1A[1M  1.2979  132864.6 (0.2815) 209/642
[1A[1M  1.3071  132865.8 (0.2815) 210/642
[1A[1M  1.3164  132865.2 (0.2815) 211/642
[1A[1M  1.3257  132870.2 (0.2815) 212/642
[1A[1M  1.3350  132876.1 (0.2815) 213/642
[1A[1M  1.3443  132881.2 (0.2815) 214/642
[1A[1M  1.3537  132883.9 (0.2815) 215/642
[1A[1M  1.3632  132885.2 (0.2815) 216/642
[1A[1M  1.3726  132886.8 (0.2815) 217/642
[1A[1M  1.3821  132888.4 (0.2815) 218/642
[1A[1M  1.3917  132889.4 (0.2815) 219/642
[1A[1M  1.4013  132890.1 (0.2815) 220/642
[1A[1M  1.4109  132890.8 (0.2815) 221/642
[1A[1M  1.4206  132891.9 (0.2815) 222/642
[1A[1M  1.4303  132893.5 (0.2815) 223/642
[1A[1M  1.4400  132894.6 (0.2815) 224/642
[1A[1M  1.4498  132896.0 (0.2815) 225/642
[1A[1M  1.4596  132897.7 (0.2815) 226/642
[1A[1M  1.4695  132898.6 (0.2815) 227/642
[1A[1M  1.4794  132900.2 (0.2815) 228/642
[1A[1M  1.4893  132903.0 (0.2815) 229/642
[1A[1M  1.4993  132906.9 (0.2815) 230/642
[1A[1M  1.5093  132911.9 (0.2815) 231/642
[1A[1M  1.5193  132916.9 (0.2815) 232/642
[1A[1M  1.5294  132920.1 (0.2815) 233/642
[1A[1M  1.5396  132922.6 (0.2815) 234/642
[1A[1M  1.5498  132928.8 (0.2815) 235/642
[1A[1M  1.5600  132938.1 (0.2815) 236/642
[1A[1M  1.5702  132943.6 (0.2815) 237/642
[1A[1M  1.5805  132949.9 (0.2815) 238/642
[1A[1M  1.5909  132954.4 (0.2815) 239/642
[1A[1M  1.6013  132956.7 (0.2815) 240/642
[1A[1M  1.6117  132958.1 (0.2815) 241/642
[1A[1M  1.6222  132958.4 (0.2815) 242/642
[1A[1M  1.6327  132958.5 (0.2815) 243/642
[1A[1M  1.6432  132961.4 (0.2815) 244/642
[1A[1M  1.6538  132960.9 (0.2815) 245/642
[1A[1M  1.6645  132960.2 (0.2815) 246/642
[1A[1M  1.6751  132959.1 (0.2815) 247/642
[1A[1M  1.6859  132957.9 (0.2815) 248/642
[1A[1M  1.6966  132956.6 (0.2815) 249/642
[1A[1M  1.7074  132955.3 (0.2815) 250/642
[1A[1M  1.7183  132954.9 (0.2815) 251/642
[1A[1M  1.7292  132954.7 (0.2815) 252/642
[1A[1M  1.7401  132953.3 (0.2815) 253/642
[1A[1M  1.7511  132951.3 (0.2815) 254/642
[1A[1M  1.7621  132948.5 (0.2815) 255/642
[1A[1M  1.7732  132895.6 (0.2815) 256/642
[1A[1M  1.7843  132896.7 (0.2815) 257/642
[1A[1M  1.7955  132897.6 (0.2815) 258/642
[1A[1M  1.8067  132896.3 (0.2815) 259/642
[1A[1M  1.8179  132894.8 (0.2815) 260/642
[1A[1M  1.8292  132893.7 (0.2815) 261/642
[1A[1M  1.8406  132891.9 (0.2815) 262/642
[1A[1M  1.8519  132889.1 (0.2815) 263/642
[1A[1M  1.8634  132886.5 (0.2815) 264/642
[1A[1M  1.8748  132884.3 (0.2815) 265/642
[1A[1M  1.8864  132883.9 (0.2815) 266/642
[1A[1M  1.8979  132882.7 (0.2815) 267/642
[1A[1M  1.9096  132880.1 (0.2815) 268/642
[1A[1M  1.9212  132870.9 (0.2815) 269/642
[1A[1M  1.9329  132861.2 (0.2815) 270/642
[1A[1M  1.9447  132853.9 (0.2815) 271/642
[1A[1M  1.9565  132848.1 (0.2815) 272/642
[1A[1M  1.9683  132842.4 (0.2815) 273/642
[1A[1M  1.9802  132836.3 (0.2815) 274/642
[1A[1M  1.9922  132834.3 (0.2815) 275/642
[1A[1M  2.0042  132848.5 (0.2815) 276/642
[1A[1M  2.0162  132863.9 (0.2815) 277/642
[1A[1M  2.0283  132865.6 (0.2815) 278/642
[1A[1M  2.0404  132870.0 (0.2815) 279/642
[1A[1M  2.0526  132878.3 (0.2815) 280/642
[1A[1M  2.0649  132879.9 (0.2815) 281/642
[1A[1M  2.0771  132870.5 (0.2815) 282/642
[1A[1M  2.0895  132856.9 (0.2815) 283/642
[1A[1M  2.1019  132843.8 (0.2815) 284/642
[1A[1M  2.1143  132837.7 (0.2815) 285/642
[1A[1M  2.1268  132839.8 (0.2815) 286/642
[1A[1M  2.1393  132839.0 (0.2815) 287/642
[1A[1M  2.1519  132837.3 (0.2815) 288/642
[1A[1M  2.1645  132833.7 (0.2815) 289/642
[1A[1M  2.1772  132832.7 (0.2815) 290/642
[1A[1M  2.1899  132829.3 (0.2815) 291/642
[1A[1M  2.2027  132823.6 (0.2815) 292/642
[1A[1M  2.2156  132820.1 (0.2815) 293/642
[1A[1M  2.2284  132820.4 (0.2815) 294/642
[1A[1M  2.2414  132822.6 (0.2815) 295/642
[1A[1M  2.2544  132823.7 (0.2815) 296/642
[1A[1M  2.2674  132822.9 (0.2815) 297/642
[1A[1M  2.2805  132821.4 (0.2815) 298/642
[1A[1M  2.2937  132822.0 (0.2815) 299/642
[1A[1M  2.3069  132823.9 (0.2815) 300/642
[1A[1M  2.3201  132823.5 (0.2815) 301/642
[1A[1M  2.3334  132822.2 (0.2815) 302/642
[1A[1M  2.3468  132821.6 (0.2815) 303/642
[1A[1M  2.3602  132820.4 (0.2815) 304/642
[1A[1M  2.3737  132816.7 (0.2815) 305/642
[1A[1M  2.3872  132810.7 (0.2815) 306/642
[1A[1M  2.4008  132804.4 (0.2815) 307/642
[1A[1M  2.4144  132798.8 (0.2815) 308/642
[1A[1M  2.4281  132792.1 (0.2815) 309/642
[1A[1M  2.4418  132784.5 (0.2815) 310/642
[1A[1M  2.4556  132776.1 (0.2815) 311/642
[1A[1M  2.4695  132766.5 (0.2815) 312/642
[1A[1M  2.4834  132756.7 (0.2815) 313/642
[1A[1M  2.4973  132748.2 (0.2815) 314/642
[1A[1M  2.5113  132741.2 (0.2815) 315/642
[1A[1M  2.5254  132735.5 (0.2815) 316/642
[1A[1M  2.5396  132728.8 (0.2815) 317/642
[1A[1M  2.5537  132718.8 (0.2815) 318/642
[1A[1M  2.5680  132707.6 (0.2815) 319/642
[1A[1M  2.5823  132697.2 (0.2815) 320/642
[1A[1M  2.5966  132686.2 (0.2815) 321/642
[1A[1M  2.6111  132675.6 (0.2815) 322/642
[1A[1M  2.6255  132666.4 (0.2815) 323/642
[1A[1M  2.6401  132657.0 (0.2815) 324/642
[1A[1M  2.6546  132647.1 (0.2815) 325/642
[1A[1M  2.6693  132636.6 (0.2815) 326/642
[1A[1M  2.6840  132626.2 (0.2815) 327/642
[1A[1M  2.6988  132616.2 (0.2815) 328/642
[1A[1M  2.7136  132606.0 (0.2815) 329/642
[1A[1M  2.7285  132594.7 (0.2815) 330/642
[1A[1M  2.7434  132583.8 (0.2815) 331/642
[1A[1M  2.7584  132571.6 (0.2815) 332/642
[1A[1M  2.7735  132561.5 (0.2815) 333/642
[1A[1M  2.7886  132556.0 (0.2815) 334/642
[1A[1M  2.8038  132552.7 (0.2815) 335/642
[1A[1M  2.8190  132555.9 (0.2815) 336/642
[1A[1M  2.8344  132551.2 (0.2815) 337/642
[1A[1M  2.8497  132545.0 (0.2815) 338/642
[1A[1M  2.8651  132539.1 (0.2815) 339/642
[1A[1M  2.8806  132534.0 (0.2815) 340/642
[1A[1M  2.8962  132528.0 (0.2815) 341/642
[1A[1M  2.9118  132523.7 (0.2815) 342/642
[1A[1M  2.9275  132521.5 (0.2815) 343/642
[1A[1M  2.9432  132518.2 (0.2815) 344/642
[1A[1M  2.9590  132516.9 (0.2815) 345/642
[1A[1M  2.9749  132517.2 (0.2815) 346/642
[1A[1M  2.9908  132516.7 (0.2815) 347/642
[1A[1M  3.0068  132513.1 (0.2815) 348/642
[1A[1M  3.0229  132507.3 (0.2815) 349/642
[1A[1M  3.0390  132503.1 (0.2815) 350/642
[1A[1M  3.0552  132503.1 (0.2815) 351/642
[1A[1M  3.0715  132501.7 (0.2815) 352/642
[1A[1M  3.0878  132500.4 (0.2815) 353/642
[1A[1M  3.1042  132501.0 (0.2815) 354/642
[1A[1M  3.1206  132503.1 (0.2815) 355/642
[1A[1M  3.1371  132506.9 (0.2815) 356/642
[1A[1M  3.1537  132512.9 (0.2815) 357/642
[1A[1M  3.1704  132518.4 (0.2815) 358/642
[1A[1M  3.1871  132523.5 (0.2815) 359/642
[1A[1M  3.2038  132529.4 (0.2815) 360/642
[1A[1M  3.2207  132535.2 (0.2815) 361/642
[1A[1M  3.2376  132540.7 (0.2815) 362/642
[1A[1M  3.2546  132544.3 (0.2815) 363/642
[1A[1M  3.2716  132547.4 (0.2815) 364/642
[1A[1M  3.2888  132553.1 (0.2815) 365/642
[1A[1M  3.3060  132558.8 (0.2815) 366/642
[1A[1M  3.3232  132564.2 (0.2815) 367/642
[1A[1M  3.3405  132569.6 (0.2815) 368/642
[1A[1M  3.3579  132573.5 (0.2815) 369/642
[1A[1M  3.3754  132578.1 (0.2815) 370/642
[1A[1M  3.3929  132589.1 (0.2815) 371/642
[1A[1M  3.4106  132599.1 (0.2815) 372/642
[1A[1M  3.4282  132604.4 (0.2815) 373/642
[1A[1M  3.4460  132609.2 (0.2815) 374/642
[1A[1M  3.4638  132614.8 (0.2815) 375/642
[1A[1M  3.4817  132621.2 (0.2815) 376/642
[1A[1M  3.4997  132628.5 (0.2815) 377/642
[1A[1M  3.5177  132630.6 (0.2815) 378/642
[1A[1M  3.5358  132638.1 (0.2815) 379/642
[1A[1M  3.5540  132654.2 (0.2815) 380/642
[1A[1M  3.5722  132664.7 (0.2815) 381/642
[1A[1M  3.5906  132669.9 (0.2815) 382/642
[1A[1M  3.6089  132674.6 (0.2815) 383/642
[1A[1M  3.6274  132693.7 (0.2815) 384/642
[1A[1M  3.6460  132705.3 (0.2815) 385/642
[1A[1M  3.6646  132713.5 (0.2815) 386/642
[1A[1M  3.6833  132720.4 (0.2815) 387/642
[1A[1M  3.7021  132727.5 (0.2815) 388/642
[1A[1M  3.7209  132732.8 (0.2815) 389/642
[1A[1M  3.7398  132738.3 (0.2815) 390/642
[1A[1M  3.7588  132747.9 (0.2815) 391/642
[1A[1M  3.7779  132761.3 (0.2815) 392/642
[1A[1M  3.7970  132773.1 (0.2815) 393/642
[1A[1M  3.8163  132783.9 (0.2815) 394/642
[1A[1M  3.8356  132795.7 (0.2815) 395/642
[1A[1M  3.8550  132807.0 (0.2815) 396/642
[1A[1M  3.8744  132818.6 (0.2815) 397/642
[1A[1M  3.8940  132828.8 (0.2815) 398/642
[1A[1M  3.9136  132840.1 (0.2815) 399/642
[1A[1M  3.9333  132854.4 (0.2815) 400/642
[1A[1M  3.9530  132873.0 (0.2815) 401/642
[1A[1M  3.9729  132891.7 (0.2815) 402/642
[1A[1M  3.9928  134873.6 (0.2815) 403/642
[1A[1M  4.0128  134873.6 (0.2815) 404/642
[1A[1M  4.0329  134873.6 (0.2815) 405/642
[1A[1M  4.0531  134873.6 (0.2815) 406/642
[1A[1M  4.0733  134873.6 (0.2815) 407/642
[1A[1M  4.0937  134873.6 (0.2815) 408/642
[1A[1M  4.1141  134873.6 (0.2815) 409/642
[1A[1M  4.1346  134873.6 (0.2815) 410/642
[1A[1M  4.1552  134873.6 (0.2815) 411/642
[1A[1M  4.1758  134873.6 (0.2815) 412/642
[1A[1M  4.1966  134873.6 (0.2815) 413/642
[1A[1M  4.2174  134873.6 (0.2815) 414/642
[1A[1M  4.2383  134873.6 (0.2815) 415/642
[1A[1M  4.2593  134873.6 (0.2815) 416/642
[1A[1M  4.2804  134873.6 (0.2815) 417/642
[1A[1M  4.3016  134873.6 (0.2815) 418/642
[1A[1M  4.3228  134875.2 (0.2815) 419/642
[1A[1M  4.3441  134874.8 (0.2815) 420/642
[1A[1M  4.3656  134874.1 (0.2815) 421/642
[1A[1M  4.3871  134875.4 (0.2815) 422/642
[1A[1M  4.4087  134873.6 (0.2815) 423/642
[1A[1M  4.4303  134873.6 (0.2815) 424/642
[1A[1M  4.4521  134873.6 (0.2815) 425/642
[1A[1M  4.4739  134873.6 (0.2815) 426/642
[1A[1M  4.4959  134873.6 (0.2815) 427/642
[1A[1M  4.5179  134873.6 (0.2815) 428/642
[1A[1M  4.5400  134873.6 (0.2815) 429/642
[1A[1M  4.5622  134873.6 (0.2815) 430/642
[1A[1M  4.5845  134873.6 (0.2815) 431/642
[1A[1M  4.6069  134873.6 (0.2815) 432/642
[1A[1M  4.6294  134873.6 (0.2815) 433/642
[1A[1M  4.6519  134873.6 (0.2815) 434/642
[1A[1M  4.6746  134873.6 (0.2815) 435/642
[1A[1M  4.6973  134873.6 (0.2815) 436/642
[1A[1M  4.7202  134873.6 (0.2815) 437/642
[1A[1M  4.7431  134873.6 (0.2815) 438/642
[1A[1M  4.7661  134873.6 (0.2815) 439/642
[1A[1M  4.7892  134873.6 (0.2815) 440/642
[1A[1M  4.8124  134873.6 (0.2815) 441/642
[1A[1M  4.8357  134873.6 (0.2815) 442/642
[1A[1M  4.8591  134873.6 (0.2815) 443/642
[1A[1M  4.8826  134873.6 (0.2815) 444/642
[1A[1M  4.9062  134873.6 (0.2815) 445/642
[1A[1M  4.9299  134873.6 (0.2815) 446/642
[1A[1M  4.9536  134873.6 (0.2815) 447/642
[1A[1M  4.9775  134873.6 (0.2815) 448/642
[1A[1M  5.0014  134873.6 (0.2815) 449/642
[1A[1M  5.0255  134873.6 (0.2815) 450/642
[1A[1M  5.0496  134873.6 (0.2815) 451/642
[1A[1M  5.0739  134871.6 (0.2815) 452/642
[1A[1M  5.0982  134873.6 (0.2815) 453/642
[1A[1M  5.1227  134873.6 (0.2815) 454/642
[1A[1M  5.1472  134873.6 (0.2815) 455/642
[1A[1M  5.1719  134873.6 (0.2815) 456/642
[1A[1M  5.1966  134873.6 (0.2815) 457/642
[1A[1M  5.2214  134873.6 (0.2815) 458/642
[1A[1M  5.2464  134873.6 (0.2815) 459/642
[1A[1M  5.2714  134873.6 (0.2815) 460/642
[1A[1M  5.2965  134873.6 (0.2815) 461/642
[1A[1M  5.3218  134873.6 (0.2815) 462/642
[1A[1M  5.3471  134873.6 (0.2815) 463/642
[1A[1M  5.3726  134873.6 (0.2815) 464/642
[1A[1M  5.3981  134873.6 (0.2815) 465/642
[1A[1M  5.4237  134873.6 (0.2815) 466/642
[1A[1M  5.4495  134873.6 (0.2815) 467/642
[1A[1M  5.4753  134873.6 (0.2815) 468/642
[1A[1M  5.5013  134873.6 (0.2815) 469/642
[1A[1M  5.5273  134873.6 (0.2815) 470/642
[1A[1M  5.5535  134873.6 (0.2815) 471/642
[1A[1M  5.5798  134873.6 (0.2815) 472/642
[1A[1M  5.6061  134873.6 (0.2815) 473/642
[1A[1M  5.6326  134873.6 (0.2815) 474/642
[1A[1M  5.6592  134873.6 (0.2815) 475/642
[1A[1M  5.6859  134873.6 (0.2815) 476/642
[1A[1M  5.7127  134873.6 (0.2815) 477/642
[1A[1M  5.7396  134873.6 (0.2815) 478/642
[1A[1M  5.7666  134873.6 (0.2815) 479/642
[1A[1M  5.7937  134873.6 (0.2815) 480/642
[1A[1M  5.8210  134873.6 (0.2815) 481/642
[1A[1M  5.8483  134873.6 (0.2815) 482/642
[1A[1M  5.8757  134873.6 (0.2815) 483/642
[1A[1M  5.9033  134873.6 (0.2815) 484/642
[1A[1M  5.9310  134873.6 (0.2815) 485/642
[1A[1M  5.9588  134873.6 (0.2815) 486/642
[1A[1M  5.9866  134873.6 (0.2815) 487/642
[1A[1M  6.0146  134873.6 (0.2815) 488/642
[1A[1M  6.0428  134873.6 (0.2815) 489/642
[1A[1M  6.0710  134873.6 (0.2815) 490/642
[1A[1M  6.0993  134873.6 (0.2815) 491/642
[1A[1M  6.1278  134873.6 (0.2815) 492/642
[1A[1M  6.1563  134873.6 (0.2815) 493/642
[1A[1M  6.1850  134873.6 (0.2815) 494/642
[1A[1M  6.2138  134873.6 (0.2815) 495/642
[1A[1M  6.2427  134873.6 (0.2815) 496/642
[1A[1M  6.2718  134873.6 (0.2815) 497/642
[1A[1M  6.3009  134873.6 (0.2815) 498/642
[1A[1M  6.3302  134873.6 (0.2815) 499/642
[1A[1M  6.3596  134873.6 (0.2815) 500/642
[1A[1M  6.3891  134873.6 (0.2815) 501/642
[1A[1M  6.4187  134873.6 (0.2815) 502/642
[1A[1M  6.4484  134873.6 (0.2815) 503/642
[1A[1M  6.4783  134873.6 (0.2815) 504/642
[1A[1M  6.5082  134873.6 (0.2815) 505/642
[1A[1M  6.5383  134873.6 (0.2815) 506/642
[1A[1M  6.5685  134873.6 (0.2815) 507/642
[1A[1M  6.5989  134873.6 (0.2815) 508/642
[1A[1M  6.6293  134873.6 (0.2815) 509/642
[1A[1M  6.6599  134873.6 (0.2815) 510/642
[1A[1M  6.6906  134873.6 (0.2815) 511/642
[1A[1M  6.7214  134873.6 (0.2815) 512/642
[1A[1M  6.7524  134873.6 (0.2815) 513/642
[1A[1M  6.7835  134873.6 (0.2815) 514/642
[1A[1M  6.8146  134873.6 (0.2815) 515/642
[1A[1M  6.8460  134873.6 (0.2815) 516/642
[1A[1M  6.8774  134873.6 (0.2815) 517/642
[1A[1M  6.9090  134873.6 (0.2815) 518/642
[1A[1M  6.9407  134873.6 (0.2815) 519/642
[1A[1M  6.9725  134873.6 (0.2815) 520/642
[1A[1M  7.0045  134873.6 (0.2815) 521/642
[1A[1M  7.0366  134873.6 (0.2815) 522/642
[1A[1M  7.0688  134873.6 (0.2815) 523/642
[1A[1M  7.1011  134873.6 (0.2815) 524/642
[1A[1M  7.1336  134873.6 (0.2815) 525/642
[1A[1M  7.1662  134873.6 (0.2815) 526/642
[1A[1M  7.1989  134873.6 (0.2815) 527/642
[1A[1M  7.2318  134873.6 (0.2815) 528/642
[1A[1M  7.2648  134873.6 (0.2815) 529/642
[1A[1M  7.2979  134873.6 (0.2815) 530/642
[1A[1M  7.3311  134873.6 (0.2815) 531/642
[1A[1M  7.3645  134873.6 (0.2815) 532/642
[1A[1M  7.3981  134873.6 (0.2815) 533/642
[1A[1M  7.4317  134873.6 (0.2815) 534/642
[1A[1M  7.4655  134873.6 (0.2815) 535/642
[1A[1M  7.4994  134873.6 (0.2815) 536/642
[1A[1M  7.5335  134873.6 (0.2815) 537/642
[1A[1M  7.5677  134873.6 (0.2815) 538/642
[1A[1M  7.6020  134873.6 (0.2815) 539/642
[1A[1M  7.6365  134873.6 (0.2815) 540/642
[1A[1M  7.6711  134873.6 (0.2815) 541/642
[1A[1M  7.7059  134873.6 (0.2815) 542/642
[1A[1M  7.7408  134873.6 (0.2815) 543/642
[1A[1M  7.7758  134873.6 (0.2815) 544/642
[1A[1M  7.8110  134873.6 (0.2815) 545/642
[1A[1M  7.8463  134873.6 (0.2815) 546/642
[1A[1M  7.8818  134873.6 (0.2815) 547/642
[1A[1M  7.9174  134873.6 (0.2815) 548/642
[1A[1M  7.9531  134873.6 (0.2815) 549/642
[1A[1M  7.9890  134873.6 (0.2815) 550/642
[1A[1M  8.0250  134873.6 (0.2815) 551/642
[1A[1M  8.0612  134873.6 (0.2815) 552/642
[1A[1M  8.0975  134873.6 (0.2815) 553/642
[1A[1M  8.1340  134873.6 (0.2815) 554/642
[1A[1M  8.1706  134873.6 (0.2815) 555/642
[1A[1M  8.2073  134873.6 (0.2815) 556/642
[1A[1M  8.2442  134873.6 (0.2815) 557/642
[1A[1M  8.2813  134873.6 (0.2815) 558/642
[1A[1M  8.3185  134873.6 (0.2815) 559/642
[1A[1M  8.3558  134873.6 (0.2815) 560/642
[1A[1M  8.3933  134873.6 (0.2815) 561/642
[1A[1M  8.4310  134873.6 (0.2815) 562/642
[1A[1M  8.4688  134873.6 (0.2815) 563/642
[1A[1M  8.5067  134873.6 (0.2815) 564/642
[1A[1M  8.5448  134873.6 (0.2815) 565/642
[1A[1M  8.5831  134873.6 (0.2815) 566/642
[1A[1M  8.6215  134873.6 (0.2815) 567/642
[1A[1M  8.6601  134873.6 (0.2815) 568/642
[1A[1M  8.6988  134873.6 (0.2815) 569/642
[1A[1M  8.7377  134873.6 (0.2815) 570/642
[1A[1M  8.7767  134873.6 (0.2815) 571/642
[1A[1M  8.8159  134873.6 (0.2815) 572/642
[1A[1M  8.8552  134873.6 (0.2815) 573/642
[1A[1M  8.8947  134873.6 (0.2815) 574/642
[1A[1M  8.9344  134873.6 (0.2815) 575/642
[1A[1M  8.9742  134873.6 (0.2815) 576/642
[1A[1M  9.0142  134873.6 (0.2815) 577/642
[1A[1M  9.0543  134873.6 (0.2815) 578/642
[1A[1M  9.0946  134873.6 (0.2815) 579/642
[1A[1M  9.1351  134873.6 (0.2815) 580/642
[1A[1M  9.1757  134873.6 (0.2815) 581/642
[1A[1M  9.2165  134873.6 (0.2815) 582/642
[1A[1M  9.2574  134873.6 (0.2815) 583/642
[1A[1M  9.2985  134873.6 (0.2815) 584/642
[1A[1M  9.3398  134873.6 (0.2815) 585/642
[1A[1M  9.3812  134873.6 (0.2815) 586/642
[1A[1M  9.4228  134873.6 (0.2815) 587/642
[1A[1M  9.4646  134873.6 (0.2815) 588/642
[1A[1M  9.5066  134873.6 (0.2815) 589/642
[1A[1M  9.5487  134873.6 (0.2815) 590/642
[1A[1M  9.5910  134873.6 (0.2815) 591/642
[1A[1M  9.6334  134873.6 (0.2815) 592/642
[1A[1M  9.6760  134873.6 (0.2815) 593/642
[1A[1M  9.7188  134873.6 (0.2815) 594/642
[1A[1M  9.7618  134873.6 (0.2815) 595/642
[1A[1M  9.8049  134873.6 (0.2815) 596/642
[1A[1M  9.8482  134873.6 (0.2815) 597/642
[1A[1M  9.8917  134873.6 (0.2815) 598/642
[1A[1M  9.9353  134873.6 (0.2815) 599/642
[1A[1M  9.9792  134873.6 (0.2815) 600/642
[1A[1M  10.0232  134873.6 (0.2815) 601/642
[1A[1M  10.0674  134873.6 (0.2815) 602/642
[1A[1M  10.1117  134873.6 (0.2815) 603/642
[1A[1M  10.1563  134873.6 (0.2815) 604/642
[1A[1M  10.2010  134873.6 (0.2815) 605/642
[1A[1M  10.2459  134873.6 (0.2815) 606/642
[1A[1M  10.2909  134873.6 (0.2815) 607/642
[1A[1M  10.3362  134873.6 (0.2815) 608/642
[1A[1M  10.3816  134873.6 (0.2815) 609/642
[1A[1M  10.4272  134873.6 (0.2815) 610/642
[1A[1M  10.4730  134873.6 (0.2815) 611/642
[1A[1M  10.5190  134873.6 (0.2815) 612/642
[1A[1M  10.5652  134873.6 (0.2815) 613/642
[1A[1M  10.6115  134873.6 (0.2815) 614/642
[1A[1M  10.6581  134873.6 (0.2815) 615/642
[1A[1M  10.7048  134873.6 (0.2815) 616/642
[1A[1M  10.7517  134873.6 (0.2815) 617/642
[1A[1M  10.7988  134873.6 (0.2815) 618/642
[1A[1M  10.8461  134873.6 (0.2815) 619/642
[1A[1M  10.8936  134873.6 (0.2815) 620/642
[1A[1M  10.9413  134873.6 (0.2815) 621/642
[1A[1M  10.9891  134873.6 (0.2815) 622/642
[1A[1M  11.0372  134873.6 (0.2815) 623/642
[1A[1M  11.0854  134873.6 (0.2815) 624/642
[1A[1M  11.1339  134873.6 (0.2815) 625/642
[1A[1M  11.1825  134873.6 (0.2815) 626/642
[1A[1M  11.2313  134873.6 (0.2815) 627/642
[1A[1M  11.2803  134873.6 (0.2815) 628/642
[1A[1M  11.3296  134873.6 (0.2815) 629/642
[1A[1M  11.3790  134873.6 (0.2815) 630/642
[1A[1M  11.4286  134873.6 (0.2815) 631/642
[1A[1M  11.4784  134873.6 (0.2815) 632/642
[1A[1M  11.5284  134873.6 (0.2815) 633/642
[1A[1M  11.5786  134873.6 (0.2815) 634/642
[1A[1M  11.6291  134873.6 (0.2815) 635/642
[1A[1M  11.6797  134873.6 (0.2815) 636/642
[1A[1M  11.7305  134873.6 (0.2815) 637/642
[1A[1M  11.7815  134873.6 (0.2815) 638/642
[1A[1M  11.8327  134873.6 (0.2815) 639/642
[1A[1M  11.8842  134873.6 (0.2815) 640/642
[1A[1M  11.9358  134873.6 (0.2815) 641/642
[1A[1M  11.9877  134873.6 (0.2815) 642/642
First iteration: z_best=0.2815

[1A[1M- 0.1529  132397.8 (0.1529) 1/99
[1A[1M- 0.1534  132397.6 (0.1534) 2/99
[1A[1M- 0.1539  132397.4 (0.1539) 3/99
[1A[1M- 0.1544  132397.2 (0.1544) 4/99
[1A[1M- 0.1549  132397.0 (0.1549) 5/99
[1A[1M- 0.1554  132396.7 (0.1554) 6/99
[1A[1M- 0.1559  132396.5 (0.1559) 7/99
[1A[1M- 0.1564  132396.2 (0.1564) 8/99
[1A[1M- 0.1569  132396.0 (0.1569) 9/99
[1A[1M- 0.1574  132395.7 (0.1574) 10/99
[1A[1M- 0.1579  132395.4 (0.1579) 11/99
[1A[1M- 0.1584  132395.2 (0.1584) 12/99
[1A[1M- 0.1589  132395.0 (0.1589) 13/99
[1A[1M- 0.1594  132394.9 (0.1594) 14/99
[1A[1M- 0.1599  132394.8 (0.1599) 15/99
[1A[1M- 0.1604  132394.7 (0.1604) 16/99
[1A[1M- 0.1609  132394.7 (0.1609) 17/99
[1A[1M- 0.1614  132394.7 (0.1609) 18/99
[1A[1M- 0.1619  132394.8 (0.1609) 19/99
[1A[1M- 0.1624  132394.9 (0.1609) 20/99
[1A[1M- 0.1629  132395.0 (0.1609) 21/99
[1A[1M- 0.1634  132395.1 (0.1609) 22/99
[1A[1M- 0.1639  132395.3 (0.1609) 23/99
[1A[1M- 0.1644  132395.5 (0.1609) 24/99
[1A[1M- 0.1649  132395.6 (0.1609) 25/99
[1A[1M- 0.1654  132395.8 (0.1609) 26/99
[1A[1M- 0.1659  132396.0 (0.1609) 27/99
[1A[1M- 0.1664  132396.2 (0.1609) 28/99
[1A[1M- 0.1669  132396.4 (0.1609) 29/99
[1A[1M- 0.1674  132396.6 (0.1609) 30/99
[1A[1M- 0.1679  132396.7 (0.1609) 31/99
[1A[1M- 0.1684  132396.9 (0.1609) 32/99
[1A[1M- 0.1689  132397.0 (0.1609) 33/99
[1A[1M- 0.2217  132398.1 (0.1609) 34/99
[1A[1M- 0.2222  132398.0 (0.1609) 35/99
[1A[1M- 0.2227  132398.0 (0.1609) 36/99
[1A[1M- 0.2232  132398.0 (0.1609) 37/99
[1A[1M- 0.2237  132398.0 (0.1609) 38/99
[1A[1M- 0.2242  132397.9 (0.1609) 39/99
[1A[1M- 0.2247  132397.9 (0.1609) 40/99
[1A[1M- 0.2252  132397.9 (0.1609) 41/99
[1A[1M- 0.2257  132397.8 (0.1609) 42/99
[1A[1M- 0.2262  132397.8 (0.1609) 43/99
[1A[1M- 0.2267  132397.8 (0.1609) 44/99
[1A[1M- 0.2272  132397.8 (0.1609) 45/99
[1A[1M- 0.2277  132397.8 (0.1609) 46/99
[1A[1M- 0.2282  132397.8 (0.1609) 47/99
[1A[1M- 0.2287  132397.8 (0.1609) 48/99
[1A[1M- 0.2292  132397.8 (0.1609) 49/99
[1A[1M- 0.2297  132397.8 (0.1609) 50/99
[1A[1M- 0.2302  132397.8 (0.1609) 51/99
[1A[1M- 0.2307  132397.8 (0.1609) 52/99
[1A[1M- 0.2312  132397.8 (0.1609) 53/99
[1A[1M- 0.2317  132397.8 (0.1609) 54/99
[1A[1M- 0.2322  132397.8 (0.1609) 55/99
[1A[1M- 0.2327  132397.8 (0.1609) 56/99
[1A[1M- 0.2332  132397.9 (0.1609) 57/99
[1A[1M- 0.2337  132397.9 (0.1609) 58/99
[1A[1M- 0.2342  132398.0 (0.1609) 59/99
[1A[1M- 0.2347  132398.0 (0.1609) 60/99
[1A[1M- 0.2352  132398.0 (0.1609) 61/99
[1A[1M- 0.2357  132398.0 (0.1609) 62/99
[1A[1M- 0.2362  132398.0 (0.1609) 63/99
[1A[1M- 0.2367  132398.0 (0.1609) 64/99
[1A[1M- 0.2372  132398.0 (0.1609) 65/99
[1A[1M- 0.2377  132398.0 (0.1609) 66/99
[1A[1M- 0.2758  132392.7 (0.2758) 67/99
[1A[1M- 0.2763  132392.5 (0.2763) 68/99
[1A[1M- 0.2768  132392.3 (0.2768) 69/99
[1A[1M- 0.2773  132392.1 (0.2773) 70/99
[1A[1M- 0.2778  132391.9 (0.2778) 71/99
[1A[1M- 0.2783  132391.7 (0.2783) 72/99
[1A[1M- 0.2788  132391.5 (0.2788) 73/99
[1A[1M- 0.2793  132391.2 (0.2793) 74/99
[1A[1M- 0.2798  132390.9 (0.2798) 75/99
[1A[1M- 0.2803  132390.6 (0.2803) 76/99
[1A[1M- 0.2808  132390.3 (0.2808) 77/99
[1A[1M- 0.2813  132390.0 (0.2813) 78/99
[1A[1M- 0.2818  132389.7 (0.2818) 79/99
[1A[1M- 0.2823  132389.4 (0.2823) 80/99
[1A[1M- 0.2828  132389.3 (0.2828) 81/99
[1A[1M- 0.2833  132389.1 (0.2833) 82/99
[1A[1M- 0.2838  132389.1 (0.2838) 83/99
[1A[1M- 0.2843  132389.1 (0.2838) 84/99
[1A[1M- 0.2848  132389.2 (0.2838) 85/99
[1A[1M- 0.2853  132389.4 (0.2838) 86/99
[1A[1M- 0.2858  132389.6 (0.2838) 87/99
[1A[1M- 0.2863  132389.8 (0.2838) 88/99
[1A[1M- 0.2868  132390.1 (0.2838) 89/99
[1A[1M- 0.2873  132390.4 (0.2838) 90/99
[1A[1M- 0.2878  132390.7 (0.2838) 91/99
[1A[1M- 0.2883  132391.0 (0.2838) 92/99
[1A[1M- 0.2888  132391.4 (0.2838) 93/99
[1A[1M- 0.2893  132391.8 (0.2838) 94/99
[1A[1M- 0.2898  132392.3 (0.2838) 95/99
[1A[1M- 0.2903  132392.8 (0.2838) 96/99
[1A[1M- 0.2908  132393.3 (0.2838) 97/99
[1A[1M- 0.2913  132393.8 (0.2838) 98/99
[1A[1M- 0.2918  132394.3 (0.2838) 99/99
Get linemap PSF: F105W
Get linemap PSF: F125W
Get linemap PSF: F140W
Get linemap PSF: F160W
Finished 29544 23.4906
Changing to /home/rsimons/git/clear_local
