



###################
Parameters


field             GS4
mag_lim           25
mag_max           0
files_bool        True
retrieve_bool     False
prep_bool         False
model_bool        True
new_model         False
beams_bool        False
fit_bool          True
use_psf           False
fit_min_id        0
n_jobs            1
id_choose            29565
phot_scale_order  2
fit_without_phot  False
PATH_TO_SCRIPTS   /home/rsimons/git/clear_local
PATH_TO_CATS      /user/rsimons/grizli_extractions/Catalogs
PATH_TO_HOME      /user/rsimons/grizli_extractions
HOME_PATH         /user/rsimons/grizli_extractions/GS4




####################




Changing to /user/rsimons/grizli_extractions/GS4
Changing to /user/rsimons/grizli_extractions/GS4/j033236m2748/Prep
BUSH1-bfu-b1-077.0-F125W 2
BUSH3-bfu-bl-089.0-F098M 4
BUSH3-bfu-by-089.0-F105W 2
BUSH3-bfu-b3-089.0-F125W 2
BUSH3-bfu-by-089.0-F140W 2
FIGS-GS1-coi-1m-028.0-F105W 2
FIGS-GS1-coi-1n-028.0-F105W 2
FIGS-GS1-coi-1o-028.0-F105W 2
FIGS-GS1-coi-1p-028.0-F105W 2
FIGS-GS1-coi-1i-038.0-F105W 2
FIGS-GS1-coi-1j-038.0-F105W 2
FIGS-GS1-coi-1k-038.0-F105W 2
FIGS-GS1-coi-1l-038.0-F105W 2
FIGS-GS1-coi-1e-100.0-F105W 2
FIGS-GS1-coi-1f-100.0-F105W 2
FIGS-GS1-coi-1g-100.0-F105W 2
FIGS-GS1-coi-1h-100.0-F105W 2
FIGS-GS1-coi-1q-106.0-F105W 2
FIGS-GS1-coi-1r-106.0-F105W 2
FIGS-GS1-coi-1s-106.0-F105W 2
FIGS-GS1-coi-1t-106.0-F105W 2
FIGS-GS1-coi-1a-168.0-F105W 2
FIGS-GS1-coi-1b-168.0-F105W 2
FIGS-GS1-coi-1c-168.0-F105W 2
FIGS-GS1-coi-1d-168.0-F105W 2
FIGS-GS1-coi-1m-028.0-G102 8
FIGS-GS1-coi-1n-028.0-G102 8
FIGS-GS1-coi-1o-028.0-G102 8
FIGS-GS1-coi-1p-028.0-G102 8
FIGS-GS1-coi-1i-038.0-G102 8
FIGS-GS1-coi-1j-038.0-G102 8
FIGS-GS1-coi-1k-038.0-G102 8
FIGS-GS1-coi-1l-038.0-G102 8
FIGS-GS1-coi-1e-100.0-G102 8
FIGS-GS1-coi-1f-100.0-G102 8
FIGS-GS1-coi-1g-100.0-G102 8
FIGS-GS1-coi-1h-100.0-G102 8
FIGS-GS1-coi-1q-106.0-G102 8
FIGS-GS1-coi-1r-106.0-G102 8
FIGS-GS1-coi-1s-106.0-G102 8
FIGS-GS1-coi-1t-106.0-G102 8
FIGS-GS1-coi-1a-168.0-G102 8
FIGS-GS1-coi-1b-168.0-G102 8
FIGS-GS1-coi-1c-168.0-G102 8
FIGS-GS1-coi-1d-168.0-G102 8
goodss-32-bhj-32-131.0-F140W 4
goodss-32-bhj-32-131.0-G141 4
goodss-34-bhj-34-084.0-F140W 4
goodss-34-bhj-34-084.0-G141 4
goodss-36-bhj-36-084.0-F140W 4
goodss-36-bhj-36-084.0-G141 4
goodss-37-bhj-37-084.0-F140W 4
goodss-37-bhj-37-084.0-G141 4
goodss-38-bhj-38-084.0-F140W 4
goodss-38-bhj-38-084.0-G141 4
goodss-07-bhj-07-131.0-F140W 4
goodss-07-bhj-07-131.0-G141 4
goodss-08-bhj-08-131.0-F140W 4
goodss-08-bhj-08-131.0-G141 4
GS4-cxt-26-051.0-F105W 2
GS4-cxt-27-051.0-F105W 2
GS4-cxt-24-074.0-F105W 2
GS4-cxt-25-074.0-F105W 2
GS4-cxt-28-094.0-F105W 2
GS4-cxt-29-094.0-F105W 2
GS4-cxt-26-051.0-G102 4
GS4-cxt-27-051.0-G102 4
GS4-cxt-24-074.0-G102 4
GS4-cxt-25-074.0-G102 4
GS4-cxt-28-094.0-G102 4
GS4-cxt-29-094.0-G102 4
PRIMO-bfu-pa-137.0-F125W 1
PRIMO-bfu-pb-137.0-F125W 1
PRIMO-bfu-p5-166.0-F125W 2
PRIMO-bfu-pc-184.0-F125W 4
PRIMO-bfu-p7-201.0-F125W 4
PRIMO-bfu-p1-131.0-G141 6
PRIMO-bfu-pa-137.0-G141 6
PRIMO-bfu-pb-137.0-G141 6
par-j033241-274605-bfu-np-205.0-F125W 8
/home/rsimons/miniconda2/envs/grizli/lib/python3.5/site-packages/eazy/data/templates -> ./templates
/home/rsimons/miniconda2/envs/grizli/lib/python3.5/site-packages/eazy/data/filters/FILTER.RES.latest -> ./FILTER.RES.latest
Read default param file: /home/rsimons/miniconda2/envs/grizli/lib/python3.5/site-packages/eazy/data/zphot.param.default
Read CATALOG_FILE: /user/rsimons/grizli_extractions/Catalogs/goodss_3dhst.v4.4.cats/Catalog/goodss_3dhst.v4.4.cat
f_F160W e_F160W (205): hst/wfc3/IR/f160w.dat
f_U e_U (103): ESO/vimos_u.res
f_F435W e_F435W (  1): hst/ACS_update_sep07/wfc_f435w_t77.dat
f_F606Wcand e_F606Wcand (236): hst/ACS_update_sep07/wfc_f606w_t81.dat
f_F606W e_F606W (  4): hst/ACS_update_sep07/wfc_f606w_t77.dat
f_R e_R (260): ESO/VIMOS/R.dat
f_F775W e_F775W (  5): hst/ACS_update_sep07/wfc_f775w_t77.dat
f_F814Wcand e_F814Wcand (239): hst/ACS_update_sep07/wfc_f814w_t81.dat
f_F850LP e_F850LP (  7): hst/ACS_update_sep07/wfc_f850lp_t77.dat
f_F850LPcand e_F850LPcand (240): hst/ACS_update_sep07/wfc_f850lp_t81.dat
f_F125W e_F125W (203): hst/wfc3/IR/f125w.dat
f_J e_J ( 34): ESO/isaac_j.res
f_F140W e_F140W (204): hst/wfc3/IR/f140w.dat
f_H e_H ( 36): ESO/isaac_h.res
f_Ks e_Ks ( 37): ESO/isaac_ks.res
f_IRAC1 e_IRAC1 ( 18): IRAC/irac_tr1_2004-08-09.dat
f_IRAC2 e_IRAC2 ( 19): IRAC/irac_tr2_2004-08-09.dat
f_IRAC3 e_IRAC3 ( 20): IRAC/irac_tr3_2004-08-09.dat
f_IRAC4 e_IRAC4 ( 21): IRAC/irac_tr4_2004-08-09.dat
f_U38 e_U38 (107): ESO/wfi_BB_U38_ESO841.res
f_B e_B ( 46): musyc/B_cdfs_tot.dat
f_V e_V ( 50): musyc/V_cdfs_tot.dat
f_Rc e_Rc ( 54): musyc/R_cdfs_tot.dat
f_I e_I ( 58): musyc/I_cdfs_tot.dat
f_IA427 e_IA427 (181): Subaru_MB/IA427.dat
f_IA445 e_IA445 (182): Subaru_MB/IA445.dat
f_IA505 e_IA505 (185): Subaru_MB/IA505.dat
f_IA527 e_IA527 (186): Subaru_MB/IA527.dat
f_IA550 e_IA550 (187): Subaru_MB/IA550.dat
f_IA574 e_IA574 (188): Subaru_MB/IA574.dat
f_IA598 e_IA598 (189): Subaru_MB/IA598.dat
f_IA624 e_IA624 (190): Subaru_MB/IA624.dat
f_IA651 e_IA651 (191): Subaru_MB/IA651.dat
f_IA679 e_IA679 (192): Subaru_MB/IA679.dat
f_IA738 e_IA738 (194): Subaru_MB/IA738.dat
f_IA767 e_IA767 (195): Subaru_MB/IA768.dat
f_IA797 e_IA797 (196): Subaru_MB/IA797.dat
f_IA856 e_IA856 (198): Subaru_MB/IA856.dat
f_tenisJ e_tenisJ (220): WIRCam/cfh8101_J.txt
f_tenisK e_tenisK (222): WIRCam/cfh8302_Ks.txt
f_F105W e_F105W (202): hst/wfc3/IR/f105w.dat
Read PRIOR_FILE:  templates/prior_F160W_TAO.dat
Process template tweak_fsps_QSF_12_v3_001.dat.
Process template tweak_fsps_QSF_12_v3_002.dat.
Process template tweak_fsps_QSF_12_v3_003.dat.
Process template tweak_fsps_QSF_12_v3_004.dat.
Process template tweak_fsps_QSF_12_v3_005.dat.
Process template tweak_fsps_QSF_12_v3_006.dat.
Process template tweak_fsps_QSF_12_v3_007.dat.
Process template tweak_fsps_QSF_12_v3_008.dat.
Process template tweak_fsps_QSF_12_v3_009.dat.
Process template tweak_fsps_QSF_12_v3_010.dat.
Process template tweak_fsps_QSF_12_v3_011.dat.
Process template tweak_fsps_QSF_12_v3_012.dat.
Process templates: 13.074 s
Process template fsps/fsps_QSF_12_v3_nolines_001.dat.
Process template fsps/fsps_QSF_12_v3_nolines_002.dat.
Process template fsps/fsps_QSF_12_v3_nolines_003.dat.
Process template fsps/fsps_QSF_12_v3_nolines_004.dat.
Process template fsps/fsps_QSF_12_v3_nolines_005.dat.
Process template fsps/fsps_QSF_12_v3_nolines_006.dat.
Process template fsps/fsps_QSF_12_v3_nolines_007.dat.
Process template fsps/fsps_QSF_12_v3_nolines_008.dat.
Process template fsps/fsps_QSF_12_v3_nolines_009.dat.
Process template fsps/fsps_QSF_12_v3_nolines_010.dat.
Process template fsps/fsps_QSF_12_v3_nolines_011.dat.
Process template fsps/fsps_QSF_12_v3_nolines_012.dat.
Process template line Ha+NII+SII+SIII+He+PaB.
Process template line OIII+Hb+Hg+Hd.
Process template line OII+Ne.
Process template line Gal-UV-lines.
Reading in beams.fits file for 29565
1 icoi1mjxq_flt.fits G102
2 icoi1mk0q_flt.fits G102
3 icoi1mk2q_flt.fits G102
4 icoi1mk6q_flt.fits G102
5 icoi1mkcq_flt.fits G102
6 icoi1mkfq_flt.fits G102
7 icoi1mkhq_flt.fits G102
8 icoi1mklq_flt.fits G102
9 icoi1ng2q_flt.fits G102
10 icoi1ng5q_flt.fits G102
11 icoi1ng7q_flt.fits G102
12 icoi1ngbq_flt.fits G102
13 icoi1ngpq_flt.fits G102
14 icoi1ngsq_flt.fits G102
15 icoi1nguq_flt.fits G102
16 icoi1ngyq_flt.fits G102
17 icoi1ohkq_flt.fits G102
18 icoi1ohnq_flt.fits G102
19 icoi1ohpq_flt.fits G102
20 icoi1ohtq_flt.fits G102
21 icoi1ohzq_flt.fits G102
22 icoi1oi2q_flt.fits G102
23 icoi1oi4q_flt.fits G102
24 icoi1oi8q_flt.fits G102
25 icoi1pigq_flt.fits G102
26 icoi1pijq_flt.fits G102
27 icoi1pilq_flt.fits G102
28 icoi1pipq_flt.fits G102
29 icoi1pivq_flt.fits G102
30 icoi1piyq_flt.fits G102
31 icoi1pj0q_flt.fits G102
32 icoi1pj4q_flt.fits G102
33 icoi1iruq_flt.fits G102
34 icoi1irwq_flt.fits G102
35 icoi1iryq_flt.fits G102
36 icoi1is2q_flt.fits G102
37 icoi1is8q_flt.fits G102
38 icoi1isbq_flt.fits G102
39 icoi1isdq_flt.fits G102
40 icoi1ishq_flt.fits G102
41 icoi1jg1q_flt.fits G102
42 icoi1jg3q_flt.fits G102
43 icoi1jg5q_flt.fits G102
44 icoi1jg9q_flt.fits G102
45 icoi1jgfq_flt.fits G102
46 icoi1jgiq_flt.fits G102
47 icoi1jgkq_flt.fits G102
48 icoi1jgoq_flt.fits G102
49 icoi1keuq_flt.fits G102
50 icoi1kewq_flt.fits G102
51 icoi1keyq_flt.fits G102
52 icoi1kf2q_flt.fits G102
53 icoi1kf8q_flt.fits G102
54 icoi1kfbq_flt.fits G102
55 icoi1kfdq_flt.fits G102
56 icoi1kfhq_flt.fits G102
57 icoi1lfpq_flt.fits G102
58 icoi1lfrq_flt.fits G102
59 icoi1lftq_flt.fits G102
60 icoi1lfxq_flt.fits G102
61 icoi1lg3q_flt.fits G102
62 icoi1lg6q_flt.fits G102
63 icoi1lg8q_flt.fits G102
64 icoi1lgcq_flt.fits G102
65 icoi1eqkq_flt.fits G102
66 icoi1eqmq_flt.fits G102
67 icoi1eqoq_flt.fits G102
68 icoi1eqsq_flt.fits G102
69 icoi1eqyq_flt.fits G102
70 icoi1er1q_flt.fits G102
71 icoi1er3q_flt.fits G102
72 icoi1er7q_flt.fits G102
73 icoi1fzrq_flt.fits G102
74 icoi1fztq_flt.fits G102
75 icoi1fzvq_flt.fits G102
76 icoi1fzzq_flt.fits G102
77 icoi1fa6q_flt.fits G102
78 icoi1fa9q_flt.fits G102
79 icoi1fabq_flt.fits G102
80 icoi1fafq_flt.fits G102
81 icoi1gxjq_flt.fits G102
82 icoi1gxlq_flt.fits G102
83 icoi1gxoq_flt.fits G102
84 icoi1gxsq_flt.fits G102
85 icoi1gxyq_flt.fits G102
86 icoi1gy1q_flt.fits G102
87 icoi1gy3q_flt.fits G102
88 icoi1gy7q_flt.fits G102
89 icoi1hydq_flt.fits G102
90 icoi1hyfq_flt.fits G102
91 icoi1hyhq_flt.fits G102
92 icoi1hylq_flt.fits G102
93 icoi1hyrq_flt.fits G102
94 icoi1hyuq_flt.fits G102
95 icoi1hywq_flt.fits G102
96 icoi1hz0q_flt.fits G102
97 icoi1qduq_flt.fits G102
98 icoi1qdwq_flt.fits G102
99 icoi1qdyq_flt.fits G102
100 icoi1qe2q_flt.fits G102
101 icoi1qe8q_flt.fits G102
102 icoi1qebq_flt.fits G102
103 icoi1qedq_flt.fits G102
104 icoi1qehq_flt.fits G102
105 icoi1rn3q_flt.fits G102
106 icoi1rn5q_flt.fits G102
107 icoi1rn7q_flt.fits G102
108 icoi1rnbq_flt.fits G102
109 icoi1rnhq_flt.fits G102
110 icoi1rnkq_flt.fits G102
111 icoi1rnmq_flt.fits G102
112 icoi1rnqq_flt.fits G102
113 icoi1sstq_flt.fits G102
114 icoi1ssvq_flt.fits G102
115 icoi1ssxq_flt.fits G102
116 icoi1st1q_flt.fits G102
117 icoi1st7q_flt.fits G102
118 icoi1staq_flt.fits G102
119 icoi1stcq_flt.fits G102
120 icoi1stgq_flt.fits G102
121 icoi1tkuq_flt.fits G102
122 icoi1tkwq_flt.fits G102
123 icoi1tl1q_flt.fits G102
124 icoi1tl5q_flt.fits G102
125 icoi1tlfq_flt.fits G102
126 icoi1tliq_flt.fits G102
127 icoi1tlkq_flt.fits G102
128 icoi1tloq_flt.fits G102
129 icoi1ag2q_flt.fits G102
130 icoi1ag4q_flt.fits G102
131 icoi1ag6q_flt.fits G102
132 icoi1agaq_flt.fits G102
133 icoi1aggq_flt.fits G102
134 icoi1agjq_flt.fits G102
135 icoi1aglq_flt.fits G102
136 icoi1agpq_flt.fits G102
137 icoi1bn0q_flt.fits G102
138 icoi1bn2q_flt.fits G102
139 icoi1bnbq_flt.fits G102
140 icoi1bnfq_flt.fits G102
141 icoi1bnlq_flt.fits G102
142 icoi1bnoq_flt.fits G102
143 icoi1bnqq_flt.fits G102
144 icoi1bnuq_flt.fits G102
145 icoi1co0q_flt.fits G102
146 icoi1co2q_flt.fits G102
147 icoi1co4q_flt.fits G102
148 icoi1co8q_flt.fits G102
149 icoi1coeq_flt.fits G102
150 icoi1cohq_flt.fits G102
151 icoi1cojq_flt.fits G102
152 icoi1conq_flt.fits G102
153 icoi1dqaq_flt.fits G102
154 icoi1dqcq_flt.fits G102
155 icoi1dqeq_flt.fits G102
156 icoi1dqiq_flt.fits G102
157 icoi1dqoq_flt.fits G102
158 icoi1dqrq_flt.fits G102
159 icoi1dqtq_flt.fits G102
160 icoi1dqxq_flt.fits G102
161 ibhj36huq_flt.fits G141
162 ibhj36i4q_flt.fits G141
163 ibhj36j3q_flt.fits G141
164 ibhj36jbq_flt.fits G141
creating poly_templates...
drizzle_grisms_and_PAs...
reading phot...
doing fit...
1 icoi1mjxq_flt.fits G102
2 icoi1mk0q_flt.fits G102
3 icoi1mk2q_flt.fits G102
4 icoi1mk6q_flt.fits G102
5 icoi1mkcq_flt.fits G102
6 icoi1mkfq_flt.fits G102
7 icoi1mkhq_flt.fits G102
8 icoi1mklq_flt.fits G102
9 icoi1ng2q_flt.fits G102
10 icoi1ng5q_flt.fits G102
11 icoi1ng7q_flt.fits G102
12 icoi1ngbq_flt.fits G102
13 icoi1ngpq_flt.fits G102
14 icoi1ngsq_flt.fits G102
15 icoi1nguq_flt.fits G102
16 icoi1ngyq_flt.fits G102
17 icoi1ohkq_flt.fits G102
18 icoi1ohnq_flt.fits G102
19 icoi1ohpq_flt.fits G102
20 icoi1ohtq_flt.fits G102
21 icoi1ohzq_flt.fits G102
22 icoi1oi2q_flt.fits G102
23 icoi1oi4q_flt.fits G102
24 icoi1oi8q_flt.fits G102
25 icoi1pigq_flt.fits G102
26 icoi1pijq_flt.fits G102
27 icoi1pilq_flt.fits G102
28 icoi1pipq_flt.fits G102
29 icoi1pivq_flt.fits G102
30 icoi1piyq_flt.fits G102
31 icoi1pj0q_flt.fits G102
32 icoi1pj4q_flt.fits G102
33 icoi1iruq_flt.fits G102
34 icoi1irwq_flt.fits G102
35 icoi1iryq_flt.fits G102
36 icoi1is2q_flt.fits G102
37 icoi1is8q_flt.fits G102
38 icoi1isbq_flt.fits G102
39 icoi1isdq_flt.fits G102
40 icoi1ishq_flt.fits G102
41 icoi1jg1q_flt.fits G102
42 icoi1jg3q_flt.fits G102
43 icoi1jg5q_flt.fits G102
44 icoi1jg9q_flt.fits G102
45 icoi1jgfq_flt.fits G102
46 icoi1jgiq_flt.fits G102
47 icoi1jgkq_flt.fits G102
48 icoi1jgoq_flt.fits G102
49 icoi1keuq_flt.fits G102
50 icoi1kewq_flt.fits G102
51 icoi1keyq_flt.fits G102
52 icoi1kf2q_flt.fits G102
53 icoi1kf8q_flt.fits G102
54 icoi1kfbq_flt.fits G102
55 icoi1kfdq_flt.fits G102
56 icoi1kfhq_flt.fits G102
57 icoi1lfpq_flt.fits G102
58 icoi1lfrq_flt.fits G102
59 icoi1lftq_flt.fits G102
60 icoi1lfxq_flt.fits G102
61 icoi1lg3q_flt.fits G102
62 icoi1lg6q_flt.fits G102
63 icoi1lg8q_flt.fits G102
64 icoi1lgcq_flt.fits G102
65 icoi1eqkq_flt.fits G102
66 icoi1eqmq_flt.fits G102
67 icoi1eqoq_flt.fits G102
68 icoi1eqsq_flt.fits G102
69 icoi1eqyq_flt.fits G102
70 icoi1er1q_flt.fits G102
71 icoi1er3q_flt.fits G102
72 icoi1er7q_flt.fits G102
73 icoi1fzrq_flt.fits G102
74 icoi1fztq_flt.fits G102
75 icoi1fzvq_flt.fits G102
76 icoi1fzzq_flt.fits G102
77 icoi1fa6q_flt.fits G102
78 icoi1fa9q_flt.fits G102
79 icoi1fabq_flt.fits G102
80 icoi1fafq_flt.fits G102
81 icoi1gxjq_flt.fits G102
82 icoi1gxlq_flt.fits G102
83 icoi1gxoq_flt.fits G102
84 icoi1gxsq_flt.fits G102
85 icoi1gxyq_flt.fits G102
86 icoi1gy1q_flt.fits G102
87 icoi1gy3q_flt.fits G102
88 icoi1gy7q_flt.fits G102
89 icoi1hydq_flt.fits G102
90 icoi1hyfq_flt.fits G102
91 icoi1hyhq_flt.fits G102
92 icoi1hylq_flt.fits G102
93 icoi1hyrq_flt.fits G102
94 icoi1hyuq_flt.fits G102
95 icoi1hywq_flt.fits G102
96 icoi1hz0q_flt.fits G102
97 icoi1qduq_flt.fits G102
98 icoi1qdwq_flt.fits G102
99 icoi1qdyq_flt.fits G102
100 icoi1qe2q_flt.fits G102
101 icoi1qe8q_flt.fits G102
102 icoi1qebq_flt.fits G102
103 icoi1qedq_flt.fits G102
104 icoi1qehq_flt.fits G102
105 icoi1rn3q_flt.fits G102
106 icoi1rn5q_flt.fits G102
107 icoi1rn7q_flt.fits G102
108 icoi1rnbq_flt.fits G102
109 icoi1rnhq_flt.fits G102
110 icoi1rnkq_flt.fits G102
111 icoi1rnmq_flt.fits G102
112 icoi1rnqq_flt.fits G102
113 icoi1sstq_flt.fits G102
114 icoi1ssvq_flt.fits G102
115 icoi1ssxq_flt.fits G102
116 icoi1st1q_flt.fits G102
117 icoi1st7q_flt.fits G102
118 icoi1staq_flt.fits G102
119 icoi1stcq_flt.fits G102
120 icoi1stgq_flt.fits G102
121 icoi1tkuq_flt.fits G102
122 icoi1tkwq_flt.fits G102
123 icoi1tl1q_flt.fits G102
124 icoi1tl5q_flt.fits G102
125 icoi1tlfq_flt.fits G102
126 icoi1tliq_flt.fits G102
127 icoi1tlkq_flt.fits G102
128 icoi1tloq_flt.fits G102
129 icoi1ag2q_flt.fits G102
130 icoi1ag4q_flt.fits G102
131 icoi1ag6q_flt.fits G102
132 icoi1agaq_flt.fits G102
133 icoi1aggq_flt.fits G102
134 icoi1agjq_flt.fits G102
135 icoi1aglq_flt.fits G102
136 icoi1agpq_flt.fits G102
137 icoi1bn0q_flt.fits G102
138 icoi1bn2q_flt.fits G102
139 icoi1bnbq_flt.fits G102
140 icoi1bnfq_flt.fits G102
141 icoi1bnlq_flt.fits G102
142 icoi1bnoq_flt.fits G102
143 icoi1bnqq_flt.fits G102
144 icoi1bnuq_flt.fits G102
145 icoi1co0q_flt.fits G102
146 icoi1co2q_flt.fits G102
147 icoi1co4q_flt.fits G102
148 icoi1co8q_flt.fits G102
149 icoi1coeq_flt.fits G102
150 icoi1cohq_flt.fits G102
151 icoi1cojq_flt.fits G102
152 icoi1conq_flt.fits G102
153 icoi1dqaq_flt.fits G102
154 icoi1dqcq_flt.fits G102
155 icoi1dqeq_flt.fits G102
156 icoi1dqiq_flt.fits G102
157 icoi1dqoq_flt.fits G102
158 icoi1dqrq_flt.fits G102
159 icoi1dqtq_flt.fits G102
160 icoi1dqxq_flt.fits G102
161 ibhj36huq_flt.fits G141
162 ibhj36i4q_flt.fits G141
163 ibhj36j3q_flt.fits G141
164 ibhj36jbq_flt.fits G141
scale_to_photometry: [11.11, -4.42]
User templates! N=16 

[1A[1M  0.0000  264579.7 (0.0000) 1/642
[1A[1M  0.0040  264557.3 (0.0040) 2/642
[1A[1M  0.0080  264492.3 (0.0080) 3/642
[1A[1M  0.0121  257951.3 (0.0121) 4/642
[1A[1M  0.0161  257975.3 (0.0121) 5/642
[1A[1M  0.0202  258016.6 (0.0121) 6/642
[1A[1M  0.0243  258043.4 (0.0121) 7/642
[1A[1M  0.0284  258053.2 (0.0121) 8/642
[1A[1M  0.0325  258052.2 (0.0121) 9/642
[1A[1M  0.0367  258046.1 (0.0121) 10/642
[1A[1M  0.0408  258037.2 (0.0121) 11/642
[1A[1M  0.0450  258024.2 (0.0121) 12/642
[1A[1M  0.0492  258010.4 (0.0121) 13/642
[1A[1M  0.0534  257999.7 (0.0121) 14/642
[1A[1M  0.0576  257998.5 (0.0121) 15/642
[1A[1M  0.0618  258002.4 (0.0121) 16/642
[1A[1M  0.0661  257995.4 (0.0121) 17/642
[1A[1M  0.0704  257988.5 (0.0121) 18/642
[1A[1M  0.0747  257982.8 (0.0121) 19/642
[1A[1M  0.0790  257979.9 (0.0121) 20/642
[1A[1M  0.0833  257978.1 (0.0121) 21/642
[1A[1M  0.0876  257971.1 (0.0121) 22/642
[1A[1M  0.0920  257953.5 (0.0121) 23/642
[1A[1M  0.0964  257927.2 (0.0964) 24/642
[1A[1M  0.1008  257907.0 (0.1008) 25/642
[1A[1M  0.1052  257896.7 (0.1052) 26/642
[1A[1M  0.1096  257892.7 (0.1096) 27/642
[1A[1M  0.1140  257899.1 (0.1096) 28/642
[1A[1M  0.1185  257907.4 (0.1096) 29/642
[1A[1M  0.1230  257905.3 (0.1096) 30/642
[1A[1M  0.1275  257890.1 (0.1275) 31/642
[1A[1M  0.1320  257866.0 (0.1320) 32/642
[1A[1M  0.1366  257822.1 (0.1366) 33/642
[1A[1M  0.1411  257718.0 (0.1411) 34/642
[1A[1M  0.1457  257522.4 (0.1457) 35/642
[1A[1M  0.1503  257475.1 (0.1503) 36/642
[1A[1M  0.1549  257688.9 (0.1503) 37/642
[1A[1M  0.1595  257789.4 (0.1503) 38/642
[1A[1M  0.1642  257809.7 (0.1503) 39/642
[1A[1M  0.1688  257793.8 (0.1503) 40/642
[1A[1M  0.1735  257763.6 (0.1503) 41/642
[1A[1M  0.1782  257742.8 (0.1503) 42/642
[1A[1M  0.1829  257722.5 (0.1503) 43/642
[1A[1M  0.1877  257680.3 (0.1503) 44/642
[1A[1M  0.1924  257623.2 (0.1503) 45/642
[1A[1M  0.1972  257575.3 (0.1503) 46/642
[1A[1M  0.2020  257538.7 (0.1503) 47/642
[1A[1M  0.2068  257521.2 (0.1503) 48/642
[1A[1M  0.2117  257580.6 (0.1503) 49/642
[1A[1M  0.2165  257646.1 (0.1503) 50/642
[1A[1M  0.2214  257663.0 (0.1503) 51/642
[1A[1M  0.2263  257653.1 (0.1503) 52/642
[1A[1M  0.2312  257633.6 (0.1503) 53/642
[1A[1M  0.2361  257604.9 (0.1503) 54/642
[1A[1M  0.2411  257581.8 (0.1503) 55/642
[1A[1M  0.2461  257581.4 (0.1503) 56/642
[1A[1M  0.2511  257607.8 (0.1503) 57/642
[1A[1M  0.2561  257648.9 (0.1503) 58/642
[1A[1M  0.2611  257692.8 (0.1503) 59/642
[1A[1M  0.2662  257710.9 (0.1503) 60/642
[1A[1M  0.2712  257723.0 (0.1503) 61/642
[1A[1M  0.2763  257757.1 (0.1503) 62/642
[1A[1M  0.2815  257798.8 (0.1503) 63/642
[1A[1M  0.2866  257810.9 (0.1503) 64/642
[1A[1M  0.2918  257793.6 (0.1503) 65/642
[1A[1M  0.2969  257760.6 (0.1503) 66/642
[1A[1M  0.3021  257729.2 (0.1503) 67/642
[1A[1M  0.3073  257707.2 (0.1503) 68/642
[1A[1M  0.3126  257683.7 (0.1503) 69/642
[1A[1M  0.3178  257645.6 (0.1503) 70/642
[1A[1M  0.3231  257597.3 (0.1503) 71/642
[1A[1M  0.3284  257559.8 (0.1503) 72/642
[1A[1M  0.3338  257531.0 (0.1503) 73/642
[1A[1M  0.3391  257503.1 (0.1503) 74/642
[1A[1M  0.3445  257490.2 (0.1503) 75/642
[1A[1M  0.3499  257499.8 (0.1503) 76/642
[1A[1M  0.3553  257518.6 (0.1503) 77/642
[1A[1M  0.3607  257540.9 (0.1503) 78/642
[1A[1M  0.3662  257564.8 (0.1503) 79/642
[1A[1M  0.3716  257591.7 (0.1503) 80/642
[1A[1M  0.3771  257617.3 (0.1503) 81/642
[1A[1M  0.3826  257621.2 (0.1503) 82/642
[1A[1M  0.3882  257602.0 (0.1503) 83/642
[1A[1M  0.3938  257583.1 (0.1503) 84/642
[1A[1M  0.3993  257577.2 (0.1503) 85/642
[1A[1M  0.4049  257587.7 (0.1503) 86/642
[1A[1M  0.4106  257604.3 (0.1503) 87/642
[1A[1M  0.4162  257608.0 (0.1503) 88/642
[1A[1M  0.4219  257588.6 (0.1503) 89/642
[1A[1M  0.4276  257538.0 (0.1503) 90/642
[1A[1M  0.4333  257456.2 (0.4333) 91/642
[1A[1M  0.4391  257366.2 (0.4391) 92/642
[1A[1M  0.4448  257286.6 (0.4448) 93/642
[1A[1M  0.4506  257234.7 (0.4506) 94/642
[1A[1M  0.4564  257228.1 (0.4564) 95/642
[1A[1M  0.4623  257248.6 (0.4564) 96/642
[1A[1M  0.4681  257286.1 (0.4564) 97/642
[1A[1M  0.4740  257347.3 (0.4564) 98/642
[1A[1M  0.4799  257410.5 (0.4564) 99/642
[1A[1M  0.4859  257441.4 (0.4564) 100/642
[1A[1M  0.4918  257446.1 (0.4564) 101/642
[1A[1M  0.4978  257457.4 (0.4564) 102/642
[1A[1M  0.5038  257485.5 (0.4564) 103/642
[1A[1M  0.5098  257526.3 (0.4564) 104/642
[1A[1M  0.5159  257578.1 (0.4564) 105/642
[1A[1M  0.5220  257623.0 (0.4564) 106/642
[1A[1M  0.5281  257653.1 (0.4564) 107/642
[1A[1M  0.5342  257668.7 (0.4564) 108/642
[1A[1M  0.5403  257656.2 (0.4564) 109/642
[1A[1M  0.5465  257614.2 (0.4564) 110/642
[1A[1M  0.5527  257564.4 (0.4564) 111/642
[1A[1M  0.5589  257535.8 (0.4564) 112/642
[1A[1M  0.5652  257524.2 (0.4564) 113/642
[1A[1M  0.5715  257520.7 (0.4564) 114/642
[1A[1M  0.5778  257515.5 (0.4564) 115/642
[1A[1M  0.5841  257514.3 (0.4564) 116/642
[1A[1M  0.5904  257524.2 (0.4564) 117/642
[1A[1M  0.5968  257540.1 (0.4564) 118/642
[1A[1M  0.6032  257548.3 (0.4564) 119/642
[1A[1M  0.6096  257552.3 (0.4564) 120/642
[1A[1M  0.6161  257556.3 (0.4564) 121/642
[1A[1M  0.6226  257553.6 (0.4564) 122/642
[1A[1M  0.6291  257548.0 (0.4564) 123/642
[1A[1M  0.6356  257548.7 (0.4564) 124/642
[1A[1M  0.6421  257544.9 (0.4564) 125/642
[1A[1M  0.6487  257510.9 (0.4564) 126/642
[1A[1M  0.6553  257262.3 (0.4564) 127/642
[1A[1M  0.6620  256533.0 (0.6620) 128/642
[1A[1M  0.6686  256186.5 (0.6686) 129/642
[1A[1M  0.6753  256931.0 (0.6686) 130/642
[1A[1M  0.6820  257445.7 (0.6686) 131/642
[1A[1M  0.6888  257545.4 (0.6686) 132/642
[1A[1M  0.6955  257538.8 (0.6686) 133/642
[1A[1M  0.7023  257517.8 (0.6686) 134/642
[1A[1M  0.7092  257533.9 (0.6686) 135/642
[1A[1M  0.7160  257593.6 (0.6686) 136/642
[1A[1M  0.7229  257650.2 (0.6686) 137/642
[1A[1M  0.7298  257681.4 (0.6686) 138/642
[1A[1M  0.7367  257708.2 (0.6686) 139/642
[1A[1M  0.7437  257740.4 (0.6686) 140/642
[1A[1M  0.7507  257768.2 (0.6686) 141/642
[1A[1M  0.7577  257772.1 (0.6686) 142/642
[1A[1M  0.7647  257759.5 (0.6686) 143/642
[1A[1M  0.7718  257749.4 (0.6686) 144/642
[1A[1M  0.7789  257738.3 (0.6686) 145/642
[1A[1M  0.7860  257717.7 (0.6686) 146/642
[1A[1M  0.7932  257695.6 (0.6686) 147/642
[1A[1M  0.8004  257676.1 (0.6686) 148/642
[1A[1M  0.8076  257671.1 (0.6686) 149/642
[1A[1M  0.8148  257695.4 (0.6686) 150/642
[1A[1M  0.8221  257730.2 (0.6686) 151/642
[1A[1M  0.8294  257753.0 (0.6686) 152/642
[1A[1M  0.8368  257779.0 (0.6686) 153/642
[1A[1M  0.8441  257820.8 (0.6686) 154/642
[1A[1M  0.8515  257876.6 (0.6686) 155/642
[1A[1M  0.8589  257899.2 (0.6686) 156/642
[1A[1M  0.8664  257861.6 (0.6686) 157/642
[1A[1M  0.8739  257819.9 (0.6686) 158/642
[1A[1M  0.8814  257821.6 (0.6686) 159/642
[1A[1M  0.8889  257860.0 (0.6686) 160/642
[1A[1M  0.8965  257889.1 (0.6686) 161/642
[1A[1M  0.9041  257898.8 (0.6686) 162/642
[1A[1M  0.9117  257910.5 (0.6686) 163/642
[1A[1M  0.9194  257935.9 (0.6686) 164/642
[1A[1M  0.9271  257962.1 (0.6686) 165/642
[1A[1M  0.9348  257990.9 (0.6686) 166/642
[1A[1M  0.9425  258019.9 (0.6686) 167/642
[1A[1M  0.9503  258039.2 (0.6686) 168/642
[1A[1M  0.9581  258052.1 (0.6686) 169/642
[1A[1M  0.9660  258046.6 (0.6686) 170/642
[1A[1M  0.9739  258048.4 (0.6686) 171/642
[1A[1M  0.9818  258071.4 (0.6686) 172/642
[1A[1M  0.9897  258109.1 (0.6686) 173/642
[1A[1M  0.9977  258035.9 (0.6686) 174/642
[1A[1M  1.0057  258042.2 (0.6686) 175/642
[1A[1M  1.0138  258061.9 (0.6686) 176/642
[1A[1M  1.0218  258121.3 (0.6686) 177/642
[1A[1M  1.0299  258153.7 (0.6686) 178/642
[1A[1M  1.0381  258158.4 (0.6686) 179/642
[1A[1M  1.0462  258172.6 (0.6686) 180/642
[1A[1M  1.0544  258203.7 (0.6686) 181/642
[1A[1M  1.0627  258244.8 (0.6686) 182/642
[1A[1M  1.0709  258305.1 (0.6686) 183/642
[1A[1M  1.0792  258350.1 (0.6686) 184/642
[1A[1M  1.0876  258372.4 (0.6686) 185/642
[1A[1M  1.0959  258409.7 (0.6686) 186/642
[1A[1M  1.1043  258459.7 (0.6686) 187/642
[1A[1M  1.1128  258507.0 (0.6686) 188/642
[1A[1M  1.1212  258516.4 (0.6686) 189/642
[1A[1M  1.1297  258485.5 (0.6686) 190/642
[1A[1M  1.1383  258445.7 (0.6686) 191/642
[1A[1M  1.1468  258422.7 (0.6686) 192/642
[1A[1M  1.1555  258418.7 (0.6686) 193/642
[1A[1M  1.1641  258419.2 (0.6686) 194/642
[1A[1M  1.1728  258253.4 (0.6686) 195/642
[1A[1M  1.1815  257667.0 (0.6686) 196/642
[1A[1M  1.1902  257468.3 (0.6686) 197/642
[1A[1M  1.1990  257904.2 (0.6686) 198/642
[1A[1M  1.2078  258209.0 (0.6686) 199/642
[1A[1M  1.2167  258380.5 (0.6686) 200/642
[1A[1M  1.2255  258478.5 (0.6686) 201/642
[1A[1M  1.2345  258531.4 (0.6686) 202/642
[1A[1M  1.2434  258528.2 (0.6686) 203/642
[1A[1M  1.2524  258370.0 (0.6686) 204/642
[1A[1M  1.2614  258301.0 (0.6686) 205/642
[1A[1M  1.2705  258394.7 (0.6686) 206/642
[1A[1M  1.2796  258404.9 (0.6686) 207/642
[1A[1M  1.2887  258448.0 (0.6686) 208/642
[1A[1M  1.2979  258519.1 (0.6686) 209/642
[1A[1M  1.3071  258570.5 (0.6686) 210/642
[1A[1M  1.3164  258592.3 (0.6686) 211/642
[1A[1M  1.3257  258611.5 (0.6686) 212/642
[1A[1M  1.3350  258615.6 (0.6686) 213/642
[1A[1M  1.3443  258628.0 (0.6686) 214/642
[1A[1M  1.3537  258647.6 (0.6686) 215/642
[1A[1M  1.3632  258658.3 (0.6686) 216/642
[1A[1M  1.3726  258683.5 (0.6686) 217/642
[1A[1M  1.3821  258724.5 (0.6686) 218/642
[1A[1M  1.3917  258772.3 (0.6686) 219/642
[1A[1M  1.4013  258837.0 (0.6686) 220/642
[1A[1M  1.4109  258881.6 (0.6686) 221/642
[1A[1M  1.4206  258887.6 (0.6686) 222/642
[1A[1M  1.4303  258907.7 (0.6686) 223/642
[1A[1M  1.4400  258970.5 (0.6686) 224/642
[1A[1M  1.4498  259039.6 (0.6686) 225/642
[1A[1M  1.4596  259092.4 (0.6686) 226/642
[1A[1M  1.4695  259116.5 (0.6686) 227/642
[1A[1M  1.4794  259162.2 (0.6686) 228/642
[1A[1M  1.4893  259257.7 (0.6686) 229/642
[1A[1M  1.4993  259377.3 (0.6686) 230/642
[1A[1M  1.5093  259525.5 (0.6686) 231/642
[1A[1M  1.5193  259615.1 (0.6686) 232/642
[1A[1M  1.5294  259700.4 (0.6686) 233/642
[1A[1M  1.5396  259740.5 (0.6686) 234/642
[1A[1M  1.5498  259676.5 (0.6686) 235/642
[1A[1M  1.5600  259630.1 (0.6686) 236/642
[1A[1M  1.5702  259650.4 (0.6686) 237/642
[1A[1M  1.5805  259709.1 (0.6686) 238/642
[1A[1M  1.5909  259717.3 (0.6686) 239/642
[1A[1M  1.6013  259698.3 (0.6686) 240/642
[1A[1M  1.6117  259699.1 (0.6686) 241/642
[1A[1M  1.6222  259737.3 (0.6686) 242/642
[1A[1M  1.6327  259801.4 (0.6686) 243/642
[1A[1M  1.6432  259925.3 (0.6686) 244/642
[1A[1M  1.6538  260129.0 (0.6686) 245/642
[1A[1M  1.6645  260276.1 (0.6686) 246/642
[1A[1M  1.6751  260190.0 (0.6686) 247/642
[1A[1M  1.6859  259875.4 (0.6686) 248/642
[1A[1M  1.6966  259597.5 (0.6686) 249/642
[1A[1M  1.7074  259486.0 (0.6686) 250/642
[1A[1M  1.7183  259521.5 (0.6686) 251/642
[1A[1M  1.7292  259682.5 (0.6686) 252/642
[1A[1M  1.7401  259969.3 (0.6686) 253/642
[1A[1M  1.7511  260298.4 (0.6686) 254/642
[1A[1M  1.7621  260364.5 (0.6686) 255/642
[1A[1M  1.7732  260141.8 (0.6686) 256/642
[1A[1M  1.7843  259924.2 (0.6686) 257/642
[1A[1M  1.7955  259837.6 (0.6686) 258/642
[1A[1M  1.8067  259937.8 (0.6686) 259/642
[1A[1M  1.8179  259961.7 (0.6686) 260/642
[1A[1M  1.8292  259828.3 (0.6686) 261/642
[1A[1M  1.8406  259915.1 (0.6686) 262/642
[1A[1M  1.8519  260156.2 (0.6686) 263/642
[1A[1M  1.8634  260239.5 (0.6686) 264/642
[1A[1M  1.8748  260283.6 (0.6686) 265/642
[1A[1M  1.8864  260351.6 (0.6686) 266/642
[1A[1M  1.8979  260431.9 (0.6686) 267/642
[1A[1M  1.9096  260468.2 (0.6686) 268/642
[1A[1M  1.9212  260044.6 (0.6686) 269/642
[1A[1M  1.9329  259368.7 (0.6686) 270/642
[1A[1M  1.9447  259936.3 (0.6686) 271/642
[1A[1M  1.9565  260856.5 (0.6686) 272/642
[1A[1M  1.9683  261229.2 (0.6686) 273/642
[1A[1M  1.9802  261359.6 (0.6686) 274/642
[1A[1M  1.9922  261428.2 (0.6686) 275/642
[1A[1M  2.0042  261518.0 (0.6686) 276/642
[1A[1M  2.0162  261668.1 (0.6686) 277/642
[1A[1M  2.0283  261798.5 (0.6686) 278/642
[1A[1M  2.0404  261889.2 (0.6686) 279/642
[1A[1M  2.0526  261941.5 (0.6686) 280/642
[1A[1M  2.0649  261960.7 (0.6686) 281/642
[1A[1M  2.0771  261961.8 (0.6686) 282/642
[1A[1M  2.0895  261965.5 (0.6686) 283/642
[1A[1M  2.1019  261981.7 (0.6686) 284/642
[1A[1M  2.1143  261998.7 (0.6686) 285/642
[1A[1M  2.1268  262008.7 (0.6686) 286/642
[1A[1M  2.1393  262012.5 (0.6686) 287/642
[1A[1M  2.1519  262022.5 (0.6686) 288/642
[1A[1M  2.1645  262044.6 (0.6686) 289/642
[1A[1M  2.1772  262076.0 (0.6686) 290/642
[1A[1M  2.1899  262116.3 (0.6686) 291/642
[1A[1M  2.2027  262161.6 (0.6686) 292/642
[1A[1M  2.2156  262202.7 (0.6686) 293/642
[1A[1M  2.2284  262240.1 (0.6686) 294/642
[1A[1M  2.2414  262269.5 (0.6686) 295/642
[1A[1M  2.2544  262288.3 (0.6686) 296/642
[1A[1M  2.2674  262295.8 (0.6686) 297/642
[1A[1M  2.2805  262308.4 (0.6686) 298/642
[1A[1M  2.2937  262334.2 (0.6686) 299/642
[1A[1M  2.3069  262363.3 (0.6686) 300/642
[1A[1M  2.3201  262388.7 (0.6686) 301/642
[1A[1M  2.3334  262426.6 (0.6686) 302/642
[1A[1M  2.3468  262490.9 (0.6686) 303/642
[1A[1M  2.3602  262574.1 (0.6686) 304/642
[1A[1M  2.3737  262657.3 (0.6686) 305/642
[1A[1M  2.3872  262725.2 (0.6686) 306/642
[1A[1M  2.4008  262771.8 (0.6686) 307/642
[1A[1M  2.4144  262813.0 (0.6686) 308/642
[1A[1M  2.4281  262850.3 (0.6686) 309/642
[1A[1M  2.4418  262880.4 (0.6686) 310/642
[1A[1M  2.4556  262918.4 (0.6686) 311/642
[1A[1M  2.4695  262967.4 (0.6686) 312/642
[1A[1M  2.4834  263015.6 (0.6686) 313/642
[1A[1M  2.4973  263057.0 (0.6686) 314/642
[1A[1M  2.5113  263088.4 (0.6686) 315/642
[1A[1M  2.5254  263113.2 (0.6686) 316/642
[1A[1M  2.5396  263130.5 (0.6686) 317/642
[1A[1M  2.5537  263138.0 (0.6686) 318/642
[1A[1M  2.5680  263143.9 (0.6686) 319/642
[1A[1M  2.5823  263160.6 (0.6686) 320/642
[1A[1M  2.5966  263182.0 (0.6686) 321/642
[1A[1M  2.6111  263196.8 (0.6686) 322/642
[1A[1M  2.6255  263216.2 (0.6686) 323/642
[1A[1M  2.6401  263246.3 (0.6686) 324/642
[1A[1M  2.6546  263278.5 (0.6686) 325/642
[1A[1M  2.6693  263301.0 (0.6686) 326/642
[1A[1M  2.6840  263318.5 (0.6686) 327/642
[1A[1M  2.6988  263338.7 (0.6686) 328/642
[1A[1M  2.7136  263359.5 (0.6686) 329/642
[1A[1M  2.7285  263380.7 (0.6686) 330/642
[1A[1M  2.7434  263406.9 (0.6686) 331/642
[1A[1M  2.7584  263441.1 (0.6686) 332/642
[1A[1M  2.7735  263483.2 (0.6686) 333/642
[1A[1M  2.7886  263520.4 (0.6686) 334/642
[1A[1M  2.8038  263551.9 (0.6686) 335/642
[1A[1M  2.8190  263598.1 (0.6686) 336/642
[1A[1M  2.8344  263652.9 (0.6686) 337/642
[1A[1M  2.8497  263699.0 (0.6686) 338/642
[1A[1M  2.8651  263741.4 (0.6686) 339/642
[1A[1M  2.8806  263680.5 (0.6686) 340/642
[1A[1M  2.8962  263247.8 (0.6686) 341/642
[1A[1M  2.9118  262877.2 (0.6686) 342/642
[1A[1M  2.9275  263462.5 (0.6686) 343/642
[1A[1M  2.9432  263938.9 (0.6686) 344/642
[1A[1M  2.9590  264053.8 (0.6686) 345/642
[1A[1M  2.9749  264107.7 (0.6686) 346/642
[1A[1M  2.9908  264143.6 (0.6686) 347/642
[1A[1M  3.0068  264164.4 (0.6686) 348/642
[1A[1M  3.0229  264181.3 (0.6686) 349/642
[1A[1M  3.0390  264200.6 (0.6686) 350/642
[1A[1M  3.0552  264189.2 (0.6686) 351/642
[1A[1M  3.0715  264191.1 (0.6686) 352/642
[1A[1M  3.0878  264200.5 (0.6686) 353/642
[1A[1M  3.1042  264225.1 (0.6686) 354/642
[1A[1M  3.1206  264255.0 (0.6686) 355/642
[1A[1M  3.1371  264302.5 (0.6686) 356/642
[1A[1M  3.1537  264383.8 (0.6686) 357/642
[1A[1M  3.1704  264463.7 (0.6686) 358/642
[1A[1M  3.1871  264502.1 (0.6686) 359/642
[1A[1M  3.2038  264498.1 (0.6686) 360/642
[1A[1M  3.2207  264478.5 (0.6686) 361/642
[1A[1M  3.2376  264470.1 (0.6686) 362/642
[1A[1M  3.2546  264492.1 (0.6686) 363/642
[1A[1M  3.2716  264545.3 (0.6686) 364/642
[1A[1M  3.2888  264597.3 (0.6686) 365/642
[1A[1M  3.3060  264636.3 (0.6686) 366/642
[1A[1M  3.3232  264654.6 (0.6686) 367/642
[1A[1M  3.3405  264640.2 (0.6686) 368/642
[1A[1M  3.3579  264605.3 (0.6686) 369/642
[1A[1M  3.3754  264572.8 (0.6686) 370/642
[1A[1M  3.3929  264544.4 (0.6686) 371/642
[1A[1M  3.4106  264504.6 (0.6686) 372/642
[1A[1M  3.4282  264457.6 (0.6686) 373/642
[1A[1M  3.4460  264405.2 (0.6686) 374/642
[1A[1M  3.4638  264404.2 (0.6686) 375/642
[1A[1M  3.4817  264389.5 (0.6686) 376/642
[1A[1M  3.4997  264393.1 (0.6686) 377/642
[1A[1M  3.5177  264407.0 (0.6686) 378/642
[1A[1M  3.5358  264413.6 (0.6686) 379/642
[1A[1M  3.5540  264397.9 (0.6686) 380/642
[1A[1M  3.5722  264360.1 (0.6686) 381/642
[1A[1M  3.5906  264306.5 (0.6686) 382/642
[1A[1M  3.6089  264233.4 (0.6686) 383/642
[1A[1M  3.6274  264154.4 (0.6686) 384/642
[1A[1M  3.6460  264079.9 (0.6686) 385/642
[1A[1M  3.6646  264009.9 (0.6686) 386/642
[1A[1M  3.6833  263931.8 (0.6686) 387/642
[1A[1M  3.7021  263836.9 (0.6686) 388/642
[1A[1M  3.7209  263711.2 (0.6686) 389/642
[1A[1M  3.7398  263567.5 (0.6686) 390/642
[1A[1M  3.7588  263430.9 (0.6686) 391/642
[1A[1M  3.7779  263314.0 (0.6686) 392/642
[1A[1M  3.7970  263235.4 (0.6686) 393/642
[1A[1M  3.8163  263184.3 (0.6686) 394/642
[1A[1M  3.8356  263144.9 (0.6686) 395/642
[1A[1M  3.8550  263097.9 (0.6686) 396/642
[1A[1M  3.8744  263046.0 (0.6686) 397/642
[1A[1M  3.8940  263004.7 (0.6686) 398/642
[1A[1M  3.9136  262984.6 (0.6686) 399/642
[1A[1M  3.9333  262955.5 (0.6686) 400/642
[1A[1M  3.9530  262891.0 (0.6686) 401/642
[1A[1M  3.9729  262809.3 (0.6686) 402/642
[1A[1M  3.9928  264731.3 (0.6686) 403/642
[1A[1M  4.0128  264753.7 (0.6686) 404/642
[1A[1M  4.0329  264788.3 (0.6686) 405/642
[1A[1M  4.0531  264775.1 (0.6686) 406/642
[1A[1M  4.0733  264720.3 (0.6686) 407/642
[1A[1M  4.0937  264687.1 (0.6686) 408/642
[1A[1M  4.1141  264695.9 (0.6686) 409/642
[1A[1M  4.1346  264686.9 (0.6686) 410/642
[1A[1M  4.1552  264633.1 (0.6686) 411/642
[1A[1M  4.1758  264579.2 (0.6686) 412/642
[1A[1M  4.1966  264533.6 (0.6686) 413/642
[1A[1M  4.2174  264476.0 (0.6686) 414/642
[1A[1M  4.2383  264418.9 (0.6686) 415/642
[1A[1M  4.2593  264393.1 (0.6686) 416/642
[1A[1M  4.2804  264427.9 (0.6686) 417/642
[1A[1M  4.3016  264494.3 (0.6686) 418/642
[1A[1M  4.3228  264520.8 (0.6686) 419/642
[1A[1M  4.3441  264513.7 (0.6686) 420/642
[1A[1M  4.3656  264526.6 (0.6686) 421/642
[1A[1M  4.3871  264575.2 (0.6686) 422/642
[1A[1M  4.4087  264618.5 (0.6686) 423/642
[1A[1M  4.4303  264611.7 (0.6686) 424/642
[1A[1M  4.4521  264549.8 (0.6686) 425/642
[1A[1M  4.4739  264457.3 (0.6686) 426/642
[1A[1M  4.4959  264367.8 (0.6686) 427/642
[1A[1M  4.5179  264302.9 (0.6686) 428/642
[1A[1M  4.5400  264248.4 (0.6686) 429/642
[1A[1M  4.5622  264215.6 (0.6686) 430/642
[1A[1M  4.5845  264236.0 (0.6686) 431/642
[1A[1M  4.6069  264291.0 (0.6686) 432/642
[1A[1M  4.6294  264354.2 (0.6686) 433/642
[1A[1M  4.6519  264409.1 (0.6686) 434/642
[1A[1M  4.6746  264415.0 (0.6686) 435/642
[1A[1M  4.6973  264293.7 (0.6686) 436/642
[1A[1M  4.7202  263952.2 (0.6686) 437/642
[1A[1M  4.7431  263834.9 (0.6686) 438/642
[1A[1M  4.7661  264173.4 (0.6686) 439/642
[1A[1M  4.7892  264366.6 (0.6686) 440/642
[1A[1M  4.8124  264395.8 (0.6686) 441/642
[1A[1M  4.8357  264392.1 (0.6686) 442/642
[1A[1M  4.8591  264395.9 (0.6686) 443/642
[1A[1M  4.8826  264430.7 (0.6686) 444/642
[1A[1M  4.9062  264468.9 (0.6686) 445/642
[1A[1M  4.9299  264461.5 (0.6686) 446/642
[1A[1M  4.9536  264398.2 (0.6686) 447/642
[1A[1M  4.9775  264318.9 (0.6686) 448/642
[1A[1M  5.0014  264252.6 (0.6686) 449/642
[1A[1M  5.0255  264192.4 (0.6686) 450/642
[1A[1M  5.0496  264135.1 (0.6686) 451/642
[1A[1M  5.0739  264095.3 (0.6686) 452/642
[1A[1M  5.0982  264094.1 (0.6686) 453/642
[1A[1M  5.1227  264145.2 (0.6686) 454/642
[1A[1M  5.1472  264206.7 (0.6686) 455/642
[1A[1M  5.1719  264249.8 (0.6686) 456/642
[1A[1M  5.1966  264248.2 (0.6686) 457/642
[1A[1M  5.2214  264199.4 (0.6686) 458/642
[1A[1M  5.2464  264157.6 (0.6686) 459/642
[1A[1M  5.2714  264163.8 (0.6686) 460/642
[1A[1M  5.2965  264197.8 (0.6686) 461/642
[1A[1M  5.3218  264263.6 (0.6686) 462/642
[1A[1M  5.3471  264344.9 (0.6686) 463/642
[1A[1M  5.3726  264389.5 (0.6686) 464/642
[1A[1M  5.3981  264383.2 (0.6686) 465/642
[1A[1M  5.4237  264323.1 (0.6686) 466/642
[1A[1M  5.4495  264227.8 (0.6686) 467/642
[1A[1M  5.4753  264146.9 (0.6686) 468/642
[1A[1M  5.5013  264158.7 (0.6686) 469/642
[1A[1M  5.5273  264251.9 (0.6686) 470/642
[1A[1M  5.5535  264324.9 (0.6686) 471/642
[1A[1M  5.5798  264337.3 (0.6686) 472/642
[1A[1M  5.6061  264310.9 (0.6686) 473/642
[1A[1M  5.6326  264203.5 (0.6686) 474/642
[1A[1M  5.6592  264025.2 (0.6686) 475/642
[1A[1M  5.6859  264066.5 (0.6686) 476/642
[1A[1M  5.7127  264283.7 (0.6686) 477/642
[1A[1M  5.7396  264379.2 (0.6686) 478/642
[1A[1M  5.7666  264378.3 (0.6686) 479/642
[1A[1M  5.7937  264364.2 (0.6686) 480/642
[1A[1M  5.8210  264375.0 (0.6686) 481/642
[1A[1M  5.8483  264427.6 (0.6686) 482/642
[1A[1M  5.8757  264520.1 (0.6686) 483/642
[1A[1M  5.9033  264651.6 (0.6686) 484/642
[1A[1M  5.9310  264798.8 (0.6686) 485/642
[1A[1M  5.9588  264930.9 (0.6686) 486/642
[1A[1M  5.9866  264980.5 (0.6686) 487/642
[1A[1M  6.0146  264842.1 (0.6686) 488/642
[1A[1M  6.0428  264463.8 (0.6686) 489/642
[1A[1M  6.0710  264345.9 (0.6686) 490/642
[1A[1M  6.0993  264982.2 (0.6686) 491/642
[1A[1M  6.1278  265520.0 (0.6686) 492/642
[1A[1M  6.1563  265700.7 (0.6686) 493/642
[1A[1M  6.1850  265720.4 (0.6686) 494/642
[1A[1M  6.2138  265727.5 (0.6686) 495/642
[1A[1M  6.2427  265853.5 (0.6686) 496/642
[1A[1M  6.2718  265983.5 (0.6686) 497/642
[1A[1M  6.3009  266085.8 (0.6686) 498/642
[1A[1M  6.3302  266198.9 (0.6686) 499/642
[1A[1M  6.3596  266356.0 (0.6686) 500/642
[1A[1M  6.3891  266548.2 (0.6686) 501/642
[1A[1M  6.4187  266740.5 (0.6686) 502/642
[1A[1M  6.4484  266928.5 (0.6686) 503/642
[1A[1M  6.4783  267095.5 (0.6686) 504/642
[1A[1M  6.5082  267242.6 (0.6686) 505/642
[1A[1M  6.5383  267401.6 (0.6686) 506/642
[1A[1M  6.5685  267593.7 (0.6686) 507/642
[1A[1M  6.5989  267807.3 (0.6686) 508/642
[1A[1M  6.6293  268054.0 (0.6686) 509/642
[1A[1M  6.6599  268297.5 (0.6686) 510/642
[1A[1M  6.6906  268505.3 (0.6686) 511/642
[1A[1M  6.7214  268673.2 (0.6686) 512/642
[1A[1M  6.7524  268735.8 (0.6686) 513/642
[1A[1M  6.7835  268757.7 (0.6686) 514/642
[1A[1M  6.8146  268785.8 (0.6686) 515/642
[1A[1M  6.8460  269083.4 (0.6686) 516/642
[1A[1M  6.8774  269627.2 (0.6686) 517/642
[1A[1M  6.9090  270115.5 (0.6686) 518/642
[1A[1M  6.9407  270406.7 (0.6686) 519/642
[1A[1M  6.9725  270623.9 (0.6686) 520/642
[1A[1M  7.0045  270881.2 (0.6686) 521/642
[1A[1M  7.0366  271159.0 (0.6686) 522/642
[1A[1M  7.0688  271435.1 (0.6686) 523/642
[1A[1M  7.1011  271633.6 (0.6686) 524/642
[1A[1M  7.1336  271909.0 (0.6686) 525/642
[1A[1M  7.1662  272256.5 (0.6686) 526/642
[1A[1M  7.1989  272587.6 (0.6686) 527/642
[1A[1M  7.2318  272848.8 (0.6686) 528/642
[1A[1M  7.2648  273076.8 (0.6686) 529/642
[1A[1M  7.2979  273438.4 (0.6686) 530/642
[1A[1M  7.3311  273854.3 (0.6686) 531/642
[1A[1M  7.3645  274251.7 (0.6686) 532/642
[1A[1M  7.3981  274599.5 (0.6686) 533/642
[1A[1M  7.4317  274898.8 (0.6686) 534/642
[1A[1M  7.4655  275125.8 (0.6686) 535/642
[1A[1M  7.4994  275441.6 (0.6686) 536/642
[1A[1M  7.5335  275842.6 (0.6686) 537/642
[1A[1M  7.5677  276279.5 (0.6686) 538/642
[1A[1M  7.6020  276720.7 (0.6686) 539/642
[1A[1M  7.6365  277133.5 (0.6686) 540/642
[1A[1M  7.6711  277488.6 (0.6686) 541/642
[1A[1M  7.7059  277761.8 (0.6686) 542/642
[1A[1M  7.7408  277947.8 (0.6686) 543/642
[1A[1M  7.7758  277945.9 (0.6686) 544/642
[1A[1M  7.8110  277915.5 (0.6686) 545/642
[1A[1M  7.8463  278394.5 (0.6686) 546/642
[1A[1M  7.8818  279189.5 (0.6686) 547/642
[1A[1M  7.9174  279776.8 (0.6686) 548/642
[1A[1M  7.9531  279829.0 (0.6686) 549/642
[1A[1M  7.9890  279267.7 (0.6686) 550/642
[1A[1M  8.0250  280501.3 (0.6686) 551/642
[1A[1M  8.0612  282497.8 (0.6686) 552/642
[1A[1M  8.0975  283529.5 (0.6686) 553/642
[1A[1M  8.1340  283990.7 (0.6686) 554/642
[1A[1M  8.1706  284261.6 (0.6686) 555/642
[1A[1M  8.2073  284544.2 (0.6686) 556/642
[1A[1M  8.2442  284960.0 (0.6686) 557/642
[1A[1M  8.2813  285282.6 (0.6686) 558/642
[1A[1M  8.3185  285432.4 (0.6686) 559/642
[1A[1M  8.3558  285472.6 (0.6686) 560/642
[1A[1M  8.3933  285487.8 (0.6686) 561/642
[1A[1M  8.4310  285506.6 (0.6686) 562/642
[1A[1M  8.4688  285535.5 (0.6686) 563/642
[1A[1M  8.5067  285573.6 (0.6686) 564/642
[1A[1M  8.5448  285622.6 (0.6686) 565/642
[1A[1M  8.5831  285673.4 (0.6686) 566/642
[1A[1M  8.6215  285723.7 (0.6686) 567/642
[1A[1M  8.6601  285782.8 (0.6686) 568/642
[1A[1M  8.6988  285848.4 (0.6686) 569/642
[1A[1M  8.7377  285917.0 (0.6686) 570/642
[1A[1M  8.7767  285987.6 (0.6686) 571/642
[1A[1M  8.8159  286055.4 (0.6686) 572/642
[1A[1M  8.8552  286120.5 (0.6686) 573/642
[1A[1M  8.8947  286183.5 (0.6686) 574/642
[1A[1M  8.9344  286242.0 (0.6686) 575/642
[1A[1M  8.9742  286318.2 (0.6686) 576/642
[1A[1M  9.0142  286399.7 (0.6686) 577/642
[1A[1M  9.0543  286474.5 (0.6686) 578/642
[1A[1M  9.0946  286546.4 (0.6686) 579/642
[1A[1M  9.1351  286616.1 (0.6686) 580/642
[1A[1M  9.1757  286684.0 (0.6686) 581/642
[1A[1M  9.2165  286754.3 (0.6686) 582/642
[1A[1M  9.2574  286840.3 (0.6686) 583/642
[1A[1M  9.2985  286929.2 (0.6686) 584/642
[1A[1M  9.3398  287003.4 (0.6686) 585/642
[1A[1M  9.3812  287072.2 (0.6686) 586/642
[1A[1M  9.4228  287158.3 (0.6686) 587/642
[1A[1M  9.4646  287253.5 (0.6686) 588/642
[1A[1M  9.5066  287320.0 (0.6686) 589/642
[1A[1M  9.5487  287374.4 (0.6686) 590/642
[1A[1M  9.5910  287443.3 (0.6686) 591/642
[1A[1M  9.6334  287529.0 (0.6686) 592/642
[1A[1M  9.6760  287601.4 (0.6686) 593/642
[1A[1M  9.7188  287653.1 (0.6686) 594/642
[1A[1M  9.7618  287701.1 (0.6686) 595/642
[1A[1M  9.8049  287762.3 (0.6686) 596/642
[1A[1M  9.8482  287830.7 (0.6686) 597/642
[1A[1M  9.8917  287894.3 (0.6686) 598/642
[1A[1M  9.9353  287947.2 (0.6686) 599/642
[1A[1M  9.9792  288023.9 (0.6686) 600/642
[1A[1M  10.0232  288104.0 (0.6686) 601/642
[1A[1M  10.0674  288169.0 (0.6686) 602/642
[1A[1M  10.1117  288236.6 (0.6686) 603/642
[1A[1M  10.1563  288319.8 (0.6686) 604/642
[1A[1M  10.2010  288420.3 (0.6686) 605/642
[1A[1M  10.2459  288491.7 (0.6686) 606/642
[1A[1M  10.2909  288556.1 (0.6686) 607/642
[1A[1M  10.3362  288624.0 (0.6686) 608/642
[1A[1M  10.3816  288689.4 (0.6686) 609/642
[1A[1M  10.4272  288759.4 (0.6686) 610/642
[1A[1M  10.4730  288842.7 (0.6686) 611/642
[1A[1M  10.5190  288904.0 (0.6686) 612/642
[1A[1M  10.5652  288960.4 (0.6686) 613/642
[1A[1M  10.6115  289019.8 (0.6686) 614/642
[1A[1M  10.6581  289082.3 (0.6686) 615/642
[1A[1M  10.7048  289148.4 (0.6686) 616/642
[1A[1M  10.7517  289203.0 (0.6686) 617/642
[1A[1M  10.7988  289260.1 (0.6686) 618/642
[1A[1M  10.8461  289323.9 (0.6686) 619/642
[1A[1M  10.8936  289394.5 (0.6686) 620/642
[1A[1M  10.9413  289480.8 (0.6686) 621/642
[1A[1M  10.9891  289554.0 (0.6686) 622/642
[1A[1M  11.0372  289624.9 (0.6686) 623/642
[1A[1M  11.0854  289704.3 (0.6686) 624/642
[1A[1M  11.1339  289817.2 (0.6686) 625/642
[1A[1M  11.1825  289902.3 (0.6686) 626/642
[1A[1M  11.2313  289971.4 (0.6686) 627/642
[1A[1M  11.2803  290058.9 (0.6686) 628/642
[1A[1M  11.3296  290170.2 (0.6686) 629/642
[1A[1M  11.3790  290267.8 (0.6686) 630/642
[1A[1M  11.4286  290356.5 (0.6686) 631/642
[1A[1M  11.4784  290450.5 (0.6686) 632/642
[1A[1M  11.5284  290537.5 (0.6686) 633/642
[1A[1M  11.5786  290620.4 (0.6686) 634/642
[1A[1M  11.6291  290694.8 (0.6686) 635/642
[1A[1M  11.6797  290756.9 (0.6686) 636/642
[1A[1M  11.7305  290813.8 (0.6686) 637/642
[1A[1M  11.7815  290868.1 (0.6686) 638/642
[1A[1M  11.8327  290902.5 (0.6686) 639/642
[1A[1M  11.8842  290917.0 (0.6686) 640/642
[1A[1M  11.9358  290942.2 (0.6686) 641/642
[1A[1M  11.9877  290969.4 (0.6686) 642/642
First iteration: z_best=0.6686

[1A[1M- 0.6594  256855.3 (0.6594) 1/33
[1A[1M- 0.6599  256793.0 (0.6599) 2/33
[1A[1M- 0.6604  256728.4 (0.6604) 3/33
[1A[1M- 0.6609  256663.6 (0.6609) 4/33
[1A[1M- 0.6614  256600.9 (0.6614) 5/33
[1A[1M- 0.6619  256538.5 (0.6619) 6/33
[1A[1M- 0.6624  256476.5 (0.6624) 7/33
[1A[1M- 0.6629  256417.4 (0.6629) 8/33
[1A[1M- 0.6634  256362.1 (0.6634) 9/33
[1A[1M- 0.6639  256311.2 (0.6639) 10/33
[1A[1M- 0.6644  256265.3 (0.6644) 11/33
[1A[1M- 0.6649  256226.7 (0.6649) 12/33
[1A[1M- 0.6654  256195.5 (0.6654) 13/33
[1A[1M- 0.6659  256171.4 (0.6659) 14/33
[1A[1M- 0.6664  256155.4 (0.6664) 15/33
[1A[1M- 0.6669  256147.9 (0.6669) 16/33
[1A[1M- 0.6674  256148.9 (0.6669) 17/33
[1A[1M- 0.6679  256158.6 (0.6669) 18/33
[1A[1M- 0.6684  256176.8 (0.6669) 19/33
[1A[1M- 0.6689  256202.5 (0.6669) 20/33
[1A[1M- 0.6694  256236.2 (0.6669) 21/33
[1A[1M- 0.6699  256277.8 (0.6669) 22/33
[1A[1M- 0.6704  256325.5 (0.6669) 23/33
[1A[1M- 0.6709  256378.7 (0.6669) 24/33
[1A[1M- 0.6714  256436.5 (0.6669) 25/33
[1A[1M- 0.6719  256497.6 (0.6669) 26/33
[1A[1M- 0.6724  256559.8 (0.6669) 27/33
[1A[1M- 0.6729  256622.8 (0.6669) 28/33
[1A[1M- 0.6734  256688.1 (0.6669) 29/33
[1A[1M- 0.6739  256753.9 (0.6669) 30/33
[1A[1M- 0.6744  256818.5 (0.6669) 31/33
[1A[1M- 0.6749  256882.3 (0.6669) 32/33
[1A[1M- 0.6754  256944.0 (0.6669) 33/33
Drizzle line -> SIII (20.95 4.15)
Drizzle line -> OII-7325 (0.90 1.54)
Drizzle line -> ArIII-7138 (1.17 1.63)
Drizzle line -> SII  (5.96 0.57)
Drizzle line -> Ha   (15.27 0.40)
Drizzle line -> OI-6302 (1.23 0.46)
Drizzle line -> HeI-5877 (0.53 0.46)
Get linemap PSF: F105W
Get linemap PSF: F125W
Get linemap PSF: F140W
Get linemap PSF: F160W
Finished 29565 22.0286
Changing to /home/rsimons/git/clear_local
