



###################
Parameters


field             GS4
mag_lim           25
mag_max           0
files_bool        True
retrieve_bool     False
prep_bool         False
model_bool        True
new_model         False
beams_bool        False
fit_bool          True
use_psf           False
fit_min_id        0
n_jobs            1
id_choose            29497
phot_scale_order  2
fit_without_phot  False
PATH_TO_SCRIPTS   /home/rsimons/git/clear_local
PATH_TO_CATS      /user/rsimons/grizli_extractions/Catalogs
PATH_TO_HOME      /user/rsimons/grizli_extractions
HOME_PATH         /user/rsimons/grizli_extractions/GS4




####################




Changing to /user/rsimons/grizli_extractions/GS4
Changing to /user/rsimons/grizli_extractions/GS4/j033236m2748/Prep
BUSH1-bfu-b1-077.0-F125W 2
BUSH3-bfu-bl-089.0-F098M 4
BUSH3-bfu-by-089.0-F105W 2
BUSH3-bfu-b3-089.0-F125W 2
BUSH3-bfu-by-089.0-F140W 2
FIGS-GS1-coi-1m-028.0-F105W 2
FIGS-GS1-coi-1n-028.0-F105W 2
FIGS-GS1-coi-1o-028.0-F105W 2
FIGS-GS1-coi-1p-028.0-F105W 2
FIGS-GS1-coi-1i-038.0-F105W 2
FIGS-GS1-coi-1j-038.0-F105W 2
FIGS-GS1-coi-1k-038.0-F105W 2
FIGS-GS1-coi-1l-038.0-F105W 2
FIGS-GS1-coi-1e-100.0-F105W 2
FIGS-GS1-coi-1f-100.0-F105W 2
FIGS-GS1-coi-1g-100.0-F105W 2
FIGS-GS1-coi-1h-100.0-F105W 2
FIGS-GS1-coi-1q-106.0-F105W 2
FIGS-GS1-coi-1r-106.0-F105W 2
FIGS-GS1-coi-1s-106.0-F105W 2
FIGS-GS1-coi-1t-106.0-F105W 2
FIGS-GS1-coi-1a-168.0-F105W 2
FIGS-GS1-coi-1b-168.0-F105W 2
FIGS-GS1-coi-1c-168.0-F105W 2
FIGS-GS1-coi-1d-168.0-F105W 2
FIGS-GS1-coi-1m-028.0-G102 8
FIGS-GS1-coi-1n-028.0-G102 8
FIGS-GS1-coi-1o-028.0-G102 8
FIGS-GS1-coi-1p-028.0-G102 8
FIGS-GS1-coi-1i-038.0-G102 8
FIGS-GS1-coi-1j-038.0-G102 8
FIGS-GS1-coi-1k-038.0-G102 8
FIGS-GS1-coi-1l-038.0-G102 8
FIGS-GS1-coi-1e-100.0-G102 8
FIGS-GS1-coi-1f-100.0-G102 8
FIGS-GS1-coi-1g-100.0-G102 8
FIGS-GS1-coi-1h-100.0-G102 8
FIGS-GS1-coi-1q-106.0-G102 8
FIGS-GS1-coi-1r-106.0-G102 8
FIGS-GS1-coi-1s-106.0-G102 8
FIGS-GS1-coi-1t-106.0-G102 8
FIGS-GS1-coi-1a-168.0-G102 8
FIGS-GS1-coi-1b-168.0-G102 8
FIGS-GS1-coi-1c-168.0-G102 8
FIGS-GS1-coi-1d-168.0-G102 8
goodss-32-bhj-32-131.0-F140W 4
goodss-32-bhj-32-131.0-G141 4
goodss-34-bhj-34-084.0-F140W 4
goodss-34-bhj-34-084.0-G141 4
goodss-36-bhj-36-084.0-F140W 4
goodss-36-bhj-36-084.0-G141 4
goodss-37-bhj-37-084.0-F140W 4
goodss-37-bhj-37-084.0-G141 4
goodss-38-bhj-38-084.0-F140W 4
goodss-38-bhj-38-084.0-G141 4
goodss-07-bhj-07-131.0-F140W 4
goodss-07-bhj-07-131.0-G141 4
goodss-08-bhj-08-131.0-F140W 4
goodss-08-bhj-08-131.0-G141 4
GS4-cxt-26-051.0-F105W 2
GS4-cxt-27-051.0-F105W 2
GS4-cxt-24-074.0-F105W 2
GS4-cxt-25-074.0-F105W 2
GS4-cxt-28-094.0-F105W 2
GS4-cxt-29-094.0-F105W 2
GS4-cxt-26-051.0-G102 4
GS4-cxt-27-051.0-G102 4
GS4-cxt-24-074.0-G102 4
GS4-cxt-25-074.0-G102 4
GS4-cxt-28-094.0-G102 4
GS4-cxt-29-094.0-G102 4
PRIMO-bfu-pa-137.0-F125W 1
PRIMO-bfu-pb-137.0-F125W 1
PRIMO-bfu-p5-166.0-F125W 2
PRIMO-bfu-pc-184.0-F125W 4
PRIMO-bfu-p7-201.0-F125W 4
PRIMO-bfu-p1-131.0-G141 6
PRIMO-bfu-pa-137.0-G141 6
PRIMO-bfu-pb-137.0-G141 6
par-j033241-274605-bfu-np-205.0-F125W 8
/home/rsimons/miniconda2/envs/grizli/lib/python3.5/site-packages/eazy/data/templates -> ./templates
/home/rsimons/miniconda2/envs/grizli/lib/python3.5/site-packages/eazy/data/filters/FILTER.RES.latest -> ./FILTER.RES.latest
Read default param file: /home/rsimons/miniconda2/envs/grizli/lib/python3.5/site-packages/eazy/data/zphot.param.default
Read CATALOG_FILE: /user/rsimons/grizli_extractions/Catalogs/goodss_3dhst.v4.4.cats/Catalog/goodss_3dhst.v4.4.cat
f_F160W e_F160W (205): hst/wfc3/IR/f160w.dat
f_U e_U (103): ESO/vimos_u.res
f_F435W e_F435W (  1): hst/ACS_update_sep07/wfc_f435w_t77.dat
f_F606Wcand e_F606Wcand (236): hst/ACS_update_sep07/wfc_f606w_t81.dat
f_F606W e_F606W (  4): hst/ACS_update_sep07/wfc_f606w_t77.dat
f_R e_R (260): ESO/VIMOS/R.dat
f_F775W e_F775W (  5): hst/ACS_update_sep07/wfc_f775w_t77.dat
f_F814Wcand e_F814Wcand (239): hst/ACS_update_sep07/wfc_f814w_t81.dat
f_F850LP e_F850LP (  7): hst/ACS_update_sep07/wfc_f850lp_t77.dat
f_F850LPcand e_F850LPcand (240): hst/ACS_update_sep07/wfc_f850lp_t81.dat
f_F125W e_F125W (203): hst/wfc3/IR/f125w.dat
f_J e_J ( 34): ESO/isaac_j.res
f_F140W e_F140W (204): hst/wfc3/IR/f140w.dat
f_H e_H ( 36): ESO/isaac_h.res
f_Ks e_Ks ( 37): ESO/isaac_ks.res
f_IRAC1 e_IRAC1 ( 18): IRAC/irac_tr1_2004-08-09.dat
f_IRAC2 e_IRAC2 ( 19): IRAC/irac_tr2_2004-08-09.dat
f_IRAC3 e_IRAC3 ( 20): IRAC/irac_tr3_2004-08-09.dat
f_IRAC4 e_IRAC4 ( 21): IRAC/irac_tr4_2004-08-09.dat
f_U38 e_U38 (107): ESO/wfi_BB_U38_ESO841.res
f_B e_B ( 46): musyc/B_cdfs_tot.dat
f_V e_V ( 50): musyc/V_cdfs_tot.dat
f_Rc e_Rc ( 54): musyc/R_cdfs_tot.dat
f_I e_I ( 58): musyc/I_cdfs_tot.dat
f_IA427 e_IA427 (181): Subaru_MB/IA427.dat
f_IA445 e_IA445 (182): Subaru_MB/IA445.dat
f_IA505 e_IA505 (185): Subaru_MB/IA505.dat
f_IA527 e_IA527 (186): Subaru_MB/IA527.dat
f_IA550 e_IA550 (187): Subaru_MB/IA550.dat
f_IA574 e_IA574 (188): Subaru_MB/IA574.dat
f_IA598 e_IA598 (189): Subaru_MB/IA598.dat
f_IA624 e_IA624 (190): Subaru_MB/IA624.dat
f_IA651 e_IA651 (191): Subaru_MB/IA651.dat
f_IA679 e_IA679 (192): Subaru_MB/IA679.dat
f_IA738 e_IA738 (194): Subaru_MB/IA738.dat
f_IA767 e_IA767 (195): Subaru_MB/IA768.dat
f_IA797 e_IA797 (196): Subaru_MB/IA797.dat
f_IA856 e_IA856 (198): Subaru_MB/IA856.dat
f_tenisJ e_tenisJ (220): WIRCam/cfh8101_J.txt
f_tenisK e_tenisK (222): WIRCam/cfh8302_Ks.txt
f_F105W e_F105W (202): hst/wfc3/IR/f105w.dat
Read PRIOR_FILE:  templates/prior_F160W_TAO.dat
Process template tweak_fsps_QSF_12_v3_001.dat.
Process template tweak_fsps_QSF_12_v3_002.dat.
Process template tweak_fsps_QSF_12_v3_003.dat.
Process template tweak_fsps_QSF_12_v3_004.dat.
Process template tweak_fsps_QSF_12_v3_005.dat.
Process template tweak_fsps_QSF_12_v3_006.dat.
Process template tweak_fsps_QSF_12_v3_007.dat.
Process template tweak_fsps_QSF_12_v3_008.dat.
Process template tweak_fsps_QSF_12_v3_009.dat.
Process template tweak_fsps_QSF_12_v3_010.dat.
Process template tweak_fsps_QSF_12_v3_011.dat.
Process template tweak_fsps_QSF_12_v3_012.dat.
Process templates: 18.919 s
Process template fsps/fsps_QSF_12_v3_nolines_001.dat.
Process template fsps/fsps_QSF_12_v3_nolines_002.dat.
Process template fsps/fsps_QSF_12_v3_nolines_003.dat.
Process template fsps/fsps_QSF_12_v3_nolines_004.dat.
Process template fsps/fsps_QSF_12_v3_nolines_005.dat.
Process template fsps/fsps_QSF_12_v3_nolines_006.dat.
Process template fsps/fsps_QSF_12_v3_nolines_007.dat.
Process template fsps/fsps_QSF_12_v3_nolines_008.dat.
Process template fsps/fsps_QSF_12_v3_nolines_009.dat.
Process template fsps/fsps_QSF_12_v3_nolines_010.dat.
Process template fsps/fsps_QSF_12_v3_nolines_011.dat.
Process template fsps/fsps_QSF_12_v3_nolines_012.dat.
Process template line Ha+NII+SII+SIII+He+PaB.
Process template line OIII+Hb+Hg+Hd.
Process template line OII+Ne.
Process template line Gal-UV-lines.
Reading in beams.fits file for 29497
1 ibhj32qvq_flt.fits G141
2 ibhj32r2q_flt.fits G141
3 ibhj32r9q_flt.fits G141
4 ibhj32rgq_flt.fits G141
creating poly_templates...
drizzle_grisms_and_PAs...
reading phot...
doing fit...
1 ibhj32qvq_flt.fits G141
2 ibhj32r2q_flt.fits G141
3 ibhj32r9q_flt.fits G141
4 ibhj32rgq_flt.fits G141
scale_to_photometry: [5.49, -0.88]
User templates! N=16 

[1A[1M  0.0000   11852.4 (0.0000) 1/642
[1A[1M  0.0040   11852.3 (0.0040) 2/642
[1A[1M  0.0080   11852.3 (0.0080) 3/642
[1A[1M  0.0121    8782.3 (0.0121) 4/642
[1A[1M  0.0161    8781.9 (0.0161) 5/642
[1A[1M  0.0202    8782.6 (0.0161) 6/642
[1A[1M  0.0243    8784.1 (0.0161) 7/642
[1A[1M  0.0284    8784.6 (0.0161) 8/642
[1A[1M  0.0325    8785.0 (0.0161) 9/642
[1A[1M  0.0367    8785.8 (0.0161) 10/642
[1A[1M  0.0408    8786.3 (0.0161) 11/642
[1A[1M  0.0450    8786.8 (0.0161) 12/642
[1A[1M  0.0492    8786.8 (0.0161) 13/642
[1A[1M  0.0534    8786.6 (0.0161) 14/642
[1A[1M  0.0576    8786.0 (0.0161) 15/642
[1A[1M  0.0618    8785.3 (0.0161) 16/642
[1A[1M  0.0661    8784.5 (0.0161) 17/642
[1A[1M  0.0704    8783.6 (0.0161) 18/642
[1A[1M  0.0747    8782.6 (0.0161) 19/642
[1A[1M  0.0790    8781.5 (0.0790) 20/642
[1A[1M  0.0833    8780.3 (0.0833) 21/642
[1A[1M  0.0876    8778.9 (0.0876) 22/642
[1A[1M  0.0920    8777.4 (0.0920) 23/642
[1A[1M  0.0964    8775.9 (0.0964) 24/642
[1A[1M  0.1008    8774.6 (0.1008) 25/642
[1A[1M  0.1052    8773.8 (0.1052) 26/642
[1A[1M  0.1096    8773.3 (0.1096) 27/642
[1A[1M  0.1140    8773.0 (0.1140) 28/642
[1A[1M  0.1185    8772.8 (0.1185) 29/642
[1A[1M  0.1230    8772.7 (0.1230) 30/642
[1A[1M  0.1275    8772.9 (0.1230) 31/642
[1A[1M  0.1320    8773.4 (0.1230) 32/642
[1A[1M  0.1366    8773.9 (0.1230) 33/642
[1A[1M  0.1411    8774.6 (0.1230) 34/642
[1A[1M  0.1457    8775.5 (0.1230) 35/642
[1A[1M  0.1503    8775.3 (0.1230) 36/642
[1A[1M  0.1549    8774.8 (0.1230) 37/642
[1A[1M  0.1595    8775.4 (0.1230) 38/642
[1A[1M  0.1642    8776.3 (0.1230) 39/642
[1A[1M  0.1688    8777.3 (0.1230) 40/642
[1A[1M  0.1735    8778.6 (0.1230) 41/642
[1A[1M  0.1782    8780.5 (0.1230) 42/642
[1A[1M  0.1829    8783.3 (0.1230) 43/642
[1A[1M  0.1877    8786.6 (0.1230) 44/642
[1A[1M  0.1924    8789.7 (0.1230) 45/642
[1A[1M  0.1972    8792.0 (0.1230) 46/642
[1A[1M  0.2020    8793.4 (0.1230) 47/642
[1A[1M  0.2068    8794.2 (0.1230) 48/642
[1A[1M  0.2117    8794.7 (0.1230) 49/642
[1A[1M  0.2165    8795.3 (0.1230) 50/642
[1A[1M  0.2214    8796.2 (0.1230) 51/642
[1A[1M  0.2263    8797.2 (0.1230) 52/642
[1A[1M  0.2312    8797.6 (0.1230) 53/642
[1A[1M  0.2361    8796.3 (0.1230) 54/642
[1A[1M  0.2411    8791.3 (0.1230) 55/642
[1A[1M  0.2461    8783.5 (0.1230) 56/642
[1A[1M  0.2511    8778.0 (0.1230) 57/642
[1A[1M  0.2561    8774.7 (0.1230) 58/642
[1A[1M  0.2611    8772.0 (0.2611) 59/642
[1A[1M  0.2662    8768.1 (0.2662) 60/642
[1A[1M  0.2712    8764.3 (0.2712) 61/642
[1A[1M  0.2763    8766.7 (0.2712) 62/642
[1A[1M  0.2815    8777.4 (0.2712) 63/642
[1A[1M  0.2866    8786.5 (0.2712) 64/642
[1A[1M  0.2918    8789.4 (0.2712) 65/642
[1A[1M  0.2969    8789.0 (0.2712) 66/642
[1A[1M  0.3021    8788.4 (0.2712) 67/642
[1A[1M  0.3073    8789.4 (0.2712) 68/642
[1A[1M  0.3126    8790.6 (0.2712) 69/642
[1A[1M  0.3178    8789.9 (0.2712) 70/642
[1A[1M  0.3231    8784.6 (0.2712) 71/642
[1A[1M  0.3284    8774.0 (0.2712) 72/642
[1A[1M  0.3338    8763.0 (0.3338) 73/642
[1A[1M  0.3391    8758.2 (0.3391) 74/642
[1A[1M  0.3445    8756.4 (0.3445) 75/642
[1A[1M  0.3499    8754.0 (0.3499) 76/642
[1A[1M  0.3553    8751.9 (0.3553) 77/642
[1A[1M  0.3607    8750.9 (0.3607) 78/642
[1A[1M  0.3662    8750.0 (0.3662) 79/642
[1A[1M  0.3716    8747.0 (0.3716) 80/642
[1A[1M  0.3771    8738.9 (0.3771) 81/642
[1A[1M  0.3826    8726.8 (0.3826) 82/642
[1A[1M  0.3882    8719.0 (0.3882) 83/642
[1A[1M  0.3938    8716.6 (0.3938) 84/642
[1A[1M  0.3993    8715.8 (0.3993) 85/642
[1A[1M  0.4049    8714.3 (0.4049) 86/642
[1A[1M  0.4106    8713.0 (0.4106) 87/642
[1A[1M  0.4162    8713.2 (0.4106) 88/642
[1A[1M  0.4219    8713.3 (0.4106) 89/642
[1A[1M  0.4276    8712.6 (0.4276) 90/642
[1A[1M  0.4333    8711.3 (0.4333) 91/642
[1A[1M  0.4391    8710.1 (0.4391) 92/642
[1A[1M  0.4448    8708.9 (0.4448) 93/642
[1A[1M  0.4506    8708.5 (0.4506) 94/642
[1A[1M  0.4564    8708.2 (0.4564) 95/642
[1A[1M  0.4623    8714.9 (0.4564) 96/642
[1A[1M  0.4681    8723.7 (0.4564) 97/642
[1A[1M  0.4740    8729.8 (0.4564) 98/642
[1A[1M  0.4799    8733.7 (0.4564) 99/642
[1A[1M  0.4859    8736.9 (0.4564) 100/642
[1A[1M  0.4918    8740.2 (0.4564) 101/642
[1A[1M  0.4978    8743.1 (0.4564) 102/642
[1A[1M  0.5038    8744.3 (0.4564) 103/642
[1A[1M  0.5098    8744.1 (0.4564) 104/642
[1A[1M  0.5159    8743.1 (0.4564) 105/642
[1A[1M  0.5220    8742.9 (0.4564) 106/642
[1A[1M  0.5281    8742.1 (0.4564) 107/642
[1A[1M  0.5342    8742.9 (0.4564) 108/642
[1A[1M  0.5403    8743.7 (0.4564) 109/642
[1A[1M  0.5465    8746.2 (0.4564) 110/642
[1A[1M  0.5527    8749.2 (0.4564) 111/642
[1A[1M  0.5589    8750.5 (0.4564) 112/642
[1A[1M  0.5652    8751.0 (0.4564) 113/642
[1A[1M  0.5715    8751.8 (0.4564) 114/642
[1A[1M  0.5778    8752.9 (0.4564) 115/642
[1A[1M  0.5841    8753.7 (0.4564) 116/642
[1A[1M  0.5904    8753.5 (0.4564) 117/642
[1A[1M  0.5968    8751.5 (0.4564) 118/642
[1A[1M  0.6032    8748.6 (0.4564) 119/642
[1A[1M  0.6096    8746.1 (0.4564) 120/642
[1A[1M  0.6161    8744.7 (0.4564) 121/642
[1A[1M  0.6226    8744.0 (0.4564) 122/642
[1A[1M  0.6291    8743.1 (0.4564) 123/642
[1A[1M  0.6356    8741.8 (0.4564) 124/642
[1A[1M  0.6421    8740.2 (0.4564) 125/642
[1A[1M  0.6487    8738.4 (0.4564) 126/642
[1A[1M  0.6553    8735.1 (0.4564) 127/642
[1A[1M  0.6620    8729.2 (0.4564) 128/642
[1A[1M  0.6686    8721.2 (0.4564) 129/642
[1A[1M  0.6753    8714.6 (0.4564) 130/642
[1A[1M  0.6820    8711.5 (0.4564) 131/642
[1A[1M  0.6888    8710.3 (0.4564) 132/642
[1A[1M  0.6955    8710.2 (0.4564) 133/642
[1A[1M  0.7023    8709.9 (0.4564) 134/642
[1A[1M  0.7092    8708.9 (0.4564) 135/642
[1A[1M  0.7160    8706.8 (0.7160) 136/642
[1A[1M  0.7229    8704.0 (0.7229) 137/642
[1A[1M  0.7298    8701.9 (0.7298) 138/642
[1A[1M  0.7367    8701.1 (0.7367) 139/642
[1A[1M  0.7437    8700.8 (0.7437) 140/642
[1A[1M  0.7507    8700.1 (0.7507) 141/642
[1A[1M  0.7577    8697.9 (0.7577) 142/642
[1A[1M  0.7647    8695.2 (0.7647) 143/642
[1A[1M  0.7718    8692.2 (0.7718) 144/642
[1A[1M  0.7789    8689.2 (0.7789) 145/642
[1A[1M  0.7860    8686.1 (0.7860) 146/642
[1A[1M  0.7932    8684.2 (0.7932) 147/642
[1A[1M  0.8004    8682.7 (0.8004) 148/642
[1A[1M  0.8076    8681.1 (0.8076) 149/642
[1A[1M  0.8148    8679.9 (0.8148) 150/642
[1A[1M  0.8221    8678.7 (0.8221) 151/642
[1A[1M  0.8294    8678.9 (0.8221) 152/642
[1A[1M  0.8368    8678.4 (0.8368) 153/642
[1A[1M  0.8441    8676.3 (0.8441) 154/642
[1A[1M  0.8515    8673.1 (0.8515) 155/642
[1A[1M  0.8589    8669.5 (0.8589) 156/642
[1A[1M  0.8664    8665.7 (0.8664) 157/642
[1A[1M  0.8739    8661.9 (0.8739) 158/642
[1A[1M  0.8814    8659.7 (0.8814) 159/642
[1A[1M  0.8889    8657.1 (0.8889) 160/642
[1A[1M  0.8965    8655.5 (0.8965) 161/642
[1A[1M  0.9041    8654.9 (0.9041) 162/642
[1A[1M  0.9117    8652.8 (0.9117) 163/642
[1A[1M  0.9194    8649.0 (0.9194) 164/642
[1A[1M  0.9271    8644.4 (0.9271) 165/642
[1A[1M  0.9348    8639.9 (0.9348) 166/642
[1A[1M  0.9425    8635.8 (0.9425) 167/642
[1A[1M  0.9503    8632.4 (0.9503) 168/642
[1A[1M  0.9581    8629.1 (0.9581) 169/642
[1A[1M  0.9660    8625.7 (0.9660) 170/642
[1A[1M  0.9739    8623.3 (0.9739) 171/642
[1A[1M  0.9818    8621.1 (0.9818) 172/642
[1A[1M  0.9897    8619.0 (0.9897) 173/642
[1A[1M  0.9977    8616.4 (0.9977) 174/642
[1A[1M  1.0057    8614.5 (1.0057) 175/642
[1A[1M  1.0138    8613.0 (1.0138) 176/642
[1A[1M  1.0218    8611.4 (1.0218) 177/642
[1A[1M  1.0299    8608.6 (1.0299) 178/642
[1A[1M  1.0381    8604.8 (1.0381) 179/642
[1A[1M  1.0462    8602.2 (1.0462) 180/642
[1A[1M  1.0544    8602.0 (1.0544) 181/642
[1A[1M  1.0627    8602.1 (1.0544) 182/642
[1A[1M  1.0709    8601.2 (1.0709) 183/642
[1A[1M  1.0792    8598.9 (1.0792) 184/642
[1A[1M  1.0876    8594.8 (1.0876) 185/642
[1A[1M  1.0959    8589.9 (1.0959) 186/642
[1A[1M  1.1043    8586.3 (1.1043) 187/642
[1A[1M  1.1128    8582.2 (1.1128) 188/642
[1A[1M  1.1212    8582.9 (1.1128) 189/642
[1A[1M  1.1297    8583.0 (1.1128) 190/642
[1A[1M  1.1383    8587.2 (1.1128) 191/642
[1A[1M  1.1468    8591.3 (1.1128) 192/642
[1A[1M  1.1555    8593.6 (1.1128) 193/642
[1A[1M  1.1641    8594.8 (1.1128) 194/642
[1A[1M  1.1728    8596.2 (1.1128) 195/642
[1A[1M  1.1815    8596.4 (1.1128) 196/642
[1A[1M  1.1902    8596.5 (1.1128) 197/642
[1A[1M  1.1990    8596.5 (1.1128) 198/642
[1A[1M  1.2078    8596.3 (1.1128) 199/642
[1A[1M  1.2167    8595.9 (1.1128) 200/642
[1A[1M  1.2255    8595.8 (1.1128) 201/642
[1A[1M  1.2345    8596.2 (1.1128) 202/642
[1A[1M  1.2434    8598.6 (1.1128) 203/642
[1A[1M  1.2524    8603.6 (1.1128) 204/642
[1A[1M  1.2614    8607.2 (1.1128) 205/642
[1A[1M  1.2705    8609.7 (1.1128) 206/642
[1A[1M  1.2796    8612.0 (1.1128) 207/642
[1A[1M  1.2887    8614.5 (1.1128) 208/642
[1A[1M  1.2979    8617.1 (1.1128) 209/642
[1A[1M  1.3071    8620.1 (1.1128) 210/642
[1A[1M  1.3164    8622.6 (1.1128) 211/642
[1A[1M  1.3257    8624.4 (1.1128) 212/642
[1A[1M  1.3350    8625.0 (1.1128) 213/642
[1A[1M  1.3443    8625.4 (1.1128) 214/642
[1A[1M  1.3537    8627.2 (1.1128) 215/642
[1A[1M  1.3632    8630.3 (1.1128) 216/642
[1A[1M  1.3726    8634.9 (1.1128) 217/642
[1A[1M  1.3821    8639.9 (1.1128) 218/642
[1A[1M  1.3917    8644.3 (1.1128) 219/642
[1A[1M  1.4013    8647.4 (1.1128) 220/642
[1A[1M  1.4109    8650.2 (1.1128) 221/642
[1A[1M  1.4206    8652.3 (1.1128) 222/642
[1A[1M  1.4303    8654.6 (1.1128) 223/642
[1A[1M  1.4400    8657.5 (1.1128) 224/642
[1A[1M  1.4498    8660.5 (1.1128) 225/642
[1A[1M  1.4596    8663.1 (1.1128) 226/642
[1A[1M  1.4695    8666.0 (1.1128) 227/642
[1A[1M  1.4794    8668.9 (1.1128) 228/642
[1A[1M  1.4893    8671.0 (1.1128) 229/642
[1A[1M  1.4993    8673.0 (1.1128) 230/642
[1A[1M  1.5093    8674.5 (1.1128) 231/642
[1A[1M  1.5193    8675.5 (1.1128) 232/642
[1A[1M  1.5294    8676.5 (1.1128) 233/642
[1A[1M  1.5396    8677.6 (1.1128) 234/642
[1A[1M  1.5498    8678.3 (1.1128) 235/642
[1A[1M  1.5600    8678.1 (1.1128) 236/642
[1A[1M  1.5702    8677.7 (1.1128) 237/642
[1A[1M  1.5805    8678.0 (1.1128) 238/642
[1A[1M  1.5909    8679.0 (1.1128) 239/642
[1A[1M  1.6013    8680.4 (1.1128) 240/642
[1A[1M  1.6117    8681.9 (1.1128) 241/642
[1A[1M  1.6222    8683.3 (1.1128) 242/642
[1A[1M  1.6327    8684.7 (1.1128) 243/642
[1A[1M  1.6432    8686.2 (1.1128) 244/642
[1A[1M  1.6538    8687.8 (1.1128) 245/642
[1A[1M  1.6645    8689.5 (1.1128) 246/642
[1A[1M  1.6751    8691.2 (1.1128) 247/642
[1A[1M  1.6859    8693.0 (1.1128) 248/642
[1A[1M  1.6966    8695.2 (1.1128) 249/642
[1A[1M  1.7074    8697.5 (1.1128) 250/642
[1A[1M  1.7183    8699.9 (1.1128) 251/642
[1A[1M  1.7292    8702.5 (1.1128) 252/642
[1A[1M  1.7401    8705.4 (1.1128) 253/642
[1A[1M  1.7511    8708.5 (1.1128) 254/642
[1A[1M  1.7621    8697.3 (1.1128) 255/642
[1A[1M  1.7732    8697.4 (1.1128) 256/642
[1A[1M  1.7843    8698.9 (1.1128) 257/642
[1A[1M  1.7955    8697.6 (1.1128) 258/642
[1A[1M  1.8067    8699.9 (1.1128) 259/642
[1A[1M  1.8179    8704.3 (1.1128) 260/642
[1A[1M  1.8292    8708.0 (1.1128) 261/642
[1A[1M  1.8406    8711.7 (1.1128) 262/642
[1A[1M  1.8519    8715.4 (1.1128) 263/642
[1A[1M  1.8634    8717.6 (1.1128) 264/642
[1A[1M  1.8748    8720.0 (1.1128) 265/642
[1A[1M  1.8864    8721.6 (1.1128) 266/642
[1A[1M  1.8979    8723.2 (1.1128) 267/642
[1A[1M  1.9096    8725.3 (1.1128) 268/642
[1A[1M  1.9212    8726.9 (1.1128) 269/642
[1A[1M  1.9329    8728.4 (1.1128) 270/642
[1A[1M  1.9447    8734.6 (1.1128) 271/642
[1A[1M  1.9565    8746.3 (1.1128) 272/642
[1A[1M  1.9683    8757.3 (1.1128) 273/642
[1A[1M  1.9802    8767.5 (1.1128) 274/642
[1A[1M  1.9922    8778.4 (1.1128) 275/642
[1A[1M  2.0042    8787.0 (1.1128) 276/642
[1A[1M  2.0162    8793.4 (1.1128) 277/642
[1A[1M  2.0283    8797.7 (1.1128) 278/642
[1A[1M  2.0404    8798.9 (1.1128) 279/642
[1A[1M  2.0526    8802.2 (1.1128) 280/642
[1A[1M  2.0649    8805.0 (1.1128) 281/642
[1A[1M  2.0771    8809.5 (1.1128) 282/642
[1A[1M  2.0895    8814.7 (1.1128) 283/642
[1A[1M  2.1019    8825.9 (1.1128) 284/642
[1A[1M  2.1143    8835.0 (1.1128) 285/642
[1A[1M  2.1268    8841.4 (1.1128) 286/642
[1A[1M  2.1393    8846.0 (1.1128) 287/642
[1A[1M  2.1519    8853.5 (1.1128) 288/642
[1A[1M  2.1645    8864.4 (1.1128) 289/642
[1A[1M  2.1772    8871.7 (1.1128) 290/642
[1A[1M  2.1899    8882.8 (1.1128) 291/642
[1A[1M  2.2027    8893.8 (1.1128) 292/642
[1A[1M  2.2156    8912.4 (1.1128) 293/642
[1A[1M  2.2284    8918.4 (1.1128) 294/642
[1A[1M  2.2414    8918.8 (1.1128) 295/642
[1A[1M  2.2544    8916.8 (1.1128) 296/642
[1A[1M  2.2674    8913.9 (1.1128) 297/642
[1A[1M  2.2805    8910.8 (1.1128) 298/642
[1A[1M  2.2937    8907.5 (1.1128) 299/642
[1A[1M  2.3069    8908.5 (1.1128) 300/642
[1A[1M  2.3201    8911.6 (1.1128) 301/642
[1A[1M  2.3334    8913.5 (1.1128) 302/642
[1A[1M  2.3468    8918.7 (1.1128) 303/642
[1A[1M  2.3602    8924.0 (1.1128) 304/642
[1A[1M  2.3737    8925.8 (1.1128) 305/642
[1A[1M  2.3872    8925.8 (1.1128) 306/642
[1A[1M  2.4008    8924.4 (1.1128) 307/642
[1A[1M  2.4144    8924.7 (1.1128) 308/642
[1A[1M  2.4281    8926.6 (1.1128) 309/642
[1A[1M  2.4418    8933.4 (1.1128) 310/642
[1A[1M  2.4556    8936.3 (1.1128) 311/642
[1A[1M  2.4695    8943.6 (1.1128) 312/642
[1A[1M  2.4834    8953.8 (1.1128) 313/642
[1A[1M  2.4973    8966.0 (1.1128) 314/642
[1A[1M  2.5113    8973.3 (1.1128) 315/642
[1A[1M  2.5254    8978.4 (1.1128) 316/642
[1A[1M  2.5396    8986.5 (1.1128) 317/642
[1A[1M  2.5537    8996.8 (1.1128) 318/642
[1A[1M  2.5680    9010.4 (1.1128) 319/642
[1A[1M  2.5823    9019.1 (1.1128) 320/642
[1A[1M  2.5966    9031.2 (1.1128) 321/642
[1A[1M  2.6111    9051.7 (1.1128) 322/642
[1A[1M  2.6255    9081.8 (1.1128) 323/642
[1A[1M  2.6401    9095.7 (1.1128) 324/642
[1A[1M  2.6546    9103.9 (1.1128) 325/642
[1A[1M  2.6693    9104.4 (1.1128) 326/642
[1A[1M  2.6840    9100.3 (1.1128) 327/642
[1A[1M  2.6988    9099.4 (1.1128) 328/642
[1A[1M  2.7136    9094.7 (1.1128) 329/642
[1A[1M  2.7285    9097.6 (1.1128) 330/642
[1A[1M  2.7434    9121.7 (1.1128) 331/642
[1A[1M  2.7584    9158.6 (1.1128) 332/642
[1A[1M  2.7735    9181.6 (1.1128) 333/642
[1A[1M  2.7886    9195.0 (1.1128) 334/642
[1A[1M  2.8038    9201.5 (1.1128) 335/642
[1A[1M  2.8190    9207.7 (1.1128) 336/642
[1A[1M  2.8344    9211.8 (1.1128) 337/642
[1A[1M  2.8497    9214.0 (1.1128) 338/642
[1A[1M  2.8651    9216.6 (1.1128) 339/642
[1A[1M  2.8806    9218.1 (1.1128) 340/642
[1A[1M  2.8962    9219.3 (1.1128) 341/642
[1A[1M  2.9118    9221.3 (1.1128) 342/642
[1A[1M  2.9275    9224.1 (1.1128) 343/642
[1A[1M  2.9432    9226.1 (1.1128) 344/642
[1A[1M  2.9590    9234.1 (1.1128) 345/642
[1A[1M  2.9749    9243.2 (1.1128) 346/642
[1A[1M  2.9908    9251.9 (1.1128) 347/642
[1A[1M  3.0068    9259.8 (1.1128) 348/642
[1A[1M  3.0229    9269.0 (1.1128) 349/642
[1A[1M  3.0390    9278.4 (1.1128) 350/642
[1A[1M  3.0552    9289.8 (1.1128) 351/642
[1A[1M  3.0715    9297.9 (1.1128) 352/642
[1A[1M  3.0878    9299.1 (1.1128) 353/642
[1A[1M  3.1042    9295.0 (1.1128) 354/642
[1A[1M  3.1206    9290.1 (1.1128) 355/642
[1A[1M  3.1371    9289.1 (1.1128) 356/642
[1A[1M  3.1537    9292.7 (1.1128) 357/642
[1A[1M  3.1704    9300.9 (1.1128) 358/642
[1A[1M  3.1871    9311.1 (1.1128) 359/642
[1A[1M  3.2038    9322.0 (1.1128) 360/642
[1A[1M  3.2207    9327.6 (1.1128) 361/642
[1A[1M  3.2376    9333.3 (1.1128) 362/642
[1A[1M  3.2546    9342.2 (1.1128) 363/642
[1A[1M  3.2716    9353.3 (1.1128) 364/642
[1A[1M  3.2888    9368.1 (1.1128) 365/642
[1A[1M  3.3060    9379.7 (1.1128) 366/642
[1A[1M  3.3232    9386.5 (1.1128) 367/642
[1A[1M  3.3405    9394.7 (1.1128) 368/642
[1A[1M  3.3579    9406.1 (1.1128) 369/642
[1A[1M  3.3754    9417.8 (1.1128) 370/642
[1A[1M  3.3929    9430.3 (1.1128) 371/642
[1A[1M  3.4106    9448.5 (1.1128) 372/642
[1A[1M  3.4282    9465.3 (1.1128) 373/642
[1A[1M  3.4460    9475.4 (1.1128) 374/642
[1A[1M  3.4638    9476.2 (1.1128) 375/642
[1A[1M  3.4817    9463.2 (1.1128) 376/642
[1A[1M  3.4997    9451.1 (1.1128) 377/642
[1A[1M  3.5177    9457.4 (1.1128) 378/642
[1A[1M  3.5358    9507.2 (1.1128) 379/642
[1A[1M  3.5540    9523.3 (1.1128) 380/642
[1A[1M  3.5722    9525.8 (1.1128) 381/642
[1A[1M  3.5906    9526.1 (1.1128) 382/642
[1A[1M  3.6089    9530.3 (1.1128) 383/642
[1A[1M  3.6274    9551.9 (1.1128) 384/642
[1A[1M  3.6460    9568.6 (1.1128) 385/642
[1A[1M  3.6646    9573.7 (1.1128) 386/642
[1A[1M  3.6833    9573.6 (1.1128) 387/642
[1A[1M  3.7021    9574.6 (1.1128) 388/642
[1A[1M  3.7209    9576.4 (1.1128) 389/642
[1A[1M  3.7398    9577.9 (1.1128) 390/642
[1A[1M  3.7588    9579.0 (1.1128) 391/642
[1A[1M  3.7779    9580.2 (1.1128) 392/642
[1A[1M  3.7970    9582.0 (1.1128) 393/642
[1A[1M  3.8163    9583.9 (1.1128) 394/642
[1A[1M  3.8356    9585.6 (1.1128) 395/642
[1A[1M  3.8550    9587.6 (1.1128) 396/642
[1A[1M  3.8744    9590.6 (1.1128) 397/642
[1A[1M  3.8940    9594.9 (1.1128) 398/642
[1A[1M  3.9136    9599.6 (1.1128) 399/642
[1A[1M  3.9333    9604.4 (1.1128) 400/642
[1A[1M  3.9530    9609.2 (1.1128) 401/642
[1A[1M  3.9729    9614.2 (1.1128) 402/642
[1A[1M  3.9928   11841.3 (1.1128) 403/642
[1A[1M  4.0128   11842.9 (1.1128) 404/642
[1A[1M  4.0329   11845.3 (1.1128) 405/642
[1A[1M  4.0531   11847.0 (1.1128) 406/642
[1A[1M  4.0733   11847.3 (1.1128) 407/642
[1A[1M  4.0937   11847.3 (1.1128) 408/642
[1A[1M  4.1141   11847.1 (1.1128) 409/642
[1A[1M  4.1346   11846.9 (1.1128) 410/642
[1A[1M  4.1552   11846.4 (1.1128) 411/642
[1A[1M  4.1758   11845.6 (1.1128) 412/642
[1A[1M  4.1966   11844.4 (1.1128) 413/642
[1A[1M  4.2174   11843.2 (1.1128) 414/642
[1A[1M  4.2383   11842.2 (1.1128) 415/642
[1A[1M  4.2593   11842.2 (1.1128) 416/642
[1A[1M  4.2804   11844.8 (1.1128) 417/642
[1A[1M  4.3016   11846.2 (1.1128) 418/642
[1A[1M  4.3228   11846.8 (1.1128) 419/642
[1A[1M  4.3441   11847.0 (1.1128) 420/642
[1A[1M  4.3656   11847.0 (1.1128) 421/642
[1A[1M  4.3871   11847.0 (1.1128) 422/642
[1A[1M  4.4087   11847.1 (1.1128) 423/642
[1A[1M  4.4303   11847.2 (1.1128) 424/642
[1A[1M  4.4521   11847.4 (1.1128) 425/642
[1A[1M  4.4739   11847.7 (1.1128) 426/642
[1A[1M  4.4959   11846.8 (1.1128) 427/642
[1A[1M  4.5179   11845.8 (1.1128) 428/642
[1A[1M  4.5400   11846.0 (1.1128) 429/642
[1A[1M  4.5622   11847.3 (1.1128) 430/642
[1A[1M  4.5845   11848.3 (1.1128) 431/642
[1A[1M  4.6069   11848.6 (1.1128) 432/642
[1A[1M  4.6294   11848.8 (1.1128) 433/642
[1A[1M  4.6519   11849.0 (1.1128) 434/642
[1A[1M  4.6746   11849.2 (1.1128) 435/642
[1A[1M  4.6973   11849.5 (1.1128) 436/642
[1A[1M  4.7202   11849.7 (1.1128) 437/642
[1A[1M  4.7431   11850.0 (1.1128) 438/642
[1A[1M  4.7661   11850.3 (1.1128) 439/642
[1A[1M  4.7892   11850.5 (1.1128) 440/642
[1A[1M  4.8124   11850.7 (1.1128) 441/642
[1A[1M  4.8357   11851.0 (1.1128) 442/642
[1A[1M  4.8591   11851.3 (1.1128) 443/642
[1A[1M  4.8826   11851.6 (1.1128) 444/642
[1A[1M  4.9062   11851.8 (1.1128) 445/642
[1A[1M  4.9299   11852.1 (1.1128) 446/642
[1A[1M  4.9536   11852.3 (1.1128) 447/642
[1A[1M  4.9775   11852.5 (1.1128) 448/642
[1A[1M  5.0014   11852.7 (1.1128) 449/642
[1A[1M  5.0255   11853.3 (1.1128) 450/642
[1A[1M  5.0496   11854.1 (1.1128) 451/642
[1A[1M  5.0739   11854.6 (1.1128) 452/642
[1A[1M  5.0982   11855.2 (1.1128) 453/642
[1A[1M  5.1227   11855.8 (1.1128) 454/642
[1A[1M  5.1472   11856.5 (1.1128) 455/642
[1A[1M  5.1719   11857.1 (1.1128) 456/642
[1A[1M  5.1966   11857.3 (1.1128) 457/642
[1A[1M  5.2214   11857.1 (1.1128) 458/642
[1A[1M  5.2464   11856.3 (1.1128) 459/642
[1A[1M  5.2714   11854.7 (1.1128) 460/642
[1A[1M  5.2965   11852.2 (1.1128) 461/642
[1A[1M  5.3218   11849.1 (1.1128) 462/642
[1A[1M  5.3471   11846.9 (1.1128) 463/642
[1A[1M  5.3726   11846.7 (1.1128) 464/642
[1A[1M  5.3981   11847.6 (1.1128) 465/642
[1A[1M  5.4237   11848.6 (1.1128) 466/642
[1A[1M  5.4495   11849.0 (1.1128) 467/642
[1A[1M  5.4753   11848.7 (1.1128) 468/642
[1A[1M  5.5013   11847.9 (1.1128) 469/642
[1A[1M  5.5273   11846.6 (1.1128) 470/642
[1A[1M  5.5535   11845.9 (1.1128) 471/642
[1A[1M  5.5798   11846.1 (1.1128) 472/642
[1A[1M  5.6061   11846.6 (1.1128) 473/642
[1A[1M  5.6326   11846.9 (1.1128) 474/642
[1A[1M  5.6592   11846.6 (1.1128) 475/642
[1A[1M  5.6859   11845.6 (1.1128) 476/642
[1A[1M  5.7127   11845.7 (1.1128) 477/642
[1A[1M  5.7396   11845.9 (1.1128) 478/642
[1A[1M  5.7666   11846.5 (1.1128) 479/642
[1A[1M  5.7937   11847.2 (1.1128) 480/642
[1A[1M  5.8210   11847.3 (1.1128) 481/642
[1A[1M  5.8483   11847.2 (1.1128) 482/642
[1A[1M  5.8757   11846.9 (1.1128) 483/642
[1A[1M  5.9033   11846.3 (1.1128) 484/642
[1A[1M  5.9310   11845.6 (1.1128) 485/642
[1A[1M  5.9588   11844.7 (1.1128) 486/642
[1A[1M  5.9866   11843.9 (1.1128) 487/642
[1A[1M  6.0146   11843.4 (1.1128) 488/642
[1A[1M  6.0428   11843.1 (1.1128) 489/642
[1A[1M  6.0710   11843.1 (1.1128) 490/642
[1A[1M  6.0993   11843.6 (1.1128) 491/642
[1A[1M  6.1278   11844.6 (1.1128) 492/642
[1A[1M  6.1563   11845.8 (1.1128) 493/642
[1A[1M  6.1850   11846.6 (1.1128) 494/642
[1A[1M  6.2138   11846.6 (1.1128) 495/642
[1A[1M  6.2427   11846.0 (1.1128) 496/642
[1A[1M  6.2718   11845.0 (1.1128) 497/642
[1A[1M  6.3009   11844.6 (1.1128) 498/642
[1A[1M  6.3302   11843.3 (1.1128) 499/642
[1A[1M  6.3596   11843.8 (1.1128) 500/642
[1A[1M  6.3891   11845.1 (1.1128) 501/642
[1A[1M  6.4187   11845.6 (1.1128) 502/642
[1A[1M  6.4484   11845.6 (1.1128) 503/642
[1A[1M  6.4783   11845.5 (1.1128) 504/642
[1A[1M  6.5082   11845.7 (1.1128) 505/642
[1A[1M  6.5383   11845.8 (1.1128) 506/642
[1A[1M  6.5685   11845.3 (1.1128) 507/642
[1A[1M  6.5989   11844.5 (1.1128) 508/642
[1A[1M  6.6293   11843.9 (1.1128) 509/642
[1A[1M  6.6599   11843.1 (1.1128) 510/642
[1A[1M  6.6906   11842.8 (1.1128) 511/642
[1A[1M  6.7214   11842.6 (1.1128) 512/642
[1A[1M  6.7524   11842.9 (1.1128) 513/642
[1A[1M  6.7835   11842.9 (1.1128) 514/642
[1A[1M  6.8146   11843.3 (1.1128) 515/642
[1A[1M  6.8460   11843.5 (1.1128) 516/642
[1A[1M  6.8774   11843.4 (1.1128) 517/642
[1A[1M  6.9090   11843.4 (1.1128) 518/642
[1A[1M  6.9407   11843.9 (1.1128) 519/642
[1A[1M  6.9725   11844.1 (1.1128) 520/642
[1A[1M  7.0045   11844.2 (1.1128) 521/642
[1A[1M  7.0366   11844.4 (1.1128) 522/642
[1A[1M  7.0688   11844.5 (1.1128) 523/642
[1A[1M  7.1011   11844.3 (1.1128) 524/642
[1A[1M  7.1336   11844.2 (1.1128) 525/642
[1A[1M  7.1662   11844.1 (1.1128) 526/642
[1A[1M  7.1989   11844.4 (1.1128) 527/642
[1A[1M  7.2318   11845.0 (1.1128) 528/642
[1A[1M  7.2648   11845.6 (1.1128) 529/642
[1A[1M  7.2979   11846.0 (1.1128) 530/642
[1A[1M  7.3311   11845.9 (1.1128) 531/642
[1A[1M  7.3645   11845.9 (1.1128) 532/642
[1A[1M  7.3981   11845.6 (1.1128) 533/642
[1A[1M  7.4317   11845.3 (1.1128) 534/642
[1A[1M  7.4655   11844.3 (1.1128) 535/642
[1A[1M  7.4994   11845.5 (1.1128) 536/642
[1A[1M  7.5335   11846.9 (1.1128) 537/642
[1A[1M  7.5677   11847.6 (1.1128) 538/642
[1A[1M  7.6020   11846.9 (1.1128) 539/642
[1A[1M  7.6365   11846.6 (1.1128) 540/642
[1A[1M  7.6711   11846.6 (1.1128) 541/642
[1A[1M  7.7059   11846.7 (1.1128) 542/642
[1A[1M  7.7408   11846.6 (1.1128) 543/642
[1A[1M  7.7758   11846.6 (1.1128) 544/642
[1A[1M  7.8110   11846.4 (1.1128) 545/642
[1A[1M  7.8463   11845.8 (1.1128) 546/642
[1A[1M  7.8818   11844.0 (1.1128) 547/642
[1A[1M  7.9174   11843.6 (1.1128) 548/642
[1A[1M  7.9531   11842.4 (1.1128) 549/642
[1A[1M  7.9890   11844.7 (1.1128) 550/642
[1A[1M  8.0250   11845.2 (1.1128) 551/642
[1A[1M  8.0612   11845.7 (1.1128) 552/642
[1A[1M  8.0975   11846.4 (1.1128) 553/642
[1A[1M  8.1340   11846.4 (1.1128) 554/642
[1A[1M  8.1706   11847.1 (1.1128) 555/642
[1A[1M  8.2073   11847.4 (1.1128) 556/642
[1A[1M  8.2442   11847.7 (1.1128) 557/642
[1A[1M  8.2813   11847.9 (1.1128) 558/642
[1A[1M  8.3185   11846.9 (1.1128) 559/642
[1A[1M  8.3558   11845.9 (1.1128) 560/642
[1A[1M  8.3933   11844.6 (1.1128) 561/642
[1A[1M  8.4310   11844.4 (1.1128) 562/642
[1A[1M  8.4688   11844.6 (1.1128) 563/642
[1A[1M  8.5067   11846.7 (1.1128) 564/642
[1A[1M  8.5448   11848.0 (1.1128) 565/642
[1A[1M  8.5831   11850.0 (1.1128) 566/642
[1A[1M  8.6215   11850.8 (1.1128) 567/642
[1A[1M  8.6601   11852.4 (1.1128) 568/642
[1A[1M  8.6988   11853.7 (1.1128) 569/642
[1A[1M  8.7377   11854.4 (1.1128) 570/642
[1A[1M  8.7767   11857.7 (1.1128) 571/642
[1A[1M  8.8159   11858.5 (1.1128) 572/642
[1A[1M  8.8552   11858.0 (1.1128) 573/642
[1A[1M  8.8947   11855.2 (1.1128) 574/642
[1A[1M  8.9344   11853.4 (1.1128) 575/642
[1A[1M  8.9742   11856.2 (1.1128) 576/642
[1A[1M  9.0142   11857.9 (1.1128) 577/642
[1A[1M  9.0543   11862.5 (1.1128) 578/642
[1A[1M  9.0946   11866.5 (1.1128) 579/642
[1A[1M  9.1351   11869.1 (1.1128) 580/642
[1A[1M  9.1757   11870.2 (1.1128) 581/642
[1A[1M  9.2165   11870.2 (1.1128) 582/642
[1A[1M  9.2574   11871.2 (1.1128) 583/642
[1A[1M  9.2985   11871.8 (1.1128) 584/642
[1A[1M  9.3398   11871.9 (1.1128) 585/642
[1A[1M  9.3812   11871.4 (1.1128) 586/642
[1A[1M  9.4228   11870.8 (1.1128) 587/642
[1A[1M  9.4646   11871.6 (1.1128) 588/642
[1A[1M  9.5066   11872.3 (1.1128) 589/642
[1A[1M  9.5487   11876.1 (1.1128) 590/642
[1A[1M  9.5910   11878.1 (1.1128) 591/642
[1A[1M  9.6334   11882.9 (1.1128) 592/642
[1A[1M  9.6760   11886.2 (1.1128) 593/642
[1A[1M  9.7188   11888.7 (1.1128) 594/642
[1A[1M  9.7618   11889.7 (1.1128) 595/642
[1A[1M  9.8049   11890.5 (1.1128) 596/642
[1A[1M  9.8482   11892.5 (1.1128) 597/642
[1A[1M  9.8917   11894.6 (1.1128) 598/642
[1A[1M  9.9353   11896.3 (1.1128) 599/642
[1A[1M  9.9792   11897.3 (1.1128) 600/642
[1A[1M  10.0232   11898.0 (1.1128) 601/642
[1A[1M  10.0674   11898.2 (1.1128) 602/642
[1A[1M  10.1117   11901.1 (1.1128) 603/642
[1A[1M  10.1563   11900.8 (1.1128) 604/642
[1A[1M  10.2010   11902.0 (1.1128) 605/642
[1A[1M  10.2459   11903.3 (1.1128) 606/642
[1A[1M  10.2909   11902.2 (1.1128) 607/642
[1A[1M  10.3362   11906.9 (1.1128) 608/642
[1A[1M  10.3816   11907.7 (1.1128) 609/642
[1A[1M  10.4272   11913.7 (1.1128) 610/642
[1A[1M  10.4730   11922.0 (1.1128) 611/642
[1A[1M  10.5190   11928.2 (1.1128) 612/642
[1A[1M  10.5652   11933.0 (1.1128) 613/642
[1A[1M  10.6115   11938.4 (1.1128) 614/642
[1A[1M  10.6581   11941.0 (1.1128) 615/642
[1A[1M  10.7048   11943.9 (1.1128) 616/642
[1A[1M  10.7517   11945.3 (1.1128) 617/642
[1A[1M  10.7988   11945.9 (1.1128) 618/642
[1A[1M  10.8461   11947.0 (1.1128) 619/642
[1A[1M  10.8936   11949.8 (1.1128) 620/642
[1A[1M  10.9413   11953.1 (1.1128) 621/642
[1A[1M  10.9891   11955.1 (1.1128) 622/642
[1A[1M  11.0372   11956.8 (1.1128) 623/642
[1A[1M  11.0854   11959.7 (1.1128) 624/642
[1A[1M  11.1339   11969.3 (1.1128) 625/642
[1A[1M  11.1825   11975.9 (1.1128) 626/642
[1A[1M  11.2313   11980.4 (1.1128) 627/642
[1A[1M  11.2803   11982.2 (1.1128) 628/642
[1A[1M  11.3296   11982.9 (1.1128) 629/642
[1A[1M  11.3790   11982.8 (1.1128) 630/642
[1A[1M  11.4286   11984.6 (1.1128) 631/642
[1A[1M  11.4784   11985.9 (1.1128) 632/642
[1A[1M  11.5284   11985.8 (1.1128) 633/642
[1A[1M  11.5786   11985.2 (1.1128) 634/642
[1A[1M  11.6291   11985.4 (1.1128) 635/642
[1A[1M  11.6797   11985.9 (1.1128) 636/642
[1A[1M  11.7305   11986.7 (1.1128) 637/642
[1A[1M  11.7815   11991.2 (1.1128) 638/642
[1A[1M  11.8327   11994.4 (1.1128) 639/642
[1A[1M  11.8842   11998.9 (1.1128) 640/642
[1A[1M  11.9358   12001.4 (1.1128) 641/642
[1A[1M  11.9877   12001.7 (1.1128) 642/642
First iteration: z_best=1.1128

[1A[1M- 1.1077    8584.2 (1.1077) 1/33
[1A[1M- 1.1082    8583.9 (1.1082) 2/33
[1A[1M- 1.1087    8583.6 (1.1087) 3/33
[1A[1M- 1.1092    8583.4 (1.1092) 4/33
[1A[1M- 1.1097    8583.2 (1.1097) 5/33
[1A[1M- 1.1102    8582.9 (1.1102) 6/33
[1A[1M- 1.1107    8582.8 (1.1107) 7/33
[1A[1M- 1.1112    8582.6 (1.1112) 8/33
[1A[1M- 1.1117    8582.4 (1.1117) 9/33
[1A[1M- 1.1122    8582.3 (1.1122) 10/33
[1A[1M- 1.1127    8582.2 (1.1127) 11/33
[1A[1M- 1.1132    8582.1 (1.1132) 12/33
[1A[1M- 1.1137    8582.1 (1.1137) 13/33
[1A[1M- 1.1142    8582.0 (1.1142) 14/33
[1A[1M- 1.1147    8582.0 (1.1147) 15/33
[1A[1M- 1.1152    8582.0 (1.1152) 16/33
[1A[1M- 1.1157    8582.0 (1.1152) 17/33
[1A[1M- 1.1162    8582.0 (1.1152) 18/33
[1A[1M- 1.1167    8582.1 (1.1152) 19/33
[1A[1M- 1.1172    8582.2 (1.1152) 20/33
[1A[1M- 1.1177    8582.3 (1.1152) 21/33
[1A[1M- 1.1182    8582.4 (1.1152) 22/33
[1A[1M- 1.1187    8582.4 (1.1152) 23/33
[1A[1M- 1.1192    8582.5 (1.1152) 24/33
[1A[1M- 1.1197    8582.6 (1.1152) 25/33
[1A[1M- 1.1202    8582.7 (1.1152) 26/33
[1A[1M- 1.1207    8582.8 (1.1152) 27/33
[1A[1M- 1.1212    8582.9 (1.1152) 28/33
[1A[1M- 1.1217    8583.0 (1.1152) 29/33
[1A[1M- 1.1222    8583.1 (1.1152) 30/33
[1A[1M- 1.1227    8583.2 (1.1152) 31/33
[1A[1M- 1.1232    8583.2 (1.1152) 32/33
[1A[1M- 1.1237    8583.2 (1.1152) 33/33
Drizzle line -> OII-7325 (5.81 2.11)
Drizzle line -> ArIII-7138 (0.10 2.12)
Drizzle line -> SII  (1.68 2.13)
Drizzle line -> Ha   (8.87 2.17)
Drizzle line -> OI-6302 (1.39 2.28)
Get linemap PSF: F105W
Get linemap PSF: F125W
Get linemap PSF: F140W
Get linemap PSF: F160W
Finished 29497 23.7766
Changing to /home/rsimons/git/clear_local
