



###################
Parameters


field             GS4
mag_lim           25
mag_max           0
files_bool        True
retrieve_bool     False
prep_bool         False
model_bool        True
new_model         False
beams_bool        False
fit_bool          True
use_psf           False
fit_min_id        0
n_jobs            1
id_choose            29530
phot_scale_order  2
fit_without_phot  False
PATH_TO_SCRIPTS   /home/rsimons/git/clear_local
PATH_TO_CATS      /user/rsimons/grizli_extractions/Catalogs
PATH_TO_HOME      /user/rsimons/grizli_extractions
HOME_PATH         /user/rsimons/grizli_extractions/GS4




####################




Changing to /user/rsimons/grizli_extractions/GS4
Changing to /user/rsimons/grizli_extractions/GS4/j033236m2748/Prep
BUSH1-bfu-b1-077.0-F125W 2
BUSH3-bfu-bl-089.0-F098M 4
BUSH3-bfu-by-089.0-F105W 2
BUSH3-bfu-b3-089.0-F125W 2
BUSH3-bfu-by-089.0-F140W 2
FIGS-GS1-coi-1m-028.0-F105W 2
FIGS-GS1-coi-1n-028.0-F105W 2
FIGS-GS1-coi-1o-028.0-F105W 2
FIGS-GS1-coi-1p-028.0-F105W 2
FIGS-GS1-coi-1i-038.0-F105W 2
FIGS-GS1-coi-1j-038.0-F105W 2
FIGS-GS1-coi-1k-038.0-F105W 2
FIGS-GS1-coi-1l-038.0-F105W 2
FIGS-GS1-coi-1e-100.0-F105W 2
FIGS-GS1-coi-1f-100.0-F105W 2
FIGS-GS1-coi-1g-100.0-F105W 2
FIGS-GS1-coi-1h-100.0-F105W 2
FIGS-GS1-coi-1q-106.0-F105W 2
FIGS-GS1-coi-1r-106.0-F105W 2
FIGS-GS1-coi-1s-106.0-F105W 2
FIGS-GS1-coi-1t-106.0-F105W 2
FIGS-GS1-coi-1a-168.0-F105W 2
FIGS-GS1-coi-1b-168.0-F105W 2
FIGS-GS1-coi-1c-168.0-F105W 2
FIGS-GS1-coi-1d-168.0-F105W 2
FIGS-GS1-coi-1m-028.0-G102 8
FIGS-GS1-coi-1n-028.0-G102 8
FIGS-GS1-coi-1o-028.0-G102 8
FIGS-GS1-coi-1p-028.0-G102 8
FIGS-GS1-coi-1i-038.0-G102 8
FIGS-GS1-coi-1j-038.0-G102 8
FIGS-GS1-coi-1k-038.0-G102 8
FIGS-GS1-coi-1l-038.0-G102 8
FIGS-GS1-coi-1e-100.0-G102 8
FIGS-GS1-coi-1f-100.0-G102 8
FIGS-GS1-coi-1g-100.0-G102 8
FIGS-GS1-coi-1h-100.0-G102 8
FIGS-GS1-coi-1q-106.0-G102 8
FIGS-GS1-coi-1r-106.0-G102 8
FIGS-GS1-coi-1s-106.0-G102 8
FIGS-GS1-coi-1t-106.0-G102 8
FIGS-GS1-coi-1a-168.0-G102 8
FIGS-GS1-coi-1b-168.0-G102 8
FIGS-GS1-coi-1c-168.0-G102 8
FIGS-GS1-coi-1d-168.0-G102 8
goodss-32-bhj-32-131.0-F140W 4
goodss-32-bhj-32-131.0-G141 4
goodss-34-bhj-34-084.0-F140W 4
goodss-34-bhj-34-084.0-G141 4
goodss-36-bhj-36-084.0-F140W 4
goodss-36-bhj-36-084.0-G141 4
goodss-37-bhj-37-084.0-F140W 4
goodss-37-bhj-37-084.0-G141 4
goodss-38-bhj-38-084.0-F140W 4
goodss-38-bhj-38-084.0-G141 4
goodss-07-bhj-07-131.0-F140W 4
goodss-07-bhj-07-131.0-G141 4
goodss-08-bhj-08-131.0-F140W 4
goodss-08-bhj-08-131.0-G141 4
GS4-cxt-26-051.0-F105W 2
GS4-cxt-27-051.0-F105W 2
GS4-cxt-24-074.0-F105W 2
GS4-cxt-25-074.0-F105W 2
GS4-cxt-28-094.0-F105W 2
GS4-cxt-29-094.0-F105W 2
GS4-cxt-26-051.0-G102 4
GS4-cxt-27-051.0-G102 4
GS4-cxt-24-074.0-G102 4
GS4-cxt-25-074.0-G102 4
GS4-cxt-28-094.0-G102 4
GS4-cxt-29-094.0-G102 4
PRIMO-bfu-pa-137.0-F125W 1
PRIMO-bfu-pb-137.0-F125W 1
PRIMO-bfu-p5-166.0-F125W 2
PRIMO-bfu-pc-184.0-F125W 4
PRIMO-bfu-p7-201.0-F125W 4
PRIMO-bfu-p1-131.0-G141 6
PRIMO-bfu-pa-137.0-G141 6
PRIMO-bfu-pb-137.0-G141 6
par-j033241-274605-bfu-np-205.0-F125W 8
/home/rsimons/miniconda2/envs/grizli/lib/python3.5/site-packages/eazy/data/templates -> ./templates
/home/rsimons/miniconda2/envs/grizli/lib/python3.5/site-packages/eazy/data/filters/FILTER.RES.latest -> ./FILTER.RES.latest
Read default param file: /home/rsimons/miniconda2/envs/grizli/lib/python3.5/site-packages/eazy/data/zphot.param.default
Read CATALOG_FILE: /user/rsimons/grizli_extractions/Catalogs/goodss_3dhst.v4.4.cats/Catalog/goodss_3dhst.v4.4.cat
f_F160W e_F160W (205): hst/wfc3/IR/f160w.dat
f_U e_U (103): ESO/vimos_u.res
f_F435W e_F435W (  1): hst/ACS_update_sep07/wfc_f435w_t77.dat
f_F606Wcand e_F606Wcand (236): hst/ACS_update_sep07/wfc_f606w_t81.dat
f_F606W e_F606W (  4): hst/ACS_update_sep07/wfc_f606w_t77.dat
f_R e_R (260): ESO/VIMOS/R.dat
f_F775W e_F775W (  5): hst/ACS_update_sep07/wfc_f775w_t77.dat
f_F814Wcand e_F814Wcand (239): hst/ACS_update_sep07/wfc_f814w_t81.dat
f_F850LP e_F850LP (  7): hst/ACS_update_sep07/wfc_f850lp_t77.dat
f_F850LPcand e_F850LPcand (240): hst/ACS_update_sep07/wfc_f850lp_t81.dat
f_F125W e_F125W (203): hst/wfc3/IR/f125w.dat
f_J e_J ( 34): ESO/isaac_j.res
f_F140W e_F140W (204): hst/wfc3/IR/f140w.dat
f_H e_H ( 36): ESO/isaac_h.res
f_Ks e_Ks ( 37): ESO/isaac_ks.res
f_IRAC1 e_IRAC1 ( 18): IRAC/irac_tr1_2004-08-09.dat
f_IRAC2 e_IRAC2 ( 19): IRAC/irac_tr2_2004-08-09.dat
f_IRAC3 e_IRAC3 ( 20): IRAC/irac_tr3_2004-08-09.dat
f_IRAC4 e_IRAC4 ( 21): IRAC/irac_tr4_2004-08-09.dat
f_U38 e_U38 (107): ESO/wfi_BB_U38_ESO841.res
f_B e_B ( 46): musyc/B_cdfs_tot.dat
f_V e_V ( 50): musyc/V_cdfs_tot.dat
f_Rc e_Rc ( 54): musyc/R_cdfs_tot.dat
f_I e_I ( 58): musyc/I_cdfs_tot.dat
f_IA427 e_IA427 (181): Subaru_MB/IA427.dat
f_IA445 e_IA445 (182): Subaru_MB/IA445.dat
f_IA505 e_IA505 (185): Subaru_MB/IA505.dat
f_IA527 e_IA527 (186): Subaru_MB/IA527.dat
f_IA550 e_IA550 (187): Subaru_MB/IA550.dat
f_IA574 e_IA574 (188): Subaru_MB/IA574.dat
f_IA598 e_IA598 (189): Subaru_MB/IA598.dat
f_IA624 e_IA624 (190): Subaru_MB/IA624.dat
f_IA651 e_IA651 (191): Subaru_MB/IA651.dat
f_IA679 e_IA679 (192): Subaru_MB/IA679.dat
f_IA738 e_IA738 (194): Subaru_MB/IA738.dat
f_IA767 e_IA767 (195): Subaru_MB/IA768.dat
f_IA797 e_IA797 (196): Subaru_MB/IA797.dat
f_IA856 e_IA856 (198): Subaru_MB/IA856.dat
f_tenisJ e_tenisJ (220): WIRCam/cfh8101_J.txt
f_tenisK e_tenisK (222): WIRCam/cfh8302_Ks.txt
f_F105W e_F105W (202): hst/wfc3/IR/f105w.dat
Read PRIOR_FILE:  templates/prior_F160W_TAO.dat
Process template tweak_fsps_QSF_12_v3_001.dat.
Process template tweak_fsps_QSF_12_v3_002.dat.
Process template tweak_fsps_QSF_12_v3_003.dat.
Process template tweak_fsps_QSF_12_v3_004.dat.
Process template tweak_fsps_QSF_12_v3_005.dat.
Process template tweak_fsps_QSF_12_v3_006.dat.
Process template tweak_fsps_QSF_12_v3_007.dat.
Process template tweak_fsps_QSF_12_v3_008.dat.
Process template tweak_fsps_QSF_12_v3_009.dat.
Process template tweak_fsps_QSF_12_v3_010.dat.
Process template tweak_fsps_QSF_12_v3_011.dat.
Process template tweak_fsps_QSF_12_v3_012.dat.
Process templates: 19.706 s
Process template fsps/fsps_QSF_12_v3_nolines_001.dat.
Process template fsps/fsps_QSF_12_v3_nolines_002.dat.
Process template fsps/fsps_QSF_12_v3_nolines_003.dat.
Process template fsps/fsps_QSF_12_v3_nolines_004.dat.
Process template fsps/fsps_QSF_12_v3_nolines_005.dat.
Process template fsps/fsps_QSF_12_v3_nolines_006.dat.
Process template fsps/fsps_QSF_12_v3_nolines_007.dat.
Process template fsps/fsps_QSF_12_v3_nolines_008.dat.
Process template fsps/fsps_QSF_12_v3_nolines_009.dat.
Process template fsps/fsps_QSF_12_v3_nolines_010.dat.
Process template fsps/fsps_QSF_12_v3_nolines_011.dat.
Process template fsps/fsps_QSF_12_v3_nolines_012.dat.
Process template line Ha+NII+SII+SIII+He+PaB.
Process template line OIII+Hb+Hg+Hd.
Process template line OII+Ne.
Process template line Gal-UV-lines.
Reading in beams.fits file for 29530
1 icoi1mjxq_flt.fits G102
2 icoi1mk0q_flt.fits G102
3 icoi1mk2q_flt.fits G102
4 icoi1mk6q_flt.fits G102
5 icoi1mkcq_flt.fits G102
6 icoi1mkfq_flt.fits G102
7 icoi1mkhq_flt.fits G102
8 icoi1mklq_flt.fits G102
9 icoi1ng2q_flt.fits G102
10 icoi1ng5q_flt.fits G102
11 icoi1ng7q_flt.fits G102
12 icoi1ngbq_flt.fits G102
13 icoi1ngpq_flt.fits G102
14 icoi1ngsq_flt.fits G102
15 icoi1nguq_flt.fits G102
16 icoi1ngyq_flt.fits G102
17 icoi1ohkq_flt.fits G102
18 icoi1ohnq_flt.fits G102
19 icoi1ohpq_flt.fits G102
20 icoi1ohtq_flt.fits G102
21 icoi1ohzq_flt.fits G102
22 icoi1oi2q_flt.fits G102
23 icoi1oi4q_flt.fits G102
24 icoi1oi8q_flt.fits G102
25 icoi1pigq_flt.fits G102
26 icoi1pijq_flt.fits G102
27 icoi1pilq_flt.fits G102
28 icoi1pipq_flt.fits G102
29 icoi1pivq_flt.fits G102
30 icoi1piyq_flt.fits G102
31 icoi1pj0q_flt.fits G102
32 icoi1pj4q_flt.fits G102
33 icoi1iruq_flt.fits G102
34 icoi1irwq_flt.fits G102
35 icoi1iryq_flt.fits G102
36 icoi1is2q_flt.fits G102
37 icoi1is8q_flt.fits G102
38 icoi1isbq_flt.fits G102
39 icoi1isdq_flt.fits G102
40 icoi1ishq_flt.fits G102
41 icoi1jg1q_flt.fits G102
42 icoi1jg3q_flt.fits G102
43 icoi1jg5q_flt.fits G102
44 icoi1jg9q_flt.fits G102
45 icoi1jgfq_flt.fits G102
46 icoi1jgiq_flt.fits G102
47 icoi1jgkq_flt.fits G102
48 icoi1jgoq_flt.fits G102
49 icoi1keuq_flt.fits G102
50 icoi1kewq_flt.fits G102
51 icoi1keyq_flt.fits G102
52 icoi1kf2q_flt.fits G102
53 icoi1kf8q_flt.fits G102
54 icoi1kfbq_flt.fits G102
55 icoi1kfdq_flt.fits G102
56 icoi1kfhq_flt.fits G102
57 icoi1lfpq_flt.fits G102
58 icoi1lfrq_flt.fits G102
59 icoi1lftq_flt.fits G102
60 icoi1lfxq_flt.fits G102
61 icoi1lg3q_flt.fits G102
62 icoi1lg6q_flt.fits G102
63 icoi1lg8q_flt.fits G102
64 icoi1lgcq_flt.fits G102
65 icoi1eqkq_flt.fits G102
66 icoi1eqmq_flt.fits G102
67 icoi1eqoq_flt.fits G102
68 icoi1eqsq_flt.fits G102
69 icoi1eqyq_flt.fits G102
70 icoi1er1q_flt.fits G102
71 icoi1er3q_flt.fits G102
72 icoi1er7q_flt.fits G102
73 icoi1fzrq_flt.fits G102
74 icoi1fztq_flt.fits G102
75 icoi1fzvq_flt.fits G102
76 icoi1fzzq_flt.fits G102
77 icoi1fa6q_flt.fits G102
78 icoi1fa9q_flt.fits G102
79 icoi1fabq_flt.fits G102
80 icoi1fafq_flt.fits G102
81 icoi1gxjq_flt.fits G102
82 icoi1gxlq_flt.fits G102
83 icoi1gxoq_flt.fits G102
84 icoi1gxsq_flt.fits G102
85 icoi1gxyq_flt.fits G102
86 icoi1gy1q_flt.fits G102
87 icoi1gy3q_flt.fits G102
88 icoi1gy7q_flt.fits G102
89 icoi1hydq_flt.fits G102
90 icoi1hyfq_flt.fits G102
91 icoi1hyhq_flt.fits G102
92 icoi1hylq_flt.fits G102
93 icoi1hyrq_flt.fits G102
94 icoi1hyuq_flt.fits G102
95 icoi1hywq_flt.fits G102
96 icoi1hz0q_flt.fits G102
97 icoi1qduq_flt.fits G102
98 icoi1qdwq_flt.fits G102
99 icoi1qdyq_flt.fits G102
100 icoi1qe2q_flt.fits G102
101 icoi1qe8q_flt.fits G102
102 icoi1qebq_flt.fits G102
103 icoi1qedq_flt.fits G102
104 icoi1qehq_flt.fits G102
105 icoi1rn3q_flt.fits G102
106 icoi1rn5q_flt.fits G102
107 icoi1rn7q_flt.fits G102
108 icoi1rnbq_flt.fits G102
109 icoi1rnhq_flt.fits G102
110 icoi1rnkq_flt.fits G102
111 icoi1rnmq_flt.fits G102
112 icoi1rnqq_flt.fits G102
113 icoi1sstq_flt.fits G102
114 icoi1ssvq_flt.fits G102
115 icoi1ssxq_flt.fits G102
116 icoi1st1q_flt.fits G102
117 icoi1st7q_flt.fits G102
118 icoi1staq_flt.fits G102
119 icoi1stcq_flt.fits G102
120 icoi1stgq_flt.fits G102
121 icoi1tkuq_flt.fits G102
122 icoi1tkwq_flt.fits G102
123 icoi1tl1q_flt.fits G102
124 icoi1tl5q_flt.fits G102
125 icoi1tlfq_flt.fits G102
126 icoi1tliq_flt.fits G102
127 icoi1tlkq_flt.fits G102
128 icoi1tloq_flt.fits G102
129 icoi1ag2q_flt.fits G102
130 icoi1ag4q_flt.fits G102
131 icoi1ag6q_flt.fits G102
132 icoi1agaq_flt.fits G102
133 icoi1aggq_flt.fits G102
134 icoi1agjq_flt.fits G102
135 icoi1aglq_flt.fits G102
136 icoi1agpq_flt.fits G102
137 icoi1bn0q_flt.fits G102
138 icoi1bn2q_flt.fits G102
139 icoi1bnbq_flt.fits G102
140 icoi1bnfq_flt.fits G102
141 icoi1bnlq_flt.fits G102
142 icoi1bnoq_flt.fits G102
143 icoi1bnqq_flt.fits G102
144 icoi1bnuq_flt.fits G102
145 icoi1co0q_flt.fits G102
146 icoi1co2q_flt.fits G102
147 icoi1co4q_flt.fits G102
148 icoi1co8q_flt.fits G102
149 icoi1coeq_flt.fits G102
150 icoi1cohq_flt.fits G102
151 icoi1cojq_flt.fits G102
152 icoi1conq_flt.fits G102
153 icoi1dqaq_flt.fits G102
154 icoi1dqcq_flt.fits G102
155 icoi1dqeq_flt.fits G102
156 icoi1dqiq_flt.fits G102
157 icoi1dqoq_flt.fits G102
158 icoi1dqrq_flt.fits G102
159 icoi1dqtq_flt.fits G102
160 icoi1dqxq_flt.fits G102
161 ibhj32qvq_flt.fits G141
162 ibhj32r2q_flt.fits G141
163 ibhj32r9q_flt.fits G141
164 ibhj32rgq_flt.fits G141
165 ibhj34h8q_flt.fits G141
166 ibhj34hiq_flt.fits G141
167 ibhj34huq_flt.fits G141
168 ibhj34i1q_flt.fits G141
169 ibhj36huq_flt.fits G141
170 ibhj36i4q_flt.fits G141
171 ibhj36j3q_flt.fits G141
172 ibhj36jbq_flt.fits G141
173 ibhj37uaq_flt.fits G141
174 ibhj37uhq_flt.fits G141
175 ibhj37uoq_flt.fits G141
176 ibhj37uvq_flt.fits G141
177 ibhj38a6q_flt.fits G141
178 ibhj38adq_flt.fits G141
179 ibhj38akq_flt.fits G141
180 ibhj38arq_flt.fits G141
181 icxt28w5q_flt.fits G102
182 icxt28w6q_flt.fits G102
183 icxt28w9q_flt.fits G102
184 icxt28wbq_flt.fits G102
185 icxt29yaq_flt.fits G102
186 icxt29ybq_flt.fits G102
187 icxt29yeq_flt.fits G102
188 icxt29ygq_flt.fits G102
creating poly_templates...
drizzle_grisms_and_PAs...
reading phot...
doing fit...
1 icoi1mjxq_flt.fits G102
2 icoi1mk0q_flt.fits G102
3 icoi1mk2q_flt.fits G102
4 icoi1mk6q_flt.fits G102
5 icoi1mkcq_flt.fits G102
6 icoi1mkfq_flt.fits G102
7 icoi1mkhq_flt.fits G102
8 icoi1mklq_flt.fits G102
9 icoi1ng2q_flt.fits G102
10 icoi1ng5q_flt.fits G102
11 icoi1ng7q_flt.fits G102
12 icoi1ngbq_flt.fits G102
13 icoi1ngpq_flt.fits G102
14 icoi1ngsq_flt.fits G102
15 icoi1nguq_flt.fits G102
16 icoi1ngyq_flt.fits G102
17 icoi1ohkq_flt.fits G102
18 icoi1ohnq_flt.fits G102
19 icoi1ohpq_flt.fits G102
20 icoi1ohtq_flt.fits G102
21 icoi1ohzq_flt.fits G102
22 icoi1oi2q_flt.fits G102
23 icoi1oi4q_flt.fits G102
24 icoi1oi8q_flt.fits G102
25 icoi1pigq_flt.fits G102
26 icoi1pijq_flt.fits G102
27 icoi1pilq_flt.fits G102
28 icoi1pipq_flt.fits G102
29 icoi1pivq_flt.fits G102
30 icoi1piyq_flt.fits G102
31 icoi1pj0q_flt.fits G102
32 icoi1pj4q_flt.fits G102
33 icoi1iruq_flt.fits G102
34 icoi1irwq_flt.fits G102
35 icoi1iryq_flt.fits G102
36 icoi1is2q_flt.fits G102
37 icoi1is8q_flt.fits G102
38 icoi1isbq_flt.fits G102
39 icoi1isdq_flt.fits G102
40 icoi1ishq_flt.fits G102
41 icoi1jg1q_flt.fits G102
42 icoi1jg3q_flt.fits G102
43 icoi1jg5q_flt.fits G102
44 icoi1jg9q_flt.fits G102
45 icoi1jgfq_flt.fits G102
46 icoi1jgiq_flt.fits G102
47 icoi1jgkq_flt.fits G102
48 icoi1jgoq_flt.fits G102
49 icoi1keuq_flt.fits G102
50 icoi1kewq_flt.fits G102
51 icoi1keyq_flt.fits G102
52 icoi1kf2q_flt.fits G102
53 icoi1kf8q_flt.fits G102
54 icoi1kfbq_flt.fits G102
55 icoi1kfdq_flt.fits G102
56 icoi1kfhq_flt.fits G102
57 icoi1lfpq_flt.fits G102
58 icoi1lfrq_flt.fits G102
59 icoi1lftq_flt.fits G102
60 icoi1lfxq_flt.fits G102
61 icoi1lg3q_flt.fits G102
62 icoi1lg6q_flt.fits G102
63 icoi1lg8q_flt.fits G102
64 icoi1lgcq_flt.fits G102
65 icoi1eqkq_flt.fits G102
66 icoi1eqmq_flt.fits G102
67 icoi1eqoq_flt.fits G102
68 icoi1eqsq_flt.fits G102
69 icoi1eqyq_flt.fits G102
70 icoi1er1q_flt.fits G102
71 icoi1er3q_flt.fits G102
72 icoi1er7q_flt.fits G102
73 icoi1fzrq_flt.fits G102
74 icoi1fztq_flt.fits G102
75 icoi1fzvq_flt.fits G102
76 icoi1fzzq_flt.fits G102
77 icoi1fa6q_flt.fits G102
78 icoi1fa9q_flt.fits G102
79 icoi1fabq_flt.fits G102
80 icoi1fafq_flt.fits G102
81 icoi1gxjq_flt.fits G102
82 icoi1gxlq_flt.fits G102
83 icoi1gxoq_flt.fits G102
84 icoi1gxsq_flt.fits G102
85 icoi1gxyq_flt.fits G102
86 icoi1gy1q_flt.fits G102
87 icoi1gy3q_flt.fits G102
88 icoi1gy7q_flt.fits G102
89 icoi1hydq_flt.fits G102
90 icoi1hyfq_flt.fits G102
91 icoi1hyhq_flt.fits G102
92 icoi1hylq_flt.fits G102
93 icoi1hyrq_flt.fits G102
94 icoi1hyuq_flt.fits G102
95 icoi1hywq_flt.fits G102
96 icoi1hz0q_flt.fits G102
97 icoi1qduq_flt.fits G102
98 icoi1qdwq_flt.fits G102
99 icoi1qdyq_flt.fits G102
100 icoi1qe2q_flt.fits G102
101 icoi1qe8q_flt.fits G102
102 icoi1qebq_flt.fits G102
103 icoi1qedq_flt.fits G102
104 icoi1qehq_flt.fits G102
105 icoi1rn3q_flt.fits G102
106 icoi1rn5q_flt.fits G102
107 icoi1rn7q_flt.fits G102
108 icoi1rnbq_flt.fits G102
109 icoi1rnhq_flt.fits G102
110 icoi1rnkq_flt.fits G102
111 icoi1rnmq_flt.fits G102
112 icoi1rnqq_flt.fits G102
113 icoi1sstq_flt.fits G102
114 icoi1ssvq_flt.fits G102
115 icoi1ssxq_flt.fits G102
116 icoi1st1q_flt.fits G102
117 icoi1st7q_flt.fits G102
118 icoi1staq_flt.fits G102
119 icoi1stcq_flt.fits G102
120 icoi1stgq_flt.fits G102
121 icoi1tkuq_flt.fits G102
122 icoi1tkwq_flt.fits G102
123 icoi1tl1q_flt.fits G102
124 icoi1tl5q_flt.fits G102
125 icoi1tlfq_flt.fits G102
126 icoi1tliq_flt.fits G102
127 icoi1tlkq_flt.fits G102
128 icoi1tloq_flt.fits G102
129 icoi1ag2q_flt.fits G102
130 icoi1ag4q_flt.fits G102
131 icoi1ag6q_flt.fits G102
132 icoi1agaq_flt.fits G102
133 icoi1aggq_flt.fits G102
134 icoi1agjq_flt.fits G102
135 icoi1aglq_flt.fits G102
136 icoi1agpq_flt.fits G102
137 icoi1bn0q_flt.fits G102
138 icoi1bn2q_flt.fits G102
139 icoi1bnbq_flt.fits G102
140 icoi1bnfq_flt.fits G102
141 icoi1bnlq_flt.fits G102
142 icoi1bnoq_flt.fits G102
143 icoi1bnqq_flt.fits G102
144 icoi1bnuq_flt.fits G102
145 icoi1co0q_flt.fits G102
146 icoi1co2q_flt.fits G102
147 icoi1co4q_flt.fits G102
148 icoi1co8q_flt.fits G102
149 icoi1coeq_flt.fits G102
150 icoi1cohq_flt.fits G102
151 icoi1cojq_flt.fits G102
152 icoi1conq_flt.fits G102
153 icoi1dqaq_flt.fits G102
154 icoi1dqcq_flt.fits G102
155 icoi1dqeq_flt.fits G102
156 icoi1dqiq_flt.fits G102
157 icoi1dqoq_flt.fits G102
158 icoi1dqrq_flt.fits G102
159 icoi1dqtq_flt.fits G102
160 icoi1dqxq_flt.fits G102
161 ibhj32qvq_flt.fits G141
162 ibhj32r2q_flt.fits G141
163 ibhj32r9q_flt.fits G141
164 ibhj32rgq_flt.fits G141
165 ibhj34h8q_flt.fits G141
166 ibhj34hiq_flt.fits G141
167 ibhj34huq_flt.fits G141
168 ibhj34i1q_flt.fits G141
169 ibhj36huq_flt.fits G141
170 ibhj36i4q_flt.fits G141
171 ibhj36j3q_flt.fits G141
172 ibhj36jbq_flt.fits G141
173 ibhj37uaq_flt.fits G141
174 ibhj37uhq_flt.fits G141
175 ibhj37uoq_flt.fits G141
176 ibhj37uvq_flt.fits G141
177 ibhj38a6q_flt.fits G141
178 ibhj38adq_flt.fits G141
179 ibhj38akq_flt.fits G141
180 ibhj38arq_flt.fits G141
181 icxt28w5q_flt.fits G102
182 icxt28w6q_flt.fits G102
183 icxt28w9q_flt.fits G102
184 icxt28wbq_flt.fits G102
185 icxt29yaq_flt.fits G102
186 icxt29ybq_flt.fits G102
187 icxt29yeq_flt.fits G102
188 icxt29ygq_flt.fits G102
scale_to_photometry: [11.46, -11.81]
User templates! N=16 

[1A[1M  0.0000  275586.7 (0.0000) 1/642
[1A[1M  0.0040  275587.4 (0.0000) 2/642
[1A[1M  0.0080  275587.9 (0.0000) 3/642
[1A[1M  0.0121  273958.1 (0.0121) 4/642
[1A[1M  0.0161  273960.8 (0.0121) 5/642
[1A[1M  0.0202  273963.5 (0.0121) 6/642
[1A[1M  0.0243  273966.4 (0.0121) 7/642
[1A[1M  0.0284  273969.1 (0.0121) 8/642
[1A[1M  0.0325  273971.4 (0.0121) 9/642
[1A[1M  0.0367  273973.5 (0.0121) 10/642
[1A[1M  0.0408  273975.5 (0.0121) 11/642
[1A[1M  0.0450  273977.7 (0.0121) 12/642
[1A[1M  0.0492  273979.6 (0.0121) 13/642
[1A[1M  0.0534  273981.1 (0.0121) 14/642
[1A[1M  0.0576  273982.6 (0.0121) 15/642
[1A[1M  0.0618  273984.0 (0.0121) 16/642
[1A[1M  0.0661  273985.1 (0.0121) 17/642
[1A[1M  0.0704  273986.2 (0.0121) 18/642
[1A[1M  0.0747  273987.1 (0.0121) 19/642
[1A[1M  0.0790  273987.1 (0.0121) 20/642
[1A[1M  0.0833  273982.8 (0.0121) 21/642
[1A[1M  0.0876  273967.6 (0.0121) 22/642
[1A[1M  0.0920  273950.1 (0.0920) 23/642
[1A[1M  0.0964  273949.0 (0.0964) 24/642
[1A[1M  0.1008  273953.9 (0.0964) 25/642
[1A[1M  0.1052  273956.0 (0.0964) 26/642
[1A[1M  0.1096  273955.7 (0.0964) 27/642
[1A[1M  0.1140  273953.8 (0.0964) 28/642
[1A[1M  0.1185  273952.9 (0.0964) 29/642
[1A[1M  0.1230  273952.1 (0.0964) 30/642
[1A[1M  0.1275  273953.6 (0.0964) 31/642
[1A[1M  0.1320  273951.9 (0.0964) 32/642
[1A[1M  0.1366  273946.2 (0.1366) 33/642
[1A[1M  0.1411  273942.5 (0.1411) 34/642
[1A[1M  0.1457  273943.3 (0.1411) 35/642
[1A[1M  0.1503  273951.2 (0.1411) 36/642
[1A[1M  0.1549  273962.9 (0.1411) 37/642
[1A[1M  0.1595  273968.6 (0.1411) 38/642
[1A[1M  0.1642  273966.8 (0.1411) 39/642
[1A[1M  0.1688  273963.3 (0.1411) 40/642
[1A[1M  0.1735  273962.0 (0.1411) 41/642
[1A[1M  0.1782  273960.7 (0.1411) 42/642
[1A[1M  0.1829  273958.7 (0.1411) 43/642
[1A[1M  0.1877  273960.7 (0.1411) 44/642
[1A[1M  0.1924  273959.1 (0.1411) 45/642
[1A[1M  0.1972  273958.3 (0.1411) 46/642
[1A[1M  0.2020  273962.5 (0.1411) 47/642
[1A[1M  0.2068  273965.0 (0.1411) 48/642
[1A[1M  0.2117  273964.3 (0.1411) 49/642
[1A[1M  0.2165  273963.7 (0.1411) 50/642
[1A[1M  0.2214  273963.4 (0.1411) 51/642
[1A[1M  0.2263  273964.0 (0.1411) 52/642
[1A[1M  0.2312  273965.0 (0.1411) 53/642
[1A[1M  0.2361  273963.1 (0.1411) 54/642
[1A[1M  0.2411  273961.6 (0.1411) 55/642
[1A[1M  0.2461  273956.9 (0.1411) 56/642
[1A[1M  0.2511  273945.6 (0.1411) 57/642
[1A[1M  0.2561  273933.8 (0.2561) 58/642
[1A[1M  0.2611  273933.3 (0.2611) 59/642
[1A[1M  0.2662  273939.2 (0.2611) 60/642
[1A[1M  0.2712  273945.4 (0.2611) 61/642
[1A[1M  0.2763  273955.7 (0.2611) 62/642
[1A[1M  0.2815  273963.3 (0.2611) 63/642
[1A[1M  0.2866  273966.0 (0.2611) 64/642
[1A[1M  0.2918  273964.9 (0.2611) 65/642
[1A[1M  0.2969  273965.9 (0.2611) 66/642
[1A[1M  0.3021  273968.2 (0.2611) 67/642
[1A[1M  0.3073  273966.9 (0.2611) 68/642
[1A[1M  0.3126  273965.6 (0.2611) 69/642
[1A[1M  0.3178  273965.3 (0.2611) 70/642
[1A[1M  0.3231  273958.0 (0.2611) 71/642
[1A[1M  0.3284  273949.8 (0.2611) 72/642
[1A[1M  0.3338  273950.0 (0.2611) 73/642
[1A[1M  0.3391  273942.5 (0.2611) 74/642
[1A[1M  0.3445  273931.0 (0.3445) 75/642
[1A[1M  0.3499  273925.1 (0.3499) 76/642
[1A[1M  0.3553  273919.9 (0.3553) 77/642
[1A[1M  0.3607  273917.3 (0.3607) 78/642
[1A[1M  0.3662  273922.6 (0.3607) 79/642
[1A[1M  0.3716  273932.1 (0.3607) 80/642
[1A[1M  0.3771  273938.3 (0.3607) 81/642
[1A[1M  0.3826  273941.5 (0.3607) 82/642
[1A[1M  0.3882  273945.0 (0.3607) 83/642
[1A[1M  0.3938  273946.8 (0.3607) 84/642
[1A[1M  0.3993  273953.5 (0.3607) 85/642
[1A[1M  0.4049  273957.9 (0.3607) 86/642
[1A[1M  0.4106  273957.6 (0.3607) 87/642
[1A[1M  0.4162  273957.4 (0.3607) 88/642
[1A[1M  0.4219  273957.4 (0.3607) 89/642
[1A[1M  0.4276  273956.2 (0.3607) 90/642
[1A[1M  0.4333  273954.6 (0.3607) 91/642
[1A[1M  0.4391  273953.2 (0.3607) 92/642
[1A[1M  0.4448  273951.8 (0.3607) 93/642
[1A[1M  0.4506  273949.6 (0.3607) 94/642
[1A[1M  0.4564  273947.4 (0.3607) 95/642
[1A[1M  0.4623  273945.3 (0.3607) 96/642
[1A[1M  0.4681  273942.3 (0.3607) 97/642
[1A[1M  0.4740  273938.4 (0.3607) 98/642
[1A[1M  0.4799  273935.0 (0.3607) 99/642
[1A[1M  0.4859  273932.1 (0.3607) 100/642
[1A[1M  0.4918  273929.0 (0.3607) 101/642
[1A[1M  0.4978  273925.7 (0.3607) 102/642
[1A[1M  0.5038  273922.6 (0.3607) 103/642
[1A[1M  0.5098  273919.2 (0.3607) 104/642
[1A[1M  0.5159  273915.7 (0.5159) 105/642
[1A[1M  0.5220  273903.9 (0.5220) 106/642
[1A[1M  0.5281  273902.2 (0.5281) 107/642
[1A[1M  0.5342  273898.8 (0.5342) 108/642
[1A[1M  0.5403  273896.9 (0.5403) 109/642
[1A[1M  0.5465  273896.3 (0.5465) 110/642
[1A[1M  0.5527  273895.2 (0.5527) 111/642
[1A[1M  0.5589  273893.9 (0.5589) 112/642
[1A[1M  0.5652  273892.1 (0.5652) 113/642
[1A[1M  0.5715  273890.8 (0.5715) 114/642
[1A[1M  0.5778  273890.6 (0.5778) 115/642
[1A[1M  0.5841  273887.8 (0.5841) 116/642
[1A[1M  0.5904  273886.7 (0.5904) 117/642
[1A[1M  0.5968  273886.0 (0.5968) 118/642
[1A[1M  0.6032  273884.3 (0.6032) 119/642
[1A[1M  0.6096  273883.1 (0.6096) 120/642
[1A[1M  0.6161  273881.5 (0.6161) 121/642
[1A[1M  0.6226  273879.7 (0.6226) 122/642
[1A[1M  0.6291  273878.5 (0.6291) 123/642
[1A[1M  0.6356  273873.7 (0.6356) 124/642
[1A[1M  0.6421  273866.5 (0.6421) 125/642
[1A[1M  0.6487  273859.2 (0.6487) 126/642
[1A[1M  0.6553  273856.6 (0.6553) 127/642
[1A[1M  0.6620  273854.5 (0.6620) 128/642
[1A[1M  0.6686  273856.0 (0.6620) 129/642
[1A[1M  0.6753  273860.6 (0.6620) 130/642
[1A[1M  0.6820  273862.1 (0.6620) 131/642
[1A[1M  0.6888  273862.3 (0.6620) 132/642
[1A[1M  0.6955  273862.1 (0.6620) 133/642
[1A[1M  0.7023  273862.1 (0.6620) 134/642
[1A[1M  0.7092  273860.1 (0.6620) 135/642
[1A[1M  0.7160  273857.5 (0.6620) 136/642
[1A[1M  0.7229  273856.0 (0.6620) 137/642
[1A[1M  0.7298  273853.0 (0.7298) 138/642
[1A[1M  0.7367  273844.1 (0.7367) 139/642
[1A[1M  0.7437  273831.7 (0.7437) 140/642
[1A[1M  0.7507  273819.6 (0.7507) 141/642
[1A[1M  0.7577  273814.2 (0.7577) 142/642
[1A[1M  0.7647  273811.6 (0.7647) 143/642
[1A[1M  0.7718  273808.9 (0.7718) 144/642
[1A[1M  0.7789  273802.6 (0.7789) 145/642
[1A[1M  0.7860  273799.7 (0.7860) 146/642
[1A[1M  0.7932  273799.9 (0.7860) 147/642
[1A[1M  0.8004  273807.5 (0.7860) 148/642
[1A[1M  0.8076  273812.9 (0.7860) 149/642
[1A[1M  0.8148  273817.5 (0.7860) 150/642
[1A[1M  0.8221  273822.7 (0.7860) 151/642
[1A[1M  0.8294  273828.0 (0.7860) 152/642
[1A[1M  0.8368  273837.5 (0.7860) 153/642
[1A[1M  0.8441  273841.5 (0.7860) 154/642
[1A[1M  0.8515  273843.0 (0.7860) 155/642
[1A[1M  0.8589  273844.6 (0.7860) 156/642
[1A[1M  0.8664  273844.9 (0.7860) 157/642
[1A[1M  0.8739  273845.4 (0.7860) 158/642
[1A[1M  0.8814  273846.2 (0.7860) 159/642
[1A[1M  0.8889  273846.8 (0.7860) 160/642
[1A[1M  0.8965  273847.5 (0.7860) 161/642
[1A[1M  0.9041  273848.1 (0.7860) 162/642
[1A[1M  0.9117  273848.6 (0.7860) 163/642
[1A[1M  0.9194  273849.7 (0.7860) 164/642
[1A[1M  0.9271  273850.9 (0.7860) 165/642
[1A[1M  0.9348  273852.8 (0.7860) 166/642
[1A[1M  0.9425  273855.8 (0.7860) 167/642
[1A[1M  0.9503  273859.6 (0.7860) 168/642
[1A[1M  0.9581  273863.7 (0.7860) 169/642
[1A[1M  0.9660  273867.0 (0.7860) 170/642
[1A[1M  0.9739  273846.7 (0.7860) 171/642
[1A[1M  0.9818  273846.7 (0.7860) 172/642
[1A[1M  0.9897  273846.5 (0.7860) 173/642
[1A[1M  0.9977  273848.3 (0.7860) 174/642
[1A[1M  1.0057  273852.0 (0.7860) 175/642
[1A[1M  1.0138  273856.2 (0.7860) 176/642
[1A[1M  1.0218  273865.7 (0.7860) 177/642
[1A[1M  1.0299  273879.8 (0.7860) 178/642
[1A[1M  1.0381  273885.4 (0.7860) 179/642
[1A[1M  1.0462  273888.1 (0.7860) 180/642
[1A[1M  1.0544  273891.1 (0.7860) 181/642
[1A[1M  1.0627  273893.9 (0.7860) 182/642
[1A[1M  1.0709  273895.8 (0.7860) 183/642
[1A[1M  1.0792  273896.9 (0.7860) 184/642
[1A[1M  1.0876  273898.2 (0.7860) 185/642
[1A[1M  1.0959  273898.1 (0.7860) 186/642
[1A[1M  1.1043  273897.7 (0.7860) 187/642
[1A[1M  1.1128  273897.3 (0.7860) 188/642
[1A[1M  1.1212  273897.1 (0.7860) 189/642
[1A[1M  1.1297  273897.7 (0.7860) 190/642
[1A[1M  1.1383  273898.5 (0.7860) 191/642
[1A[1M  1.1468  273901.6 (0.7860) 192/642
[1A[1M  1.1555  273905.9 (0.7860) 193/642
[1A[1M  1.1641  273911.1 (0.7860) 194/642
[1A[1M  1.1728  273914.5 (0.7860) 195/642
[1A[1M  1.1815  273918.9 (0.7860) 196/642
[1A[1M  1.1902  273922.6 (0.7860) 197/642
[1A[1M  1.1990  273918.6 (0.7860) 198/642
[1A[1M  1.2078  273911.4 (0.7860) 199/642
[1A[1M  1.2167  273912.2 (0.7860) 200/642
[1A[1M  1.2255  273921.8 (0.7860) 201/642
[1A[1M  1.2345  273928.9 (0.7860) 202/642
[1A[1M  1.2434  273936.1 (0.7860) 203/642
[1A[1M  1.2524  273943.3 (0.7860) 204/642
[1A[1M  1.2614  273950.0 (0.7860) 205/642
[1A[1M  1.2705  273952.6 (0.7860) 206/642
[1A[1M  1.2796  273956.3 (0.7860) 207/642
[1A[1M  1.2887  273965.0 (0.7860) 208/642
[1A[1M  1.2979  273970.4 (0.7860) 209/642
[1A[1M  1.3071  273972.1 (0.7860) 210/642
[1A[1M  1.3164  273977.7 (0.7860) 211/642
[1A[1M  1.3257  273981.4 (0.7860) 212/642
[1A[1M  1.3350  273981.3 (0.7860) 213/642
[1A[1M  1.3443  273987.8 (0.7860) 214/642
[1A[1M  1.3537  273988.7 (0.7860) 215/642
[1A[1M  1.3632  273973.4 (0.7860) 216/642
[1A[1M  1.3726  273966.1 (0.7860) 217/642
[1A[1M  1.3821  273973.2 (0.7860) 218/642
[1A[1M  1.3917  273974.7 (0.7860) 219/642
[1A[1M  1.4013  273984.1 (0.7860) 220/642
[1A[1M  1.4109  273998.7 (0.7860) 221/642
[1A[1M  1.4206  274011.6 (0.7860) 222/642
[1A[1M  1.4303  274013.7 (0.7860) 223/642
[1A[1M  1.4400  274020.8 (0.7860) 224/642
[1A[1M  1.4498  274024.7 (0.7860) 225/642
[1A[1M  1.4596  274029.7 (0.7860) 226/642
[1A[1M  1.4695  274042.6 (0.7860) 227/642
[1A[1M  1.4794  274048.2 (0.7860) 228/642
[1A[1M  1.4893  274062.2 (0.7860) 229/642
[1A[1M  1.4993  274083.0 (0.7860) 230/642
[1A[1M  1.5093  274093.0 (0.7860) 231/642
[1A[1M  1.5193  274098.4 (0.7860) 232/642
[1A[1M  1.5294  274102.1 (0.7860) 233/642
[1A[1M  1.5396  274102.0 (0.7860) 234/642
[1A[1M  1.5498  274103.4 (0.7860) 235/642
[1A[1M  1.5600  274105.7 (0.7860) 236/642
[1A[1M  1.5702  274111.7 (0.7860) 237/642
[1A[1M  1.5805  274119.8 (0.7860) 238/642
[1A[1M  1.5909  274122.1 (0.7860) 239/642
[1A[1M  1.6013  274124.3 (0.7860) 240/642
[1A[1M  1.6117  274129.1 (0.7860) 241/642
[1A[1M  1.6222  274129.5 (0.7860) 242/642
[1A[1M  1.6327  274132.0 (0.7860) 243/642
[1A[1M  1.6432  274131.2 (0.7860) 244/642
[1A[1M  1.6538  274126.0 (0.7860) 245/642
[1A[1M  1.6645  274125.2 (0.7860) 246/642
[1A[1M  1.6751  274123.7 (0.7860) 247/642
[1A[1M  1.6859  274117.9 (0.7860) 248/642
[1A[1M  1.6966  274116.6 (0.7860) 249/642
[1A[1M  1.7074  274115.4 (0.7860) 250/642
[1A[1M  1.7183  274118.4 (0.7860) 251/642
[1A[1M  1.7292  274121.0 (0.7860) 252/642
[1A[1M  1.7401  274117.5 (0.7860) 253/642
[1A[1M  1.7511  274115.9 (0.7860) 254/642
[1A[1M  1.7621  274114.8 (0.7860) 255/642
[1A[1M  1.7732  274114.0 (0.7860) 256/642
[1A[1M  1.7843  274112.5 (0.7860) 257/642
[1A[1M  1.7955  274112.7 (0.7860) 258/642
[1A[1M  1.8067  274112.3 (0.7860) 259/642
[1A[1M  1.8179  274119.4 (0.7860) 260/642
[1A[1M  1.8292  274117.9 (0.7860) 261/642
[1A[1M  1.8406  274113.3 (0.7860) 262/642
[1A[1M  1.8519  274112.7 (0.7860) 263/642
[1A[1M  1.8634  274115.2 (0.7860) 264/642
[1A[1M  1.8748  274115.8 (0.7860) 265/642
[1A[1M  1.8864  274117.3 (0.7860) 266/642
[1A[1M  1.8979  274115.3 (0.7860) 267/642
[1A[1M  1.9096  274110.7 (0.7860) 268/642
[1A[1M  1.9212  274112.2 (0.7860) 269/642
[1A[1M  1.9329  274108.3 (0.7860) 270/642
[1A[1M  1.9447  274105.4 (0.7860) 271/642
[1A[1M  1.9565  274103.9 (0.7860) 272/642
[1A[1M  1.9683  274106.5 (0.7860) 273/642
[1A[1M  1.9802  274108.6 (0.7860) 274/642
[1A[1M  1.9922  274112.8 (0.7860) 275/642
[1A[1M  2.0042  274115.5 (0.7860) 276/642
[1A[1M  2.0162  274117.3 (0.7860) 277/642
[1A[1M  2.0283  274117.9 (0.7860) 278/642
[1A[1M  2.0404  274121.7 (0.7860) 279/642
[1A[1M  2.0526  274122.4 (0.7860) 280/642
[1A[1M  2.0649  274118.1 (0.7860) 281/642
[1A[1M  2.0771  274092.6 (0.7860) 282/642
[1A[1M  2.0895  274085.7 (0.7860) 283/642
[1A[1M  2.1019  274102.1 (0.7860) 284/642
[1A[1M  2.1143  274114.9 (0.7860) 285/642
[1A[1M  2.1268  274122.5 (0.7860) 286/642
[1A[1M  2.1393  274123.7 (0.7860) 287/642
[1A[1M  2.1519  274123.6 (0.7860) 288/642
[1A[1M  2.1645  274124.7 (0.7860) 289/642
[1A[1M  2.1772  274123.9 (0.7860) 290/642
[1A[1M  2.1899  274119.3 (0.7860) 291/642
[1A[1M  2.2027  274118.1 (0.7860) 292/642
[1A[1M  2.2156  274124.6 (0.7860) 293/642
[1A[1M  2.2284  274127.6 (0.7860) 294/642
[1A[1M  2.2414  274125.4 (0.7860) 295/642
[1A[1M  2.2544  274130.5 (0.7860) 296/642
[1A[1M  2.2674  274145.0 (0.7860) 297/642
[1A[1M  2.2805  274157.0 (0.7860) 298/642
[1A[1M  2.2937  274163.2 (0.7860) 299/642
[1A[1M  2.3069  274167.2 (0.7860) 300/642
[1A[1M  2.3201  274170.5 (0.7860) 301/642
[1A[1M  2.3334  274173.4 (0.7860) 302/642
[1A[1M  2.3468  274174.8 (0.7860) 303/642
[1A[1M  2.3602  274176.4 (0.7860) 304/642
[1A[1M  2.3737  274178.6 (0.7860) 305/642
[1A[1M  2.3872  274180.6 (0.7860) 306/642
[1A[1M  2.4008  274181.9 (0.7860) 307/642
[1A[1M  2.4144  274182.4 (0.7860) 308/642
[1A[1M  2.4281  274181.6 (0.7860) 309/642
[1A[1M  2.4418  274180.3 (0.7860) 310/642
[1A[1M  2.4556  274181.1 (0.7860) 311/642
[1A[1M  2.4695  274181.6 (0.7860) 312/642
[1A[1M  2.4834  274186.1 (0.7860) 313/642
[1A[1M  2.4973  274194.4 (0.7860) 314/642
[1A[1M  2.5113  274200.0 (0.7860) 315/642
[1A[1M  2.5254  274202.8 (0.7860) 316/642
[1A[1M  2.5396  274206.7 (0.7860) 317/642
[1A[1M  2.5537  274210.2 (0.7860) 318/642
[1A[1M  2.5680  274214.2 (0.7860) 319/642
[1A[1M  2.5823  274219.7 (0.7860) 320/642
[1A[1M  2.5966  274223.8 (0.7860) 321/642
[1A[1M  2.6111  274228.1 (0.7860) 322/642
[1A[1M  2.6255  274234.2 (0.7860) 323/642
[1A[1M  2.6401  274240.2 (0.7860) 324/642
[1A[1M  2.6546  274244.5 (0.7860) 325/642
[1A[1M  2.6693  274246.7 (0.7860) 326/642
[1A[1M  2.6840  274246.4 (0.7860) 327/642
[1A[1M  2.6988  274243.5 (0.7860) 328/642
[1A[1M  2.7136  274239.9 (0.7860) 329/642
[1A[1M  2.7285  274241.9 (0.7860) 330/642
[1A[1M  2.7434  274251.5 (0.7860) 331/642
[1A[1M  2.7584  274263.5 (0.7860) 332/642
[1A[1M  2.7735  274274.6 (0.7860) 333/642
[1A[1M  2.7886  274282.1 (0.7860) 334/642
[1A[1M  2.8038  274285.2 (0.7860) 335/642
[1A[1M  2.8190  274286.8 (0.7860) 336/642
[1A[1M  2.8344  274287.5 (0.7860) 337/642
[1A[1M  2.8497  274287.7 (0.7860) 338/642
[1A[1M  2.8651  274288.2 (0.7860) 339/642
[1A[1M  2.8806  274287.7 (0.7860) 340/642
[1A[1M  2.8962  274286.5 (0.7860) 341/642
[1A[1M  2.9118  274285.8 (0.7860) 342/642
[1A[1M  2.9275  274285.2 (0.7860) 343/642
[1A[1M  2.9432  274285.7 (0.7860) 344/642
[1A[1M  2.9590  274295.5 (0.7860) 345/642
[1A[1M  2.9749  274306.6 (0.7860) 346/642
[1A[1M  2.9908  274310.8 (0.7860) 347/642
[1A[1M  3.0068  274313.6 (0.7860) 348/642
[1A[1M  3.0229  274316.6 (0.7860) 349/642
[1A[1M  3.0390  274318.4 (0.7860) 350/642
[1A[1M  3.0552  274318.6 (0.7860) 351/642
[1A[1M  3.0715  274319.6 (0.7860) 352/642
[1A[1M  3.0878  274323.2 (0.7860) 353/642
[1A[1M  3.1042  274330.3 (0.7860) 354/642
[1A[1M  3.1206  274336.2 (0.7860) 355/642
[1A[1M  3.1371  274338.3 (0.7860) 356/642
[1A[1M  3.1537  274338.3 (0.7860) 357/642
[1A[1M  3.1704  274333.8 (0.7860) 358/642
[1A[1M  3.1871  274329.8 (0.7860) 359/642
[1A[1M  3.2038  274329.1 (0.7860) 360/642
[1A[1M  3.2207  274332.6 (0.7860) 361/642
[1A[1M  3.2376  274337.9 (0.7860) 362/642
[1A[1M  3.2546  274338.2 (0.7860) 363/642
[1A[1M  3.2716  274331.8 (0.7860) 364/642
[1A[1M  3.2888  274327.6 (0.7860) 365/642
[1A[1M  3.3060  274325.1 (0.7860) 366/642
[1A[1M  3.3232  274321.5 (0.7860) 367/642
[1A[1M  3.3405  274318.4 (0.7860) 368/642
[1A[1M  3.3579  274317.8 (0.7860) 369/642
[1A[1M  3.3754  274327.3 (0.7860) 370/642
[1A[1M  3.3929  274348.6 (0.7860) 371/642
[1A[1M  3.4106  274362.2 (0.7860) 372/642
[1A[1M  3.4282  274363.8 (0.7860) 373/642
[1A[1M  3.4460  274360.9 (0.7860) 374/642
[1A[1M  3.4638  274352.6 (0.7860) 375/642
[1A[1M  3.4817  274344.7 (0.7860) 376/642
[1A[1M  3.4997  274343.5 (0.7860) 377/642
[1A[1M  3.5177  274347.7 (0.7860) 378/642
[1A[1M  3.5358  274381.4 (0.7860) 379/642
[1A[1M  3.5540  274394.6 (0.7860) 380/642
[1A[1M  3.5722  274395.9 (0.7860) 381/642
[1A[1M  3.5906  274396.8 (0.7860) 382/642
[1A[1M  3.6089  274398.3 (0.7860) 383/642
[1A[1M  3.6274  274399.4 (0.7860) 384/642
[1A[1M  3.6460  274400.4 (0.7860) 385/642
[1A[1M  3.6646  274405.2 (0.7860) 386/642
[1A[1M  3.6833  274405.9 (0.7860) 387/642
[1A[1M  3.7021  274405.7 (0.7860) 388/642
[1A[1M  3.7209  274405.1 (0.7860) 389/642
[1A[1M  3.7398  274403.5 (0.7860) 390/642
[1A[1M  3.7588  274401.2 (0.7860) 391/642
[1A[1M  3.7779  274399.1 (0.7860) 392/642
[1A[1M  3.7970  274396.1 (0.7860) 393/642
[1A[1M  3.8163  274391.5 (0.7860) 394/642
[1A[1M  3.8356  274385.5 (0.7860) 395/642
[1A[1M  3.8550  274379.4 (0.7860) 396/642
[1A[1M  3.8744  274373.0 (0.7860) 397/642
[1A[1M  3.8940  274367.2 (0.7860) 398/642
[1A[1M  3.9136  274362.0 (0.7860) 399/642
[1A[1M  3.9333  274356.6 (0.7860) 400/642
[1A[1M  3.9530  274351.2 (0.7860) 401/642
[1A[1M  3.9729  274346.4 (0.7860) 402/642
[1A[1M  3.9928  275528.8 (0.7860) 403/642
[1A[1M  4.0128  275531.0 (0.7860) 404/642
[1A[1M  4.0329  275533.1 (0.7860) 405/642
[1A[1M  4.0531  275533.8 (0.7860) 406/642
[1A[1M  4.0733  275533.5 (0.7860) 407/642
[1A[1M  4.0937  275533.0 (0.7860) 408/642
[1A[1M  4.1141  275533.2 (0.7860) 409/642
[1A[1M  4.1346  275533.7 (0.7860) 410/642
[1A[1M  4.1552  275534.2 (0.7860) 411/642
[1A[1M  4.1758  275534.8 (0.7860) 412/642
[1A[1M  4.1966  275535.6 (0.7860) 413/642
[1A[1M  4.2174  275535.3 (0.7860) 414/642
[1A[1M  4.2383  275534.6 (0.7860) 415/642
[1A[1M  4.2593  275534.8 (0.7860) 416/642
[1A[1M  4.2804  275535.5 (0.7860) 417/642
[1A[1M  4.3016  275535.9 (0.7860) 418/642
[1A[1M  4.3228  275536.9 (0.7860) 419/642
[1A[1M  4.3441  275538.4 (0.7860) 420/642
[1A[1M  4.3656  275537.9 (0.7860) 421/642
[1A[1M  4.3871  275537.8 (0.7860) 422/642
[1A[1M  4.4087  275536.6 (0.7860) 423/642
[1A[1M  4.4303  275529.3 (0.7860) 424/642
[1A[1M  4.4521  275525.6 (0.7860) 425/642
[1A[1M  4.4739  275529.1 (0.7860) 426/642
[1A[1M  4.4959  275532.6 (0.7860) 427/642
[1A[1M  4.5179  275534.5 (0.7860) 428/642
[1A[1M  4.5400  275535.6 (0.7860) 429/642
[1A[1M  4.5622  275533.7 (0.7860) 430/642
[1A[1M  4.5845  275534.1 (0.7860) 431/642
[1A[1M  4.6069  275536.3 (0.7860) 432/642
[1A[1M  4.6294  275541.2 (0.7860) 433/642
[1A[1M  4.6519  275543.7 (0.7860) 434/642
[1A[1M  4.6746  275539.6 (0.7860) 435/642
[1A[1M  4.6973  275540.1 (0.7860) 436/642
[1A[1M  4.7202  275545.2 (0.7860) 437/642
[1A[1M  4.7431  275544.6 (0.7860) 438/642
[1A[1M  4.7661  275543.4 (0.7860) 439/642
[1A[1M  4.7892  275542.2 (0.7860) 440/642
[1A[1M  4.8124  275540.3 (0.7860) 441/642
[1A[1M  4.8357  275545.7 (0.7860) 442/642
[1A[1M  4.8591  275551.1 (0.7860) 443/642
[1A[1M  4.8826  275552.1 (0.7860) 444/642
[1A[1M  4.9062  275549.7 (0.7860) 445/642
[1A[1M  4.9299  275549.0 (0.7860) 446/642
[1A[1M  4.9536  275543.8 (0.7860) 447/642
[1A[1M  4.9775  275536.6 (0.7860) 448/642
[1A[1M  5.0014  275530.0 (0.7860) 449/642
[1A[1M  5.0255  275522.9 (0.7860) 450/642
[1A[1M  5.0496  275518.2 (0.7860) 451/642
[1A[1M  5.0739  275515.6 (0.7860) 452/642
[1A[1M  5.0982  275515.0 (0.7860) 453/642
[1A[1M  5.1227  275517.3 (0.7860) 454/642
[1A[1M  5.1472  275521.2 (0.7860) 455/642
[1A[1M  5.1719  275527.1 (0.7860) 456/642
[1A[1M  5.1966  275532.9 (0.7860) 457/642
[1A[1M  5.2214  275536.2 (0.7860) 458/642
[1A[1M  5.2464  275537.1 (0.7860) 459/642
[1A[1M  5.2714  275536.7 (0.7860) 460/642
[1A[1M  5.2965  275537.1 (0.7860) 461/642
[1A[1M  5.3218  275537.7 (0.7860) 462/642
[1A[1M  5.3471  275539.1 (0.7860) 463/642
[1A[1M  5.3726  275540.9 (0.7860) 464/642
[1A[1M  5.3981  275541.7 (0.7860) 465/642
[1A[1M  5.4237  275540.8 (0.7860) 466/642
[1A[1M  5.4495  275540.6 (0.7860) 467/642
[1A[1M  5.4753  275540.3 (0.7860) 468/642
[1A[1M  5.5013  275540.3 (0.7860) 469/642
[1A[1M  5.5273  275540.1 (0.7860) 470/642
[1A[1M  5.5535  275541.4 (0.7860) 471/642
[1A[1M  5.5798  275540.2 (0.7860) 472/642
[1A[1M  5.6061  275538.1 (0.7860) 473/642
[1A[1M  5.6326  275541.0 (0.7860) 474/642
[1A[1M  5.6592  275545.8 (0.7860) 475/642
[1A[1M  5.6859  275550.4 (0.7860) 476/642
[1A[1M  5.7127  275554.8 (0.7860) 477/642
[1A[1M  5.7396  275559.9 (0.7860) 478/642
[1A[1M  5.7666  275562.6 (0.7860) 479/642
[1A[1M  5.7937  275565.8 (0.7860) 480/642
[1A[1M  5.8210  275568.8 (0.7860) 481/642
[1A[1M  5.8483  275570.8 (0.7860) 482/642
[1A[1M  5.8757  275574.8 (0.7860) 483/642
[1A[1M  5.9033  275576.4 (0.7860) 484/642
[1A[1M  5.9310  275577.0 (0.7860) 485/642
[1A[1M  5.9588  275573.8 (0.7860) 486/642
[1A[1M  5.9866  275564.0 (0.7860) 487/642
[1A[1M  6.0146  275564.0 (0.7860) 488/642
[1A[1M  6.0428  275572.0 (0.7860) 489/642
[1A[1M  6.0710  275573.7 (0.7860) 490/642
[1A[1M  6.0993  275574.8 (0.7860) 491/642
[1A[1M  6.1278  275576.4 (0.7860) 492/642
[1A[1M  6.1563  275570.5 (0.7860) 493/642
[1A[1M  6.1850  275566.9 (0.7860) 494/642
[1A[1M  6.2138  275569.8 (0.7860) 495/642
[1A[1M  6.2427  275569.3 (0.7860) 496/642
[1A[1M  6.2718  275576.4 (0.7860) 497/642
[1A[1M  6.3009  275592.5 (0.7860) 498/642
[1A[1M  6.3302  275604.4 (0.7860) 499/642
[1A[1M  6.3596  275617.6 (0.7860) 500/642
[1A[1M  6.3891  275628.1 (0.7860) 501/642
[1A[1M  6.4187  275649.4 (0.7860) 502/642
[1A[1M  6.4484  275665.1 (0.7860) 503/642
[1A[1M  6.4783  275678.4 (0.7860) 504/642
[1A[1M  6.5082  275693.2 (0.7860) 505/642
[1A[1M  6.5383  275706.5 (0.7860) 506/642
[1A[1M  6.5685  275718.0 (0.7860) 507/642
[1A[1M  6.5989  275720.5 (0.7860) 508/642
[1A[1M  6.6293  275722.0 (0.7860) 509/642
[1A[1M  6.6599  275724.8 (0.7860) 510/642
[1A[1M  6.6906  275728.3 (0.7860) 511/642
[1A[1M  6.7214  275731.3 (0.7860) 512/642
[1A[1M  6.7524  275735.7 (0.7860) 513/642
[1A[1M  6.7835  275741.6 (0.7860) 514/642
[1A[1M  6.8146  275747.5 (0.7860) 515/642
[1A[1M  6.8460  275751.6 (0.7860) 516/642
[1A[1M  6.8774  275755.3 (0.7860) 517/642
[1A[1M  6.9090  275758.4 (0.7860) 518/642
[1A[1M  6.9407  275762.5 (0.7860) 519/642
[1A[1M  6.9725  275765.2 (0.7860) 520/642
[1A[1M  7.0045  275766.7 (0.7860) 521/642
[1A[1M  7.0366  275767.6 (0.7860) 522/642
[1A[1M  7.0688  275768.3 (0.7860) 523/642
[1A[1M  7.1011  275768.8 (0.7860) 524/642
[1A[1M  7.1336  275769.8 (0.7860) 525/642
[1A[1M  7.1662  275770.5 (0.7860) 526/642
[1A[1M  7.1989  275771.8 (0.7860) 527/642
[1A[1M  7.2318  275771.9 (0.7860) 528/642
[1A[1M  7.2648  275774.1 (0.7860) 529/642
[1A[1M  7.2979  275777.7 (0.7860) 530/642
[1A[1M  7.3311  275776.7 (0.7860) 531/642
[1A[1M  7.3645  275773.8 (0.7860) 532/642
[1A[1M  7.3981  275777.8 (0.7860) 533/642
[1A[1M  7.4317  275782.5 (0.7860) 534/642
[1A[1M  7.4655  275787.5 (0.7860) 535/642
[1A[1M  7.4994  275784.4 (0.7860) 536/642
[1A[1M  7.5335  275775.1 (0.7860) 537/642
[1A[1M  7.5677  275779.0 (0.7860) 538/642
[1A[1M  7.6020  275785.0 (0.7860) 539/642
[1A[1M  7.6365  275792.1 (0.7860) 540/642
[1A[1M  7.6711  275796.6 (0.7860) 541/642
[1A[1M  7.7059  275791.0 (0.7860) 542/642
[1A[1M  7.7408  275787.7 (0.7860) 543/642
[1A[1M  7.7758  275796.0 (0.7860) 544/642
[1A[1M  7.8110  275802.8 (0.7860) 545/642
[1A[1M  7.8463  275806.3 (0.7860) 546/642
[1A[1M  7.8818  275804.1 (0.7860) 547/642
[1A[1M  7.9174  275802.7 (0.7860) 548/642
[1A[1M  7.9531  275806.9 (0.7860) 549/642
[1A[1M  7.9890  275807.5 (0.7860) 550/642
[1A[1M  8.0250  275807.0 (0.7860) 551/642
[1A[1M  8.0612  275806.1 (0.7860) 552/642
[1A[1M  8.0975  275805.4 (0.7860) 553/642
[1A[1M  8.1340  275805.4 (0.7860) 554/642
[1A[1M  8.1706  275805.0 (0.7860) 555/642
[1A[1M  8.2073  275803.4 (0.7860) 556/642
[1A[1M  8.2442  275802.0 (0.7860) 557/642
[1A[1M  8.2813  275801.6 (0.7860) 558/642
[1A[1M  8.3185  275804.4 (0.7860) 559/642
[1A[1M  8.3558  275806.0 (0.7860) 560/642
[1A[1M  8.3933  275808.1 (0.7860) 561/642
[1A[1M  8.4310  275807.1 (0.7860) 562/642
[1A[1M  8.4688  275810.8 (0.7860) 563/642
[1A[1M  8.5067  275813.6 (0.7860) 564/642
[1A[1M  8.5448  275815.8 (0.7860) 565/642
[1A[1M  8.5831  275817.0 (0.7860) 566/642
[1A[1M  8.6215  275817.7 (0.7860) 567/642
[1A[1M  8.6601  275818.8 (0.7860) 568/642
[1A[1M  8.6988  275819.8 (0.7860) 569/642
[1A[1M  8.7377  275819.6 (0.7860) 570/642
[1A[1M  8.7767  275817.4 (0.7860) 571/642
[1A[1M  8.8159  275815.5 (0.7860) 572/642
[1A[1M  8.8552  275816.6 (0.7860) 573/642
[1A[1M  8.8947  275820.2 (0.7860) 574/642
[1A[1M  8.9344  275822.0 (0.7860) 575/642
[1A[1M  8.9742  275822.6 (0.7860) 576/642
[1A[1M  9.0142  275823.8 (0.7860) 577/642
[1A[1M  9.0543  275824.9 (0.7860) 578/642
[1A[1M  9.0946  275827.2 (0.7860) 579/642
[1A[1M  9.1351  275830.5 (0.7860) 580/642
[1A[1M  9.1757  275833.5 (0.7860) 581/642
[1A[1M  9.2165  275835.4 (0.7860) 582/642
[1A[1M  9.2574  275836.5 (0.7860) 583/642
[1A[1M  9.2985  275837.6 (0.7860) 584/642
[1A[1M  9.3398  275838.9 (0.7860) 585/642
[1A[1M  9.3812  275839.8 (0.7860) 586/642
[1A[1M  9.4228  275839.3 (0.7860) 587/642
[1A[1M  9.4646  275839.1 (0.7860) 588/642
[1A[1M  9.5066  275839.7 (0.7860) 589/642
[1A[1M  9.5487  275842.3 (0.7860) 590/642
[1A[1M  9.5910  275846.9 (0.7860) 591/642
[1A[1M  9.6334  275849.8 (0.7860) 592/642
[1A[1M  9.6760  275854.5 (0.7860) 593/642
[1A[1M  9.7188  275859.7 (0.7860) 594/642
[1A[1M  9.7618  275863.5 (0.7860) 595/642
[1A[1M  9.8049  275865.8 (0.7860) 596/642
[1A[1M  9.8482  275869.1 (0.7860) 597/642
[1A[1M  9.8917  275872.9 (0.7860) 598/642
[1A[1M  9.9353  275877.1 (0.7860) 599/642
[1A[1M  9.9792  275880.8 (0.7860) 600/642
[1A[1M  10.0232  275882.1 (0.7860) 601/642
[1A[1M  10.0674  275882.7 (0.7860) 602/642
[1A[1M  10.1117  275884.2 (0.7860) 603/642
[1A[1M  10.1563  275886.7 (0.7860) 604/642
[1A[1M  10.2010  275888.5 (0.7860) 605/642
[1A[1M  10.2459  275890.6 (0.7860) 606/642
[1A[1M  10.2909  275892.1 (0.7860) 607/642
[1A[1M  10.3362  275893.0 (0.7860) 608/642
[1A[1M  10.3816  275894.5 (0.7860) 609/642
[1A[1M  10.4272  275897.7 (0.7860) 610/642
[1A[1M  10.4730  275901.4 (0.7860) 611/642
[1A[1M  10.5190  275904.2 (0.7860) 612/642
[1A[1M  10.5652  275906.2 (0.7860) 613/642
[1A[1M  10.6115  275909.7 (0.7860) 614/642
[1A[1M  10.6581  275912.2 (0.7860) 615/642
[1A[1M  10.7048  275914.7 (0.7860) 616/642
[1A[1M  10.7517  275915.3 (0.7860) 617/642
[1A[1M  10.7988  275914.4 (0.7860) 618/642
[1A[1M  10.8461  275914.7 (0.7860) 619/642
[1A[1M  10.8936  275914.7 (0.7860) 620/642
[1A[1M  10.9413  275914.6 (0.7860) 621/642
[1A[1M  10.9891  275914.9 (0.7860) 622/642
[1A[1M  11.0372  275916.7 (0.7860) 623/642
[1A[1M  11.0854  275917.8 (0.7860) 624/642
[1A[1M  11.1339  275918.1 (0.7860) 625/642
[1A[1M  11.1825  275918.7 (0.7860) 626/642
[1A[1M  11.2313  275919.2 (0.7860) 627/642
[1A[1M  11.2803  275921.0 (0.7860) 628/642
[1A[1M  11.3296  275923.5 (0.7860) 629/642
[1A[1M  11.3790  275924.9 (0.7860) 630/642
[1A[1M  11.4286  275925.5 (0.7860) 631/642
[1A[1M  11.4784  275925.3 (0.7860) 632/642
[1A[1M  11.5284  275923.7 (0.7860) 633/642
[1A[1M  11.5786  275923.6 (0.7860) 634/642
[1A[1M  11.6291  275923.6 (0.7860) 635/642
[1A[1M  11.6797  275923.7 (0.7860) 636/642
[1A[1M  11.7305  275923.8 (0.7860) 637/642
[1A[1M  11.7815  275923.8 (0.7860) 638/642
[1A[1M  11.8327  275924.0 (0.7860) 639/642
[1A[1M  11.8842  275923.6 (0.7860) 640/642
[1A[1M  11.9358  275923.8 (0.7860) 641/642
[1A[1M  11.9877  275923.5 (0.7860) 642/642
First iteration: z_best=0.7860

[1A[1M- 0.7812  273801.2 (0.7812) 1/33
[1A[1M- 0.7817  273800.9 (0.7817) 2/33
[1A[1M- 0.7822  273800.6 (0.7822) 3/33
[1A[1M- 0.7827  273800.4 (0.7827) 4/33
[1A[1M- 0.7832  273800.3 (0.7832) 5/33
[1A[1M- 0.7837  273800.1 (0.7837) 6/33
[1A[1M- 0.7842  273800.0 (0.7842) 7/33
[1A[1M- 0.7847  273799.9 (0.7847) 8/33
[1A[1M- 0.7852  273799.8 (0.7852) 9/33
[1A[1M- 0.7857  273799.8 (0.7857) 10/33
[1A[1M- 0.7862  273799.7 (0.7862) 11/33
[1A[1M- 0.7867  273799.7 (0.7867) 12/33
[1A[1M- 0.7872  273799.6 (0.7872) 13/33
[1A[1M- 0.7877  273799.6 (0.7877) 14/33
[1A[1M- 0.7882  273799.5 (0.7882) 15/33
[1A[1M- 0.7887  273799.4 (0.7887) 16/33
[1A[1M- 0.7892  273799.4 (0.7892) 17/33
[1A[1M- 0.7897  273799.3 (0.7897) 18/33
[1A[1M- 0.7902  273799.3 (0.7902) 19/33
[1A[1M- 0.7907  273799.3 (0.7902) 20/33
[1A[1M- 0.7912  273799.4 (0.7902) 21/33
[1A[1M- 0.7917  273799.4 (0.7902) 22/33
[1A[1M- 0.7922  273799.5 (0.7902) 23/33
[1A[1M- 0.7927  273799.7 (0.7902) 24/33
[1A[1M- 0.7932  273799.9 (0.7902) 25/33
[1A[1M- 0.7937  273800.1 (0.7902) 26/33
[1A[1M- 0.7942  273800.5 (0.7902) 27/33
[1A[1M- 0.7947  273800.8 (0.7902) 28/33
[1A[1M- 0.7952  273801.2 (0.7902) 29/33
[1A[1M- 0.7957  273801.6 (0.7902) 30/33
[1A[1M- 0.7962  273802.2 (0.7902) 31/33
[1A[1M- 0.7967  273802.8 (0.7902) 32/33
[1A[1M- 0.7972  273803.4 (0.7902) 33/33
Drizzle line -> SIII (12.95 2.53)
Drizzle line -> OII-7325 (0.19 0.56)
Drizzle line -> SII  (0.43 1.19)
Drizzle line -> Ha   (3.28 1.32)
Drizzle line -> OI-6302 (0.25 0.40)
Drizzle line -> HeI-5877 (0.00 0.32)
Drizzle line -> OIII (2.72 0.49)
Drizzle line -> Hb   (1.20 0.58)
Drizzle line -> Hg   (1.18 1.12)
Get linemap PSF: F105W
Get linemap PSF: F125W
Get linemap PSF: F140W
Get linemap PSF: F160W
Finished 29530 24.5681
Changing to /home/rsimons/git/clear_local
